{"level":"warn","message":"Warning: ModelName mancante nel repository","repository":"school","timestamp":"2025-01-29T09:16:49.581Z"}
{"level":"warn","message":"Warning: ModelName mancante nel repository","repository":"class","timestamp":"2025-01-29T09:16:49.583Z"}
{"level":"warn","message":"Warning: ModelName mancante nel repository","repository":"student","timestamp":"2025-01-29T09:16:49.585Z"}
{"level":"warn","message":"Warning: ModelName mancante nel repository","repository":"user","timestamp":"2025-01-29T09:16:49.587Z"}
{"level":"warn","message":"Warning: ModelName mancante nel repository","repository":"test","timestamp":"2025-01-29T09:16:49.587Z"}
{"level":"info","message":"Repository caricati con successo","repositories":["school","class","student","user","test"],"timestamp":"2025-01-29T09:16:49.588Z"}
{"controllers":["auth","school","user","class","student","test"],"level":"info","message":"Controllers caricati con successo","timestamp":"2025-01-29T09:16:49.615Z"}
{"level":"info","message":"Routes caricate:","protected":["/classes","/schools","/users","/students","/tests"],"public":["/auth","/tests/csi/public"],"timestamp":"2025-01-29T09:16:50.054Z"}
{"level":"info","message":"MongoDB Connected: cluster0-shard-00-02.4nf56.mongodb.net","timestamp":"2025-01-29T09:16:56.477Z"}
{"level":"info","message":"Server in esecuzione su localhost:5000","timestamp":"2025-01-29T09:16:56.529Z"}
{"level":"info","message":"Ambiente: development","timestamp":"2025-01-29T09:16:56.563Z"}
{"ip":"::1","level":"info","message":"Auth Route Called","method":"GET","path":"/api/v1/auth/verify","timestamp":"2025-01-29T09:17:06.444Z","userAgent":"Mozilla/5.0 (Windows NT 10.0; Win64; x64) AppleWebKit/537.36 (KHTML, like Gecko) Chrome/132.0.0.0 Safari/537.36 Edg/132.0.0.0"}
{"hasSchool":false,"level":"info","message":"✨ Authentication successful","role":"admin","timestamp":"2025-01-29T09:17:08.606Z","tokenExpiresIn":"737.3565666666667 minutes","userId":"677bfe44f6789c907c9f3766"}
{"level":"info","message":"Verifica token in corso per utente:","timestamp":"2025-01-29T09:17:08.607Z","userId":"677bfe44f6789c907c9f3766"}
{"hasSchool":false,"level":"info","message":"✨ Authentication successful","role":"admin","timestamp":"2025-01-29T09:17:13.175Z","tokenExpiresIn":"737.2804166666666 minutes","userId":"677bfe44f6789c907c9f3766"}
{"hasSchool":false,"level":"info","message":"✨ Authentication successful","role":"admin","timestamp":"2025-01-29T09:17:13.278Z","tokenExpiresIn":"737.2787000000001 minutes","userId":"677bfe44f6789c907c9f3766"}
{"hasSchool":false,"level":"info","message":"✨ Authentication successful","role":"admin","timestamp":"2025-01-29T09:17:13.300Z","tokenExpiresIn":"737.2783333333333 minutes","userId":"677bfe44f6789c907c9f3766"}
{"hasSchool":false,"level":"info","message":"✨ Authentication successful","role":"admin","timestamp":"2025-01-29T09:17:13.530Z","tokenExpiresIn":"737.2745 minutes","userId":"677bfe44f6789c907c9f3766"}
{"hasSchool":false,"level":"info","message":"✨ Authentication successful","role":"admin","timestamp":"2025-01-29T09:17:13.616Z","tokenExpiresIn":"737.2730666666666 minutes","userId":"677bfe44f6789c907c9f3766"}
{"hasSchool":false,"level":"info","message":"✨ Authentication successful","role":"admin","timestamp":"2025-01-29T09:17:13.760Z","tokenExpiresIn":"737.2706666666667 minutes","userId":"677bfe44f6789c907c9f3766"}
{"hasSchool":false,"level":"info","message":"✨ Authentication successful","role":"admin","timestamp":"2025-01-29T09:17:14.018Z","tokenExpiresIn":"737.2663666666667 minutes","userId":"677bfe44f6789c907c9f3766"}
{"hasSchool":false,"level":"info","message":"✨ Authentication successful","role":"admin","timestamp":"2025-01-29T09:17:14.098Z","tokenExpiresIn":"737.2650333333333 minutes","userId":"677bfe44f6789c907c9f3766"}
{"hasSchool":false,"level":"info","message":"✨ Authentication successful","role":"admin","timestamp":"2025-01-29T09:17:14.122Z","tokenExpiresIn":"737.2646333333333 minutes","userId":"677bfe44f6789c907c9f3766"}
{"hasSchool":false,"level":"info","message":"✨ Authentication successful","role":"admin","timestamp":"2025-01-29T09:17:14.181Z","tokenExpiresIn":"737.2636500000001 minutes","userId":"677bfe44f6789c907c9f3766"}
{"hasSchool":false,"level":"info","message":"✨ Authentication successful","role":"admin","timestamp":"2025-01-29T09:17:14.404Z","tokenExpiresIn":"737.2599333333333 minutes","userId":"677bfe44f6789c907c9f3766"}
{"hasSchool":false,"level":"info","message":"✨ Authentication successful","role":"admin","timestamp":"2025-01-29T09:17:14.497Z","tokenExpiresIn":"737.2583833333333 minutes","userId":"677bfe44f6789c907c9f3766"}
{"hasSchool":false,"level":"info","message":"✨ Authentication successful","role":"admin","timestamp":"2025-01-29T09:17:14.938Z","tokenExpiresIn":"737.2510333333333 minutes","userId":"677bfe44f6789c907c9f3766"}
{"hasSchool":false,"level":"info","message":"✨ Authentication successful","role":"admin","timestamp":"2025-01-29T09:17:15.131Z","tokenExpiresIn":"737.2478166666666 minutes","userId":"677bfe44f6789c907c9f3766"}
{"hasSchool":false,"level":"info","message":"✨ Authentication successful","role":"admin","timestamp":"2025-01-29T09:29:35.352Z","tokenExpiresIn":"724.9108 minutes","userId":"677bfe44f6789c907c9f3766"}
{"hasSchool":false,"level":"info","message":"✨ Authentication successful","role":"admin","timestamp":"2025-01-29T09:29:35.606Z","tokenExpiresIn":"724.9065666666667 minutes","userId":"677bfe44f6789c907c9f3766"}
{"hasSchool":false,"level":"info","message":"✨ Authentication successful","role":"admin","timestamp":"2025-01-29T09:29:37.078Z","tokenExpiresIn":"724.8820333333333 minutes","userId":"677bfe44f6789c907c9f3766"}
{"level":"info","message":"Test link generated successfully:","questionCount":30,"resultId":"6799f501b1c62199d3183784","testId":"6799f501b1c62199d3183782","timestamp":"2025-01-29T09:29:37.683Z","token":"d643de090e..."}
