{"level":"warn","message":"Warning: ModelName mancante nel repository","repository":"school","timestamp":"2025-01-20T18:25:48.459Z"}
{"level":"warn","message":"Warning: ModelName mancante nel repository","repository":"user","timestamp":"2025-01-20T18:25:48.463Z"}
{"level":"warn","message":"Warning: ModelName mancante nel repository","repository":"class","timestamp":"2025-01-20T18:25:48.465Z"}
{"level":"warn","message":"Warning: ModelName mancante nel repository","repository":"student","timestamp":"2025-01-20T18:25:48.467Z"}
{"level":"warn","message":"Warning: ModelName mancante nel repository","repository":"test","timestamp":"2025-01-20T18:25:48.468Z"}
{"level":"info","message":"Repository caricati con successo","repositories":["school","user","class","student","test"],"timestamp":"2025-01-20T18:25:48.469Z"}
{"controllers":["auth","school","user","class","student","test"],"level":"info","message":"Controllers caricati con successo","timestamp":"2025-01-20T18:25:48.494Z"}
{"level":"info","message":"Routes caricate:","protected":["/classes","/schools","/users","/students","/tests"],"public":["/auth"],"timestamp":"2025-01-20T18:25:48.835Z"}
{"level":"info","message":"MongoDB Connected: cluster0-shard-00-01.4nf56.mongodb.net","timestamp":"2025-01-20T18:25:49.339Z"}
{"level":"info","message":"Server in esecuzione su localhost:5000","timestamp":"2025-01-20T18:25:49.354Z"}
{"level":"info","message":"Ambiente: development","timestamp":"2025-01-20T18:25:49.355Z"}
{"ip":"::1","level":"info","message":"Auth Route Called","method":"GET","path":"/api/v1/auth/verify","timestamp":"2025-01-20T18:26:15.221Z","userAgent":"Mozilla/5.0 (Windows NT 10.0; Win64; x64) AppleWebKit/537.36 (KHTML, like Gecko) Chrome/132.0.0.0 Safari/537.36 Edg/132.0.0.0"}
{"hasSchool":false,"level":"info","message":"✨ Authentication successful","role":"admin","timestamp":"2025-01-20T18:26:15.287Z","tokenExpiresIn":"7.17855 minutes","userId":"677bfe44f6789c907c9f3766"}
{"level":"info","message":"Verifica token in corso per utente:","timestamp":"2025-01-20T18:26:15.288Z","userId":"677bfe44f6789c907c9f3766"}
{"hasSchool":false,"level":"info","message":"✨ Authentication successful","role":"admin","timestamp":"2025-01-20T18:27:51.616Z","tokenExpiresIn":"5.573066666666667 minutes","userId":"677bfe44f6789c907c9f3766"}
{"hasSchool":false,"level":"info","message":"✨ Authentication successful","role":"admin","timestamp":"2025-01-20T18:27:51.643Z","tokenExpiresIn":"5.572616666666667 minutes","userId":"677bfe44f6789c907c9f3766"}
{"hasSchool":false,"level":"info","message":"✨ Authentication successful","role":"admin","timestamp":"2025-01-20T18:27:53.666Z","tokenExpiresIn":"5.5389 minutes","userId":"677bfe44f6789c907c9f3766"}
{"hasSchool":false,"level":"info","message":"✨ Authentication successful","role":"admin","timestamp":"2025-01-20T18:27:53.693Z","tokenExpiresIn":"5.53845 minutes","userId":"677bfe44f6789c907c9f3766"}
{"hasSchool":false,"level":"info","message":"✨ Authentication successful","role":"admin","timestamp":"2025-01-20T18:27:56.413Z","tokenExpiresIn":"5.493116666666666 minutes","userId":"677bfe44f6789c907c9f3766"}
{"hasSchool":false,"level":"info","message":"✨ Authentication successful","role":"admin","timestamp":"2025-01-20T18:27:56.436Z","tokenExpiresIn":"5.492733333333334 minutes","userId":"677bfe44f6789c907c9f3766"}
{"hasSchool":false,"level":"info","message":"✨ Authentication successful","role":"admin","timestamp":"2025-01-20T18:27:58.407Z","tokenExpiresIn":"5.459883333333334 minutes","userId":"677bfe44f6789c907c9f3766"}
{"hasSchool":false,"level":"info","message":"✨ Authentication successful","role":"admin","timestamp":"2025-01-20T18:27:58.430Z","tokenExpiresIn":"5.4595 minutes","userId":"677bfe44f6789c907c9f3766"}
{"hasSchool":false,"level":"info","message":"✨ Authentication successful","role":"admin","timestamp":"2025-01-20T18:28:01.561Z","tokenExpiresIn":"5.407316666666667 minutes","userId":"677bfe44f6789c907c9f3766"}
{"hasSchool":false,"level":"info","message":"✨ Authentication successful","role":"admin","timestamp":"2025-01-20T18:28:01.585Z","tokenExpiresIn":"5.406916666666667 minutes","userId":"677bfe44f6789c907c9f3766"}
{"hasSchool":false,"level":"info","message":"✨ Authentication successful","role":"admin","timestamp":"2025-01-20T18:28:03.647Z","tokenExpiresIn":"5.37255 minutes","userId":"677bfe44f6789c907c9f3766"}
{"hasSchool":false,"level":"info","message":"✨ Authentication successful","role":"admin","timestamp":"2025-01-20T18:28:03.673Z","tokenExpiresIn":"5.372116666666667 minutes","userId":"677bfe44f6789c907c9f3766"}
{"ip":"::1","level":"info","message":"Auth Route Called","method":"GET","path":"/api/v1/auth/verify","timestamp":"2025-01-20T18:28:09.871Z","userAgent":"Mozilla/5.0 (Windows NT 10.0; Win64; x64) AppleWebKit/537.36 (KHTML, like Gecko) Chrome/132.0.0.0 Safari/537.36 Edg/132.0.0.0"}
{"hasSchool":false,"level":"info","message":"✨ Authentication successful","role":"admin","timestamp":"2025-01-20T18:28:09.896Z","tokenExpiresIn":"5.2684 minutes","userId":"677bfe44f6789c907c9f3766"}
{"level":"info","message":"Verifica token in corso per utente:","timestamp":"2025-01-20T18:28:09.897Z","userId":"677bfe44f6789c907c9f3766"}
{"hasSchool":false,"level":"info","message":"✨ Authentication successful","role":"admin","timestamp":"2025-01-20T18:28:11.872Z","tokenExpiresIn":"5.2354666666666665 minutes","userId":"677bfe44f6789c907c9f3766"}
{"hasSchool":false,"level":"info","message":"✨ Authentication successful","role":"admin","timestamp":"2025-01-20T18:28:11.893Z","tokenExpiresIn":"5.235116666666667 minutes","userId":"677bfe44f6789c907c9f3766"}
{"hasSchool":false,"level":"info","message":"✨ Authentication successful","role":"admin","timestamp":"2025-01-20T18:28:16.476Z","tokenExpiresIn":"5.158733333333333 minutes","userId":"677bfe44f6789c907c9f3766"}
{"hasSchool":false,"level":"info","message":"✨ Authentication successful","role":"admin","timestamp":"2025-01-20T18:28:16.500Z","tokenExpiresIn":"5.158333333333333 minutes","userId":"677bfe44f6789c907c9f3766"}
{"hasSchool":false,"level":"info","message":"✨ Authentication successful","role":"admin","timestamp":"2025-01-20T18:28:26.048Z","tokenExpiresIn":"4.9992 minutes","userId":"677bfe44f6789c907c9f3766"}
{"hasSchool":false,"level":"info","message":"✨ Authentication successful","role":"admin","timestamp":"2025-01-20T18:28:26.072Z","tokenExpiresIn":"4.9988 minutes","userId":"677bfe44f6789c907c9f3766"}
{"hasSchool":false,"level":"info","message":"✨ Authentication successful","role":"admin","timestamp":"2025-01-20T18:28:29.639Z","tokenExpiresIn":"4.93935 minutes","userId":"677bfe44f6789c907c9f3766"}
{"hasSchool":false,"level":"info","message":"✨ Authentication successful","role":"admin","timestamp":"2025-01-20T18:28:29.663Z","tokenExpiresIn":"4.93895 minutes","userId":"677bfe44f6789c907c9f3766"}
{"hasSchool":false,"level":"info","message":"✨ Authentication successful","role":"admin","timestamp":"2025-01-20T18:28:33.389Z","tokenExpiresIn":"4.87685 minutes","userId":"677bfe44f6789c907c9f3766"}
{"hasSchool":false,"level":"info","message":"✨ Authentication successful","role":"admin","timestamp":"2025-01-20T18:28:33.399Z","tokenExpiresIn":"4.876683333333333 minutes","userId":"677bfe44f6789c907c9f3766"}
{"hasSchool":false,"level":"info","message":"✨ Authentication successful","role":"admin","timestamp":"2025-01-20T18:28:33.409Z","tokenExpiresIn":"4.876516666666666 minutes","userId":"677bfe44f6789c907c9f3766"}
{"hasSchool":false,"level":"info","message":"✨ Authentication successful","role":"admin","timestamp":"2025-01-20T18:28:33.419Z","tokenExpiresIn":"4.87635 minutes","userId":"677bfe44f6789c907c9f3766"}
{"hasSchool":false,"level":"info","message":"✨ Authentication successful","role":"admin","timestamp":"2025-01-20T18:28:33.424Z","tokenExpiresIn":"4.876266666666667 minutes","userId":"677bfe44f6789c907c9f3766"}
{"hasSchool":false,"level":"info","message":"✨ Authentication successful","role":"admin","timestamp":"2025-01-20T18:28:33.434Z","tokenExpiresIn":"4.876099999999999 minutes","userId":"677bfe44f6789c907c9f3766"}
{"hasSchool":false,"level":"info","message":"✨ Authentication successful","role":"admin","timestamp":"2025-01-20T18:28:33.484Z","tokenExpiresIn":"4.875266666666667 minutes","userId":"677bfe44f6789c907c9f3766"}
{"hasSchool":false,"level":"info","message":"✨ Authentication successful","role":"admin","timestamp":"2025-01-20T18:28:33.501Z","tokenExpiresIn":"4.874983333333334 minutes","userId":"677bfe44f6789c907c9f3766"}
{"hasSchool":false,"level":"info","message":"✨ Authentication successful","role":"admin","timestamp":"2025-01-20T18:28:33.513Z","tokenExpiresIn":"4.874783333333334 minutes","userId":"677bfe44f6789c907c9f3766"}
{"hasSchool":false,"level":"info","message":"✨ Authentication successful","role":"admin","timestamp":"2025-01-20T18:28:33.525Z","tokenExpiresIn":"4.874583333333334 minutes","userId":"677bfe44f6789c907c9f3766"}
{"hasSchool":false,"level":"info","message":"✨ Authentication successful","role":"admin","timestamp":"2025-01-20T18:28:33.589Z","tokenExpiresIn":"4.873516666666666 minutes","userId":"677bfe44f6789c907c9f3766"}
{"hasSchool":false,"level":"info","message":"✨ Authentication successful","role":"admin","timestamp":"2025-01-20T18:28:33.613Z","tokenExpiresIn":"4.873116666666666 minutes","userId":"677bfe44f6789c907c9f3766"}
{"hasSchool":false,"level":"info","message":"✨ Authentication successful","role":"admin","timestamp":"2025-01-20T18:28:38.555Z","tokenExpiresIn":"4.79075 minutes","userId":"677bfe44f6789c907c9f3766"}
{"hasSchool":false,"level":"info","message":"✨ Authentication successful","role":"admin","timestamp":"2025-01-20T18:28:38.579Z","tokenExpiresIn":"4.79035 minutes","userId":"677bfe44f6789c907c9f3766"}
{"hasSchool":false,"level":"info","message":"✨ Authentication successful","role":"admin","timestamp":"2025-01-20T18:28:38.604Z","tokenExpiresIn":"4.789933333333334 minutes","userId":"677bfe44f6789c907c9f3766"}
{"error":{"_message":"Test validation failed","errors":{"nome":{"kind":"required","message":"Path `nome` is required.","name":"ValidatorError","path":"nome","properties":{"message":"Path `nome` is required.","path":"nome","type":"required"}},"stato":{"kind":"enum","message":"`pending` is not a valid enum value for path `stato`.","name":"ValidatorError","path":"stato","properties":{"enumValues":["draft","published","archived"],"message":"`pending` is not a valid enum value for path `stato`.","path":"stato","type":"enum","value":"pending"},"value":"pending"},"targetGrade":{"kind":"required","message":"Path `targetGrade` is required.","name":"ValidatorError","path":"targetGrade","properties":{"message":"Path `targetGrade` is required.","path":"targetGrade","type":"required"}}},"message":"Test validation failed: targetGrade: Path `targetGrade` is required., nome: Path `nome` is required., stato: `pending` is not a valid enum value for path `stato`.","name":"ValidationError"},"level":"error","message":"Error saving test token","studentId":"undefined","timestamp":"2025-01-20T18:28:38.624Z"}
{"error":{"message":"Errore nel salvare il token del test","metadata":{}},"level":"error","message":"Error generating test link","studentId":"undefined","testType":"CSI","timestamp":"2025-01-20T18:28:38.627Z"}
{"duration":"101ms","ip":"::1","level":"warn","message":"Risposta inviata","method":"POST","requestId":"req_1737397718528_q9y1c7xlf","responseSize":"67 Bytes","statusCode":500,"timestamp":"2025-01-20T18:28:38.629Z","url":"/api/v1/tests/csi/generate-link","userAgent":"Mozilla/5.0 (Windows NT 10.0; Win64; x64) AppleWebKit/537.36 (KHTML, like Gecko) Chrome/132.0.0.0 Safari/537.36 Edg/132.0.0.0"}
{"level":"warn","message":"Warning: ModelName mancante nel repository","repository":"school","timestamp":"2025-01-20T18:56:22.375Z"}
{"level":"warn","message":"Warning: ModelName mancante nel repository","repository":"user","timestamp":"2025-01-20T18:56:22.379Z"}
{"level":"warn","message":"Warning: ModelName mancante nel repository","repository":"class","timestamp":"2025-01-20T18:56:22.381Z"}
{"level":"warn","message":"Warning: ModelName mancante nel repository","repository":"student","timestamp":"2025-01-20T18:56:22.382Z"}
{"level":"warn","message":"Warning: ModelName mancante nel repository","repository":"test","timestamp":"2025-01-20T18:56:22.382Z"}
{"level":"info","message":"Repository caricati con successo","repositories":["school","user","class","student","test"],"timestamp":"2025-01-20T18:56:22.383Z"}
{"controllers":["auth","school","user","class","student","test"],"level":"info","message":"Controllers caricati con successo","timestamp":"2025-01-20T18:56:22.409Z"}
{"level":"info","message":"Routes caricate:","protected":["/classes","/schools","/users","/students","/tests"],"public":["/auth","/tests/csi/public"],"timestamp":"2025-01-20T18:56:22.689Z"}
{"level":"info","message":"MongoDB Connected: cluster0-shard-00-01.4nf56.mongodb.net","timestamp":"2025-01-20T18:56:23.943Z"}
{"level":"info","message":"Server in esecuzione su localhost:5000","timestamp":"2025-01-20T18:56:23.953Z"}
{"level":"info","message":"Ambiente: development","timestamp":"2025-01-20T18:56:23.953Z"}
{"ip":"::1","level":"info","message":"Auth Route Called","method":"GET","path":"/api/v1/auth/verify","timestamp":"2025-01-20T18:56:51.512Z","userAgent":"Mozilla/5.0 (Windows NT 10.0; Win64; x64) AppleWebKit/537.36 (KHTML, like Gecko) Chrome/132.0.0.0 Safari/537.36 Edg/132.0.0.0"}
{"errorMessage":"jwt expired","errorType":"TokenExpiredError","level":"error","message":"🔥 Authentication Error","stack":"TokenExpiredError: jwt expired\n    at C:\\Users\\ricca\\Desktop\\BSc\\node_modules\\jsonwebtoken\\verify.js:190:21\n    at getSecret (C:\\Users\\ricca\\Desktop\\BSc\\node_modules\\jsonwebtoken\\verify.js:97:14)\n    at module.exports [as verify] (C:\\Users\\ricca\\Desktop\\BSc\\node_modules\\jsonwebtoken\\verify.js:101:10)\n    at protect (C:\\Users\\ricca\\Desktop\\BSc\\src\\middleware\\authMiddleware.js:52:29)\n    at Layer.handle [as handle_request] (C:\\Users\\ricca\\Desktop\\BSc\\node_modules\\express\\lib\\router\\layer.js:95:5)\n    at next (C:\\Users\\ricca\\Desktop\\BSc\\node_modules\\express\\lib\\router\\route.js:149:13)\n    at Route.dispatch (C:\\Users\\ricca\\Desktop\\BSc\\node_modules\\express\\lib\\router\\route.js:119:3)\n    at Layer.handle [as handle_request] (C:\\Users\\ricca\\Desktop\\BSc\\node_modules\\express\\lib\\router\\layer.js:95:5)\n    at C:\\Users\\ricca\\Desktop\\BSc\\node_modules\\express\\lib\\router\\index.js:284:15\n    at Function.process_params (C:\\Users\\ricca\\Desktop\\BSc\\node_modules\\express\\lib\\router\\index.js:346:12)","timestamp":"2025-01-20T18:56:51.541Z","tokenInfo":{"expiredAt":"2025-01-20T18:33:26.000Z","now":"2025-01-20T18:56:51.541Z"}}
{"duration":"39ms","ip":"::1","level":"warn","message":"Risposta inviata","method":"GET","requestId":"req_1737399411509_n3mwdnbhw","responseSize":"115 Bytes","statusCode":401,"timestamp":"2025-01-20T18:56:51.550Z","url":"/api/v1/auth/verify","userAgent":"Mozilla/5.0 (Windows NT 10.0; Win64; x64) AppleWebKit/537.36 (KHTML, like Gecko) Chrome/132.0.0.0 Safari/537.36 Edg/132.0.0.0"}
{"ip":"::1","level":"info","message":"Auth Route Called","method":"POST","path":"/api/v1/auth/login","timestamp":"2025-01-20T18:56:54.688Z","userAgent":"Mozilla/5.0 (Windows NT 10.0; Win64; x64) AppleWebKit/537.36 (KHTML, like Gecko) Chrome/132.0.0.0 Safari/537.36 Edg/132.0.0.0"}
{"hasSchool":false,"level":"info","message":"✨ Authentication successful","role":"admin","timestamp":"2025-01-20T18:56:59.270Z","tokenExpiresIn":"1439.9121666666665 minutes","userId":"677bfe44f6789c907c9f3766"}
{"hasSchool":false,"level":"info","message":"✨ Authentication successful","role":"admin","timestamp":"2025-01-20T18:56:59.297Z","tokenExpiresIn":"1439.9117166666665 minutes","userId":"677bfe44f6789c907c9f3766"}
{"hasSchool":false,"level":"info","message":"✨ Authentication successful","role":"admin","timestamp":"2025-01-20T18:57:02.020Z","tokenExpiresIn":"1439.8663333333332 minutes","userId":"677bfe44f6789c907c9f3766"}
{"hasSchool":false,"level":"info","message":"✨ Authentication successful","role":"admin","timestamp":"2025-01-20T18:57:02.046Z","tokenExpiresIn":"1439.8659 minutes","userId":"677bfe44f6789c907c9f3766"}
{"hasSchool":false,"level":"info","message":"✨ Authentication successful","role":"admin","timestamp":"2025-01-20T18:57:03.132Z","tokenExpiresIn":"1439.8478 minutes","userId":"677bfe44f6789c907c9f3766"}
{"hasSchool":false,"level":"info","message":"✨ Authentication successful","role":"admin","timestamp":"2025-01-20T18:57:03.157Z","tokenExpiresIn":"1439.8473833333333 minutes","userId":"677bfe44f6789c907c9f3766"}
{"hasSchool":false,"level":"info","message":"✨ Authentication successful","role":"admin","timestamp":"2025-01-20T18:57:08.707Z","tokenExpiresIn":"1439.7548833333335 minutes","userId":"677bfe44f6789c907c9f3766"}
{"hasSchool":false,"level":"info","message":"✨ Authentication successful","role":"admin","timestamp":"2025-01-20T18:57:08.735Z","tokenExpiresIn":"1439.7544166666667 minutes","userId":"677bfe44f6789c907c9f3766"}
{"hasSchool":false,"level":"info","message":"✨ Authentication successful","role":"admin","timestamp":"2025-01-20T18:57:12.741Z","tokenExpiresIn":"1439.68765 minutes","userId":"677bfe44f6789c907c9f3766"}
{"hasSchool":false,"level":"info","message":"✨ Authentication successful","role":"admin","timestamp":"2025-01-20T18:57:12.767Z","tokenExpiresIn":"1439.6872166666665 minutes","userId":"677bfe44f6789c907c9f3766"}
{"hasSchool":false,"level":"info","message":"✨ Authentication successful","role":"admin","timestamp":"2025-01-20T18:57:12.792Z","tokenExpiresIn":"1439.6868 minutes","userId":"677bfe44f6789c907c9f3766"}
{"error":{},"level":"error","message":"Error generating test link","studentId":"undefined","testType":"CSI","timestamp":"2025-01-20T18:57:12.794Z"}
{"duration":"88ms","ip":"::1","level":"warn","message":"Risposta inviata","method":"POST","requestId":"req_1737399432707_3dse676e8","responseSize":"86 Bytes","statusCode":500,"timestamp":"2025-01-20T18:57:12.795Z","url":"/api/v1/tests/csi/generate-link","userAgent":"Mozilla/5.0 (Windows NT 10.0; Win64; x64) AppleWebKit/537.36 (KHTML, like Gecko) Chrome/132.0.0.0 Safari/537.36 Edg/132.0.0.0"}
{"hasSchool":false,"level":"info","message":"✨ Authentication successful","role":"admin","timestamp":"2025-01-20T19:06:57.190Z","tokenExpiresIn":"1429.9468333333332 minutes","userId":"677bfe44f6789c907c9f3766"}
{"hasSchool":false,"level":"info","message":"✨ Authentication successful","role":"admin","timestamp":"2025-01-20T19:06:57.218Z","tokenExpiresIn":"1429.9463666666668 minutes","userId":"677bfe44f6789c907c9f3766"}
{"ip":"::1","level":"info","message":"Auth Route Called","method":"GET","path":"/api/v1/auth/verify","timestamp":"2025-01-20T19:07:07.728Z","userAgent":"Mozilla/5.0 (Windows NT 10.0; Win64; x64) AppleWebKit/537.36 (KHTML, like Gecko) Chrome/132.0.0.0 Safari/537.36 Edg/132.0.0.0"}
{"hasSchool":false,"level":"info","message":"✨ Authentication successful","role":"admin","timestamp":"2025-01-20T19:07:07.756Z","tokenExpiresIn":"1429.7707333333335 minutes","userId":"677bfe44f6789c907c9f3766"}
{"level":"info","message":"Verifica token in corso per utente:","timestamp":"2025-01-20T19:07:07.756Z","userId":"677bfe44f6789c907c9f3766"}
{"hasSchool":false,"level":"info","message":"✨ Authentication successful","role":"admin","timestamp":"2025-01-20T19:07:08.043Z","tokenExpiresIn":"1429.76595 minutes","userId":"677bfe44f6789c907c9f3766"}
{"hasSchool":false,"level":"info","message":"✨ Authentication successful","role":"admin","timestamp":"2025-01-20T19:07:08.054Z","tokenExpiresIn":"1429.7657666666667 minutes","userId":"677bfe44f6789c907c9f3766"}
{"hasSchool":false,"level":"info","message":"✨ Authentication successful","role":"admin","timestamp":"2025-01-20T19:07:08.065Z","tokenExpiresIn":"1429.7655833333333 minutes","userId":"677bfe44f6789c907c9f3766"}
{"hasSchool":false,"level":"info","message":"✨ Authentication successful","role":"admin","timestamp":"2025-01-20T19:07:08.075Z","tokenExpiresIn":"1429.7654166666666 minutes","userId":"677bfe44f6789c907c9f3766"}
{"hasSchool":false,"level":"info","message":"✨ Authentication successful","role":"admin","timestamp":"2025-01-20T19:07:08.081Z","tokenExpiresIn":"1429.7653166666666 minutes","userId":"677bfe44f6789c907c9f3766"}
{"hasSchool":false,"level":"info","message":"✨ Authentication successful","role":"admin","timestamp":"2025-01-20T19:07:08.091Z","tokenExpiresIn":"1429.76515 minutes","userId":"677bfe44f6789c907c9f3766"}
{"hasSchool":false,"level":"info","message":"✨ Authentication successful","role":"admin","timestamp":"2025-01-20T19:07:08.151Z","tokenExpiresIn":"1429.76415 minutes","userId":"677bfe44f6789c907c9f3766"}
{"hasSchool":false,"level":"info","message":"✨ Authentication successful","role":"admin","timestamp":"2025-01-20T19:07:08.163Z","tokenExpiresIn":"1429.76395 minutes","userId":"677bfe44f6789c907c9f3766"}
{"hasSchool":false,"level":"info","message":"✨ Authentication successful","role":"admin","timestamp":"2025-01-20T19:07:08.181Z","tokenExpiresIn":"1429.76365 minutes","userId":"677bfe44f6789c907c9f3766"}
{"hasSchool":false,"level":"info","message":"✨ Authentication successful","role":"admin","timestamp":"2025-01-20T19:07:08.195Z","tokenExpiresIn":"1429.7634166666664 minutes","userId":"677bfe44f6789c907c9f3766"}
{"hasSchool":false,"level":"info","message":"✨ Authentication successful","role":"admin","timestamp":"2025-01-20T19:07:08.268Z","tokenExpiresIn":"1429.7622000000001 minutes","userId":"677bfe44f6789c907c9f3766"}
{"hasSchool":false,"level":"info","message":"✨ Authentication successful","role":"admin","timestamp":"2025-01-20T19:07:08.295Z","tokenExpiresIn":"1429.7617500000001 minutes","userId":"677bfe44f6789c907c9f3766"}
{"ip":"::1","level":"info","message":"Auth Route Called","method":"GET","path":"/api/v1/auth/verify","timestamp":"2025-01-20T19:07:35.605Z","userAgent":"Mozilla/5.0 (Windows NT 10.0; Win64; x64) AppleWebKit/537.36 (KHTML, like Gecko) Chrome/132.0.0.0 Safari/537.36 Edg/132.0.0.0"}
{"hasSchool":false,"level":"info","message":"✨ Authentication successful","role":"admin","timestamp":"2025-01-20T19:07:35.631Z","tokenExpiresIn":"1429.3061500000001 minutes","userId":"677bfe44f6789c907c9f3766"}
{"level":"info","message":"Verifica token in corso per utente:","timestamp":"2025-01-20T19:07:35.631Z","userId":"677bfe44f6789c907c9f3766"}
{"hasSchool":false,"level":"info","message":"✨ Authentication successful","role":"admin","timestamp":"2025-01-20T19:07:35.904Z","tokenExpiresIn":"1429.3016 minutes","userId":"677bfe44f6789c907c9f3766"}
{"hasSchool":false,"level":"info","message":"✨ Authentication successful","role":"admin","timestamp":"2025-01-20T19:07:35.912Z","tokenExpiresIn":"1429.3014666666668 minutes","userId":"677bfe44f6789c907c9f3766"}
{"hasSchool":false,"level":"info","message":"✨ Authentication successful","role":"admin","timestamp":"2025-01-20T19:07:35.921Z","tokenExpiresIn":"1429.3013166666667 minutes","userId":"677bfe44f6789c907c9f3766"}
{"hasSchool":false,"level":"info","message":"✨ Authentication successful","role":"admin","timestamp":"2025-01-20T19:07:35.929Z","tokenExpiresIn":"1429.3011833333333 minutes","userId":"677bfe44f6789c907c9f3766"}
{"hasSchool":false,"level":"info","message":"✨ Authentication successful","role":"admin","timestamp":"2025-01-20T19:07:35.936Z","tokenExpiresIn":"1429.3010666666667 minutes","userId":"677bfe44f6789c907c9f3766"}
{"hasSchool":false,"level":"info","message":"✨ Authentication successful","role":"admin","timestamp":"2025-01-20T19:07:35.943Z","tokenExpiresIn":"1429.30095 minutes","userId":"677bfe44f6789c907c9f3766"}
{"hasSchool":false,"level":"info","message":"✨ Authentication successful","role":"admin","timestamp":"2025-01-20T19:07:36.018Z","tokenExpiresIn":"1429.2997 minutes","userId":"677bfe44f6789c907c9f3766"}
{"hasSchool":false,"level":"info","message":"✨ Authentication successful","role":"admin","timestamp":"2025-01-20T19:07:36.032Z","tokenExpiresIn":"1429.2994666666666 minutes","userId":"677bfe44f6789c907c9f3766"}
{"hasSchool":false,"level":"info","message":"✨ Authentication successful","role":"admin","timestamp":"2025-01-20T19:07:36.059Z","tokenExpiresIn":"1429.2990166666668 minutes","userId":"677bfe44f6789c907c9f3766"}
{"hasSchool":false,"level":"info","message":"✨ Authentication successful","role":"admin","timestamp":"2025-01-20T19:07:36.063Z","tokenExpiresIn":"1429.29895 minutes","userId":"677bfe44f6789c907c9f3766"}
{"hasSchool":false,"level":"info","message":"✨ Authentication successful","role":"admin","timestamp":"2025-01-20T19:07:36.132Z","tokenExpiresIn":"1429.2978 minutes","userId":"677bfe44f6789c907c9f3766"}
{"hasSchool":false,"level":"info","message":"✨ Authentication successful","role":"admin","timestamp":"2025-01-20T19:07:36.157Z","tokenExpiresIn":"1429.2973833333333 minutes","userId":"677bfe44f6789c907c9f3766"}
{"ip":"::1","level":"info","message":"Auth Route Called","method":"GET","path":"/api/v1/auth/verify","timestamp":"2025-01-20T19:08:10.937Z","userAgent":"Mozilla/5.0 (Windows NT 10.0; Win64; x64) AppleWebKit/537.36 (KHTML, like Gecko) Chrome/132.0.0.0 Safari/537.36 Edg/132.0.0.0"}
{"hasSchool":false,"level":"info","message":"✨ Authentication successful","role":"admin","timestamp":"2025-01-20T19:08:10.966Z","tokenExpiresIn":"1428.7172333333333 minutes","userId":"677bfe44f6789c907c9f3766"}
{"level":"info","message":"Verifica token in corso per utente:","timestamp":"2025-01-20T19:08:10.967Z","userId":"677bfe44f6789c907c9f3766"}
{"hasSchool":false,"level":"info","message":"✨ Authentication successful","role":"admin","timestamp":"2025-01-20T19:11:09.396Z","tokenExpiresIn":"1425.7434 minutes","userId":"677bfe44f6789c907c9f3766"}
{"hasSchool":false,"level":"info","message":"✨ Authentication successful","role":"admin","timestamp":"2025-01-20T19:11:09.402Z","tokenExpiresIn":"1425.7432999999999 minutes","userId":"677bfe44f6789c907c9f3766"}
{"hasSchool":false,"level":"info","message":"✨ Authentication successful","role":"admin","timestamp":"2025-01-20T19:11:09.409Z","tokenExpiresIn":"1425.7431833333333 minutes","userId":"677bfe44f6789c907c9f3766"}
{"hasSchool":false,"level":"info","message":"✨ Authentication successful","role":"admin","timestamp":"2025-01-20T19:11:09.420Z","tokenExpiresIn":"1425.743 minutes","userId":"677bfe44f6789c907c9f3766"}
{"hasSchool":false,"level":"info","message":"✨ Authentication successful","role":"admin","timestamp":"2025-01-20T19:11:09.425Z","tokenExpiresIn":"1425.7429166666666 minutes","userId":"677bfe44f6789c907c9f3766"}
{"hasSchool":false,"level":"info","message":"✨ Authentication successful","role":"admin","timestamp":"2025-01-20T19:11:09.438Z","tokenExpiresIn":"1425.7427 minutes","userId":"677bfe44f6789c907c9f3766"}
{"hasSchool":false,"level":"info","message":"✨ Authentication successful","role":"admin","timestamp":"2025-01-20T19:11:09.513Z","tokenExpiresIn":"1425.74145 minutes","userId":"677bfe44f6789c907c9f3766"}
{"hasSchool":false,"level":"info","message":"✨ Authentication successful","role":"admin","timestamp":"2025-01-20T19:11:09.520Z","tokenExpiresIn":"1425.7413333333332 minutes","userId":"677bfe44f6789c907c9f3766"}
{"hasSchool":false,"level":"info","message":"✨ Authentication successful","role":"admin","timestamp":"2025-01-20T19:11:09.536Z","tokenExpiresIn":"1425.7410666666667 minutes","userId":"677bfe44f6789c907c9f3766"}
{"hasSchool":false,"level":"info","message":"✨ Authentication successful","role":"admin","timestamp":"2025-01-20T19:11:09.544Z","tokenExpiresIn":"1425.7409333333335 minutes","userId":"677bfe44f6789c907c9f3766"}
{"hasSchool":false,"level":"info","message":"✨ Authentication successful","role":"admin","timestamp":"2025-01-20T19:11:09.613Z","tokenExpiresIn":"1425.7397833333334 minutes","userId":"677bfe44f6789c907c9f3766"}
{"hasSchool":false,"level":"info","message":"✨ Authentication successful","role":"admin","timestamp":"2025-01-20T19:11:09.641Z","tokenExpiresIn":"1425.7393166666666 minutes","userId":"677bfe44f6789c907c9f3766"}
{"ip":"::1","level":"info","message":"Auth Route Called","method":"GET","path":"/api/v1/auth/verify","timestamp":"2025-01-20T19:13:42.045Z","userAgent":"Mozilla/5.0 (Windows NT 10.0; Win64; x64) AppleWebKit/537.36 (KHTML, like Gecko) Chrome/132.0.0.0 Safari/537.36 Edg/132.0.0.0"}
{"hasSchool":false,"level":"info","message":"✨ Authentication successful","role":"admin","timestamp":"2025-01-20T19:13:42.072Z","tokenExpiresIn":"1423.1988 minutes","userId":"677bfe44f6789c907c9f3766"}
{"level":"info","message":"Verifica token in corso per utente:","timestamp":"2025-01-20T19:13:42.073Z","userId":"677bfe44f6789c907c9f3766"}
{"hasSchool":false,"level":"info","message":"✨ Authentication successful","role":"admin","timestamp":"2025-01-20T19:13:44.094Z","tokenExpiresIn":"1423.1651 minutes","userId":"677bfe44f6789c907c9f3766"}
{"hasSchool":false,"level":"info","message":"✨ Authentication successful","role":"admin","timestamp":"2025-01-20T19:13:44.102Z","tokenExpiresIn":"1423.1649666666667 minutes","userId":"677bfe44f6789c907c9f3766"}
{"hasSchool":false,"level":"info","message":"✨ Authentication successful","role":"admin","timestamp":"2025-01-20T19:13:44.111Z","tokenExpiresIn":"1423.1648166666666 minutes","userId":"677bfe44f6789c907c9f3766"}
{"hasSchool":false,"level":"info","message":"✨ Authentication successful","role":"admin","timestamp":"2025-01-20T19:13:44.118Z","tokenExpiresIn":"1423.1647 minutes","userId":"677bfe44f6789c907c9f3766"}
{"hasSchool":false,"level":"info","message":"✨ Authentication successful","role":"admin","timestamp":"2025-01-20T19:13:44.135Z","tokenExpiresIn":"1423.1644166666667 minutes","userId":"677bfe44f6789c907c9f3766"}
{"hasSchool":false,"level":"info","message":"✨ Authentication successful","role":"admin","timestamp":"2025-01-20T19:13:44.151Z","tokenExpiresIn":"1423.1641666666667 minutes","userId":"677bfe44f6789c907c9f3766"}
{"hasSchool":false,"level":"info","message":"✨ Authentication successful","role":"admin","timestamp":"2025-01-20T19:13:44.212Z","tokenExpiresIn":"1423.1631333333332 minutes","userId":"677bfe44f6789c907c9f3766"}
{"hasSchool":false,"level":"info","message":"✨ Authentication successful","role":"admin","timestamp":"2025-01-20T19:13:44.228Z","tokenExpiresIn":"1423.1628666666666 minutes","userId":"677bfe44f6789c907c9f3766"}
{"hasSchool":false,"level":"info","message":"✨ Authentication successful","role":"admin","timestamp":"2025-01-20T19:13:44.237Z","tokenExpiresIn":"1423.1627166666667 minutes","userId":"677bfe44f6789c907c9f3766"}
{"hasSchool":false,"level":"info","message":"✨ Authentication successful","role":"admin","timestamp":"2025-01-20T19:13:44.254Z","tokenExpiresIn":"1423.1624333333334 minutes","userId":"677bfe44f6789c907c9f3766"}
{"hasSchool":false,"level":"info","message":"✨ Authentication successful","role":"admin","timestamp":"2025-01-20T19:13:44.320Z","tokenExpiresIn":"1423.1613333333332 minutes","userId":"677bfe44f6789c907c9f3766"}
{"hasSchool":false,"level":"info","message":"✨ Authentication successful","role":"admin","timestamp":"2025-01-20T19:13:44.343Z","tokenExpiresIn":"1423.1609500000002 minutes","userId":"677bfe44f6789c907c9f3766"}
{"hasSchool":false,"level":"info","message":"✨ Authentication successful","role":"admin","timestamp":"2025-01-20T19:13:52.465Z","tokenExpiresIn":"1423.0255833333333 minutes","userId":"677bfe44f6789c907c9f3766"}
{"hasSchool":false,"level":"info","message":"✨ Authentication successful","role":"admin","timestamp":"2025-01-20T19:13:52.489Z","tokenExpiresIn":"1423.0251833333334 minutes","userId":"677bfe44f6789c907c9f3766"}
{"hasSchool":false,"level":"info","message":"✨ Authentication successful","role":"admin","timestamp":"2025-01-20T19:13:52.512Z","tokenExpiresIn":"1423.0248 minutes","userId":"677bfe44f6789c907c9f3766"}
{"error":{},"level":"error","message":"Error generating test link","studentId":"678ccd28e32aff82045c93f3","testType":"CSI","timestamp":"2025-01-20T19:13:52.515Z"}
{"duration":"78ms","ip":"::1","level":"warn","message":"Risposta inviata","method":"POST","requestId":"req_1737400432438_e8knk11iw","responseSize":"86 Bytes","statusCode":500,"timestamp":"2025-01-20T19:13:52.516Z","url":"/api/v1/tests/csi/generate-link","userAgent":"Mozilla/5.0 (Windows NT 10.0; Win64; x64) AppleWebKit/537.36 (KHTML, like Gecko) Chrome/132.0.0.0 Safari/537.36 Edg/132.0.0.0"}
{"level":"warn","message":"Warning: ModelName mancante nel repository","repository":"school","timestamp":"2025-01-20T19:23:02.904Z"}
{"level":"warn","message":"Warning: ModelName mancante nel repository","repository":"user","timestamp":"2025-01-20T19:23:02.908Z"}
{"level":"warn","message":"Warning: ModelName mancante nel repository","repository":"class","timestamp":"2025-01-20T19:23:02.909Z"}
{"level":"warn","message":"Warning: ModelName mancante nel repository","repository":"student","timestamp":"2025-01-20T19:23:02.910Z"}
{"level":"warn","message":"Warning: ModelName mancante nel repository","repository":"test","timestamp":"2025-01-20T19:23:02.911Z"}
{"level":"info","message":"Repository caricati con successo","repositories":["school","user","class","student","test"],"timestamp":"2025-01-20T19:23:02.911Z"}
{"controllers":["auth","school","user","class","student","test"],"level":"info","message":"Controllers caricati con successo","timestamp":"2025-01-20T19:23:02.935Z"}
{"level":"info","message":"Routes caricate:","protected":["/classes","/schools","/users","/students","/tests"],"public":["/auth","/tests/csi/public"],"timestamp":"2025-01-20T19:23:03.223Z"}
{"level":"info","message":"MongoDB Connected: cluster0-shard-00-02.4nf56.mongodb.net","timestamp":"2025-01-20T19:23:03.678Z"}
{"level":"info","message":"Server in esecuzione su localhost:5000","timestamp":"2025-01-20T19:23:03.688Z"}
{"level":"info","message":"Ambiente: development","timestamp":"2025-01-20T19:23:03.689Z"}
{"ip":"::1","level":"info","message":"Auth Route Called","method":"GET","path":"/api/v1/auth/verify","timestamp":"2025-01-20T19:23:27.590Z","userAgent":"Mozilla/5.0 (Windows NT 10.0; Win64; x64) AppleWebKit/537.36 (KHTML, like Gecko) Chrome/132.0.0.0 Safari/537.36 Edg/132.0.0.0"}
{"hasSchool":false,"level":"info","message":"✨ Authentication successful","role":"admin","timestamp":"2025-01-20T19:23:27.654Z","tokenExpiresIn":"1413.4391 minutes","userId":"677bfe44f6789c907c9f3766"}
{"level":"info","message":"Verifica token in corso per utente:","timestamp":"2025-01-20T19:23:27.655Z","userId":"677bfe44f6789c907c9f3766"}
{"hasSchool":false,"level":"info","message":"✨ Authentication successful","role":"admin","timestamp":"2025-01-20T19:23:34.166Z","tokenExpiresIn":"1413.3305666666668 minutes","userId":"677bfe44f6789c907c9f3766"}
{"hasSchool":false,"level":"info","message":"✨ Authentication successful","role":"admin","timestamp":"2025-01-20T19:23:34.174Z","tokenExpiresIn":"1413.3304333333333 minutes","userId":"677bfe44f6789c907c9f3766"}
{"hasSchool":false,"level":"info","message":"✨ Authentication successful","role":"admin","timestamp":"2025-01-20T19:23:34.184Z","tokenExpiresIn":"1413.3302666666668 minutes","userId":"677bfe44f6789c907c9f3766"}
{"hasSchool":false,"level":"info","message":"✨ Authentication successful","role":"admin","timestamp":"2025-01-20T19:23:34.195Z","tokenExpiresIn":"1413.3300833333333 minutes","userId":"677bfe44f6789c907c9f3766"}
{"hasSchool":false,"level":"info","message":"✨ Authentication successful","role":"admin","timestamp":"2025-01-20T19:23:34.202Z","tokenExpiresIn":"1413.3299666666667 minutes","userId":"677bfe44f6789c907c9f3766"}
{"hasSchool":false,"level":"info","message":"✨ Authentication successful","role":"admin","timestamp":"2025-01-20T19:23:34.210Z","tokenExpiresIn":"1413.3298333333332 minutes","userId":"677bfe44f6789c907c9f3766"}
{"hasSchool":false,"level":"info","message":"✨ Authentication successful","role":"admin","timestamp":"2025-01-20T19:23:34.285Z","tokenExpiresIn":"1413.3285833333332 minutes","userId":"677bfe44f6789c907c9f3766"}
{"hasSchool":false,"level":"info","message":"✨ Authentication successful","role":"admin","timestamp":"2025-01-20T19:23:34.295Z","tokenExpiresIn":"1413.3284166666667 minutes","userId":"677bfe44f6789c907c9f3766"}
{"hasSchool":false,"level":"info","message":"✨ Authentication successful","role":"admin","timestamp":"2025-01-20T19:23:34.312Z","tokenExpiresIn":"1413.3281333333332 minutes","userId":"677bfe44f6789c907c9f3766"}
{"hasSchool":false,"level":"info","message":"✨ Authentication successful","role":"admin","timestamp":"2025-01-20T19:23:34.323Z","tokenExpiresIn":"1413.3279499999999 minutes","userId":"677bfe44f6789c907c9f3766"}
{"hasSchool":false,"level":"info","message":"✨ Authentication successful","role":"admin","timestamp":"2025-01-20T19:23:34.391Z","tokenExpiresIn":"1413.3268166666667 minutes","userId":"677bfe44f6789c907c9f3766"}
{"hasSchool":false,"level":"info","message":"✨ Authentication successful","role":"admin","timestamp":"2025-01-20T19:23:34.415Z","tokenExpiresIn":"1413.3264166666668 minutes","userId":"677bfe44f6789c907c9f3766"}
{"hasSchool":false,"level":"info","message":"✨ Authentication successful","role":"admin","timestamp":"2025-01-20T19:23:43.912Z","tokenExpiresIn":"1413.1681333333333 minutes","userId":"677bfe44f6789c907c9f3766"}
{"hasSchool":false,"level":"info","message":"✨ Authentication successful","role":"admin","timestamp":"2025-01-20T19:23:43.937Z","tokenExpiresIn":"1413.1677166666666 minutes","userId":"677bfe44f6789c907c9f3766"}
{"hasSchool":false,"level":"info","message":"✨ Authentication successful","role":"admin","timestamp":"2025-01-20T19:23:43.964Z","tokenExpiresIn":"1413.1672666666666 minutes","userId":"677bfe44f6789c907c9f3766"}
{"error":{"_message":"Test validation failed","errors":{"nome":{"kind":"required","message":"Path `nome` is required.","name":"ValidatorError","path":"nome","properties":{"message":"Path `nome` is required.","path":"nome","type":"required"}},"stato":{"kind":"enum","message":"`pending` is not a valid enum value for path `stato`.","name":"ValidatorError","path":"stato","properties":{"enumValues":["draft","published","archived"],"message":"`pending` is not a valid enum value for path `stato`.","path":"stato","type":"enum","value":"pending"},"value":"pending"},"targetGrade":{"kind":"required","message":"Path `targetGrade` is required.","name":"ValidatorError","path":"targetGrade","properties":{"message":"Path `targetGrade` is required.","path":"targetGrade","type":"required"}}},"message":"Test validation failed: targetGrade: Path `targetGrade` is required., nome: Path `nome` is required., stato: `pending` is not a valid enum value for path `stato`.","name":"ValidationError"},"level":"error","message":"Error saving test token","studentId":"678ccd28e32aff82045c93f3","timestamp":"2025-01-20T19:23:43.998Z"}
{"error":{"message":"Errore nel salvare il token del test","metadata":{}},"level":"error","message":"Error generating test link","studentId":"678ccd28e32aff82045c93f3","testType":"CSI","timestamp":"2025-01-20T19:23:44.001Z"}
{"duration":"116ms","ip":"::1","level":"warn","message":"Risposta inviata","method":"POST","requestId":"req_1737401023886_u9l77zi10","responseSize":"67 Bytes","statusCode":500,"timestamp":"2025-01-20T19:23:44.003Z","url":"/api/v1/tests/csi/generate-link","userAgent":"Mozilla/5.0 (Windows NT 10.0; Win64; x64) AppleWebKit/537.36 (KHTML, like Gecko) Chrome/132.0.0.0 Safari/537.36 Edg/132.0.0.0"}
{"level":"warn","message":"Warning: ModelName mancante nel repository","repository":"school","timestamp":"2025-01-20T19:41:48.426Z"}
{"level":"warn","message":"Warning: ModelName mancante nel repository","repository":"user","timestamp":"2025-01-20T19:41:48.430Z"}
{"level":"warn","message":"Warning: ModelName mancante nel repository","repository":"class","timestamp":"2025-01-20T19:41:48.430Z"}
{"level":"warn","message":"Warning: ModelName mancante nel repository","repository":"student","timestamp":"2025-01-20T19:41:48.431Z"}
{"level":"warn","message":"Warning: ModelName mancante nel repository","repository":"test","timestamp":"2025-01-20T19:41:48.432Z"}
{"level":"info","message":"Repository caricati con successo","repositories":["school","user","class","student","test"],"timestamp":"2025-01-20T19:41:48.432Z"}
{"controllers":["auth","school","user","class","student","test"],"level":"info","message":"Controllers caricati con successo","timestamp":"2025-01-20T19:41:48.458Z"}
{"level":"info","message":"Routes caricate:","protected":["/classes","/schools","/users","/students","/tests"],"public":["/auth","/tests/csi/public"],"timestamp":"2025-01-20T19:41:48.723Z"}
{"level":"info","message":"MongoDB Connected: cluster0-shard-00-00.4nf56.mongodb.net","timestamp":"2025-01-20T19:41:49.107Z"}
{"level":"info","message":"Server in esecuzione su localhost:5000","timestamp":"2025-01-20T19:41:49.114Z"}
{"level":"info","message":"Ambiente: development","timestamp":"2025-01-20T19:41:49.115Z"}
{"ip":"::1","level":"info","message":"Auth Route Called","method":"GET","path":"/api/v1/auth/verify","timestamp":"2025-01-20T19:41:54.686Z","userAgent":"Mozilla/5.0 (Windows NT 10.0; Win64; x64) AppleWebKit/537.36 (KHTML, like Gecko) Chrome/132.0.0.0 Safari/537.36 Edg/132.0.0.0"}
{"hasSchool":false,"level":"info","message":"✨ Authentication successful","role":"admin","timestamp":"2025-01-20T19:41:54.737Z","tokenExpiresIn":"1394.9877166666668 minutes","userId":"677bfe44f6789c907c9f3766"}
{"level":"info","message":"Verifica token in corso per utente:","timestamp":"2025-01-20T19:41:54.739Z","userId":"677bfe44f6789c907c9f3766"}
{"hasSchool":false,"level":"info","message":"✨ Authentication successful","role":"admin","timestamp":"2025-01-20T19:41:55.952Z","tokenExpiresIn":"1394.9674666666665 minutes","userId":"677bfe44f6789c907c9f3766"}
{"hasSchool":false,"level":"info","message":"✨ Authentication successful","role":"admin","timestamp":"2025-01-20T19:41:55.976Z","tokenExpiresIn":"1394.9670666666668 minutes","userId":"677bfe44f6789c907c9f3766"}
{"hasSchool":false,"level":"info","message":"✨ Authentication successful","role":"admin","timestamp":"2025-01-20T19:41:56.002Z","tokenExpiresIn":"1394.9666333333334 minutes","userId":"677bfe44f6789c907c9f3766"}
{"error":{"_message":"Test validation failed","errors":{"nome":{"kind":"required","message":"Path `nome` is required.","name":"ValidatorError","path":"nome","properties":{"message":"Path `nome` is required.","path":"nome","type":"required"}},"stato":{"kind":"enum","message":"`pending` is not a valid enum value for path `stato`.","name":"ValidatorError","path":"stato","properties":{"enumValues":["draft","published","archived"],"message":"`pending` is not a valid enum value for path `stato`.","path":"stato","type":"enum","value":"pending"},"value":"pending"},"targetGrade":{"kind":"required","message":"Path `targetGrade` is required.","name":"ValidatorError","path":"targetGrade","properties":{"message":"Path `targetGrade` is required.","path":"targetGrade","type":"required"}}},"message":"Test validation failed: targetGrade: Path `targetGrade` is required., nome: Path `nome` is required., stato: `pending` is not a valid enum value for path `stato`.","name":"ValidationError"},"level":"error","message":"Error saving test token","studentId":"678ccd28e32aff82045c93f3","timestamp":"2025-01-20T19:41:56.039Z"}
{"error":{"message":"Errore nel salvare il token del test","metadata":{}},"level":"error","message":"Error generating test link","studentId":"678ccd28e32aff82045c93f3","testType":"CSI","timestamp":"2025-01-20T19:41:56.041Z"}
{"duration":"121ms","ip":"::1","level":"warn","message":"Risposta inviata","method":"POST","requestId":"req_1737402115922_u8hhk15lv","responseSize":"67 Bytes","statusCode":500,"timestamp":"2025-01-20T19:41:56.043Z","url":"/api/v1/tests/csi/generate-link","userAgent":"Mozilla/5.0 (Windows NT 10.0; Win64; x64) AppleWebKit/537.36 (KHTML, like Gecko) Chrome/132.0.0.0 Safari/537.36 Edg/132.0.0.0"}
{"level":"warn","message":"Warning: ModelName mancante nel repository","repository":"school","timestamp":"2025-01-20T19:53:18.648Z"}
{"level":"warn","message":"Warning: ModelName mancante nel repository","repository":"user","timestamp":"2025-01-20T19:53:18.652Z"}
{"level":"warn","message":"Warning: ModelName mancante nel repository","repository":"class","timestamp":"2025-01-20T19:53:18.653Z"}
{"level":"warn","message":"Warning: ModelName mancante nel repository","repository":"student","timestamp":"2025-01-20T19:53:18.654Z"}
{"level":"warn","message":"Warning: ModelName mancante nel repository","repository":"test","timestamp":"2025-01-20T19:53:18.654Z"}
{"level":"info","message":"Repository caricati con successo","repositories":["school","user","class","student","test"],"timestamp":"2025-01-20T19:53:18.655Z"}
{"controllers":["auth","school","user","class","student","test"],"level":"info","message":"Controllers caricati con successo","timestamp":"2025-01-20T19:53:18.680Z"}
{"level":"info","message":"Routes caricate:","protected":["/classes","/schools","/users","/students","/tests"],"public":["/auth","/tests/csi/public"],"timestamp":"2025-01-20T19:53:18.973Z"}
{"level":"info","message":"MongoDB Connected: cluster0-shard-00-02.4nf56.mongodb.net","timestamp":"2025-01-20T19:53:19.398Z"}
{"level":"info","message":"Server in esecuzione su localhost:5000","timestamp":"2025-01-20T19:53:19.405Z"}
{"level":"info","message":"Ambiente: development","timestamp":"2025-01-20T19:53:19.405Z"}
{"ip":"::1","level":"info","message":"Auth Route Called","method":"GET","path":"/api/v1/auth/verify","timestamp":"2025-01-20T19:53:26.665Z","userAgent":"Mozilla/5.0 (Windows NT 10.0; Win64; x64) AppleWebKit/537.36 (KHTML, like Gecko) Chrome/132.0.0.0 Safari/537.36 Edg/132.0.0.0"}
{"hasSchool":false,"level":"info","message":"✨ Authentication successful","role":"admin","timestamp":"2025-01-20T19:53:26.722Z","tokenExpiresIn":"1383.4546333333335 minutes","userId":"677bfe44f6789c907c9f3766"}
{"level":"info","message":"Verifica token in corso per utente:","timestamp":"2025-01-20T19:53:26.723Z","userId":"677bfe44f6789c907c9f3766"}
{"hasSchool":false,"level":"info","message":"✨ Authentication successful","role":"admin","timestamp":"2025-01-20T19:53:27.998Z","tokenExpiresIn":"1383.4333666666666 minutes","userId":"677bfe44f6789c907c9f3766"}
{"hasSchool":false,"level":"info","message":"✨ Authentication successful","role":"admin","timestamp":"2025-01-20T19:53:28.025Z","tokenExpiresIn":"1383.4329166666669 minutes","userId":"677bfe44f6789c907c9f3766"}
{"hasSchool":false,"level":"info","message":"✨ Authentication successful","role":"admin","timestamp":"2025-01-20T19:53:28.047Z","tokenExpiresIn":"1383.43255 minutes","userId":"677bfe44f6789c907c9f3766"}
{"error":{"_message":"Test validation failed","errors":{"stato":{"kind":"enum","message":"`pending` is not a valid enum value for path `stato`.","name":"ValidatorError","path":"stato","properties":{"enumValues":["draft","published","archived"],"message":"`pending` is not a valid enum value for path `stato`.","path":"stato","type":"enum","value":"pending"},"value":"pending"},"targetGrade":{"kind":"required","message":"Path `targetGrade` is required.","name":"ValidatorError","path":"targetGrade","properties":{"message":"Path `targetGrade` is required.","path":"targetGrade","type":"required"}}},"message":"Test validation failed: targetGrade: Path `targetGrade` is required., stato: `pending` is not a valid enum value for path `stato`.","name":"ValidationError"},"level":"error","message":"Error saving test token","studentId":"678ccd28e32aff82045c93f3","timestamp":"2025-01-20T19:53:28.083Z"}
{"error":{"message":"Errore nel salvare il token del test","metadata":{}},"level":"error","message":"Error generating test link","studentId":"678ccd28e32aff82045c93f3","testType":"CSI","timestamp":"2025-01-20T19:53:28.086Z"}
{"duration":"128ms","ip":"::1","level":"warn","message":"Risposta inviata","method":"POST","requestId":"req_1737402807961_9ex9bie3s","responseSize":"67 Bytes","statusCode":500,"timestamp":"2025-01-20T19:53:28.089Z","url":"/api/v1/tests/csi/generate-link","userAgent":"Mozilla/5.0 (Windows NT 10.0; Win64; x64) AppleWebKit/537.36 (KHTML, like Gecko) Chrome/132.0.0.0 Safari/537.36 Edg/132.0.0.0"}
{"level":"warn","message":"Warning: ModelName mancante nel repository","repository":"school","timestamp":"2025-01-20T19:55:26.655Z"}
{"level":"warn","message":"Warning: ModelName mancante nel repository","repository":"user","timestamp":"2025-01-20T19:55:26.659Z"}
{"level":"warn","message":"Warning: ModelName mancante nel repository","repository":"class","timestamp":"2025-01-20T19:55:26.659Z"}
{"level":"warn","message":"Warning: ModelName mancante nel repository","repository":"student","timestamp":"2025-01-20T19:55:26.661Z"}
{"level":"warn","message":"Warning: ModelName mancante nel repository","repository":"test","timestamp":"2025-01-20T19:55:26.661Z"}
{"level":"info","message":"Repository caricati con successo","repositories":["school","user","class","student","test"],"timestamp":"2025-01-20T19:55:26.662Z"}
{"controllers":["auth","school","user","class","student","test"],"level":"info","message":"Controllers caricati con successo","timestamp":"2025-01-20T19:55:26.679Z"}
{"level":"info","message":"Routes caricate:","protected":["/classes","/schools","/users","/students","/tests"],"public":["/auth","/tests/csi/public"],"timestamp":"2025-01-20T19:55:26.926Z"}
{"level":"info","message":"MongoDB Connected: cluster0-shard-00-01.4nf56.mongodb.net","timestamp":"2025-01-20T19:55:28.117Z"}
{"level":"info","message":"Server in esecuzione su localhost:5000","timestamp":"2025-01-20T19:55:28.125Z"}
{"level":"info","message":"Ambiente: development","timestamp":"2025-01-20T19:55:28.126Z"}
{"ip":"::1","level":"info","message":"Auth Route Called","method":"GET","path":"/api/v1/auth/verify","timestamp":"2025-01-20T19:55:36.286Z","userAgent":"Mozilla/5.0 (Windows NT 10.0; Win64; x64) AppleWebKit/537.36 (KHTML, like Gecko) Chrome/132.0.0.0 Safari/537.36 Edg/132.0.0.0"}
{"hasSchool":false,"level":"info","message":"✨ Authentication successful","role":"admin","timestamp":"2025-01-20T19:55:36.335Z","tokenExpiresIn":"1381.2944166666666 minutes","userId":"677bfe44f6789c907c9f3766"}
{"level":"info","message":"Verifica token in corso per utente:","timestamp":"2025-01-20T19:55:36.336Z","userId":"677bfe44f6789c907c9f3766"}
{"hasSchool":false,"level":"info","message":"✨ Authentication successful","role":"admin","timestamp":"2025-01-20T19:55:50.879Z","tokenExpiresIn":"1381.0520166666668 minutes","userId":"677bfe44f6789c907c9f3766"}
{"hasSchool":false,"level":"info","message":"✨ Authentication successful","role":"admin","timestamp":"2025-01-20T19:55:50.888Z","tokenExpiresIn":"1381.0518666666665 minutes","userId":"677bfe44f6789c907c9f3766"}
{"hasSchool":false,"level":"info","message":"✨ Authentication successful","role":"admin","timestamp":"2025-01-20T19:55:50.897Z","tokenExpiresIn":"1381.0517166666666 minutes","userId":"677bfe44f6789c907c9f3766"}
{"hasSchool":false,"level":"info","message":"✨ Authentication successful","role":"admin","timestamp":"2025-01-20T19:55:50.906Z","tokenExpiresIn":"1381.0515666666665 minutes","userId":"677bfe44f6789c907c9f3766"}
{"hasSchool":false,"level":"info","message":"✨ Authentication successful","role":"admin","timestamp":"2025-01-20T19:55:50.912Z","tokenExpiresIn":"1381.0514666666668 minutes","userId":"677bfe44f6789c907c9f3766"}
{"hasSchool":false,"level":"info","message":"✨ Authentication successful","role":"admin","timestamp":"2025-01-20T19:55:50.922Z","tokenExpiresIn":"1381.0512999999999 minutes","userId":"677bfe44f6789c907c9f3766"}
{"hasSchool":false,"level":"info","message":"✨ Authentication successful","role":"admin","timestamp":"2025-01-20T19:55:50.995Z","tokenExpiresIn":"1381.0500833333333 minutes","userId":"677bfe44f6789c907c9f3766"}
{"hasSchool":false,"level":"info","message":"✨ Authentication successful","role":"admin","timestamp":"2025-01-20T19:55:51.005Z","tokenExpiresIn":"1381.0499166666666 minutes","userId":"677bfe44f6789c907c9f3766"}
{"hasSchool":false,"level":"info","message":"✨ Authentication successful","role":"admin","timestamp":"2025-01-20T19:55:51.021Z","tokenExpiresIn":"1381.0496500000002 minutes","userId":"677bfe44f6789c907c9f3766"}
{"hasSchool":false,"level":"info","message":"✨ Authentication successful","role":"admin","timestamp":"2025-01-20T19:55:51.028Z","tokenExpiresIn":"1381.0495333333333 minutes","userId":"677bfe44f6789c907c9f3766"}
{"hasSchool":false,"level":"info","message":"✨ Authentication successful","role":"admin","timestamp":"2025-01-20T19:55:51.093Z","tokenExpiresIn":"1381.04845 minutes","userId":"677bfe44f6789c907c9f3766"}
{"hasSchool":false,"level":"info","message":"✨ Authentication successful","role":"admin","timestamp":"2025-01-20T19:55:51.116Z","tokenExpiresIn":"1381.0480666666667 minutes","userId":"677bfe44f6789c907c9f3766"}
{"hasSchool":false,"level":"info","message":"✨ Authentication successful","role":"admin","timestamp":"2025-01-20T19:55:55.296Z","tokenExpiresIn":"1380.9784 minutes","userId":"677bfe44f6789c907c9f3766"}
{"hasSchool":false,"level":"info","message":"✨ Authentication successful","role":"admin","timestamp":"2025-01-20T19:55:55.320Z","tokenExpiresIn":"1380.9779999999998 minutes","userId":"677bfe44f6789c907c9f3766"}
{"hasSchool":false,"level":"info","message":"✨ Authentication successful","role":"admin","timestamp":"2025-01-20T19:55:55.343Z","tokenExpiresIn":"1380.9776166666668 minutes","userId":"677bfe44f6789c907c9f3766"}
{"error":{"_message":"Test validation failed","errors":{"stato":{"kind":"enum","message":"`pending` is not a valid enum value for path `stato`.","name":"ValidatorError","path":"stato","properties":{"enumValues":["draft","published","archived"],"message":"`pending` is not a valid enum value for path `stato`.","path":"stato","type":"enum","value":"pending"},"value":"pending"},"targetGrade":{"kind":"required","message":"Path `targetGrade` is required.","name":"ValidatorError","path":"targetGrade","properties":{"message":"Path `targetGrade` is required.","path":"targetGrade","type":"required"}}},"message":"Test validation failed: targetGrade: Path `targetGrade` is required., stato: `pending` is not a valid enum value for path `stato`.","name":"ValidationError"},"level":"error","message":"Error saving test token","studentId":"678ccd28e32aff82045c93f3","timestamp":"2025-01-20T19:55:55.388Z"}
{"error":{"message":"Errore nel salvare il token del test","metadata":{}},"level":"error","message":"Error generating test link","studentId":"678ccd28e32aff82045c93f3","testType":"CSI","timestamp":"2025-01-20T19:55:55.390Z"}
{"duration":"123ms","ip":"::1","level":"warn","message":"Risposta inviata","method":"POST","requestId":"req_1737402955269_qnzw0uwae","responseSize":"67 Bytes","statusCode":500,"timestamp":"2025-01-20T19:55:55.392Z","url":"/api/v1/tests/csi/generate-link","userAgent":"Mozilla/5.0 (Windows NT 10.0; Win64; x64) AppleWebKit/537.36 (KHTML, like Gecko) Chrome/132.0.0.0 Safari/537.36 Edg/132.0.0.0"}
{"ip":"::1","level":"info","message":"Auth Route Called","method":"GET","path":"/api/v1/auth/verify","timestamp":"2025-01-20T20:06:37.793Z","userAgent":"Mozilla/5.0 (Windows NT 10.0; Win64; x64) AppleWebKit/537.36 (KHTML, like Gecko) Chrome/132.0.0.0 Safari/537.36 Edg/132.0.0.0"}
{"hasSchool":false,"level":"info","message":"✨ Authentication successful","role":"admin","timestamp":"2025-01-20T20:06:37.822Z","tokenExpiresIn":"1370.2696333333333 minutes","userId":"677bfe44f6789c907c9f3766"}
{"level":"info","message":"Verifica token in corso per utente:","timestamp":"2025-01-20T20:06:37.823Z","userId":"677bfe44f6789c907c9f3766"}
{"hasSchool":false,"level":"info","message":"✨ Authentication successful","role":"admin","timestamp":"2025-01-20T20:06:39.173Z","tokenExpiresIn":"1370.2471166666667 minutes","userId":"677bfe44f6789c907c9f3766"}
{"hasSchool":false,"level":"info","message":"✨ Authentication successful","role":"admin","timestamp":"2025-01-20T20:06:39.200Z","tokenExpiresIn":"1370.2466666666667 minutes","userId":"677bfe44f6789c907c9f3766"}
{"hasSchool":false,"level":"info","message":"✨ Authentication successful","role":"admin","timestamp":"2025-01-20T20:06:39.224Z","tokenExpiresIn":"1370.2462666666665 minutes","userId":"677bfe44f6789c907c9f3766"}
{"error":{"_message":"Test validation failed","errors":{"stato":{"kind":"enum","message":"`pending` is not a valid enum value for path `stato`.","name":"ValidatorError","path":"stato","properties":{"enumValues":["draft","published","archived"],"message":"`pending` is not a valid enum value for path `stato`.","path":"stato","type":"enum","value":"pending"},"value":"pending"},"targetGrade":{"kind":"required","message":"Path `targetGrade` is required.","name":"ValidatorError","path":"targetGrade","properties":{"message":"Path `targetGrade` is required.","path":"targetGrade","type":"required"}}},"message":"Test validation failed: targetGrade: Path `targetGrade` is required., stato: `pending` is not a valid enum value for path `stato`.","name":"ValidationError"},"level":"error","message":"Error saving test token","studentId":"678ccd28e32aff82045c93f3","timestamp":"2025-01-20T20:06:39.249Z"}
{"error":{"message":"Errore nel salvare il token del test","metadata":{}},"level":"error","message":"Error generating test link","studentId":"678ccd28e32aff82045c93f3","testType":"CSI","timestamp":"2025-01-20T20:06:39.251Z"}
{"duration":"108ms","ip":"::1","level":"warn","message":"Risposta inviata","method":"POST","requestId":"req_1737403599145_07ctfo0oq","responseSize":"67 Bytes","statusCode":500,"timestamp":"2025-01-20T20:06:39.253Z","url":"/api/v1/tests/csi/generate-link","userAgent":"Mozilla/5.0 (Windows NT 10.0; Win64; x64) AppleWebKit/537.36 (KHTML, like Gecko) Chrome/132.0.0.0 Safari/537.36 Edg/132.0.0.0"}
{"level":"warn","message":"Warning: ModelName mancante nel repository","repository":"school","timestamp":"2025-01-20T20:09:52.318Z"}
{"level":"warn","message":"Warning: ModelName mancante nel repository","repository":"user","timestamp":"2025-01-20T20:09:52.324Z"}
{"level":"warn","message":"Warning: ModelName mancante nel repository","repository":"class","timestamp":"2025-01-20T20:09:52.325Z"}
{"level":"warn","message":"Warning: ModelName mancante nel repository","repository":"student","timestamp":"2025-01-20T20:09:52.327Z"}
{"level":"warn","message":"Warning: ModelName mancante nel repository","repository":"test","timestamp":"2025-01-20T20:09:52.327Z"}
{"level":"info","message":"Repository caricati con successo","repositories":["school","user","class","student","test"],"timestamp":"2025-01-20T20:09:52.328Z"}
{"controllers":["auth","school","user","class","student","test"],"level":"info","message":"Controllers caricati con successo","timestamp":"2025-01-20T20:09:52.351Z"}
{"level":"info","message":"Routes caricate:","protected":["/classes","/schools","/users","/students","/tests"],"public":["/auth","/tests/csi/public"],"timestamp":"2025-01-20T20:09:52.622Z"}
{"level":"info","message":"MongoDB Connected: cluster0-shard-00-02.4nf56.mongodb.net","timestamp":"2025-01-20T20:09:53.019Z"}
{"level":"info","message":"Server in esecuzione su localhost:5000","timestamp":"2025-01-20T20:09:53.028Z"}
{"level":"info","message":"Ambiente: development","timestamp":"2025-01-20T20:09:53.029Z"}
{"ip":"::1","level":"info","message":"Auth Route Called","method":"GET","path":"/api/v1/auth/verify","timestamp":"2025-01-20T20:10:11.104Z","userAgent":"Mozilla/5.0 (Windows NT 10.0; Win64; x64) AppleWebKit/537.36 (KHTML, like Gecko) Chrome/132.0.0.0 Safari/537.36 Edg/132.0.0.0"}
{"hasSchool":false,"level":"info","message":"✨ Authentication successful","role":"admin","timestamp":"2025-01-20T20:10:11.147Z","tokenExpiresIn":"1366.7142166666667 minutes","userId":"677bfe44f6789c907c9f3766"}
{"level":"info","message":"Verifica token in corso per utente:","timestamp":"2025-01-20T20:10:11.148Z","userId":"677bfe44f6789c907c9f3766"}
{"hasSchool":false,"level":"info","message":"✨ Authentication successful","role":"admin","timestamp":"2025-01-20T20:10:15.011Z","tokenExpiresIn":"1366.6498166666668 minutes","userId":"677bfe44f6789c907c9f3766"}
{"hasSchool":false,"level":"info","message":"✨ Authentication successful","role":"admin","timestamp":"2025-01-20T20:10:15.019Z","tokenExpiresIn":"1366.6496833333333 minutes","userId":"677bfe44f6789c907c9f3766"}
{"hasSchool":false,"level":"info","message":"✨ Authentication successful","role":"admin","timestamp":"2025-01-20T20:10:15.030Z","tokenExpiresIn":"1366.6495 minutes","userId":"677bfe44f6789c907c9f3766"}
{"hasSchool":false,"level":"info","message":"✨ Authentication successful","role":"admin","timestamp":"2025-01-20T20:10:15.039Z","tokenExpiresIn":"1366.64935 minutes","userId":"677bfe44f6789c907c9f3766"}
{"hasSchool":false,"level":"info","message":"✨ Authentication successful","role":"admin","timestamp":"2025-01-20T20:10:15.047Z","tokenExpiresIn":"1366.6492166666665 minutes","userId":"677bfe44f6789c907c9f3766"}
{"hasSchool":false,"level":"info","message":"✨ Authentication successful","role":"admin","timestamp":"2025-01-20T20:10:15.054Z","tokenExpiresIn":"1366.6490999999999 minutes","userId":"677bfe44f6789c907c9f3766"}
{"hasSchool":false,"level":"info","message":"✨ Authentication successful","role":"admin","timestamp":"2025-01-20T20:10:15.128Z","tokenExpiresIn":"1366.6478833333335 minutes","userId":"677bfe44f6789c907c9f3766"}
{"hasSchool":false,"level":"info","message":"✨ Authentication successful","role":"admin","timestamp":"2025-01-20T20:10:15.137Z","tokenExpiresIn":"1366.6477166666666 minutes","userId":"677bfe44f6789c907c9f3766"}
{"hasSchool":false,"level":"info","message":"✨ Authentication successful","role":"admin","timestamp":"2025-01-20T20:10:15.154Z","tokenExpiresIn":"1366.6474333333333 minutes","userId":"677bfe44f6789c907c9f3766"}
{"hasSchool":false,"level":"info","message":"✨ Authentication successful","role":"admin","timestamp":"2025-01-20T20:10:15.161Z","tokenExpiresIn":"1366.6473166666667 minutes","userId":"677bfe44f6789c907c9f3766"}
{"hasSchool":false,"level":"info","message":"✨ Authentication successful","role":"admin","timestamp":"2025-01-20T20:10:15.227Z","tokenExpiresIn":"1366.6462166666668 minutes","userId":"677bfe44f6789c907c9f3766"}
{"hasSchool":false,"level":"info","message":"✨ Authentication successful","role":"admin","timestamp":"2025-01-20T20:10:15.252Z","tokenExpiresIn":"1366.6458 minutes","userId":"677bfe44f6789c907c9f3766"}
{"hasSchool":false,"level":"info","message":"✨ Authentication successful","role":"admin","timestamp":"2025-01-20T20:10:18.775Z","tokenExpiresIn":"1366.5870833333333 minutes","userId":"677bfe44f6789c907c9f3766"}
{"hasSchool":false,"level":"info","message":"✨ Authentication successful","role":"admin","timestamp":"2025-01-20T20:10:18.802Z","tokenExpiresIn":"1366.5866333333333 minutes","userId":"677bfe44f6789c907c9f3766"}
{"hasSchool":false,"level":"info","message":"✨ Authentication successful","role":"admin","timestamp":"2025-01-20T20:10:18.830Z","tokenExpiresIn":"1366.5861666666667 minutes","userId":"677bfe44f6789c907c9f3766"}
{"error":{"_message":"Test validation failed","errors":{"stato":{"kind":"enum","message":"`pending` is not a valid enum value for path `stato`.","name":"ValidatorError","path":"stato","properties":{"enumValues":["draft","published","archived"],"message":"`pending` is not a valid enum value for path `stato`.","path":"stato","type":"enum","value":"pending"},"value":"pending"},"targetGrade":{"kind":"required","message":"Path `targetGrade` is required.","name":"ValidatorError","path":"targetGrade","properties":{"message":"Path `targetGrade` is required.","path":"targetGrade","type":"required"}}},"message":"Test validation failed: targetGrade: Path `targetGrade` is required., stato: `pending` is not a valid enum value for path `stato`.","name":"ValidationError"},"level":"error","message":"Error saving test token","studentId":"678ccd28e32aff82045c93f3","timestamp":"2025-01-20T20:10:18.863Z"}
{"error":{"message":"Errore nel salvare il token del test","metadata":{}},"level":"error","message":"Error generating test link","studentId":"678ccd28e32aff82045c93f3","testType":"CSI","timestamp":"2025-01-20T20:10:18.865Z"}
{"duration":"121ms","ip":"::1","level":"warn","message":"Risposta inviata","method":"POST","requestId":"req_1737403818747_l6ytbictj","responseSize":"67 Bytes","statusCode":500,"timestamp":"2025-01-20T20:10:18.868Z","url":"/api/v1/tests/csi/generate-link","userAgent":"Mozilla/5.0 (Windows NT 10.0; Win64; x64) AppleWebKit/537.36 (KHTML, like Gecko) Chrome/132.0.0.0 Safari/537.36 Edg/132.0.0.0"}
{"ip":"::1","level":"info","message":"Auth Route Called","method":"GET","path":"/api/v1/auth/verify","timestamp":"2025-01-20T20:11:08.055Z","userAgent":"Mozilla/5.0 (Windows NT 10.0; Win64; x64) AppleWebKit/537.36 (KHTML, like Gecko) Chrome/132.0.0.0 Safari/537.36 Edg/132.0.0.0"}
{"hasSchool":false,"level":"info","message":"✨ Authentication successful","role":"admin","timestamp":"2025-01-20T20:11:08.085Z","tokenExpiresIn":"1365.76525 minutes","userId":"677bfe44f6789c907c9f3766"}
{"level":"info","message":"Verifica token in corso per utente:","timestamp":"2025-01-20T20:11:08.086Z","userId":"677bfe44f6789c907c9f3766"}
{"hasSchool":false,"level":"info","message":"✨ Authentication successful","role":"admin","timestamp":"2025-01-20T20:11:08.917Z","tokenExpiresIn":"1365.7513833333333 minutes","userId":"677bfe44f6789c907c9f3766"}
{"hasSchool":false,"level":"info","message":"✨ Authentication successful","role":"admin","timestamp":"2025-01-20T20:11:08.942Z","tokenExpiresIn":"1365.7509666666667 minutes","userId":"677bfe44f6789c907c9f3766"}
{"hasSchool":false,"level":"info","message":"✨ Authentication successful","role":"admin","timestamp":"2025-01-20T20:11:08.967Z","tokenExpiresIn":"1365.75055 minutes","userId":"677bfe44f6789c907c9f3766"}
{"error":{"_message":"Test validation failed","errors":{"stato":{"kind":"enum","message":"`pending` is not a valid enum value for path `stato`.","name":"ValidatorError","path":"stato","properties":{"enumValues":["draft","published","archived"],"message":"`pending` is not a valid enum value for path `stato`.","path":"stato","type":"enum","value":"pending"},"value":"pending"},"targetGrade":{"kind":"required","message":"Path `targetGrade` is required.","name":"ValidatorError","path":"targetGrade","properties":{"message":"Path `targetGrade` is required.","path":"targetGrade","type":"required"}}},"message":"Test validation failed: targetGrade: Path `targetGrade` is required., stato: `pending` is not a valid enum value for path `stato`.","name":"ValidationError"},"level":"error","message":"Error saving test token","studentId":"678ccd28e32aff82045c93f3","timestamp":"2025-01-20T20:11:08.988Z"}
{"error":{"message":"Errore nel salvare il token del test","metadata":{}},"level":"error","message":"Error generating test link","studentId":"678ccd28e32aff82045c93f3","testType":"CSI","timestamp":"2025-01-20T20:11:08.990Z"}
{"duration":"106ms","ip":"::1","level":"warn","message":"Risposta inviata","method":"POST","requestId":"req_1737403868886_t90bn34t3","responseSize":"67 Bytes","statusCode":500,"timestamp":"2025-01-20T20:11:08.992Z","url":"/api/v1/tests/csi/generate-link","userAgent":"Mozilla/5.0 (Windows NT 10.0; Win64; x64) AppleWebKit/537.36 (KHTML, like Gecko) Chrome/132.0.0.0 Safari/537.36 Edg/132.0.0.0"}
{"level":"warn","message":"Warning: ModelName mancante nel repository","repository":"school","timestamp":"2025-01-20T20:44:00.755Z"}
{"level":"warn","message":"Warning: ModelName mancante nel repository","repository":"user","timestamp":"2025-01-20T20:44:00.758Z"}
{"level":"warn","message":"Warning: ModelName mancante nel repository","repository":"class","timestamp":"2025-01-20T20:44:00.759Z"}
{"level":"warn","message":"Warning: ModelName mancante nel repository","repository":"student","timestamp":"2025-01-20T20:44:00.760Z"}
{"level":"warn","message":"Warning: ModelName mancante nel repository","repository":"test","timestamp":"2025-01-20T20:44:00.761Z"}
{"level":"info","message":"Repository caricati con successo","repositories":["school","user","class","student","test"],"timestamp":"2025-01-20T20:44:00.761Z"}
{"controllers":["auth","school","user","class","student","test"],"level":"info","message":"Controllers caricati con successo","timestamp":"2025-01-20T20:44:00.787Z"}
{"level":"info","message":"Routes caricate:","protected":["/classes","/schools","/users","/students","/tests"],"public":["/auth","/tests/csi/public"],"timestamp":"2025-01-20T20:44:01.083Z"}
{"level":"info","message":"MongoDB Connected: cluster0-shard-00-01.4nf56.mongodb.net","timestamp":"2025-01-20T20:44:01.475Z"}
{"level":"info","message":"Server in esecuzione su localhost:5000","timestamp":"2025-01-20T20:44:01.483Z"}
{"level":"info","message":"Ambiente: development","timestamp":"2025-01-20T20:44:01.483Z"}
{"ip":"::1","level":"info","message":"Auth Route Called","method":"GET","path":"/api/v1/auth/verify","timestamp":"2025-01-20T20:44:11.389Z","userAgent":"Mozilla/5.0 (Windows NT 10.0; Win64; x64) AppleWebKit/537.36 (KHTML, like Gecko) Chrome/132.0.0.0 Safari/537.36 Edg/132.0.0.0"}
{"hasSchool":false,"level":"info","message":"✨ Authentication successful","role":"admin","timestamp":"2025-01-20T20:44:11.438Z","tokenExpiresIn":"1332.7093666666667 minutes","userId":"677bfe44f6789c907c9f3766"}
{"level":"info","message":"Verifica token in corso per utente:","timestamp":"2025-01-20T20:44:11.439Z","userId":"677bfe44f6789c907c9f3766"}
