{"level":"warn","message":"Warning: ModelName mancante nel repository","repository":"school","timestamp":"2025-01-05T23:01:16.573Z"}
{"level":"warn","message":"Warning: ModelName mancante nel repository","repository":"user","timestamp":"2025-01-05T23:01:16.577Z"}
{"level":"warn","message":"Warning: ModelName mancante nel repository","repository":"class","timestamp":"2025-01-05T23:01:16.578Z"}
{"level":"warn","message":"Warning: ModelName mancante nel repository","repository":"student","timestamp":"2025-01-05T23:01:16.579Z"}
{"level":"warn","message":"Warning: ModelName mancante nel repository","repository":"test","timestamp":"2025-01-05T23:01:16.580Z"}
{"level":"info","message":"Repository caricati con successo","repositories":["school","user","class","student","test"],"timestamp":"2025-01-05T23:01:16.580Z"}
{"controllers":["auth","school","user","class","student","test"],"level":"info","message":"Controllers caricati con successo","timestamp":"2025-01-05T23:01:16.589Z"}
{"level":"info","message":"Routes caricate:","routes":["/auth","/classes","/schools","/users","/students","/tests"],"timestamp":"2025-01-05T23:01:16.600Z"}
{"level":"info","message":"MongoDB Connected: cluster0-shard-00-01.4nf56.mongodb.net","timestamp":"2025-01-05T23:01:16.976Z"}
{"level":"info","message":"Server in esecuzione su localhost:5000","timestamp":"2025-01-05T23:01:16.982Z"}
{"level":"info","message":"Ambiente: development","timestamp":"2025-01-05T23:01:16.982Z"}
{"level":"warn","message":"Warning: ModelName mancante nel repository","repository":"school","timestamp":"2025-01-05T23:02:19.281Z"}
{"level":"warn","message":"Warning: ModelName mancante nel repository","repository":"user","timestamp":"2025-01-05T23:02:19.285Z"}
{"level":"warn","message":"Warning: ModelName mancante nel repository","repository":"class","timestamp":"2025-01-05T23:02:19.286Z"}
{"level":"warn","message":"Warning: ModelName mancante nel repository","repository":"student","timestamp":"2025-01-05T23:02:19.287Z"}
{"level":"warn","message":"Warning: ModelName mancante nel repository","repository":"test","timestamp":"2025-01-05T23:02:19.288Z"}
{"level":"info","message":"Repository caricati con successo","repositories":["school","user","class","student","test"],"timestamp":"2025-01-05T23:02:19.289Z"}
{"controllers":["auth","school","user","class","student","test"],"level":"info","message":"Controllers caricati con successo","timestamp":"2025-01-05T23:02:19.299Z"}
{"level":"info","message":"Routes caricate:","routes":["/auth","/classes","/schools","/users","/students","/tests"],"timestamp":"2025-01-05T23:02:19.310Z"}
{"level":"info","message":"MongoDB Connected: cluster0-shard-00-00.4nf56.mongodb.net","timestamp":"2025-01-05T23:02:19.772Z"}
{"level":"info","message":"Server in esecuzione su localhost:5000","timestamp":"2025-01-05T23:02:19.778Z"}
{"level":"info","message":"Ambiente: development","timestamp":"2025-01-05T23:02:19.779Z"}
{"ip":"::1","level":"info","message":"Auth Route Called","method":"GET","path":"/api/v1/auth/me","timestamp":"2025-01-05T23:02:24.717Z","userAgent":"curl/8.11.0"}
{"hasSchool":false,"level":"info","message":"Autenticazione completata con successo:","role":"admin","timestamp":"2025-01-05T23:02:24.749Z","userId":"677afa2672313bb6224448ec"}
{"email":"admin@test.com","level":"info","message":"Utente trovato con successo","timestamp":"2025-01-05T23:02:24.769Z","userId":"677afa2672313bb6224448ec"}
{"ip":"::1","level":"info","message":"Auth Route Called","method":"GET","path":"/api/v1/auth/verify","timestamp":"2025-01-05T23:03:36.902Z","userAgent":"curl/8.11.0"}
{"hasSchool":false,"level":"info","message":"Autenticazione completata con successo:","role":"admin","timestamp":"2025-01-05T23:03:36.924Z","userId":"677afa2672313bb6224448ec"}
{"level":"info","message":"Verifica token in corso per utente:","timestamp":"2025-01-05T23:03:36.925Z","userId":"677afa2672313bb6224448ec"}
{"ip":"::1","level":"info","message":"Auth Route Called","method":"GET","path":"/api/v1/auth/me","timestamp":"2025-01-05T23:03:48.925Z","userAgent":"curl/8.11.0"}
{"hasSchool":false,"level":"info","message":"Autenticazione completata con successo:","role":"admin","timestamp":"2025-01-05T23:03:48.945Z","userId":"677afa2672313bb6224448ec"}
{"email":"admin@test.com","level":"info","message":"Utente trovato con successo","timestamp":"2025-01-05T23:03:48.965Z","userId":"677afa2672313bb6224448ec"}
{"ip":"::1","level":"info","message":"Auth Route Called","method":"PATCH","path":"/api/v1/auth/updateme","timestamp":"2025-01-05T23:04:04.762Z","userAgent":"curl/8.11.0"}
{"hasSchool":false,"level":"info","message":"Autenticazione completata con successo:","role":"admin","timestamp":"2025-01-05T23:04:04.783Z","userId":"677afa2672313bb6224448ec"}
{"duration":"24ms","ip":"::1","level":"warn","message":"Risposta inviata","method":"PATCH","requestId":"req_1736118244761_m8d4bcah7","responseSize":"119 Bytes","statusCode":404,"timestamp":"2025-01-05T23:04:04.785Z","url":"/api/v1/auth/updateme","userAgent":"curl/8.11.0"}
{"level":"warn","message":"Warning: ModelName mancante nel repository","repository":"school","timestamp":"2025-01-05T23:06:06.216Z"}
{"level":"warn","message":"Warning: ModelName mancante nel repository","repository":"user","timestamp":"2025-01-05T23:06:06.220Z"}
{"level":"warn","message":"Warning: ModelName mancante nel repository","repository":"class","timestamp":"2025-01-05T23:06:06.221Z"}
{"level":"warn","message":"Warning: ModelName mancante nel repository","repository":"student","timestamp":"2025-01-05T23:06:06.222Z"}
{"level":"warn","message":"Warning: ModelName mancante nel repository","repository":"test","timestamp":"2025-01-05T23:06:06.223Z"}
{"level":"info","message":"Repository caricati con successo","repositories":["school","user","class","student","test"],"timestamp":"2025-01-05T23:06:06.223Z"}
{"controllers":["auth","school","user","class","student","test"],"level":"info","message":"Controllers caricati con successo","timestamp":"2025-01-05T23:06:06.237Z"}
{"level":"info","message":"Routes caricate:","routes":["/auth","/classes","/schools","/users","/students","/tests"],"timestamp":"2025-01-05T23:06:06.252Z"}
{"level":"info","message":"MongoDB Connected: cluster0-shard-00-02.4nf56.mongodb.net","timestamp":"2025-01-05T23:06:06.653Z"}
{"level":"info","message":"Server in esecuzione su localhost:5000","timestamp":"2025-01-05T23:06:06.660Z"}
{"level":"info","message":"Ambiente: development","timestamp":"2025-01-05T23:06:06.660Z"}
{"level":"info","message":"Class Route Called: POST /api/v1/classes","timestamp":"2025-01-05T23:39:14.176Z"}
{"error":{},"level":"error","message":"Errore nella verifica esistenza classe","timestamp":"2025-01-05T23:39:14.178Z"}
{"error":"Errore nella verifica esistenza classe","level":"error","message":"Errore nella verifica:","timestamp":"2025-01-05T23:39:14.179Z"}
{"data":{"academicYear":"2024/2025","mainTeacher":"677afb8e72313bb6224448f2","section":"A","year":1},"level":"error","message":"Errore nella verifica esistenza classe","timestamp":"2025-01-05T23:39:14.180Z"}
{"code":"DB_001","level":"error","message":"Errore nella verifica esistenza classe","statusCode":500,"timestamp":"2025-01-05T23:39:14.180Z"}
{"duration":"12ms","ip":"::1","level":"warn","message":"Risposta inviata","method":"POST","requestId":"req_1736120354174_mfcyh4taz","responseSize":"95 Bytes","statusCode":500,"timestamp":"2025-01-05T23:39:14.186Z","url":"/api/v1/classes","userAgent":"curl/8.11.0"}
{"level":"info","message":"Class Route Called: GET /api/v1/classes","timestamp":"2025-01-05T23:39:53.260Z"}
{"code":"AUTH_004","level":"error","message":"Utente non autenticato","metadata":{},"status":401,"timestamp":"2025-01-05T23:39:53.261Z"}
{"duration":"3ms","ip":"::1","level":"warn","message":"Risposta inviata","method":"GET","requestId":"req_1736120393259_ga7tq7ymd","responseSize":"81 Bytes","statusCode":500,"timestamp":"2025-01-05T23:39:53.262Z","url":"/api/v1/classes","userAgent":"curl/8.11.0"}
{"ip":"::1","level":"info","message":"Auth Route Called","method":"POST","path":"/api/v1/auth/login","timestamp":"2025-01-05T23:40:06.431Z","userAgent":"curl/8.11.0"}
{"level":"info","message":"Class Route Called: GET /api/v1/classes","timestamp":"2025-01-05T23:40:29.796Z"}
{"code":"AUTH_004","level":"error","message":"Utente non autenticato","metadata":{},"status":401,"timestamp":"2025-01-05T23:40:29.796Z"}
{"duration":"2ms","ip":"::1","level":"warn","message":"Risposta inviata","method":"GET","requestId":"req_1736120429795_6a17vo7jq","responseSize":"81 Bytes","statusCode":500,"timestamp":"2025-01-05T23:40:29.797Z","url":"/api/v1/classes","userAgent":"curl/8.11.0"}
{"level":"info","message":"Class Route Called: POST /api/v1/classes","timestamp":"2025-01-05T23:40:40.243Z"}
{"error":{},"level":"error","message":"Errore nella verifica esistenza classe","timestamp":"2025-01-05T23:40:40.245Z"}
{"error":"Errore nella verifica esistenza classe","level":"error","message":"Errore nella verifica:","timestamp":"2025-01-05T23:40:40.245Z"}
{"data":{"academicYear":"2024/2025","mainTeacher":"677afb8e72313bb6224448f2","section":"A","year":1},"level":"error","message":"Errore nella verifica esistenza classe","timestamp":"2025-01-05T23:40:40.246Z"}
{"code":"DB_001","level":"error","message":"Errore nella verifica esistenza classe","statusCode":500,"timestamp":"2025-01-05T23:40:40.246Z"}
{"duration":"5ms","ip":"::1","level":"warn","message":"Risposta inviata","method":"POST","requestId":"req_1736120440243_qsl23ckku","responseSize":"95 Bytes","statusCode":500,"timestamp":"2025-01-05T23:40:40.248Z","url":"/api/v1/classes","userAgent":"curl/8.11.0"}
{"level":"warn","message":"Warning: ModelName mancante nel repository","repository":"school","timestamp":"2025-01-05T23:43:56.620Z"}
{"level":"warn","message":"Warning: ModelName mancante nel repository","repository":"user","timestamp":"2025-01-05T23:43:56.624Z"}
{"level":"warn","message":"Warning: ModelName mancante nel repository","repository":"class","timestamp":"2025-01-05T23:43:56.625Z"}
{"level":"warn","message":"Warning: ModelName mancante nel repository","repository":"student","timestamp":"2025-01-05T23:43:56.627Z"}
{"level":"warn","message":"Warning: ModelName mancante nel repository","repository":"test","timestamp":"2025-01-05T23:43:56.628Z"}
{"level":"info","message":"Repository caricati con successo","repositories":["school","user","class","student","test"],"timestamp":"2025-01-05T23:43:56.629Z"}
{"controllers":["auth","school","user","class","student","test"],"level":"info","message":"Controllers caricati con successo","timestamp":"2025-01-05T23:43:56.638Z"}
{"level":"info","message":"Routes caricate:","routes":["/auth","/classes","/schools","/users","/students","/tests"],"timestamp":"2025-01-05T23:43:56.649Z"}
{"level":"info","message":"MongoDB Connected: cluster0-shard-00-02.4nf56.mongodb.net","timestamp":"2025-01-05T23:43:57.055Z"}
{"level":"info","message":"Server in esecuzione su localhost:5000","timestamp":"2025-01-05T23:43:57.064Z"}
{"level":"info","message":"Ambiente: development","timestamp":"2025-01-05T23:43:57.065Z"}
{"level":"warn","message":"Warning: ModelName mancante nel repository","repository":"school","timestamp":"2025-01-05T23:44:17.324Z"}
{"level":"warn","message":"Warning: ModelName mancante nel repository","repository":"user","timestamp":"2025-01-05T23:44:17.328Z"}
{"level":"warn","message":"Warning: ModelName mancante nel repository","repository":"class","timestamp":"2025-01-05T23:44:17.328Z"}
{"level":"warn","message":"Warning: ModelName mancante nel repository","repository":"student","timestamp":"2025-01-05T23:44:17.329Z"}
{"level":"warn","message":"Warning: ModelName mancante nel repository","repository":"test","timestamp":"2025-01-05T23:44:17.330Z"}
{"level":"info","message":"Repository caricati con successo","repositories":["school","user","class","student","test"],"timestamp":"2025-01-05T23:44:17.330Z"}
{"controllers":["auth","school","user","class","student","test"],"level":"info","message":"Controllers caricati con successo","timestamp":"2025-01-05T23:44:17.339Z"}
{"level":"info","message":"Routes caricate:","routes":["/auth","/classes","/schools","/users","/students","/tests"],"timestamp":"2025-01-05T23:44:17.348Z"}
{"level":"info","message":"MongoDB Connected: cluster0-shard-00-01.4nf56.mongodb.net","timestamp":"2025-01-05T23:44:17.704Z"}
{"level":"info","message":"Server in esecuzione su localhost:5000","timestamp":"2025-01-05T23:44:17.710Z"}
{"level":"info","message":"Ambiente: development","timestamp":"2025-01-05T23:44:17.710Z"}
{"level":"warn","message":"Warning: ModelName mancante nel repository","repository":"school","timestamp":"2025-01-05T23:44:38.530Z"}
{"level":"warn","message":"Warning: ModelName mancante nel repository","repository":"user","timestamp":"2025-01-05T23:44:38.534Z"}
{"level":"warn","message":"Warning: ModelName mancante nel repository","repository":"class","timestamp":"2025-01-05T23:44:38.535Z"}
{"level":"warn","message":"Warning: ModelName mancante nel repository","repository":"student","timestamp":"2025-01-05T23:44:38.536Z"}
{"level":"warn","message":"Warning: ModelName mancante nel repository","repository":"test","timestamp":"2025-01-05T23:44:38.537Z"}
{"level":"info","message":"Repository caricati con successo","repositories":["school","user","class","student","test"],"timestamp":"2025-01-05T23:44:38.538Z"}
{"controllers":["auth","school","user","class","student","test"],"level":"info","message":"Controllers caricati con successo","timestamp":"2025-01-05T23:44:38.549Z"}
{"level":"info","message":"Routes caricate:","routes":["/auth","/classes","/schools","/users","/students","/tests"],"timestamp":"2025-01-05T23:44:38.562Z"}
{"level":"info","message":"MongoDB Connected: cluster0-shard-00-02.4nf56.mongodb.net","timestamp":"2025-01-05T23:44:38.934Z"}
{"level":"info","message":"Server in esecuzione su localhost:5000","timestamp":"2025-01-05T23:44:38.941Z"}
{"level":"info","message":"Ambiente: development","timestamp":"2025-01-05T23:44:38.942Z"}
{"level":"info","message":"Class Route Called: POST /api/v1/classes","timestamp":"2025-01-05T23:44:45.760Z"}
{"hasSchool":false,"level":"info","message":"Autenticazione completata con successo:","role":"admin","timestamp":"2025-01-05T23:44:45.791Z","userId":"677afa2672313bb6224448ec"}
{"code":"CLASS_002","level":"error","message":"Nessuna scuola associata all'utente","statusCode":400,"timestamp":"2025-01-05T23:44:45.792Z"}
{"duration":"37ms","ip":"::1","level":"warn","message":"Risposta inviata","method":"POST","requestId":"req_1736120685759_81gc8ha37","responseSize":"95 Bytes","statusCode":400,"timestamp":"2025-01-05T23:44:45.796Z","url":"/api/v1/classes","userAgent":"curl/8.11.0"}
{"hasSchool":false,"level":"info","message":"Autenticazione completata con successo:","role":"admin","timestamp":"2025-01-05T23:45:50.005Z","userId":"677afa2672313bb6224448ec"}
{"error":"Cannot read properties of undefined (reading 'model')","level":"error","message":"Errore in create:","stack":"TypeError: Cannot read properties of undefined (reading 'model')\n    at SchoolRepository.create (C:\\Users\\ricca\\Desktop\\BSc\\src\\repositories\\base\\BaseRepository.js:14:44)\n    at SchoolController.create (C:\\Users\\ricca\\Desktop\\BSc\\src\\controllers\\schoolController.js:38:50)\n    at Layer.handle [as handle_request] (C:\\Users\\ricca\\Desktop\\BSc\\node_modules\\express\\lib\\router\\layer.js:95:5)\n    at next (C:\\Users\\ricca\\Desktop\\BSc\\node_modules\\express\\lib\\router\\route.js:149:13)\n    at C:\\Users\\ricca\\Desktop\\BSc\\src\\middleware\\authMiddleware.js:130:9\n    at Layer.handle [as handle_request] (C:\\Users\\ricca\\Desktop\\BSc\\node_modules\\express\\lib\\router\\layer.js:95:5)\n    at next (C:\\Users\\ricca\\Desktop\\BSc\\node_modules\\express\\lib\\router\\route.js:149:13)\n    at Route.dispatch (C:\\Users\\ricca\\Desktop\\BSc\\node_modules\\express\\lib\\router\\route.js:119:3)\n    at Layer.handle [as handle_request] (C:\\Users\\ricca\\Desktop\\BSc\\node_modules\\express\\lib\\router\\layer.js:95:5)\n    at C:\\Users\\ricca\\Desktop\\BSc\\node_modules\\express\\lib\\router\\index.js:284:15","timestamp":"2025-01-05T23:45:50.007Z"}
{"error":{},"level":"error","message":"Errore nella creazione della scuola","requestBody":{"address":"Via Test 123","cap":"00100","city":"Test City","name":"IIS Test School","province":"TC","schoolType":"high_school"},"timestamp":"2025-01-05T23:45:50.008Z"}
{"body":{"address":"Via Test 123","cap":"00100","city":"Test City","name":"IIS Test School","province":"TC","schoolType":"high_school"},"error":{"code":"SYS_001","message":"Errore nella creazione della scuola"},"level":"error","message":"Errore richiesta","method":"POST","query":{},"requestId":"req_1736120749984_ko8no611f","timestamp":"2025-01-05T23:45:50.009Z","url":"/api/v1/schools"}
{"level":"error","message":"Errore nella creazione della scuola","timestamp":"2025-01-05T23:45:50.010Z"}
{"duration":"28ms","ip":"::1","level":"warn","message":"Risposta inviata","method":"POST","requestId":"req_1736120749984_ko8no611f","responseSize":"169 Bytes","statusCode":500,"timestamp":"2025-01-05T23:45:50.012Z","url":"/api/v1/schools","userAgent":"curl/8.11.0"}
{"hasSchool":false,"level":"info","message":"Autenticazione completata con successo:","role":"admin","timestamp":"2025-01-05T23:47:15.074Z","userId":"677afa2672313bb6224448ec"}
{"error":"Cannot read properties of undefined (reading 'model')","level":"error","message":"Errore in create:","stack":"TypeError: Cannot read properties of undefined (reading 'model')\n    at SchoolRepository.create (C:\\Users\\ricca\\Desktop\\BSc\\src\\repositories\\base\\BaseRepository.js:14:44)\n    at SchoolController.create (C:\\Users\\ricca\\Desktop\\BSc\\src\\controllers\\schoolController.js:38:50)\n    at Layer.handle [as handle_request] (C:\\Users\\ricca\\Desktop\\BSc\\node_modules\\express\\lib\\router\\layer.js:95:5)\n    at next (C:\\Users\\ricca\\Desktop\\BSc\\node_modules\\express\\lib\\router\\route.js:149:13)\n    at C:\\Users\\ricca\\Desktop\\BSc\\src\\middleware\\authMiddleware.js:130:9\n    at Layer.handle [as handle_request] (C:\\Users\\ricca\\Desktop\\BSc\\node_modules\\express\\lib\\router\\layer.js:95:5)\n    at next (C:\\Users\\ricca\\Desktop\\BSc\\node_modules\\express\\lib\\router\\route.js:149:13)\n    at Route.dispatch (C:\\Users\\ricca\\Desktop\\BSc\\node_modules\\express\\lib\\router\\route.js:119:3)\n    at Layer.handle [as handle_request] (C:\\Users\\ricca\\Desktop\\BSc\\node_modules\\express\\lib\\router\\layer.js:95:5)\n    at C:\\Users\\ricca\\Desktop\\BSc\\node_modules\\express\\lib\\router\\index.js:284:15","timestamp":"2025-01-05T23:47:15.076Z"}
{"error":{},"level":"error","message":"Errore nella creazione della scuola","requestBody":{"institutionType":"scientific","name":"ITS Angelo Rizzoli","numberOfYears":3,"region":"Lombardia","schoolType":"middle_school","sections":["A","B"]},"timestamp":"2025-01-05T23:47:15.077Z"}
{"body":{"institutionType":"scientific","name":"ITS Angelo Rizzoli","numberOfYears":3,"region":"Lombardia","schoolType":"middle_school","sections":["A","B"]},"error":{"code":"SYS_001","message":"Errore nella creazione della scuola"},"level":"error","message":"Errore richiesta","method":"POST","query":{},"requestId":"req_1736120835053_8h065g4rd","timestamp":"2025-01-05T23:47:15.077Z","url":"/api/v1/schools"}
{"level":"error","message":"Errore nella creazione della scuola","timestamp":"2025-01-05T23:47:15.078Z"}
{"duration":"26ms","ip":"::1","level":"warn","message":"Risposta inviata","method":"POST","requestId":"req_1736120835053_8h065g4rd","responseSize":"169 Bytes","statusCode":500,"timestamp":"2025-01-05T23:47:15.079Z","url":"/api/v1/schools","userAgent":"curl/8.11.0"}
{"hasSchool":false,"level":"info","message":"Autenticazione completata con successo:","role":"admin","timestamp":"2025-01-05T23:48:01.695Z","userId":"677afa2672313bb6224448ec"}
{"duration":"23ms","ip":"::1","level":"warn","message":"Risposta inviata","method":"PATCH","requestId":"req_1736120881674_8cgjpfen2","responseSize":"136 Bytes","statusCode":404,"timestamp":"2025-01-05T23:48:01.697Z","url":"/api/v1/users/677afa2672313bb6224448ec","userAgent":"curl/8.11.0"}
{"level":"warn","message":"Warning: ModelName mancante nel repository","repository":"school","timestamp":"2025-01-05T23:48:35.943Z"}
{"level":"warn","message":"Warning: ModelName mancante nel repository","repository":"user","timestamp":"2025-01-05T23:48:35.946Z"}
{"level":"warn","message":"Warning: ModelName mancante nel repository","repository":"class","timestamp":"2025-01-05T23:48:35.947Z"}
{"level":"warn","message":"Warning: ModelName mancante nel repository","repository":"student","timestamp":"2025-01-05T23:48:35.948Z"}
{"level":"warn","message":"Warning: ModelName mancante nel repository","repository":"test","timestamp":"2025-01-05T23:48:35.949Z"}
{"level":"info","message":"Repository caricati con successo","repositories":["school","user","class","student","test"],"timestamp":"2025-01-05T23:48:35.949Z"}
{"controllers":["auth","school","user","class","student","test"],"level":"info","message":"Controllers caricati con successo","timestamp":"2025-01-05T23:48:35.958Z"}
{"level":"info","message":"Routes caricate:","routes":["/auth","/classes","/schools","/users","/students","/tests"],"timestamp":"2025-01-05T23:48:35.968Z"}
{"level":"info","message":"MongoDB Connected: cluster0-shard-00-00.4nf56.mongodb.net","timestamp":"2025-01-05T23:48:38.451Z"}
{"level":"info","message":"Server in esecuzione su localhost:5000","timestamp":"2025-01-05T23:48:38.457Z"}
{"level":"info","message":"Ambiente: development","timestamp":"2025-01-05T23:48:38.458Z"}
{"level":"warn","message":"Warning: ModelName mancante nel repository","repository":"school","timestamp":"2025-01-05T23:49:34.553Z"}
{"level":"warn","message":"Warning: ModelName mancante nel repository","repository":"user","timestamp":"2025-01-05T23:49:34.559Z"}
{"level":"warn","message":"Warning: ModelName mancante nel repository","repository":"class","timestamp":"2025-01-05T23:49:34.560Z"}
{"level":"warn","message":"Warning: ModelName mancante nel repository","repository":"student","timestamp":"2025-01-05T23:49:34.562Z"}
{"level":"warn","message":"Warning: ModelName mancante nel repository","repository":"test","timestamp":"2025-01-05T23:49:34.563Z"}
{"level":"info","message":"Repository caricati con successo","repositories":["school","user","class","student","test"],"timestamp":"2025-01-05T23:49:34.564Z"}
{"controllers":["auth","school","user","class","student","test"],"level":"info","message":"Controllers caricati con successo","timestamp":"2025-01-05T23:49:34.573Z"}
{"level":"info","message":"Routes caricate:","routes":["/auth","/classes","/schools","/users","/students","/tests"],"timestamp":"2025-01-05T23:49:34.586Z"}
{"level":"info","message":"MongoDB Connected: cluster0-shard-00-02.4nf56.mongodb.net","timestamp":"2025-01-05T23:49:35.068Z"}
{"level":"info","message":"Server in esecuzione su localhost:5000","timestamp":"2025-01-05T23:49:35.076Z"}
{"level":"info","message":"Ambiente: development","timestamp":"2025-01-05T23:49:35.077Z"}
{"hasSchool":false,"level":"info","message":"Autenticazione completata con successo:","role":"admin","timestamp":"2025-01-05T23:49:46.803Z","userId":"677afa2672313bb6224448ec"}
{"error":"Cannot read properties of undefined (reading 'model')","level":"error","message":"Errore in create:","stack":"TypeError: Cannot read properties of undefined (reading 'model')\n    at SchoolRepository.create (C:\\Users\\ricca\\Desktop\\BSc\\src\\repositories\\base\\BaseRepository.js:14:44)\n    at SchoolController.create (C:\\Users\\ricca\\Desktop\\BSc\\src\\controllers\\schoolController.js:38:50)\n    at Layer.handle [as handle_request] (C:\\Users\\ricca\\Desktop\\BSc\\node_modules\\express\\lib\\router\\layer.js:95:5)\n    at next (C:\\Users\\ricca\\Desktop\\BSc\\node_modules\\express\\lib\\router\\route.js:149:13)\n    at C:\\Users\\ricca\\Desktop\\BSc\\src\\middleware\\authMiddleware.js:130:9\n    at Layer.handle [as handle_request] (C:\\Users\\ricca\\Desktop\\BSc\\node_modules\\express\\lib\\router\\layer.js:95:5)\n    at next (C:\\Users\\ricca\\Desktop\\BSc\\node_modules\\express\\lib\\router\\route.js:149:13)\n    at Route.dispatch (C:\\Users\\ricca\\Desktop\\BSc\\node_modules\\express\\lib\\router\\route.js:119:3)\n    at Layer.handle [as handle_request] (C:\\Users\\ricca\\Desktop\\BSc\\node_modules\\express\\lib\\router\\layer.js:95:5)\n    at C:\\Users\\ricca\\Desktop\\BSc\\node_modules\\express\\lib\\router\\index.js:284:15","timestamp":"2025-01-05T23:49:46.806Z"}
{"error":{},"level":"error","message":"Errore nella creazione della scuola","requestBody":{"institutionType":"scientific","name":"ITS Angelo Rizzoli","numberOfYears":3,"region":"Lombardia","schoolType":"middle_school","sections":["A","B"]},"timestamp":"2025-01-05T23:49:46.807Z"}
{"body":{"institutionType":"scientific","name":"ITS Angelo Rizzoli","numberOfYears":3,"region":"Lombardia","schoolType":"middle_school","sections":["A","B"]},"error":{"code":"SYS_001","message":"Errore nella creazione della scuola"},"level":"error","message":"Errore richiesta","method":"POST","query":{},"requestId":"req_1736120986772_571cczhwd","timestamp":"2025-01-05T23:49:46.807Z","url":"/api/v1/schools"}
{"level":"error","message":"Errore nella creazione della scuola","timestamp":"2025-01-05T23:49:46.809Z"}
{"duration":"41ms","ip":"::1","level":"warn","message":"Risposta inviata","method":"POST","requestId":"req_1736120986772_571cczhwd","responseSize":"169 Bytes","statusCode":500,"timestamp":"2025-01-05T23:49:46.813Z","url":"/api/v1/schools","userAgent":"curl/8.11.0"}
{"level":"warn","message":"Warning: ModelName mancante nel repository","repository":"school","timestamp":"2025-01-05T23:54:13.113Z"}
{"level":"warn","message":"Warning: ModelName mancante nel repository","repository":"user","timestamp":"2025-01-05T23:54:13.119Z"}
{"level":"warn","message":"Warning: ModelName mancante nel repository","repository":"class","timestamp":"2025-01-05T23:54:13.121Z"}
{"level":"warn","message":"Warning: ModelName mancante nel repository","repository":"student","timestamp":"2025-01-05T23:54:13.122Z"}
{"level":"warn","message":"Warning: ModelName mancante nel repository","repository":"test","timestamp":"2025-01-05T23:54:13.123Z"}
{"level":"info","message":"Repository caricati con successo","repositories":["school","user","class","student","test"],"timestamp":"2025-01-05T23:54:13.124Z"}
{"controllers":["auth","school","user","class","student","test"],"level":"info","message":"Controllers caricati con successo","timestamp":"2025-01-05T23:54:13.140Z"}
{"level":"info","message":"Routes caricate:","routes":["/auth","/classes","/schools","/users","/students","/tests"],"timestamp":"2025-01-05T23:54:13.170Z"}
{"level":"info","message":"MongoDB Connected: cluster0-shard-00-01.4nf56.mongodb.net","timestamp":"2025-01-05T23:54:13.609Z"}
{"level":"info","message":"Server in esecuzione su localhost:5000","timestamp":"2025-01-05T23:54:13.616Z"}
{"level":"info","message":"Ambiente: development","timestamp":"2025-01-05T23:54:13.617Z"}
{"level":"warn","message":"Warning: ModelName mancante nel repository","repository":"school","timestamp":"2025-01-05T23:56:04.025Z"}
{"level":"warn","message":"Warning: ModelName mancante nel repository","repository":"user","timestamp":"2025-01-05T23:56:04.029Z"}
{"level":"warn","message":"Warning: ModelName mancante nel repository","repository":"class","timestamp":"2025-01-05T23:56:04.029Z"}
{"level":"warn","message":"Warning: ModelName mancante nel repository","repository":"student","timestamp":"2025-01-05T23:56:04.030Z"}
{"level":"warn","message":"Warning: ModelName mancante nel repository","repository":"test","timestamp":"2025-01-05T23:56:04.031Z"}
{"level":"info","message":"Repository caricati con successo","repositories":["school","user","class","student","test"],"timestamp":"2025-01-05T23:56:04.032Z"}
{"controllers":["auth","school","user","class","student","test"],"level":"info","message":"Controllers caricati con successo","timestamp":"2025-01-05T23:56:04.040Z"}
{"level":"info","message":"Routes caricate:","routes":["/auth","/classes","/schools","/users","/students","/tests"],"timestamp":"2025-01-05T23:56:04.050Z"}
{"level":"info","message":"MongoDB Connected: cluster0-shard-00-00.4nf56.mongodb.net","timestamp":"2025-01-05T23:56:04.440Z"}
{"level":"info","message":"Server in esecuzione su localhost:5000","timestamp":"2025-01-05T23:56:04.446Z"}
{"level":"info","message":"Ambiente: development","timestamp":"2025-01-05T23:56:04.446Z"}
{"hasSchool":false,"level":"info","message":"Autenticazione completata con successo:","role":"admin","timestamp":"2025-01-05T23:56:10.756Z","userId":"677afa2672313bb6224448ec"}
{"error":"Cannot read properties of undefined (reading 'model')","level":"error","message":"Errore in create:","stack":"TypeError: Cannot read properties of undefined (reading 'model')\n    at SchoolRepository.create (C:\\Users\\ricca\\Desktop\\BSc\\src\\repositories\\base\\BaseRepository.js:14:44)\n    at SchoolController.create (C:\\Users\\ricca\\Desktop\\BSc\\src\\controllers\\schoolController.js:38:50)\n    at Layer.handle [as handle_request] (C:\\Users\\ricca\\Desktop\\BSc\\node_modules\\express\\lib\\router\\layer.js:95:5)\n    at next (C:\\Users\\ricca\\Desktop\\BSc\\node_modules\\express\\lib\\router\\route.js:149:13)\n    at C:\\Users\\ricca\\Desktop\\BSc\\src\\middleware\\authMiddleware.js:130:9\n    at Layer.handle [as handle_request] (C:\\Users\\ricca\\Desktop\\BSc\\node_modules\\express\\lib\\router\\layer.js:95:5)\n    at next (C:\\Users\\ricca\\Desktop\\BSc\\node_modules\\express\\lib\\router\\route.js:149:13)\n    at Route.dispatch (C:\\Users\\ricca\\Desktop\\BSc\\node_modules\\express\\lib\\router\\route.js:119:3)\n    at Layer.handle [as handle_request] (C:\\Users\\ricca\\Desktop\\BSc\\node_modules\\express\\lib\\router\\layer.js:95:5)\n    at C:\\Users\\ricca\\Desktop\\BSc\\node_modules\\express\\lib\\router\\index.js:284:15","timestamp":"2025-01-05T23:56:10.759Z"}
{"error":{},"level":"error","message":"Errore nella creazione della scuola","timestamp":"2025-01-05T23:56:10.761Z"}
{"code":"SCHOOL_003","level":"error","message":"Errore nella creazione della scuola","statusCode":500,"timestamp":"2025-01-05T23:56:10.762Z"}
{"duration":"149ms","ip":"::1","level":"warn","message":"Risposta inviata","method":"POST","requestId":"req_1736121370619_qxjmvabz8","responseSize":"96 Bytes","statusCode":500,"timestamp":"2025-01-05T23:56:10.768Z","url":"/api/v1/schools","userAgent":"curl/8.11.0"}
{"level":"warn","message":"Warning: ModelName mancante nel repository","repository":"school","timestamp":"2025-01-05T23:59:29.375Z"}
{"level":"warn","message":"Warning: ModelName mancante nel repository","repository":"user","timestamp":"2025-01-05T23:59:29.379Z"}
{"level":"warn","message":"Warning: ModelName mancante nel repository","repository":"class","timestamp":"2025-01-05T23:59:29.380Z"}
{"level":"warn","message":"Warning: ModelName mancante nel repository","repository":"student","timestamp":"2025-01-05T23:59:29.381Z"}
{"level":"warn","message":"Warning: ModelName mancante nel repository","repository":"test","timestamp":"2025-01-05T23:59:29.382Z"}
{"level":"info","message":"Repository caricati con successo","repositories":["school","user","class","student","test"],"timestamp":"2025-01-05T23:59:29.383Z"}
{"controllers":["auth","school","user","class","student","test"],"level":"info","message":"Controllers caricati con successo","timestamp":"2025-01-05T23:59:29.394Z"}
{"level":"info","message":"Routes caricate:","routes":["/auth","/classes","/schools","/users","/students","/tests"],"timestamp":"2025-01-05T23:59:29.408Z"}
{"level":"info","message":"MongoDB Connected: cluster0-shard-00-02.4nf56.mongodb.net","timestamp":"2025-01-05T23:59:29.798Z"}
{"level":"info","message":"Server in esecuzione su localhost:5000","timestamp":"2025-01-05T23:59:29.805Z"}
{"level":"info","message":"Ambiente: development","timestamp":"2025-01-05T23:59:29.805Z"}
{"hasSchool":false,"level":"info","message":"Autenticazione completata con successo:","role":"admin","timestamp":"2025-01-05T23:59:47.758Z","userId":"677afa2672313bb6224448ec"}
{"error":{"_message":"School validation failed","errors":{"address":{"kind":"required","message":"Path `address` is required.","name":"ValidatorError","path":"address","properties":{"message":"Path `address` is required.","path":"address","type":"required"}},"manager":{"kind":"required","message":"Path `manager` is required.","name":"ValidatorError","path":"manager","properties":{"message":"Path `manager` is required.","path":"manager","type":"required"}},"province":{"kind":"required","message":"Path `province` is required.","name":"ValidatorError","path":"province","properties":{"message":"Path `province` is required.","path":"province","type":"required"}},"users.0.user":{"kind":"required","message":"Path `user` is required.","name":"ValidatorError","path":"user","properties":{"message":"Path `user` is required.","path":"user","type":"required"}}},"message":"School validation failed: address: Path `address` is required., province: Path `province` is required., manager: Path `manager` is required., users.0.user: Path `user` is required.","name":"ValidationError"},"level":"error","message":"Errore nella creazione di School","timestamp":"2025-01-05T23:59:47.775Z"}
{"error":{"code":"DB_001","message":"Errore nella creazione di School","metadata":{"originalError":"School validation failed: address: Path `address` is required., province: Path `province` is required., manager: Path `manager` is required., users.0.user: Path `user` is required."},"status":500},"level":"error","message":"Errore nella creazione della scuola","timestamp":"2025-01-05T23:59:47.777Z"}
{"code":"SCHOOL_003","level":"error","message":"Errore nella creazione della scuola","statusCode":500,"timestamp":"2025-01-05T23:59:47.778Z"}
{"duration":"57ms","ip":"::1","level":"warn","message":"Risposta inviata","method":"POST","requestId":"req_1736121587726_b04wpdmn2","responseSize":"96 Bytes","statusCode":500,"timestamp":"2025-01-05T23:59:47.784Z","url":"/api/v1/schools","userAgent":"curl/8.11.0"}
{"level":"warn","message":"Warning: ModelName mancante nel repository","repository":"school","timestamp":"2025-01-06T00:02:15.614Z"}
{"level":"warn","message":"Warning: ModelName mancante nel repository","repository":"user","timestamp":"2025-01-06T00:02:15.618Z"}
{"level":"warn","message":"Warning: ModelName mancante nel repository","repository":"class","timestamp":"2025-01-06T00:02:15.620Z"}
{"level":"warn","message":"Warning: ModelName mancante nel repository","repository":"student","timestamp":"2025-01-06T00:02:15.621Z"}
{"level":"warn","message":"Warning: ModelName mancante nel repository","repository":"test","timestamp":"2025-01-06T00:02:15.621Z"}
{"level":"info","message":"Repository caricati con successo","repositories":["school","user","class","student","test"],"timestamp":"2025-01-06T00:02:15.622Z"}
{"controllers":["auth","school","user","class","student","test"],"level":"info","message":"Controllers caricati con successo","timestamp":"2025-01-06T00:02:15.633Z"}
{"level":"info","message":"Routes caricate:","routes":["/auth","/classes","/schools","/users","/students","/tests"],"timestamp":"2025-01-06T00:02:15.646Z"}
{"level":"info","message":"MongoDB Connected: cluster0-shard-00-00.4nf56.mongodb.net","timestamp":"2025-01-06T00:02:16.070Z"}
{"level":"info","message":"Server in esecuzione su localhost:5000","timestamp":"2025-01-06T00:02:16.076Z"}
{"level":"info","message":"Ambiente: development","timestamp":"2025-01-06T00:02:16.077Z"}
{"hasSchool":false,"level":"info","message":"Autenticazione completata con successo:","role":"admin","timestamp":"2025-01-06T00:02:45.357Z","userId":"677afa2672313bb6224448ec"}
{"error":{"_message":"School validation failed","errors":{"manager":{"kind":"required","message":"Path `manager` is required.","name":"ValidatorError","path":"manager","properties":{"message":"Path `manager` is required.","path":"manager","type":"required"}},"users.0.user":{"kind":"required","message":"Path `user` is required.","name":"ValidatorError","path":"user","properties":{"message":"Path `user` is required.","path":"user","type":"required"}}},"message":"School validation failed: manager: Path `manager` is required., users.0.user: Path `user` is required.","name":"ValidationError"},"level":"error","message":"Errore nella creazione di School","timestamp":"2025-01-06T00:02:45.374Z"}
{"error":{"code":"DB_001","message":"Errore nella creazione di School","metadata":{"originalError":"School validation failed: manager: Path `manager` is required., users.0.user: Path `user` is required."},"status":500},"level":"error","message":"Errore nella creazione della scuola","timestamp":"2025-01-06T00:02:45.375Z"}
{"code":"SCHOOL_003","level":"error","message":"Errore nella creazione della scuola","statusCode":500,"timestamp":"2025-01-06T00:02:45.375Z"}
{"duration":"53ms","ip":"::1","level":"warn","message":"Risposta inviata","method":"POST","requestId":"req_1736121765327_n4y777dbp","responseSize":"96 Bytes","statusCode":500,"timestamp":"2025-01-06T00:02:45.380Z","url":"/api/v1/schools","userAgent":"curl/8.11.0"}
{"level":"warn","message":"Warning: ModelName mancante nel repository","repository":"school","timestamp":"2025-01-06T00:08:46.522Z"}
{"level":"warn","message":"Warning: ModelName mancante nel repository","repository":"user","timestamp":"2025-01-06T00:08:46.528Z"}
{"level":"warn","message":"Warning: ModelName mancante nel repository","repository":"class","timestamp":"2025-01-06T00:08:46.529Z"}
{"level":"warn","message":"Warning: ModelName mancante nel repository","repository":"student","timestamp":"2025-01-06T00:08:46.531Z"}
{"level":"warn","message":"Warning: ModelName mancante nel repository","repository":"test","timestamp":"2025-01-06T00:08:46.531Z"}
{"level":"info","message":"Repository caricati con successo","repositories":["school","user","class","student","test"],"timestamp":"2025-01-06T00:08:46.533Z"}
{"controllers":["auth","school","user","class","student","test"],"level":"info","message":"Controllers caricati con successo","timestamp":"2025-01-06T00:08:46.547Z"}
{"level":"info","message":"Routes caricate:","routes":["/auth","/classes","/schools","/users","/students","/tests"],"timestamp":"2025-01-06T00:08:46.564Z"}
{"level":"info","message":"MongoDB Connected: cluster0-shard-00-01.4nf56.mongodb.net","timestamp":"2025-01-06T00:08:47.047Z"}
{"level":"info","message":"Server in esecuzione su localhost:5000","timestamp":"2025-01-06T00:08:47.056Z"}
{"level":"info","message":"Ambiente: development","timestamp":"2025-01-06T00:08:47.056Z"}
{"hasSchool":false,"level":"info","message":"Autenticazione completata con successo:","role":"admin","timestamp":"2025-01-06T00:08:50.160Z","userId":"677afa2672313bb6224448ec"}
{"error":{"code":11000,"index":0,"keyPattern":{"name":1},"keyValue":{"name":"ITS Angelo Rizzoli"}},"level":"error","message":"Errore nella creazione di School","timestamp":"2025-01-06T00:08:50.200Z"}
{"error":{"code":"DB_001","message":"Errore nella creazione di School","metadata":{"originalError":"E11000 duplicate key error collection: brainScannerDB.schools index: name_1 dup key: { name: \"ITS Angelo Rizzoli\" }"},"status":500},"level":"error","message":"Errore nella creazione della scuola","timestamp":"2025-01-06T00:08:50.201Z"}
{"code":"SCHOOL_003","level":"error","message":"Errore nella creazione della scuola","statusCode":500,"timestamp":"2025-01-06T00:08:50.201Z"}
{"duration":"79ms","ip":"::1","level":"warn","message":"Risposta inviata","method":"POST","requestId":"req_1736122130126_89ad2vlgi","responseSize":"96 Bytes","statusCode":500,"timestamp":"2025-01-06T00:08:50.205Z","url":"/api/v1/schools","userAgent":"curl/8.11.0"}
{"level":"warn","message":"Warning: ModelName mancante nel repository","repository":"school","timestamp":"2025-01-06T00:10:12.835Z"}
{"level":"warn","message":"Warning: ModelName mancante nel repository","repository":"user","timestamp":"2025-01-06T00:10:12.839Z"}
{"level":"warn","message":"Warning: ModelName mancante nel repository","repository":"class","timestamp":"2025-01-06T00:10:12.840Z"}
{"level":"warn","message":"Warning: ModelName mancante nel repository","repository":"student","timestamp":"2025-01-06T00:10:12.842Z"}
{"level":"warn","message":"Warning: ModelName mancante nel repository","repository":"test","timestamp":"2025-01-06T00:10:12.843Z"}
{"level":"info","message":"Repository caricati con successo","repositories":["school","user","class","student","test"],"timestamp":"2025-01-06T00:10:12.843Z"}
{"controllers":["auth","school","user","class","student","test"],"level":"info","message":"Controllers caricati con successo","timestamp":"2025-01-06T00:10:12.856Z"}
{"level":"info","message":"Routes caricate:","routes":["/auth","/classes","/schools","/users","/students","/tests"],"timestamp":"2025-01-06T00:10:12.869Z"}
{"level":"info","message":"MongoDB Connected: cluster0-shard-00-00.4nf56.mongodb.net","timestamp":"2025-01-06T00:10:13.303Z"}
{"level":"info","message":"Server in esecuzione su localhost:5000","timestamp":"2025-01-06T00:10:13.310Z"}
{"level":"info","message":"Ambiente: development","timestamp":"2025-01-06T00:10:13.311Z"}
{"level":"warn","message":"Warning: ModelName mancante nel repository","repository":"school","timestamp":"2025-01-06T00:10:43.017Z"}
{"level":"warn","message":"Warning: ModelName mancante nel repository","repository":"user","timestamp":"2025-01-06T00:10:43.020Z"}
{"level":"warn","message":"Warning: ModelName mancante nel repository","repository":"class","timestamp":"2025-01-06T00:10:43.022Z"}
{"level":"warn","message":"Warning: ModelName mancante nel repository","repository":"student","timestamp":"2025-01-06T00:10:43.023Z"}
{"level":"warn","message":"Warning: ModelName mancante nel repository","repository":"test","timestamp":"2025-01-06T00:10:43.023Z"}
{"level":"info","message":"Repository caricati con successo","repositories":["school","user","class","student","test"],"timestamp":"2025-01-06T00:10:43.024Z"}
{"controllers":["auth","school","user","class","student","test"],"level":"info","message":"Controllers caricati con successo","timestamp":"2025-01-06T00:10:43.032Z"}
{"level":"info","message":"Routes caricate:","routes":["/auth","/classes","/schools","/users","/students","/tests"],"timestamp":"2025-01-06T00:10:43.043Z"}
{"level":"info","message":"MongoDB Connected: cluster0-shard-00-02.4nf56.mongodb.net","timestamp":"2025-01-06T00:10:43.396Z"}
{"level":"info","message":"Server in esecuzione su localhost:5000","timestamp":"2025-01-06T00:10:43.403Z"}
{"level":"info","message":"Ambiente: development","timestamp":"2025-01-06T00:10:43.404Z"}
{"level":"warn","message":"Warning: ModelName mancante nel repository","repository":"school","timestamp":"2025-01-06T00:10:56.334Z"}
{"level":"warn","message":"Warning: ModelName mancante nel repository","repository":"user","timestamp":"2025-01-06T00:10:56.337Z"}
{"level":"warn","message":"Warning: ModelName mancante nel repository","repository":"class","timestamp":"2025-01-06T00:10:56.338Z"}
{"level":"warn","message":"Warning: ModelName mancante nel repository","repository":"student","timestamp":"2025-01-06T00:10:56.339Z"}
{"level":"warn","message":"Warning: ModelName mancante nel repository","repository":"test","timestamp":"2025-01-06T00:10:56.339Z"}
{"level":"info","message":"Repository caricati con successo","repositories":["school","user","class","student","test"],"timestamp":"2025-01-06T00:10:56.340Z"}
{"controllers":["auth","school","user","class","student","test"],"level":"info","message":"Controllers caricati con successo","timestamp":"2025-01-06T00:10:56.349Z"}
{"level":"info","message":"Routes caricate:","routes":["/auth","/classes","/schools","/users","/students","/tests"],"timestamp":"2025-01-06T00:10:56.359Z"}
{"level":"info","message":"MongoDB Connected: cluster0-shard-00-00.4nf56.mongodb.net","timestamp":"2025-01-06T00:10:56.720Z"}
{"level":"info","message":"Server in esecuzione su localhost:5000","timestamp":"2025-01-06T00:10:56.727Z"}
{"level":"info","message":"Ambiente: development","timestamp":"2025-01-06T00:10:56.728Z"}
{"level":"warn","message":"Warning: ModelName mancante nel repository","repository":"school","timestamp":"2025-01-06T00:11:42.327Z"}
{"level":"warn","message":"Warning: ModelName mancante nel repository","repository":"user","timestamp":"2025-01-06T00:11:42.333Z"}
{"level":"warn","message":"Warning: ModelName mancante nel repository","repository":"class","timestamp":"2025-01-06T00:11:42.334Z"}
{"level":"warn","message":"Warning: ModelName mancante nel repository","repository":"student","timestamp":"2025-01-06T00:11:42.335Z"}
{"level":"warn","message":"Warning: ModelName mancante nel repository","repository":"test","timestamp":"2025-01-06T00:11:42.335Z"}
{"level":"info","message":"Repository caricati con successo","repositories":["school","user","class","student","test"],"timestamp":"2025-01-06T00:11:42.336Z"}
{"controllers":["auth","school","user","class","student","test"],"level":"info","message":"Controllers caricati con successo","timestamp":"2025-01-06T00:11:42.351Z"}
{"level":"info","message":"Routes caricate:","routes":["/auth","/classes","/schools","/users","/students","/tests"],"timestamp":"2025-01-06T00:11:42.366Z"}
{"level":"info","message":"MongoDB Connected: cluster0-shard-00-02.4nf56.mongodb.net","timestamp":"2025-01-06T00:11:42.845Z"}
{"level":"info","message":"Server in esecuzione su localhost:5000","timestamp":"2025-01-06T00:11:42.861Z"}
{"level":"info","message":"Ambiente: development","timestamp":"2025-01-06T00:11:42.863Z"}
{"level":"warn","message":"Warning: ModelName mancante nel repository","repository":"school","timestamp":"2025-01-06T00:12:26.951Z"}
{"level":"warn","message":"Warning: ModelName mancante nel repository","repository":"user","timestamp":"2025-01-06T00:12:26.958Z"}
{"level":"warn","message":"Warning: ModelName mancante nel repository","repository":"class","timestamp":"2025-01-06T00:12:26.960Z"}
{"level":"warn","message":"Warning: ModelName mancante nel repository","repository":"student","timestamp":"2025-01-06T00:12:26.962Z"}
{"level":"warn","message":"Warning: ModelName mancante nel repository","repository":"test","timestamp":"2025-01-06T00:12:26.963Z"}
{"level":"info","message":"Repository caricati con successo","repositories":["school","user","class","student","test"],"timestamp":"2025-01-06T00:12:26.965Z"}
{"controllers":["auth","school","user","class","student","test"],"level":"info","message":"Controllers caricati con successo","timestamp":"2025-01-06T00:12:26.977Z"}
{"level":"info","message":"Routes caricate:","routes":["/auth","/classes","/schools","/users","/students","/tests"],"timestamp":"2025-01-06T00:12:26.991Z"}
{"level":"info","message":"MongoDB Connected: cluster0-shard-00-01.4nf56.mongodb.net","timestamp":"2025-01-06T00:12:27.364Z"}
{"level":"info","message":"Server in esecuzione su localhost:5000","timestamp":"2025-01-06T00:12:27.370Z"}
{"level":"info","message":"Ambiente: development","timestamp":"2025-01-06T00:12:27.371Z"}
{"hasSchool":false,"level":"info","message":"Autenticazione completata con successo:","role":"admin","timestamp":"2025-01-06T00:13:19.312Z","userId":"677afa2672313bb6224448ec"}
{"error":{"_message":"School validation failed","errors":{"manager":{"kind":"required","message":"Path `manager` is required.","name":"ValidatorError","path":"manager","properties":{"message":"Path `manager` is required.","path":"manager","type":"required"}},"users.0.user":{"kind":"required","message":"Path `user` is required.","name":"ValidatorError","path":"user","properties":{"message":"Path `user` is required.","path":"user","type":"required"}}},"message":"School validation failed: manager: Path `manager` is required., users.0.user: Path `user` is required.","name":"ValidationError"},"level":"error","message":"Errore nella creazione di School","timestamp":"2025-01-06T00:13:19.327Z"}
{"error":{"_message":"School validation failed","errors":{"manager":{"kind":"required","message":"Path `manager` is required.","name":"ValidatorError","path":"manager","properties":{"message":"Path `manager` is required.","path":"manager","type":"required"}},"users.0.user":{"kind":"required","message":"Path `user` is required.","name":"ValidatorError","path":"user","properties":{"message":"Path `user` is required.","path":"user","type":"required"}}},"message":"School validation failed: manager: Path `manager` is required., users.0.user: Path `user` is required.","name":"ValidationError"},"level":"error","message":"Errore nella creazione della scuola","timestamp":"2025-01-06T00:13:19.328Z"}
{"code":"SCHOOL_002","errors":[{"field":"manager","message":"Path `manager` is required."},{"field":"user","message":"Path `user` is required."}],"level":"error","message":"Dati scuola non validi","statusCode":400,"timestamp":"2025-01-06T00:13:19.329Z"}
{"duration":"45ms","ip":"::1","level":"warn","message":"Risposta inviata","method":"POST","requestId":"req_1736122399286_f5hjcwx1k","responseSize":"83 Bytes","statusCode":400,"timestamp":"2025-01-06T00:13:19.331Z","url":"/api/v1/schools","userAgent":"curl/8.11.0"}
{"level":"warn","message":"Warning: ModelName mancante nel repository","repository":"school","timestamp":"2025-01-06T00:16:29.198Z"}
{"level":"warn","message":"Warning: ModelName mancante nel repository","repository":"user","timestamp":"2025-01-06T00:16:29.204Z"}
{"level":"warn","message":"Warning: ModelName mancante nel repository","repository":"class","timestamp":"2025-01-06T00:16:29.206Z"}
{"level":"warn","message":"Warning: ModelName mancante nel repository","repository":"student","timestamp":"2025-01-06T00:16:29.207Z"}
{"level":"warn","message":"Warning: ModelName mancante nel repository","repository":"test","timestamp":"2025-01-06T00:16:29.208Z"}
{"level":"info","message":"Repository caricati con successo","repositories":["school","user","class","student","test"],"timestamp":"2025-01-06T00:16:29.208Z"}
{"controllers":["auth","school","user","class","student","test"],"level":"info","message":"Controllers caricati con successo","timestamp":"2025-01-06T00:16:29.219Z"}
{"level":"info","message":"Routes caricate:","routes":["/auth","/classes","/schools","/users","/students","/tests"],"timestamp":"2025-01-06T00:16:29.234Z"}
{"level":"info","message":"MongoDB Connected: cluster0-shard-00-01.4nf56.mongodb.net","timestamp":"2025-01-06T00:16:29.627Z"}
{"level":"info","message":"Server in esecuzione su localhost:5000","timestamp":"2025-01-06T00:16:29.634Z"}
{"level":"info","message":"Ambiente: development","timestamp":"2025-01-06T00:16:29.635Z"}
{"hasSchool":false,"level":"info","message":"Autenticazione completata con successo:","role":"admin","timestamp":"2025-01-06T00:16:40.512Z","userId":"677afa2672313bb6224448ec"}
{"createdBy":"677afa2672313bb6224448ec","level":"info","message":"Scuola creata con successo","schoolId":"677b20e8c33ed5d7ec86acc9","schoolName":"ITT Marco Polo","timestamp":"2025-01-06T00:16:40.554Z"}
{"hasSchool":false,"level":"info","message":"Autenticazione completata con successo:","role":"admin","timestamp":"2025-01-06T00:17:18.867Z","userId":"677afa2672313bb6224448ec"}
{"level":"info","message":"Class Route Called: POST /api/v1/classes","timestamp":"2025-01-06T00:17:33.113Z"}
{"hasSchool":false,"level":"info","message":"Autenticazione completata con successo:","role":"admin","timestamp":"2025-01-06T00:17:33.136Z","userId":"677afa2672313bb6224448ec"}
{"code":"CLASS_002","level":"error","message":"Nessuna scuola associata all'utente","statusCode":400,"timestamp":"2025-01-06T00:17:33.137Z"}
{"duration":"26ms","ip":"::1","level":"warn","message":"Risposta inviata","method":"POST","requestId":"req_1736122653112_4ots2e51h","responseSize":"95 Bytes","statusCode":400,"timestamp":"2025-01-06T00:17:33.138Z","url":"/api/v1/classes","userAgent":"curl/8.11.0"}
{"hasSchool":false,"level":"info","message":"Autenticazione completata con successo:","role":"admin","timestamp":"2025-01-06T00:18:32.514Z","userId":"677afa2672313bb6224448ec"}
{"code":"RES_001","level":"error","message":"User non trovato","metadata":{},"status":404,"timestamp":"2025-01-06T00:18:32.543Z"}
{"duration":"52ms","ip":"::1","level":"warn","message":"Risposta inviata","method":"PUT","requestId":"req_1736122712493_zjvtso4js","responseSize":"74 Bytes","statusCode":500,"timestamp":"2025-01-06T00:18:32.545Z","url":"/api/v1/users/me","userAgent":"curl/8.11.0"}
{"level":"warn","message":"Warning: ModelName mancante nel repository","repository":"school","timestamp":"2025-01-06T00:19:50.371Z"}
{"level":"warn","message":"Warning: ModelName mancante nel repository","repository":"user","timestamp":"2025-01-06T00:19:50.375Z"}
{"level":"warn","message":"Warning: ModelName mancante nel repository","repository":"class","timestamp":"2025-01-06T00:19:50.376Z"}
{"level":"warn","message":"Warning: ModelName mancante nel repository","repository":"student","timestamp":"2025-01-06T00:19:50.377Z"}
{"level":"warn","message":"Warning: ModelName mancante nel repository","repository":"test","timestamp":"2025-01-06T00:19:50.378Z"}
{"level":"info","message":"Repository caricati con successo","repositories":["school","user","class","student","test"],"timestamp":"2025-01-06T00:19:50.378Z"}
{"controllers":["auth","school","user","class","student","test"],"level":"info","message":"Controllers caricati con successo","timestamp":"2025-01-06T00:19:50.388Z"}
{"level":"info","message":"Routes caricate:","routes":["/auth","/classes","/schools","/users","/students","/tests"],"timestamp":"2025-01-06T00:19:50.401Z"}
{"level":"info","message":"MongoDB Connected: cluster0-shard-00-01.4nf56.mongodb.net","timestamp":"2025-01-06T00:19:50.777Z"}
{"level":"info","message":"Server in esecuzione su localhost:5000","timestamp":"2025-01-06T00:19:50.784Z"}
{"level":"info","message":"Ambiente: development","timestamp":"2025-01-06T00:19:50.784Z"}
{"level":"warn","message":"Warning: ModelName mancante nel repository","repository":"school","timestamp":"2025-01-06T00:22:27.169Z"}
{"level":"warn","message":"Warning: ModelName mancante nel repository","repository":"user","timestamp":"2025-01-06T00:22:27.173Z"}
{"level":"warn","message":"Warning: ModelName mancante nel repository","repository":"class","timestamp":"2025-01-06T00:22:27.174Z"}
{"level":"warn","message":"Warning: ModelName mancante nel repository","repository":"student","timestamp":"2025-01-06T00:22:27.175Z"}
{"level":"warn","message":"Warning: ModelName mancante nel repository","repository":"test","timestamp":"2025-01-06T00:22:27.176Z"}
{"level":"info","message":"Repository caricati con successo","repositories":["school","user","class","student","test"],"timestamp":"2025-01-06T00:22:27.177Z"}
{"controllers":["auth","school","user","class","student","test"],"level":"info","message":"Controllers caricati con successo","timestamp":"2025-01-06T00:22:27.188Z"}
{"level":"info","message":"Routes caricate:","routes":["/auth","/classes","/schools","/users","/students","/tests"],"timestamp":"2025-01-06T00:22:27.199Z"}
{"level":"info","message":"MongoDB Connected: cluster0-shard-00-02.4nf56.mongodb.net","timestamp":"2025-01-06T00:22:27.573Z"}
{"level":"info","message":"Server in esecuzione su localhost:5000","timestamp":"2025-01-06T00:22:27.579Z"}
{"level":"info","message":"Ambiente: development","timestamp":"2025-01-06T00:22:27.580Z"}
{"hasSchool":false,"level":"info","message":"Autenticazione completata con successo:","role":"admin","timestamp":"2025-01-06T00:22:37.218Z","userId":"677afa2672313bb6224448ec"}
{"level":"info","message":"Class Route Called: GET /api/v1/classes/school/677afd5972313bb6224448fe","timestamp":"2025-01-06T00:23:14.838Z"}
{"level":"info","message":"Class Route Called: POST /api/v1/classes/class_id/students","timestamp":"2025-01-06T00:23:21.069Z"}
{"hasSchool":true,"level":"info","message":"Autenticazione completata con successo:","role":"admin","timestamp":"2025-01-06T00:23:21.092Z","userId":"677afa2672313bb6224448ec"}
{"error":{"kind":"ObjectId","message":"Cast to ObjectId failed for value \"class_id\" (type string) at path \"_id\" for model \"Class\"","name":"CastError","path":"_id","reason":{},"stringValue":"\"class_id\"","value":"class_id","valueType":"string"},"level":"error","message":"Errore nel recupero di Class","timestamp":"2025-01-06T00:23:21.093Z"}
{"error":{"code":"DB_001","message":"Errore nel recupero di Class","metadata":{"originalError":"Cast to ObjectId failed for value \"class_id\" (type string) at path \"_id\" for model \"Class\""},"status":500},"level":"error","message":"Errore nell'aggiunta degli studenti","timestamp":"2025-01-06T00:23:21.094Z"}
{"code":"DB_001","level":"error","message":"Errore nell'aggiunta degli studenti","metadata":{},"status":500,"timestamp":"2025-01-06T00:23:21.095Z"}
{"duration":"27ms","ip":"::1","level":"warn","message":"Risposta inviata","method":"POST","requestId":"req_1736123001069_e21sps50i","responseSize":"92 Bytes","statusCode":500,"timestamp":"2025-01-06T00:23:21.096Z","url":"/api/v1/classes/class_id/students","userAgent":"curl/8.11.0"}
{"level":"info","message":"Class Route Called: POST /api/v1/classes","timestamp":"2025-01-06T00:25:00.323Z"}
{"hasSchool":true,"level":"info","message":"Autenticazione completata con successo:","role":"admin","timestamp":"2025-01-06T00:25:00.344Z","userId":"677afa2672313bb6224448ec"}
{"error":{},"level":"error","message":"Errore nella verifica esistenza classe","timestamp":"2025-01-06T00:25:00.345Z"}
{"code":"DB_001","level":"error","message":"Errore nella verifica esistenza classe","metadata":{"originalError":"this.count is not a function"},"status":500,"timestamp":"2025-01-06T00:25:00.345Z"}
{"code":"DB_001","level":"error","message":"Errore nella verifica esistenza classe","metadata":{"originalError":"this.count is not a function"},"status":500,"timestamp":"2025-01-06T00:25:00.346Z"}
{"duration":"25ms","ip":"::1","level":"warn","message":"Risposta inviata","method":"POST","requestId":"req_1736123100322_7olwh25bl","responseSize":"95 Bytes","statusCode":500,"timestamp":"2025-01-06T00:25:00.347Z","url":"/api/v1/classes","userAgent":"curl/8.11.0"}
{"level":"warn","message":"Warning: ModelName mancante nel repository","repository":"school","timestamp":"2025-01-06T00:26:07.504Z"}
{"level":"warn","message":"Warning: ModelName mancante nel repository","repository":"user","timestamp":"2025-01-06T00:26:07.507Z"}
{"level":"warn","message":"Warning: ModelName mancante nel repository","repository":"class","timestamp":"2025-01-06T00:26:07.508Z"}
{"level":"warn","message":"Warning: ModelName mancante nel repository","repository":"student","timestamp":"2025-01-06T00:26:07.509Z"}
{"level":"warn","message":"Warning: ModelName mancante nel repository","repository":"test","timestamp":"2025-01-06T00:26:07.510Z"}
{"level":"info","message":"Repository caricati con successo","repositories":["school","user","class","student","test"],"timestamp":"2025-01-06T00:26:07.510Z"}
{"controllers":["auth","school","user","class","student","test"],"level":"info","message":"Controllers caricati con successo","timestamp":"2025-01-06T00:26:07.522Z"}
{"level":"info","message":"Routes caricate:","routes":["/auth","/classes","/schools","/users","/students","/tests"],"timestamp":"2025-01-06T00:26:07.531Z"}
{"level":"info","message":"MongoDB Connected: cluster0-shard-00-02.4nf56.mongodb.net","timestamp":"2025-01-06T00:26:07.908Z"}
{"level":"info","message":"Server in esecuzione su localhost:5000","timestamp":"2025-01-06T00:26:07.915Z"}
{"level":"info","message":"Ambiente: development","timestamp":"2025-01-06T00:26:07.915Z"}
{"level":"info","message":"Class Route Called: POST /api/v1/classes","timestamp":"2025-01-06T00:26:17.024Z"}
{"hasSchool":true,"level":"info","message":"Autenticazione completata con successo:","role":"admin","timestamp":"2025-01-06T00:26:17.057Z","userId":"677afa2672313bb6224448ec"}
{"error":{},"level":"error","message":"Errore nella verifica esistenza classe","timestamp":"2025-01-06T00:26:17.058Z"}
{"code":"DB_001","level":"error","message":"Errore nella verifica esistenza classe","metadata":{"originalError":"this.count is not a function"},"status":500,"timestamp":"2025-01-06T00:26:17.059Z"}
{"code":"DB_001","level":"error","message":"Errore nella verifica esistenza classe","metadata":{"originalError":"this.count is not a function"},"status":500,"timestamp":"2025-01-06T00:26:17.060Z"}
{"duration":"44ms","ip":"::1","level":"warn","message":"Risposta inviata","method":"POST","requestId":"req_1736123177021_cq4g6ocvg","responseSize":"95 Bytes","statusCode":500,"timestamp":"2025-01-06T00:26:17.065Z","url":"/api/v1/classes","userAgent":"curl/8.11.0"}
{"level":"info","message":"Class Route Called: POST /api/v1/classes","timestamp":"2025-01-06T00:26:38.468Z"}
{"hasSchool":true,"level":"info","message":"Autenticazione completata con successo:","role":"admin","timestamp":"2025-01-06T00:26:38.490Z","userId":"677afa2672313bb6224448ec"}
{"error":{},"level":"error","message":"Errore nella verifica esistenza classe","timestamp":"2025-01-06T00:26:38.491Z"}
{"code":"DB_001","level":"error","message":"Errore nella verifica esistenza classe","metadata":{"originalError":"this.count is not a function"},"status":500,"timestamp":"2025-01-06T00:26:38.491Z"}
{"code":"DB_001","level":"error","message":"Errore nella verifica esistenza classe","metadata":{"originalError":"this.count is not a function"},"status":500,"timestamp":"2025-01-06T00:26:38.492Z"}
{"duration":"26ms","ip":"::1","level":"warn","message":"Risposta inviata","method":"POST","requestId":"req_1736123198467_ny6rq2rbm","responseSize":"95 Bytes","statusCode":500,"timestamp":"2025-01-06T00:26:38.493Z","url":"/api/v1/classes","userAgent":"curl/8.11.0"}
{"level":"info","message":"Class Route Called: POST /api/v1/classes","timestamp":"2025-01-06T00:26:47.685Z"}
{"hasSchool":true,"level":"info","message":"Autenticazione completata con successo:","role":"admin","timestamp":"2025-01-06T00:26:47.706Z","userId":"677afa2672313bb6224448ec"}
{"error":{},"level":"error","message":"Errore nella verifica esistenza classe","timestamp":"2025-01-06T00:26:47.706Z"}
{"code":"DB_001","level":"error","message":"Errore nella verifica esistenza classe","metadata":{"originalError":"this.count is not a function"},"status":500,"timestamp":"2025-01-06T00:26:47.707Z"}
{"code":"DB_001","level":"error","message":"Errore nella verifica esistenza classe","metadata":{"originalError":"this.count is not a function"},"status":500,"timestamp":"2025-01-06T00:26:47.708Z"}
{"duration":"25ms","ip":"::1","level":"warn","message":"Risposta inviata","method":"POST","requestId":"req_1736123207684_9ey4e0kes","responseSize":"95 Bytes","statusCode":500,"timestamp":"2025-01-06T00:26:47.709Z","url":"/api/v1/classes","userAgent":"curl/8.11.0"}
{"level":"warn","message":"Warning: ModelName mancante nel repository","repository":"school","timestamp":"2025-01-06T00:27:50.123Z"}
{"level":"warn","message":"Warning: ModelName mancante nel repository","repository":"user","timestamp":"2025-01-06T00:27:50.127Z"}
{"level":"warn","message":"Warning: ModelName mancante nel repository","repository":"class","timestamp":"2025-01-06T00:27:50.128Z"}
{"level":"warn","message":"Warning: ModelName mancante nel repository","repository":"student","timestamp":"2025-01-06T00:27:50.129Z"}
{"level":"warn","message":"Warning: ModelName mancante nel repository","repository":"test","timestamp":"2025-01-06T00:27:50.130Z"}
{"level":"info","message":"Repository caricati con successo","repositories":["school","user","class","student","test"],"timestamp":"2025-01-06T00:27:50.131Z"}
{"controllers":["auth","school","user","class","student","test"],"level":"info","message":"Controllers caricati con successo","timestamp":"2025-01-06T00:27:50.141Z"}
{"level":"info","message":"Routes caricate:","routes":["/auth","/classes","/schools","/users","/students","/tests"],"timestamp":"2025-01-06T00:27:50.152Z"}
{"level":"info","message":"MongoDB Connected: cluster0-shard-00-00.4nf56.mongodb.net","timestamp":"2025-01-06T00:27:50.579Z"}
{"level":"info","message":"Server in esecuzione su localhost:5000","timestamp":"2025-01-06T00:27:50.588Z"}
{"level":"info","message":"Ambiente: development","timestamp":"2025-01-06T00:27:50.589Z"}
{"level":"warn","message":"Warning: ModelName mancante nel repository","repository":"school","timestamp":"2025-01-06T00:27:56.226Z"}
{"level":"warn","message":"Warning: ModelName mancante nel repository","repository":"user","timestamp":"2025-01-06T00:27:56.229Z"}
{"level":"warn","message":"Warning: ModelName mancante nel repository","repository":"class","timestamp":"2025-01-06T00:27:56.231Z"}
{"level":"warn","message":"Warning: ModelName mancante nel repository","repository":"student","timestamp":"2025-01-06T00:27:56.232Z"}
{"level":"warn","message":"Warning: ModelName mancante nel repository","repository":"test","timestamp":"2025-01-06T00:27:56.232Z"}
{"level":"info","message":"Repository caricati con successo","repositories":["school","user","class","student","test"],"timestamp":"2025-01-06T00:27:56.233Z"}
{"controllers":["auth","school","user","class","student","test"],"level":"info","message":"Controllers caricati con successo","timestamp":"2025-01-06T00:27:56.245Z"}
{"level":"info","message":"Routes caricate:","routes":["/auth","/classes","/schools","/users","/students","/tests"],"timestamp":"2025-01-06T00:27:56.254Z"}
{"level":"info","message":"MongoDB Connected: cluster0-shard-00-02.4nf56.mongodb.net","timestamp":"2025-01-06T00:27:56.633Z"}
{"level":"info","message":"Server in esecuzione su localhost:5000","timestamp":"2025-01-06T00:27:56.639Z"}
{"level":"info","message":"Ambiente: development","timestamp":"2025-01-06T00:27:56.640Z"}
{"level":"info","message":"Class Route Called: POST /api/v1/classes","timestamp":"2025-01-06T00:28:03.827Z"}
{"hasSchool":true,"level":"info","message":"Autenticazione completata con successo:","role":"admin","timestamp":"2025-01-06T00:28:03.860Z","userId":"677afa2672313bb6224448ec"}
{"classId":"677b2393416fcdf0ea0115b4","level":"info","message":"Classe creata con successo:","schoolId":"677afd5972313bb6224448fe","timestamp":"2025-01-06T00:28:03.922Z"}
{"level":"info","message":"Class Route Called: GET /api/v1/classes/school/677afd5972313bb6224448fe","timestamp":"2025-01-06T00:28:36.815Z"}
{"level":"info","message":"Class Route Called: DELETE /api/v1/classes","timestamp":"2025-01-06T00:29:22.848Z"}
{"hasSchool":true,"level":"info","message":"Autenticazione completata con successo:","role":"admin","timestamp":"2025-01-06T00:29:22.870Z","userId":"677afa2672313bb6224448ec"}
{"deletedCount":1,"level":"info","message":"Classi eliminate","schoolId":{"__v":0,"_id":"677afd5972313bb6224448fe","address":"Via Test 123","createdAt":"2025-01-05T21:44:57.911Z","institutionType":"none","isActive":true,"manager":"677afa2672313bb6224448ec","name":"Scuola Media Test Updated","numberOfYears":3,"province":"Milano","region":"Lombardia","schoolType":"middle_school","sections":["A","B","C","D","E"],"updatedAt":"2025-01-06T00:17:18.871Z","users":[{"_id":"677afd5972313bb6224448ff","role":"admin","user":"677afa2672313bb6224448ec"}]},"timestamp":"2025-01-06T00:29:22.936Z","userId":"677afa2672313bb6224448ec"}
{"level":"info","message":"Class Route Called: POST /api/v1/classes","timestamp":"2025-01-06T00:29:26.361Z"}
{"hasSchool":true,"level":"info","message":"Autenticazione completata con successo:","role":"admin","timestamp":"2025-01-06T00:29:26.383Z","userId":"677afa2672313bb6224448ec"}
{"classId":"677b23e6416fcdf0ea0115be","level":"info","message":"Classe creata con successo:","schoolId":"677afd5972313bb6224448fe","timestamp":"2025-01-06T00:29:26.423Z"}
{"level":"info","message":"Student Route Called: POST /api/v1/students","timestamp":"2025-01-06T00:30:23.160Z"}
{"level":"info","message":"Student Route Called: GET /api/v1/students/search?name=Mario&schoolId=677afd5972313bb6224448fe","timestamp":"2025-01-06T00:30:39.880Z"}
{"level":"info","message":"Student Route Called: GET /api/v1/students?classId=INSERISCI_ID_CLASSE","timestamp":"2025-01-06T00:30:45.439Z"}
{"error":{"kind":"ObjectId","message":"Cast to ObjectId failed for value \"INSERISCI_ID_CLASSE\" (type string) at path \"classId\" for model \"Student\"","name":"CastError","path":"classId","reason":{},"stringValue":"\"INSERISCI_ID_CLASSE\"","value":"INSERISCI_ID_CLASSE","valueType":"string"},"level":"error","message":"Errore nel recupero di Student","timestamp":"2025-01-06T00:30:45.441Z"}
{"classId":"INSERISCI_ID_CLASSE","error":{"code":"DB_001","message":"Errore nel recupero di Student","metadata":{"originalError":"Cast to ObjectId failed for value \"INSERISCI_ID_CLASSE\" (type string) at path \"classId\" for model \"Student\""},"status":500},"level":"error","message":"Errore nella ricerca degli studenti della classe","timestamp":"2025-01-06T00:30:45.442Z"}
{"error":{"code":"DB_001","message":"Errore nella ricerca degli studenti della classe","metadata":{"originalError":"Errore nel recupero di Student"},"status":500},"level":"error","message":"Error getting students:","timestamp":"2025-01-06T00:30:45.442Z"}
{"code":"DB_001","level":"error","message":"Errore nella ricerca degli studenti della classe","timestamp":"2025-01-06T00:30:45.443Z"}
{"duration":"6ms","ip":"::1","level":"warn","message":"Risposta inviata","method":"GET","requestId":"req_1736123445438_wnmzuadjc","responseSize":"179 Bytes","statusCode":500,"timestamp":"2025-01-06T00:30:45.445Z","url":"/api/v1/students?classId=INSERISCI_ID_CLASSE","userAgent":"curl/8.11.0"}
{"level":"warn","message":"Warning: ModelName mancante nel repository","repository":"school","timestamp":"2025-01-06T00:34:36.117Z"}
{"level":"warn","message":"Warning: ModelName mancante nel repository","repository":"user","timestamp":"2025-01-06T00:34:36.120Z"}
{"level":"warn","message":"Warning: ModelName mancante nel repository","repository":"class","timestamp":"2025-01-06T00:34:36.121Z"}
{"level":"warn","message":"Warning: ModelName mancante nel repository","repository":"student","timestamp":"2025-01-06T00:34:36.122Z"}
{"level":"warn","message":"Warning: ModelName mancante nel repository","repository":"test","timestamp":"2025-01-06T00:34:36.122Z"}
{"level":"info","message":"Repository caricati con successo","repositories":["school","user","class","student","test"],"timestamp":"2025-01-06T00:34:36.123Z"}
{"controllers":["auth","school","user","class","student","test"],"level":"info","message":"Controllers caricati con successo","timestamp":"2025-01-06T00:34:36.132Z"}
{"level":"info","message":"Routes caricate:","routes":["/auth","/classes","/schools","/users","/students","/tests"],"timestamp":"2025-01-06T00:34:36.139Z"}
{"level":"info","message":"MongoDB Connected: cluster0-shard-00-00.4nf56.mongodb.net","timestamp":"2025-01-06T00:34:36.551Z"}
{"level":"info","message":"Server in esecuzione su localhost:5000","timestamp":"2025-01-06T00:34:36.557Z"}
{"level":"info","message":"Ambiente: development","timestamp":"2025-01-06T00:34:36.558Z"}
{"level":"warn","message":"Warning: ModelName mancante nel repository","repository":"school","timestamp":"2025-01-06T00:35:08.948Z"}
{"level":"warn","message":"Warning: ModelName mancante nel repository","repository":"user","timestamp":"2025-01-06T00:35:08.953Z"}
{"level":"warn","message":"Warning: ModelName mancante nel repository","repository":"class","timestamp":"2025-01-06T00:35:08.954Z"}
{"level":"warn","message":"Warning: ModelName mancante nel repository","repository":"student","timestamp":"2025-01-06T00:35:08.955Z"}
{"level":"warn","message":"Warning: ModelName mancante nel repository","repository":"test","timestamp":"2025-01-06T00:35:08.956Z"}
{"level":"info","message":"Repository caricati con successo","repositories":["school","user","class","student","test"],"timestamp":"2025-01-06T00:35:08.957Z"}
{"controllers":["auth","school","user","class","student","test"],"level":"info","message":"Controllers caricati con successo","timestamp":"2025-01-06T00:35:08.970Z"}
{"level":"info","message":"Routes caricate:","routes":["/auth","/classes","/schools","/users","/students","/tests"],"timestamp":"2025-01-06T00:35:08.981Z"}
{"level":"info","message":"MongoDB Connected: cluster0-shard-00-02.4nf56.mongodb.net","timestamp":"2025-01-06T00:35:09.373Z"}
{"level":"info","message":"Server in esecuzione su localhost:5000","timestamp":"2025-01-06T00:35:09.381Z"}
{"level":"info","message":"Ambiente: development","timestamp":"2025-01-06T00:35:09.381Z"}
{"level":"warn","message":"Warning: ModelName mancante nel repository","repository":"school","timestamp":"2025-01-06T00:35:28.289Z"}
{"level":"warn","message":"Warning: ModelName mancante nel repository","repository":"user","timestamp":"2025-01-06T00:35:28.293Z"}
{"level":"warn","message":"Warning: ModelName mancante nel repository","repository":"class","timestamp":"2025-01-06T00:35:28.294Z"}
{"level":"warn","message":"Warning: ModelName mancante nel repository","repository":"student","timestamp":"2025-01-06T00:35:28.295Z"}
{"level":"warn","message":"Warning: ModelName mancante nel repository","repository":"test","timestamp":"2025-01-06T00:35:28.296Z"}
{"level":"info","message":"Repository caricati con successo","repositories":["school","user","class","student","test"],"timestamp":"2025-01-06T00:35:28.297Z"}
{"controllers":["auth","school","user","class","student","test"],"level":"info","message":"Controllers caricati con successo","timestamp":"2025-01-06T00:35:28.309Z"}
{"level":"info","message":"Routes caricate:","routes":["/auth","/classes","/schools","/users","/students","/tests"],"timestamp":"2025-01-06T00:35:28.321Z"}
{"level":"info","message":"MongoDB Connected: cluster0-shard-00-00.4nf56.mongodb.net","timestamp":"2025-01-06T00:35:28.723Z"}
{"level":"info","message":"Server in esecuzione su localhost:5000","timestamp":"2025-01-06T00:35:28.733Z"}
{"level":"info","message":"Ambiente: development","timestamp":"2025-01-06T00:35:28.734Z"}
{"level":"warn","message":"Warning: ModelName mancante nel repository","repository":"school","timestamp":"2025-01-06T00:38:44.199Z"}
{"level":"warn","message":"Warning: ModelName mancante nel repository","repository":"user","timestamp":"2025-01-06T00:38:44.202Z"}
{"level":"warn","message":"Warning: ModelName mancante nel repository","repository":"class","timestamp":"2025-01-06T00:38:44.204Z"}
{"level":"warn","message":"Warning: ModelName mancante nel repository","repository":"student","timestamp":"2025-01-06T00:38:44.205Z"}
{"level":"warn","message":"Warning: ModelName mancante nel repository","repository":"test","timestamp":"2025-01-06T00:38:44.206Z"}
{"level":"info","message":"Repository caricati con successo","repositories":["school","user","class","student","test"],"timestamp":"2025-01-06T00:38:44.207Z"}
{"controllers":["auth","school","user","class","student","test"],"level":"info","message":"Controllers caricati con successo","timestamp":"2025-01-06T00:38:44.216Z"}
{"level":"info","message":"Routes caricate:","routes":["/auth","/classes","/schools","/users","/students","/tests"],"timestamp":"2025-01-06T00:38:44.227Z"}
{"level":"info","message":"MongoDB Connected: cluster0-shard-00-01.4nf56.mongodb.net","timestamp":"2025-01-06T00:38:44.630Z"}
{"level":"info","message":"Server in esecuzione su localhost:5000","timestamp":"2025-01-06T00:38:44.637Z"}
{"level":"info","message":"Ambiente: development","timestamp":"2025-01-06T00:38:44.638Z"}
{"level":"info","message":"Student Route Called: POST /api/v1/students","timestamp":"2025-01-06T00:38:51.665Z"}
{"level":"error","message":"this.repository.createWithClassAssignment is not a function","stack":"TypeError: this.repository.createWithClassAssignment is not a function\n    at StudentController.create (C:\\Users\\ricca\\Desktop\\BSc\\src\\controllers\\studentController.js:18:55)\n    at Layer.handle [as handle_request] (C:\\Users\\ricca\\Desktop\\BSc\\node_modules\\express\\lib\\router\\layer.js:95:5)\n    at next (C:\\Users\\ricca\\Desktop\\BSc\\node_modules\\express\\lib\\router\\route.js:149:13)\n    at Route.dispatch (C:\\Users\\ricca\\Desktop\\BSc\\node_modules\\express\\lib\\router\\route.js:119:3)\n    at Layer.handle [as handle_request] (C:\\Users\\ricca\\Desktop\\BSc\\node_modules\\express\\lib\\router\\layer.js:95:5)\n    at C:\\Users\\ricca\\Desktop\\BSc\\node_modules\\express\\lib\\router\\index.js:284:15\n    at Function.process_params (C:\\Users\\ricca\\Desktop\\BSc\\node_modules\\express\\lib\\router\\index.js:346:12)\n    at next (C:\\Users\\ricca\\Desktop\\BSc\\node_modules\\express\\lib\\router\\index.js:280:10)\n    at C:\\Users\\ricca\\Desktop\\BSc\\src\\routes\\studentRoutes.js:19:5\n    at Layer.handle [as handle_request] (C:\\Users\\ricca\\Desktop\\BSc\\node_modules\\express\\lib\\router\\layer.js:95:5)","timestamp":"2025-01-06T00:38:51.666Z"}
{"duration":"9ms","ip":"::1","level":"warn","message":"Risposta inviata","method":"POST","requestId":"req_1736123931663_zg8f6b8yv","responseSize":"155 Bytes","statusCode":500,"timestamp":"2025-01-06T00:38:51.672Z","url":"/api/v1/students","userAgent":"curl/8.11.0"}
{"level":"info","message":"Student Route Called: POST /api/v1/students","timestamp":"2025-01-06T00:38:59.039Z"}
{"level":"info","message":"Student Route Called: PUT /api/v1/students/677b2623396c96fce0ee973a/assign-class","timestamp":"2025-01-06T00:40:24.448Z"}
{"level":"error","message":"Errore nell'assegnazione della classe:","timestamp":"2025-01-06T00:40:24.449Z"}
{"level":"error","message":"this.repository.findById(...).populate is not a function","stack":"TypeError: this.repository.findById(...).populate is not a function\n    at StudentController.assignToClass (C:\\Users\\ricca\\Desktop\\BSc\\src\\controllers\\studentController.js:120:67)\n    at Layer.handle [as handle_request] (C:\\Users\\ricca\\Desktop\\BSc\\node_modules\\express\\lib\\router\\layer.js:95:5)\n    at next (C:\\Users\\ricca\\Desktop\\BSc\\node_modules\\express\\lib\\router\\route.js:149:13)\n    at Route.dispatch (C:\\Users\\ricca\\Desktop\\BSc\\node_modules\\express\\lib\\router\\route.js:119:3)\n    at Layer.handle [as handle_request] (C:\\Users\\ricca\\Desktop\\BSc\\node_modules\\express\\lib\\router\\layer.js:95:5)\n    at C:\\Users\\ricca\\Desktop\\BSc\\node_modules\\express\\lib\\router\\index.js:284:15\n    at param (C:\\Users\\ricca\\Desktop\\BSc\\node_modules\\express\\lib\\router\\index.js:365:14)\n    at param (C:\\Users\\ricca\\Desktop\\BSc\\node_modules\\express\\lib\\router\\index.js:376:14)\n    at Function.process_params (C:\\Users\\ricca\\Desktop\\BSc\\node_modules\\express\\lib\\router\\index.js:421:3)\n    at next (C:\\Users\\ricca\\Desktop\\BSc\\node_modules\\express\\lib\\router\\index.js:280:10)","timestamp":"2025-01-06T00:40:24.450Z"}
{"duration":"4ms","ip":"::1","level":"warn","message":"Risposta inviata","method":"PUT","requestId":"req_1736124024447_96wyj1sj2","responseSize":"152 Bytes","statusCode":500,"timestamp":"2025-01-06T00:40:24.451Z","url":"/api/v1/students/677b2623396c96fce0ee973a/assign-class","userAgent":"curl/8.11.0"}
{"level":"warn","message":"Warning: ModelName mancante nel repository","repository":"school","timestamp":"2025-01-06T00:41:22.168Z"}
{"level":"warn","message":"Warning: ModelName mancante nel repository","repository":"user","timestamp":"2025-01-06T00:41:22.171Z"}
{"level":"warn","message":"Warning: ModelName mancante nel repository","repository":"class","timestamp":"2025-01-06T00:41:22.172Z"}
{"level":"warn","message":"Warning: ModelName mancante nel repository","repository":"student","timestamp":"2025-01-06T00:41:22.173Z"}
{"level":"warn","message":"Warning: ModelName mancante nel repository","repository":"test","timestamp":"2025-01-06T00:41:22.173Z"}
{"level":"info","message":"Repository caricati con successo","repositories":["school","user","class","student","test"],"timestamp":"2025-01-06T00:41:22.174Z"}
{"controllers":["auth","school","user","class","student","test"],"level":"info","message":"Controllers caricati con successo","timestamp":"2025-01-06T00:41:22.186Z"}
{"level":"info","message":"Routes caricate:","routes":["/auth","/classes","/schools","/users","/students","/tests"],"timestamp":"2025-01-06T00:41:22.195Z"}
{"level":"info","message":"MongoDB Connected: cluster0-shard-00-01.4nf56.mongodb.net","timestamp":"2025-01-06T00:41:22.584Z"}
{"level":"info","message":"Server in esecuzione su localhost:5000","timestamp":"2025-01-06T00:41:22.591Z"}
{"level":"info","message":"Ambiente: development","timestamp":"2025-01-06T00:41:22.592Z"}
{"level":"warn","message":"Warning: ModelName mancante nel repository","repository":"school","timestamp":"2025-01-06T00:41:39.822Z"}
{"level":"warn","message":"Warning: ModelName mancante nel repository","repository":"user","timestamp":"2025-01-06T00:41:39.825Z"}
{"level":"warn","message":"Warning: ModelName mancante nel repository","repository":"class","timestamp":"2025-01-06T00:41:39.826Z"}
{"level":"warn","message":"Warning: ModelName mancante nel repository","repository":"student","timestamp":"2025-01-06T00:41:39.827Z"}
{"level":"warn","message":"Warning: ModelName mancante nel repository","repository":"test","timestamp":"2025-01-06T00:41:39.828Z"}
{"level":"info","message":"Repository caricati con successo","repositories":["school","user","class","student","test"],"timestamp":"2025-01-06T00:41:39.829Z"}
{"controllers":["auth","school","user","class","student","test"],"level":"info","message":"Controllers caricati con successo","timestamp":"2025-01-06T00:41:39.838Z"}
{"level":"info","message":"Routes caricate:","routes":["/auth","/classes","/schools","/users","/students","/tests"],"timestamp":"2025-01-06T00:41:39.847Z"}
{"level":"info","message":"MongoDB Connected: cluster0-shard-00-00.4nf56.mongodb.net","timestamp":"2025-01-06T00:41:40.212Z"}
{"level":"info","message":"Server in esecuzione su localhost:5000","timestamp":"2025-01-06T00:41:40.223Z"}
{"level":"info","message":"Ambiente: development","timestamp":"2025-01-06T00:41:40.224Z"}
{"level":"info","message":"Student Route Called: PUT /api/v1/students/677b2623396c96fce0ee973a/assign-class","timestamp":"2025-01-06T00:41:45.659Z"}
{"code":"CLASS_NOT_FOUND","level":"error","message":"Classe non trovata","statusCode":404,"timestamp":"2025-01-06T00:41:45.708Z"}
{"duration":"55ms","ip":"::1","level":"warn","message":"Risposta inviata","method":"PUT","requestId":"req_1736124105657_fulgpazgm","responseSize":"84 Bytes","statusCode":404,"timestamp":"2025-01-06T00:41:45.712Z","url":"/api/v1/students/677b2623396c96fce0ee973a/assign-class","userAgent":"curl/8.11.0"}
{"level":"info","message":"Class Route Called: GET /api/v1/classes","timestamp":"2025-01-06T00:42:32.181Z"}
{"code":"AUTH_004","level":"error","message":"Utente non autenticato","metadata":{},"status":401,"timestamp":"2025-01-06T00:42:32.182Z"}
{"duration":"4ms","ip":"::1","level":"warn","message":"Risposta inviata","method":"GET","requestId":"req_1736124152180_6kbkrexab","responseSize":"81 Bytes","statusCode":500,"timestamp":"2025-01-06T00:42:32.184Z","url":"/api/v1/classes","userAgent":"curl/8.11.0"}
{"ip":"::1","level":"info","message":"Auth Route Called","method":"POST","path":"/api/v1/auth/login","timestamp":"2025-01-06T00:43:12.981Z","userAgent":"curl/8.11.0"}
{"level":"info","message":"Class Route Called: GET /api/v1/classes","timestamp":"2025-01-06T00:43:58.338Z"}
{"code":"AUTH_004","level":"error","message":"Utente non autenticato","metadata":{},"status":401,"timestamp":"2025-01-06T00:43:58.339Z"}
{"duration":"3ms","ip":"::1","level":"warn","message":"Risposta inviata","method":"GET","requestId":"req_1736124238337_8ofz7ryeo","responseSize":"81 Bytes","statusCode":500,"timestamp":"2025-01-06T00:43:58.340Z","url":"/api/v1/classes","userAgent":"curl/8.11.0"}
{"level":"info","message":"Class Route Called: GET /api/v1/classes","timestamp":"2025-01-06T00:44:51.281Z"}
{"code":"AUTH_004","level":"error","message":"Utente non autenticato","metadata":{},"status":401,"timestamp":"2025-01-06T00:44:51.282Z"}
{"duration":"3ms","ip":"::1","level":"warn","message":"Risposta inviata","method":"GET","requestId":"req_1736124291281_6qedmpujf","responseSize":"81 Bytes","statusCode":500,"timestamp":"2025-01-06T00:44:51.284Z","url":"/api/v1/classes","userAgent":"curl/8.11.0"}
{"level":"warn","message":"Warning: ModelName mancante nel repository","repository":"school","timestamp":"2025-01-06T00:47:19.171Z"}
{"level":"warn","message":"Warning: ModelName mancante nel repository","repository":"user","timestamp":"2025-01-06T00:47:19.176Z"}
{"level":"warn","message":"Warning: ModelName mancante nel repository","repository":"class","timestamp":"2025-01-06T00:47:19.177Z"}
{"level":"warn","message":"Warning: ModelName mancante nel repository","repository":"student","timestamp":"2025-01-06T00:47:19.178Z"}
{"level":"warn","message":"Warning: ModelName mancante nel repository","repository":"test","timestamp":"2025-01-06T00:47:19.180Z"}
{"level":"info","message":"Repository caricati con successo","repositories":["school","user","class","student","test"],"timestamp":"2025-01-06T00:47:19.181Z"}
{"controllers":["auth","school","user","class","student","test"],"level":"info","message":"Controllers caricati con successo","timestamp":"2025-01-06T00:47:19.207Z"}
{"level":"info","message":"Routes caricate:","routes":["/auth","/classes","/schools","/users","/students","/tests"],"timestamp":"2025-01-06T00:47:19.224Z"}
{"level":"info","message":"MongoDB Connected: cluster0-shard-00-01.4nf56.mongodb.net","timestamp":"2025-01-06T00:47:19.708Z"}
{"level":"info","message":"Server in esecuzione su localhost:5000","timestamp":"2025-01-06T00:47:19.719Z"}
{"level":"info","message":"Ambiente: development","timestamp":"2025-01-06T00:47:19.719Z"}
{"level":"info","message":"Class Route Called: GET /api/v1/classes","timestamp":"2025-01-06T00:47:27.337Z"}
{"code":"AUTH_004","level":"error","message":"Utente non autenticato","metadata":{},"status":401,"timestamp":"2025-01-06T00:47:27.338Z"}
{"duration":"9ms","ip":"::1","level":"warn","message":"Risposta inviata","method":"GET","requestId":"req_1736124447335_y7zlkhsfi","responseSize":"81 Bytes","statusCode":500,"timestamp":"2025-01-06T00:47:27.344Z","url":"/api/v1/classes","userAgent":"curl/8.11.0"}
{"level":"warn","message":"Warning: ModelName mancante nel repository","repository":"school","timestamp":"2025-01-06T00:49:27.501Z"}
{"level":"warn","message":"Warning: ModelName mancante nel repository","repository":"user","timestamp":"2025-01-06T00:49:27.504Z"}
{"level":"warn","message":"Warning: ModelName mancante nel repository","repository":"class","timestamp":"2025-01-06T00:49:27.505Z"}
{"level":"warn","message":"Warning: ModelName mancante nel repository","repository":"student","timestamp":"2025-01-06T00:49:27.506Z"}
{"level":"warn","message":"Warning: ModelName mancante nel repository","repository":"test","timestamp":"2025-01-06T00:49:27.507Z"}
{"level":"info","message":"Repository caricati con successo","repositories":["school","user","class","student","test"],"timestamp":"2025-01-06T00:49:27.508Z"}
{"controllers":["auth","school","user","class","student","test"],"level":"info","message":"Controllers caricati con successo","timestamp":"2025-01-06T00:49:27.517Z"}
{"level":"info","message":"Routes caricate:","routes":["/auth","/classes","/schools","/users","/students","/tests"],"timestamp":"2025-01-06T00:49:27.526Z"}
{"level":"info","message":"MongoDB Connected: cluster0-shard-00-02.4nf56.mongodb.net","timestamp":"2025-01-06T00:49:30.022Z"}
{"level":"info","message":"Server in esecuzione su localhost:5000","timestamp":"2025-01-06T00:49:30.029Z"}
{"level":"info","message":"Ambiente: development","timestamp":"2025-01-06T00:49:30.029Z"}
{"level":"info","message":"Class Route Called: GET /api/v1/classes","timestamp":"2025-01-06T00:49:30.138Z"}
{"hasSchool":true,"level":"info","message":"Autenticazione completata con successo:","role":"admin","timestamp":"2025-01-06T00:49:30.323Z","userId":"677afa2672313bb6224448ec"}
{"level":"info","message":"Class Route Called: POST /api/v1/classes","timestamp":"2025-01-06T00:50:08.545Z"}
{"hasSchool":true,"level":"info","message":"Autenticazione completata con successo:","role":"admin","timestamp":"2025-01-06T00:50:08.567Z","userId":"677afa2672313bb6224448ec"}
{"code":"CLASS_003","level":"error","message":"Classe gi esistente per questo anno e sezione","statusCode":400,"timestamp":"2025-01-06T00:50:08.589Z"}
{"duration":"46ms","ip":"::1","level":"warn","message":"Risposta inviata","method":"POST","requestId":"req_1736124608544_vc3bcgx1b","responseSize":"107 Bytes","statusCode":400,"timestamp":"2025-01-06T00:50:08.591Z","url":"/api/v1/classes","userAgent":"curl/8.11.0"}
{"level":"info","message":"Student Route Called: PUT /api/v1/students/677b2623396c96fce0ee973a/assign-class","timestamp":"2025-01-06T00:50:38.095Z"}
{"code":"CLASS_NOT_FOUND","level":"error","message":"Classe non trovata","statusCode":404,"timestamp":"2025-01-06T00:50:38.134Z"}
{"duration":"42ms","ip":"::1","level":"warn","message":"Risposta inviata","method":"PUT","requestId":"req_1736124638094_5f2fysi8i","responseSize":"84 Bytes","statusCode":404,"timestamp":"2025-01-06T00:50:38.136Z","url":"/api/v1/students/677b2623396c96fce0ee973a/assign-class","userAgent":"curl/8.11.0"}
{"level":"info","message":"Student Route Called: PUT /api/v1/students/677b2623396c96fce0ee973a/assign-class","timestamp":"2025-01-06T00:51:18.797Z"}
{"code":"CLASS_NOT_FOUND","level":"error","message":"Classe non trovata","statusCode":404,"timestamp":"2025-01-06T00:51:18.833Z"}
{"duration":"39ms","ip":"::1","level":"warn","message":"Risposta inviata","method":"PUT","requestId":"req_1736124678796_yhpzo4ymw","responseSize":"84 Bytes","statusCode":404,"timestamp":"2025-01-06T00:51:18.835Z","url":"/api/v1/students/677b2623396c96fce0ee973a/assign-class","userAgent":"curl/8.11.0"}
{"level":"info","message":"Class Route Called: GET /api/v1/classes","timestamp":"2025-01-06T00:51:54.911Z"}
{"hasSchool":true,"level":"info","message":"Autenticazione completata con successo:","role":"admin","timestamp":"2025-01-06T00:51:54.933Z","userId":"677afa2672313bb6224448ec"}
{"level":"info","message":"Student Route Called: PUT /api/v1/students/677b2623396c96fce0ee973a/assign-class","timestamp":"2025-01-06T00:52:32.808Z"}
