{"level":"warn","message":"Mongoose not connected when initializing models","timestamp":"2025-03-04T23:00:41.907Z"}
{"connectionState":0,"existingModels":["CSIQuestion","Test","Student","CSIConfig"],"level":"info","message":"Initializing models...","timestamp":"2025-03-04T23:00:41.911Z"}
{"level":"info","message":"Model validation successful - all required models registered","timestamp":"2025-03-04T23:00:41.940Z"}
{"level":"info","message":"MongoDB Connected: cluster0-shard-00-00.4nf56.mongodb.net","timestamp":"2025-03-04T23:00:42.544Z"}
{"level":"info","message":"Database connesso con successo","timestamp":"2025-03-04T23:00:42.545Z"}
{"level":"info","message":"Tutti i modelli richiesti sono registrati correttamente","timestamp":"2025-03-04T23:00:42.546Z"}
{"error":"studentAuthService is not defined","level":"error","message":"Errore durante l'avvio del server:","stack":"ReferenceError: studentAuthService is not defined\n    at startServer (C:\\Users\\hanga\\Desktop\\BrainScanner\\src\\app.js:259:13)\n    at process.processTicksAndRejections (node:internal/process/task_queues:105:5)","timestamp":"2025-03-04T23:00:42.782Z"}
{"level":"warn","message":"Mongoose not connected when initializing models","timestamp":"2025-03-04T23:01:42.426Z"}
{"connectionState":0,"existingModels":["CSIQuestion","Test","Student","CSIConfig"],"level":"info","message":"Initializing models...","timestamp":"2025-03-04T23:01:42.429Z"}
{"level":"info","message":"Model validation successful - all required models registered","timestamp":"2025-03-04T23:01:42.452Z"}
{"level":"info","message":"MongoDB Connected: cluster0-shard-00-02.4nf56.mongodb.net","timestamp":"2025-03-04T23:01:42.996Z"}
{"level":"info","message":"Database connesso con successo","timestamp":"2025-03-04T23:01:42.997Z"}
{"level":"info","message":"Tutti i modelli richiesti sono registrati correttamente","timestamp":"2025-03-04T23:01:42.998Z"}
{"environment":"development","level":"info","message":"Routes initialized:","protected":["/classes","/schools","/users","/students","/tests"],"public":["/auth","/student-auth","/tests/csi/public"],"timestamp":"2025-03-04T23:01:43.242Z"}
{"level":"info","message":"Server in esecuzione su localhost:5000","timestamp":"2025-03-04T23:01:43.244Z"}
{"level":"info","message":"Ambiente: development","timestamp":"2025-03-04T23:01:43.245Z"}
{"level":"info","message":"Richiesta login studente","timestamp":"2025-03-04T23:01:50.613Z","username":"ciccio@pasticcio.it"}
{"level":"info","message":"Tentativo di autenticazione studente","timestamp":"2025-03-04T23:01:50.614Z","username":"ciccio@pasticcio.it"}
{"level":"info","message":"Primo accesso rilevato","studentId":"67b20991d8fdac4600a0def6","timestamp":"2025-03-04T23:01:50.641Z","username":"ciccio@pasticcio.it"}
{"level":"info","message":"Login successful","metadata":{"ipAddress":"::1","userAgent":"Mozilla/5.0 (Windows NT 10.0; Win64; x64) AppleWebKit/537.36 (KHTML, like Gecko) Chrome/133.0.0.0 Safari/537.36"},"timestamp":"2025-03-04T23:02:08.460Z","userId":"67c02995250c5746c3d9647c"}
{"level":"info","message":"Richiesta logout studente","timestamp":"2025-03-04T23:02:38.140Z"}
{"level":"info","message":"Richiesta login studente","timestamp":"2025-03-04T23:03:00.129Z","username":"ciccio@pasticcio.it"}
{"level":"info","message":"Tentativo di autenticazione studente","timestamp":"2025-03-04T23:03:00.130Z","username":"ciccio@pasticcio.it"}
{"level":"info","message":"Primo accesso rilevato","studentId":"67b20991d8fdac4600a0def6","timestamp":"2025-03-04T23:03:00.163Z","username":"ciccio@pasticcio.it"}
{"level":"info","message":"Richiesta logout studente","timestamp":"2025-03-04T23:12:30.369Z"}
{"level":"info","message":"Richiesta login studente","timestamp":"2025-03-04T23:12:46.831Z","username":"ciccio@pasticcio.it"}
{"level":"info","message":"Tentativo di autenticazione studente","timestamp":"2025-03-04T23:12:46.832Z","username":"ciccio@pasticcio.it"}
{"level":"info","message":"Primo accesso rilevato","studentId":"67b20991d8fdac4600a0def6","timestamp":"2025-03-04T23:12:46.856Z","username":"ciccio@pasticcio.it"}
{"level":"info","message":"Richiesta login studente","timestamp":"2025-03-04T23:17:31.180Z","username":"ciccio@pasticcio.it"}
{"level":"info","message":"Tentativo di autenticazione studente","timestamp":"2025-03-04T23:17:31.181Z","username":"ciccio@pasticcio.it"}
{"level":"info","message":"Primo accesso rilevato","studentId":"67b20991d8fdac4600a0def6","timestamp":"2025-03-04T23:17:31.203Z","username":"ciccio@pasticcio.it"}
{"level":"info","message":"Richiesta login studente","timestamp":"2025-03-04T23:18:13.398Z","username":"ciccio@pasticcio.it"}
{"level":"info","message":"Tentativo di autenticazione studente","timestamp":"2025-03-04T23:18:13.398Z","username":"ciccio@pasticcio.it"}
{"level":"info","message":"Primo accesso rilevato","studentId":"67b20991d8fdac4600a0def6","timestamp":"2025-03-04T23:18:13.420Z","username":"ciccio@pasticcio.it"}
{"level":"info","message":"Richiesta login studente","timestamp":"2025-03-04T23:29:36.787Z","username":"ciccio@pasticcio.it"}
{"level":"info","message":"Tentativo di autenticazione studente","timestamp":"2025-03-04T23:29:36.787Z","username":"ciccio@pasticcio.it"}
{"level":"info","message":"Primo accesso rilevato","studentId":"67b20991d8fdac4600a0def6","timestamp":"2025-03-04T23:29:36.810Z","username":"ciccio@pasticcio.it"}
{"level":"info","message":"Richiesta logout studente","timestamp":"2025-03-04T23:31:42.516Z"}
{"level":"info","message":"Richiesta login studente","timestamp":"2025-03-04T23:32:01.144Z","username":"ciccio@pasticcio.it"}
{"level":"info","message":"Tentativo di autenticazione studente","timestamp":"2025-03-04T23:32:01.144Z","username":"ciccio@pasticcio.it"}
{"level":"info","message":"Primo accesso rilevato","studentId":"67b20991d8fdac4600a0def6","timestamp":"2025-03-04T23:32:01.175Z","username":"ciccio@pasticcio.it"}
{"level":"warn","message":"Mongoose not connected when initializing models","timestamp":"2025-03-04T23:33:02.470Z"}
{"connectionState":0,"existingModels":["CSIQuestion","Test","Student","CSIConfig"],"level":"info","message":"Initializing models...","timestamp":"2025-03-04T23:33:02.473Z"}
{"level":"info","message":"Model validation successful - all required models registered","timestamp":"2025-03-04T23:33:02.496Z"}
{"level":"info","message":"MongoDB Connected: cluster0-shard-00-00.4nf56.mongodb.net","timestamp":"2025-03-04T23:33:06.031Z"}
{"level":"info","message":"Database connesso con successo","timestamp":"2025-03-04T23:33:06.032Z"}
{"level":"info","message":"Tutti i modelli richiesti sono registrati correttamente","timestamp":"2025-03-04T23:33:06.033Z"}
{"environment":"development","level":"info","message":"Routes initialized:","protected":["/classes","/schools","/users","/students","/tests"],"public":["/auth","/student-auth","/tests/csi/public"],"timestamp":"2025-03-04T23:33:06.275Z"}
{"level":"info","message":"Server in esecuzione su localhost:5000","timestamp":"2025-03-04T23:33:06.277Z"}
{"level":"info","message":"Ambiente: development","timestamp":"2025-03-04T23:33:06.277Z"}
{"code":"AUTH_005","level":"error","message":"Solo i docenti possono accedere a questa risorsa","metadata":{},"status":403,"timestamp":"2025-03-04T23:37:27.703Z"}
{"error":"Solo i docenti possono accedere a questa risorsa","level":"error","message":"Student route error:","method":"GET","path":"/my-students","timestamp":"2025-03-04T23:37:27.705Z","userId":"67c02995250c5746c3d9647c"}
{"body":{},"error":{"message":"Cannot read properties of undefined (reading 'code')","stack":"TypeError: Cannot read properties of undefined (reading 'code')\n    at C:\\Users\\hanga\\Desktop\\BrainScanner\\src\\routes\\studentRoutes.js:181:72\n    at Layer.handle_error (C:\\Users\\hanga\\Desktop\\BrainScanner\\node_modules\\express\\lib\\router\\layer.js:71:5)\n    at trim_prefix (C:\\Users\\hanga\\Desktop\\BrainScanner\\node_modules\\express\\lib\\router\\index.js:326:13)\n    at C:\\Users\\hanga\\Desktop\\BrainScanner\\node_modules\\express\\lib\\router\\index.js:286:9\n    at Function.process_params (C:\\Users\\hanga\\Desktop\\BrainScanner\\node_modules\\express\\lib\\router\\index.js:346:12)\n    at next (C:\\Users\\hanga\\Desktop\\BrainScanner\\node_modules\\express\\lib\\router\\index.js:280:10)\n    at next (C:\\Users\\hanga\\Desktop\\BrainScanner\\node_modules\\express\\lib\\router\\route.js:141:14)\n    at StudentController.getMyStudents (C:\\Users\\hanga\\Desktop\\BrainScanner\\src\\controllers\\studentController.js:313:13)\n    at C:\\Users\\hanga\\Desktop\\BrainScanner\\src\\routes\\studentRoutes.js:28:25\n    at Layer.handle [as handle_request] (C:\\Users\\hanga\\Desktop\\BrainScanner\\node_modules\\express\\lib\\router\\layer.js:95:5)"},"level":"error","message":"Errore richiesta","method":"GET","query":{},"requestId":"req_1741131447520_yw4srlzh3","timestamp":"2025-03-04T23:37:27.708Z","url":"/api/v1/students/my-students"}
{"level":"error","message":"Cannot read properties of undefined (reading 'code')","stack":"TypeError: Cannot read properties of undefined (reading 'code')\n    at C:\\Users\\hanga\\Desktop\\BrainScanner\\src\\routes\\studentRoutes.js:181:72\n    at Layer.handle_error (C:\\Users\\hanga\\Desktop\\BrainScanner\\node_modules\\express\\lib\\router\\layer.js:71:5)\n    at trim_prefix (C:\\Users\\hanga\\Desktop\\BrainScanner\\node_modules\\express\\lib\\router\\index.js:326:13)\n    at C:\\Users\\hanga\\Desktop\\BrainScanner\\node_modules\\express\\lib\\router\\index.js:286:9\n    at Function.process_params (C:\\Users\\hanga\\Desktop\\BrainScanner\\node_modules\\express\\lib\\router\\index.js:346:12)\n    at next (C:\\Users\\hanga\\Desktop\\BrainScanner\\node_modules\\express\\lib\\router\\index.js:280:10)\n    at next (C:\\Users\\hanga\\Desktop\\BrainScanner\\node_modules\\express\\lib\\router\\route.js:141:14)\n    at StudentController.getMyStudents (C:\\Users\\hanga\\Desktop\\BrainScanner\\src\\controllers\\studentController.js:313:13)\n    at C:\\Users\\hanga\\Desktop\\BrainScanner\\src\\routes\\studentRoutes.js:28:25\n    at Layer.handle [as handle_request] (C:\\Users\\hanga\\Desktop\\BrainScanner\\node_modules\\express\\lib\\router\\layer.js:95:5)","timestamp":"2025-03-04T23:37:27.710Z"}
{"duration":"198ms","ip":"::1","level":"warn","message":"Risposta inviata","method":"GET","requestId":"req_1741131447520_yw4srlzh3","responseSize":"1.34 KB","statusCode":500,"timestamp":"2025-03-04T23:37:27.718Z","url":"/api/v1/students/my-students","userAgent":"Mozilla/5.0 (Windows NT 10.0; Win64; x64) AppleWebKit/537.36 (KHTML, like Gecko) Chrome/133.0.0.0 Safari/537.36"}
{"code":"AUTH_005","level":"error","message":"Solo i docenti possono accedere a questa risorsa","metadata":{},"status":403,"timestamp":"2025-03-04T23:40:19.964Z"}
{"error":"Solo i docenti possono accedere a questa risorsa","level":"error","message":"Student route error:","method":"GET","path":"/my-students","timestamp":"2025-03-04T23:40:19.966Z","userId":"67c02995250c5746c3d9647c"}
{"body":{},"error":{"message":"Cannot read properties of undefined (reading 'code')","stack":"TypeError: Cannot read properties of undefined (reading 'code')\n    at C:\\Users\\hanga\\Desktop\\BrainScanner\\src\\routes\\studentRoutes.js:181:72\n    at Layer.handle_error (C:\\Users\\hanga\\Desktop\\BrainScanner\\node_modules\\express\\lib\\router\\layer.js:71:5)\n    at trim_prefix (C:\\Users\\hanga\\Desktop\\BrainScanner\\node_modules\\express\\lib\\router\\index.js:326:13)\n    at C:\\Users\\hanga\\Desktop\\BrainScanner\\node_modules\\express\\lib\\router\\index.js:286:9\n    at Function.process_params (C:\\Users\\hanga\\Desktop\\BrainScanner\\node_modules\\express\\lib\\router\\index.js:346:12)\n    at next (C:\\Users\\hanga\\Desktop\\BrainScanner\\node_modules\\express\\lib\\router\\index.js:280:10)\n    at next (C:\\Users\\hanga\\Desktop\\BrainScanner\\node_modules\\express\\lib\\router\\route.js:141:14)\n    at StudentController.getMyStudents (C:\\Users\\hanga\\Desktop\\BrainScanner\\src\\controllers\\studentController.js:313:13)\n    at C:\\Users\\hanga\\Desktop\\BrainScanner\\src\\routes\\studentRoutes.js:28:25\n    at Layer.handle [as handle_request] (C:\\Users\\hanga\\Desktop\\BrainScanner\\node_modules\\express\\lib\\router\\layer.js:95:5)"},"level":"error","message":"Errore richiesta","method":"GET","query":{},"requestId":"req_1741131619792_d2q81qz6m","timestamp":"2025-03-04T23:40:19.967Z","url":"/api/v1/students/my-students"}
{"level":"error","message":"Cannot read properties of undefined (reading 'code')","stack":"TypeError: Cannot read properties of undefined (reading 'code')\n    at C:\\Users\\hanga\\Desktop\\BrainScanner\\src\\routes\\studentRoutes.js:181:72\n    at Layer.handle_error (C:\\Users\\hanga\\Desktop\\BrainScanner\\node_modules\\express\\lib\\router\\layer.js:71:5)\n    at trim_prefix (C:\\Users\\hanga\\Desktop\\BrainScanner\\node_modules\\express\\lib\\router\\index.js:326:13)\n    at C:\\Users\\hanga\\Desktop\\BrainScanner\\node_modules\\express\\lib\\router\\index.js:286:9\n    at Function.process_params (C:\\Users\\hanga\\Desktop\\BrainScanner\\node_modules\\express\\lib\\router\\index.js:346:12)\n    at next (C:\\Users\\hanga\\Desktop\\BrainScanner\\node_modules\\express\\lib\\router\\index.js:280:10)\n    at next (C:\\Users\\hanga\\Desktop\\BrainScanner\\node_modules\\express\\lib\\router\\route.js:141:14)\n    at StudentController.getMyStudents (C:\\Users\\hanga\\Desktop\\BrainScanner\\src\\controllers\\studentController.js:313:13)\n    at C:\\Users\\hanga\\Desktop\\BrainScanner\\src\\routes\\studentRoutes.js:28:25\n    at Layer.handle [as handle_request] (C:\\Users\\hanga\\Desktop\\BrainScanner\\node_modules\\express\\lib\\router\\layer.js:95:5)","timestamp":"2025-03-04T23:40:19.968Z"}
{"duration":"181ms","ip":"::1","level":"warn","message":"Risposta inviata","method":"GET","requestId":"req_1741131619792_d2q81qz6m","responseSize":"1.34 KB","statusCode":500,"timestamp":"2025-03-04T23:40:19.974Z","url":"/api/v1/students/my-students","userAgent":"Mozilla/5.0 (Windows NT 10.0; Win64; x64) AppleWebKit/537.36 (KHTML, like Gecko) Chrome/133.0.0.0 Safari/537.36"}
{"error":"Parametro di ricerca richiesto","level":"error","message":"Student route error:","method":"GET","path":"/search","timestamp":"2025-03-04T23:40:26.772Z","userId":"67c02995250c5746c3d9647c"}
{"duration":"191ms","ip":"::1","level":"warn","message":"Risposta inviata","method":"GET","requestId":"req_1741131626583_o7shigs8o","responseSize":"84 Bytes","statusCode":400,"timestamp":"2025-03-04T23:40:26.774Z","url":"/api/v1/students/search","userAgent":"Mozilla/5.0 (Windows NT 10.0; Win64; x64) AppleWebKit/537.36 (KHTML, like Gecko) Chrome/133.0.0.0 Safari/537.36"}
{"code":"AUTH_005","level":"error","message":"Solo i docenti possono accedere a questa risorsa","metadata":{},"status":403,"timestamp":"2025-03-04T23:40:35.705Z"}
{"error":"Solo i docenti possono accedere a questa risorsa","level":"error","message":"Student route error:","method":"GET","path":"/my-students","timestamp":"2025-03-04T23:40:35.705Z","userId":"67c02995250c5746c3d9647c"}
{"body":{},"error":{"message":"Cannot read properties of undefined (reading 'code')","stack":"TypeError: Cannot read properties of undefined (reading 'code')\n    at C:\\Users\\hanga\\Desktop\\BrainScanner\\src\\routes\\studentRoutes.js:181:72\n    at Layer.handle_error (C:\\Users\\hanga\\Desktop\\BrainScanner\\node_modules\\express\\lib\\router\\layer.js:71:5)\n    at trim_prefix (C:\\Users\\hanga\\Desktop\\BrainScanner\\node_modules\\express\\lib\\router\\index.js:326:13)\n    at C:\\Users\\hanga\\Desktop\\BrainScanner\\node_modules\\express\\lib\\router\\index.js:286:9\n    at Function.process_params (C:\\Users\\hanga\\Desktop\\BrainScanner\\node_modules\\express\\lib\\router\\index.js:346:12)\n    at next (C:\\Users\\hanga\\Desktop\\BrainScanner\\node_modules\\express\\lib\\router\\index.js:280:10)\n    at next (C:\\Users\\hanga\\Desktop\\BrainScanner\\node_modules\\express\\lib\\router\\route.js:141:14)\n    at StudentController.getMyStudents (C:\\Users\\hanga\\Desktop\\BrainScanner\\src\\controllers\\studentController.js:313:13)\n    at C:\\Users\\hanga\\Desktop\\BrainScanner\\src\\routes\\studentRoutes.js:28:25\n    at Layer.handle [as handle_request] (C:\\Users\\hanga\\Desktop\\BrainScanner\\node_modules\\express\\lib\\router\\layer.js:95:5)"},"level":"error","message":"Errore richiesta","method":"GET","query":{},"requestId":"req_1741131635501_boafoe6ce","timestamp":"2025-03-04T23:40:35.706Z","url":"/api/v1/students/my-students"}
{"level":"error","message":"Cannot read properties of undefined (reading 'code')","stack":"TypeError: Cannot read properties of undefined (reading 'code')\n    at C:\\Users\\hanga\\Desktop\\BrainScanner\\src\\routes\\studentRoutes.js:181:72\n    at Layer.handle_error (C:\\Users\\hanga\\Desktop\\BrainScanner\\node_modules\\express\\lib\\router\\layer.js:71:5)\n    at trim_prefix (C:\\Users\\hanga\\Desktop\\BrainScanner\\node_modules\\express\\lib\\router\\index.js:326:13)\n    at C:\\Users\\hanga\\Desktop\\BrainScanner\\node_modules\\express\\lib\\router\\index.js:286:9\n    at Function.process_params (C:\\Users\\hanga\\Desktop\\BrainScanner\\node_modules\\express\\lib\\router\\index.js:346:12)\n    at next (C:\\Users\\hanga\\Desktop\\BrainScanner\\node_modules\\express\\lib\\router\\index.js:280:10)\n    at next (C:\\Users\\hanga\\Desktop\\BrainScanner\\node_modules\\express\\lib\\router\\route.js:141:14)\n    at StudentController.getMyStudents (C:\\Users\\hanga\\Desktop\\BrainScanner\\src\\controllers\\studentController.js:313:13)\n    at C:\\Users\\hanga\\Desktop\\BrainScanner\\src\\routes\\studentRoutes.js:28:25\n    at Layer.handle [as handle_request] (C:\\Users\\hanga\\Desktop\\BrainScanner\\node_modules\\express\\lib\\router\\layer.js:95:5)","timestamp":"2025-03-04T23:40:35.707Z"}
{"duration":"208ms","ip":"::1","level":"warn","message":"Risposta inviata","method":"GET","requestId":"req_1741131635501_boafoe6ce","responseSize":"1.34 KB","statusCode":500,"timestamp":"2025-03-04T23:40:35.710Z","url":"/api/v1/students/my-students","userAgent":"Mozilla/5.0 (Windows NT 10.0; Win64; x64) AppleWebKit/537.36 (KHTML, like Gecko) Chrome/133.0.0.0 Safari/537.36"}
{"code":"AUTH_005","level":"error","message":"Solo i docenti possono accedere a questa risorsa","metadata":{},"status":403,"timestamp":"2025-03-04T23:40:37.187Z"}
{"error":"Solo i docenti possono accedere a questa risorsa","level":"error","message":"Student route error:","method":"GET","path":"/my-students","timestamp":"2025-03-04T23:40:37.188Z","userId":"67c02995250c5746c3d9647c"}
{"body":{},"error":{"message":"Cannot read properties of undefined (reading 'code')","stack":"TypeError: Cannot read properties of undefined (reading 'code')\n    at C:\\Users\\hanga\\Desktop\\BrainScanner\\src\\routes\\studentRoutes.js:181:72\n    at Layer.handle_error (C:\\Users\\hanga\\Desktop\\BrainScanner\\node_modules\\express\\lib\\router\\layer.js:71:5)\n    at trim_prefix (C:\\Users\\hanga\\Desktop\\BrainScanner\\node_modules\\express\\lib\\router\\index.js:326:13)\n    at C:\\Users\\hanga\\Desktop\\BrainScanner\\node_modules\\express\\lib\\router\\index.js:286:9\n    at Function.process_params (C:\\Users\\hanga\\Desktop\\BrainScanner\\node_modules\\express\\lib\\router\\index.js:346:12)\n    at next (C:\\Users\\hanga\\Desktop\\BrainScanner\\node_modules\\express\\lib\\router\\index.js:280:10)\n    at next (C:\\Users\\hanga\\Desktop\\BrainScanner\\node_modules\\express\\lib\\router\\route.js:141:14)\n    at StudentController.getMyStudents (C:\\Users\\hanga\\Desktop\\BrainScanner\\src\\controllers\\studentController.js:313:13)\n    at C:\\Users\\hanga\\Desktop\\BrainScanner\\src\\routes\\studentRoutes.js:28:25\n    at Layer.handle [as handle_request] (C:\\Users\\hanga\\Desktop\\BrainScanner\\node_modules\\express\\lib\\router\\layer.js:95:5)"},"level":"error","message":"Errore richiesta","method":"GET","query":{},"requestId":"req_1741131637014_79wrefvhv","timestamp":"2025-03-04T23:40:37.189Z","url":"/api/v1/students/my-students"}
{"level":"error","message":"Cannot read properties of undefined (reading 'code')","stack":"TypeError: Cannot read properties of undefined (reading 'code')\n    at C:\\Users\\hanga\\Desktop\\BrainScanner\\src\\routes\\studentRoutes.js:181:72\n    at Layer.handle_error (C:\\Users\\hanga\\Desktop\\BrainScanner\\node_modules\\express\\lib\\router\\layer.js:71:5)\n    at trim_prefix (C:\\Users\\hanga\\Desktop\\BrainScanner\\node_modules\\express\\lib\\router\\index.js:326:13)\n    at C:\\Users\\hanga\\Desktop\\BrainScanner\\node_modules\\express\\lib\\router\\index.js:286:9\n    at Function.process_params (C:\\Users\\hanga\\Desktop\\BrainScanner\\node_modules\\express\\lib\\router\\index.js:346:12)\n    at next (C:\\Users\\hanga\\Desktop\\BrainScanner\\node_modules\\express\\lib\\router\\index.js:280:10)\n    at next (C:\\Users\\hanga\\Desktop\\BrainScanner\\node_modules\\express\\lib\\router\\route.js:141:14)\n    at StudentController.getMyStudents (C:\\Users\\hanga\\Desktop\\BrainScanner\\src\\controllers\\studentController.js:313:13)\n    at C:\\Users\\hanga\\Desktop\\BrainScanner\\src\\routes\\studentRoutes.js:28:25\n    at Layer.handle [as handle_request] (C:\\Users\\hanga\\Desktop\\BrainScanner\\node_modules\\express\\lib\\router\\layer.js:95:5)","timestamp":"2025-03-04T23:40:37.190Z"}
{"duration":"178ms","ip":"::1","level":"warn","message":"Risposta inviata","method":"GET","requestId":"req_1741131637014_79wrefvhv","responseSize":"1.34 KB","statusCode":500,"timestamp":"2025-03-04T23:40:37.196Z","url":"/api/v1/students/my-students","userAgent":"Mozilla/5.0 (Windows NT 10.0; Win64; x64) AppleWebKit/537.36 (KHTML, like Gecko) Chrome/133.0.0.0 Safari/537.36"}
{"level":"warn","message":"Mongoose not connected when initializing models","timestamp":"2025-03-05T05:41:00.890Z"}
{"connectionState":0,"existingModels":["CSIQuestion","Test","Student","CSIConfig"],"level":"info","message":"Initializing models...","timestamp":"2025-03-05T05:41:00.892Z"}
{"level":"info","message":"Model validation successful - all required models registered","timestamp":"2025-03-05T05:41:00.914Z"}
{"level":"info","message":"MongoDB Connected: cluster0-shard-00-01.4nf56.mongodb.net","timestamp":"2025-03-05T05:41:01.471Z"}
{"level":"info","message":"Database connesso con successo","timestamp":"2025-03-05T05:41:01.472Z"}
{"level":"info","message":"Tutti i modelli richiesti sono registrati correttamente","timestamp":"2025-03-05T05:41:01.474Z"}
{"environment":"development","level":"info","message":"Routes initialized:","protected":["/classes","/schools","/users","/students","/tests"],"public":["/auth","/student-auth","/tests/csi/public"],"timestamp":"2025-03-05T05:41:01.730Z"}
{"level":"info","message":"Server in esecuzione su localhost:5000","timestamp":"2025-03-05T05:41:01.733Z"}
{"level":"info","message":"Ambiente: development","timestamp":"2025-03-05T05:41:01.734Z"}
{"error":{"message":"Autenticazione richiesta","metadata":{}},"ip":"::1","level":"error","message":"Authentication failed","path":"/verify","timestamp":"2025-03-05T05:42:50.520Z"}
{"error":{"message":"Autenticazione richiesta","metadata":{}},"ip":"::1","level":"error","message":"Auth Error:","method":"GET","path":"/api/v1/auth/verify","timestamp":"2025-03-05T05:42:50.522Z"}
{"duration":"11ms","ip":"::1","level":"warn","message":"Risposta inviata","method":"GET","requestId":"req_1741153370516_4wf6kvozn","responseSize":"144 Bytes","statusCode":500,"timestamp":"2025-03-05T05:42:50.527Z","url":"/api/v1/auth/verify","userAgent":"Mozilla/5.0 (Windows NT 10.0; Win64; x64) AppleWebKit/537.36 (KHTML, like Gecko) Chrome/133.0.0.0 Safari/537.36"}
{"error":{"message":"Autenticazione richiesta","metadata":{}},"ip":"::1","level":"error","message":"Authentication failed","path":"/logout","timestamp":"2025-03-05T05:42:50.533Z"}
{"error":{"message":"Autenticazione richiesta","metadata":{}},"ip":"::1","level":"error","message":"Auth Error:","method":"POST","path":"/api/v1/auth/logout","timestamp":"2025-03-05T05:42:50.534Z"}
{"duration":"6ms","ip":"::1","level":"warn","message":"Risposta inviata","method":"POST","requestId":"req_1741153370530_8gkd8j7y1","responseSize":"144 Bytes","statusCode":500,"timestamp":"2025-03-05T05:42:50.536Z","url":"/api/v1/auth/logout","userAgent":"Mozilla/5.0 (Windows NT 10.0; Win64; x64) AppleWebKit/537.36 (KHTML, like Gecko) Chrome/133.0.0.0 Safari/537.36"}
{"level":"info","message":"Richiesta login studente","timestamp":"2025-03-05T08:38:11.392Z","username":"ciccio@pasticcio.it"}
{"level":"info","message":"Tentativo di autenticazione studente","timestamp":"2025-03-05T08:38:11.392Z","username":"ciccio@pasticcio.it"}
{"level":"info","message":"Primo accesso rilevato","studentId":"67b20991d8fdac4600a0def6","timestamp":"2025-03-05T08:38:11.421Z","username":"ciccio@pasticcio.it"}
{"level":"warn","message":"Mongoose connection disconnected","timestamp":"2025-03-05T17:09:37.465Z"}
{"level":"info","message":"Mongoose connected to MongoDB Atlas","timestamp":"2025-03-05T17:09:50.069Z"}
