{"level":"warn","message":"Warning: ModelName mancante nel repository","repository":"school","timestamp":"2025-01-30T14:04:10.659Z"}
{"level":"warn","message":"Warning: ModelName mancante nel repository","repository":"class","timestamp":"2025-01-30T14:04:10.662Z"}
{"level":"warn","message":"Warning: ModelName mancante nel repository","repository":"student","timestamp":"2025-01-30T14:04:10.665Z"}
{"level":"warn","message":"Warning: ModelName mancante nel repository","repository":"user","timestamp":"2025-01-30T14:04:10.668Z"}
{"level":"warn","message":"Warning: ModelName mancante nel repository","repository":"test","timestamp":"2025-01-30T14:04:10.672Z"}
{"level":"info","message":"Repository caricati con successo","repositories":["school","class","student","user","test"],"timestamp":"2025-01-30T14:04:10.674Z"}
{"controllers":["auth","school","user","class","student","test"],"level":"info","message":"Controllers caricati con successo","timestamp":"2025-01-30T14:04:10.720Z"}
{"level":"info","message":"Routes caricate:","protected":["/classes","/schools","/users","/students","/tests"],"public":["/auth","/tests/csi/public"],"timestamp":"2025-01-30T14:04:11.436Z"}
{"level":"info","message":"MongoDB Connected: cluster0-shard-00-02.4nf56.mongodb.net","timestamp":"2025-01-30T14:04:12.475Z"}
{"level":"info","message":"Server in esecuzione su localhost:5000","timestamp":"2025-01-30T14:04:12.488Z"}
{"level":"info","message":"Ambiente: development","timestamp":"2025-01-30T14:04:12.489Z"}
{"ip":"::1","level":"info","message":"Auth Route Called","method":"POST","path":"/api/v1/auth/login","timestamp":"2025-01-30T14:04:37.905Z","userAgent":"Mozilla/5.0 (Windows NT 10.0; Win64; x64) AppleWebKit/537.36 (KHTML, like Gecko) Chrome/132.0.0.0 Safari/537.36 Edg/132.0.0.0"}
{"hasSchool":false,"level":"info","message":"✨ Authentication successful","role":"admin","timestamp":"2025-01-30T14:19:31.270Z","tokenExpiresIn":"1425.1121666666666 minutes","userId":"677bfe44f6789c907c9f3766"}
{"hasSchool":false,"level":"info","message":"✨ Authentication successful","role":"admin","timestamp":"2025-01-30T14:19:31.280Z","tokenExpiresIn":"1425.112 minutes","userId":"677bfe44f6789c907c9f3766"}
{"hasSchool":false,"level":"info","message":"✨ Authentication successful","role":"admin","timestamp":"2025-01-30T14:19:31.293Z","tokenExpiresIn":"1425.1117833333333 minutes","userId":"677bfe44f6789c907c9f3766"}
{"hasSchool":false,"level":"info","message":"✨ Authentication successful","role":"admin","timestamp":"2025-01-30T14:19:31.304Z","tokenExpiresIn":"1425.1116 minutes","userId":"677bfe44f6789c907c9f3766"}
{"hasSchool":false,"level":"info","message":"✨ Authentication successful","role":"admin","timestamp":"2025-01-30T14:19:31.313Z","tokenExpiresIn":"1425.11145 minutes","userId":"677bfe44f6789c907c9f3766"}
{"hasSchool":false,"level":"info","message":"✨ Authentication successful","role":"admin","timestamp":"2025-01-30T14:19:31.319Z","tokenExpiresIn":"1425.11135 minutes","userId":"677bfe44f6789c907c9f3766"}
{"hasSchool":false,"level":"info","message":"✨ Authentication successful","role":"admin","timestamp":"2025-01-30T14:19:31.394Z","tokenExpiresIn":"1425.1101 minutes","userId":"677bfe44f6789c907c9f3766"}
{"hasSchool":false,"level":"info","message":"✨ Authentication successful","role":"admin","timestamp":"2025-01-30T14:19:31.404Z","tokenExpiresIn":"1425.1099333333334 minutes","userId":"677bfe44f6789c907c9f3766"}
{"hasSchool":false,"level":"info","message":"✨ Authentication successful","role":"admin","timestamp":"2025-01-30T14:19:31.437Z","tokenExpiresIn":"1425.1093833333332 minutes","userId":"677bfe44f6789c907c9f3766"}
{"hasSchool":false,"level":"info","message":"✨ Authentication successful","role":"admin","timestamp":"2025-01-30T14:19:31.445Z","tokenExpiresIn":"1425.1092666666666 minutes","userId":"677bfe44f6789c907c9f3766"}
{"hasSchool":false,"level":"info","message":"✨ Authentication successful","role":"admin","timestamp":"2025-01-30T14:19:31.506Z","tokenExpiresIn":"1425.1082333333334 minutes","userId":"677bfe44f6789c907c9f3766"}
{"hasSchool":false,"level":"info","message":"✨ Authentication successful","role":"admin","timestamp":"2025-01-30T14:19:31.531Z","tokenExpiresIn":"1425.1078166666666 minutes","userId":"677bfe44f6789c907c9f3766"}
{"hasSchool":false,"level":"info","message":"✨ Authentication successful","role":"admin","timestamp":"2025-01-30T14:22:08.339Z","tokenExpiresIn":"1422.49435 minutes","userId":"677bfe44f6789c907c9f3766"}
{"hasSchool":false,"level":"info","message":"✨ Authentication successful","role":"admin","timestamp":"2025-01-30T14:22:08.363Z","tokenExpiresIn":"1422.49395 minutes","userId":"677bfe44f6789c907c9f3766"}
{"hasSchool":false,"level":"info","message":"✨ Authentication successful","role":"admin","timestamp":"2025-01-30T14:22:08.531Z","tokenExpiresIn":"1422.49115 minutes","userId":"677bfe44f6789c907c9f3766"}
{"hasSchool":false,"level":"info","message":"✨ Authentication successful","role":"admin","timestamp":"2025-01-30T14:22:08.558Z","tokenExpiresIn":"1422.4906999999998 minutes","userId":"677bfe44f6789c907c9f3766"}
{"hasSchool":false,"level":"info","message":"✨ Authentication successful","role":"admin","timestamp":"2025-01-30T15:20:19.472Z","tokenExpiresIn":"1364.3088 minutes","userId":"677bfe44f6789c907c9f3766"}
{"hasSchool":false,"level":"info","message":"✨ Authentication successful","role":"admin","timestamp":"2025-01-30T15:20:19.526Z","tokenExpiresIn":"1364.3079 minutes","userId":"677bfe44f6789c907c9f3766"}
{"hasSchool":false,"level":"info","message":"✨ Authentication successful","role":"admin","timestamp":"2025-01-30T15:20:21.823Z","tokenExpiresIn":"1364.2696166666667 minutes","userId":"677bfe44f6789c907c9f3766"}
{"hasSchool":false,"level":"info","message":"✨ Authentication successful","role":"admin","timestamp":"2025-01-30T15:20:21.835Z","tokenExpiresIn":"1364.2694166666665 minutes","userId":"677bfe44f6789c907c9f3766"}
{"hasSchool":false,"level":"info","message":"✨ Authentication successful","role":"admin","timestamp":"2025-01-30T15:20:21.850Z","tokenExpiresIn":"1364.2691666666665 minutes","userId":"677bfe44f6789c907c9f3766"}
{"hasSchool":false,"level":"info","message":"✨ Authentication successful","role":"admin","timestamp":"2025-01-30T15:20:21.863Z","tokenExpiresIn":"1364.2689500000001 minutes","userId":"677bfe44f6789c907c9f3766"}
{"hasSchool":false,"level":"info","message":"✨ Authentication successful","role":"admin","timestamp":"2025-01-30T15:20:31.896Z","tokenExpiresIn":"1364.1017333333334 minutes","userId":"677bfe44f6789c907c9f3766"}
{"hasSchool":false,"level":"info","message":"✨ Authentication successful","role":"admin","timestamp":"2025-01-30T15:20:31.923Z","tokenExpiresIn":"1364.1012833333334 minutes","userId":"677bfe44f6789c907c9f3766"}
{"hasSchool":false,"level":"info","message":"✨ Authentication successful","role":"admin","timestamp":"2025-01-30T15:20:33.821Z","tokenExpiresIn":"1364.0696500000001 minutes","userId":"677bfe44f6789c907c9f3766"}
{"hasSchool":false,"level":"info","message":"✨ Authentication successful","role":"admin","timestamp":"2025-01-30T15:20:33.847Z","tokenExpiresIn":"1364.0692166666668 minutes","userId":"677bfe44f6789c907c9f3766"}
{"hasSchool":false,"level":"info","message":"✨ Authentication successful","role":"admin","timestamp":"2025-01-30T15:20:36.866Z","tokenExpiresIn":"1364.0189 minutes","userId":"677bfe44f6789c907c9f3766"}
{"hasSchool":false,"level":"info","message":"✨ Authentication successful","role":"admin","timestamp":"2025-01-30T15:20:36.891Z","tokenExpiresIn":"1364.0184833333333 minutes","userId":"677bfe44f6789c907c9f3766"}
{"hasSchool":false,"level":"info","message":"✨ Authentication successful","role":"admin","timestamp":"2025-01-30T15:20:39.609Z","tokenExpiresIn":"1363.9731833333333 minutes","userId":"677bfe44f6789c907c9f3766"}
{"hasSchool":false,"level":"info","message":"✨ Authentication successful","role":"admin","timestamp":"2025-01-30T15:20:39.636Z","tokenExpiresIn":"1363.9727333333333 minutes","userId":"677bfe44f6789c907c9f3766"}
{"hasSchool":false,"level":"info","message":"✨ Authentication successful","role":"admin","timestamp":"2025-01-30T15:20:43.613Z","tokenExpiresIn":"1363.90645 minutes","userId":"677bfe44f6789c907c9f3766"}
{"hasSchool":false,"level":"info","message":"✨ Authentication successful","role":"admin","timestamp":"2025-01-30T15:20:43.639Z","tokenExpiresIn":"1363.9060166666668 minutes","userId":"677bfe44f6789c907c9f3766"}
{"hasSchool":false,"level":"info","message":"✨ Authentication successful","role":"admin","timestamp":"2025-01-30T15:20:45.076Z","tokenExpiresIn":"1363.8820666666666 minutes","userId":"677bfe44f6789c907c9f3766"}
{"hasSchool":false,"level":"info","message":"✨ Authentication successful","role":"admin","timestamp":"2025-01-30T15:20:45.100Z","tokenExpiresIn":"1363.8816666666667 minutes","userId":"677bfe44f6789c907c9f3766"}
{"hasSchool":false,"level":"info","message":"✨ Authentication successful","role":"admin","timestamp":"2025-01-30T15:20:49.352Z","tokenExpiresIn":"1363.8108 minutes","userId":"677bfe44f6789c907c9f3766"}
{"hasSchool":false,"level":"info","message":"✨ Authentication successful","role":"admin","timestamp":"2025-01-30T15:20:49.375Z","tokenExpiresIn":"1363.8104166666667 minutes","userId":"677bfe44f6789c907c9f3766"}
{"hasSchool":false,"level":"info","message":"✨ Authentication successful","role":"admin","timestamp":"2025-01-30T15:21:03.571Z","tokenExpiresIn":"1363.5738166666667 minutes","userId":"677bfe44f6789c907c9f3766"}
{"hasSchool":false,"level":"info","message":"✨ Authentication successful","role":"admin","timestamp":"2025-01-30T15:21:03.598Z","tokenExpiresIn":"1363.5733666666667 minutes","userId":"677bfe44f6789c907c9f3766"}
{"hasSchool":false,"level":"info","message":"✨ Authentication successful","role":"admin","timestamp":"2025-01-30T15:22:56.199Z","tokenExpiresIn":"1361.6966833333333 minutes","userId":"677bfe44f6789c907c9f3766"}
{"hasSchool":false,"level":"info","message":"✨ Authentication successful","role":"admin","timestamp":"2025-01-30T15:22:56.215Z","tokenExpiresIn":"1361.6964166666667 minutes","userId":"677bfe44f6789c907c9f3766"}
{"hasSchool":false,"level":"info","message":"✨ Authentication successful","role":"admin","timestamp":"2025-01-30T15:22:56.226Z","tokenExpiresIn":"1361.6962333333333 minutes","userId":"677bfe44f6789c907c9f3766"}
{"hasSchool":false,"level":"info","message":"✨ Authentication successful","role":"admin","timestamp":"2025-01-30T15:22:56.245Z","tokenExpiresIn":"1361.6959166666668 minutes","userId":"677bfe44f6789c907c9f3766"}
{"ip":"::1","level":"info","message":"Auth Route Called","method":"GET","path":"/api/v1/auth/verify","timestamp":"2025-01-30T15:23:20.748Z","userAgent":"Mozilla/5.0 (Windows NT 10.0; Win64; x64) AppleWebKit/537.36 (KHTML, like Gecko) Chrome/132.0.0.0 Safari/537.36 Edg/132.0.0.0"}
{"hasSchool":false,"level":"info","message":"✨ Authentication successful","role":"admin","timestamp":"2025-01-30T15:23:20.771Z","tokenExpiresIn":"1361.28715 minutes","userId":"677bfe44f6789c907c9f3766"}
{"level":"info","message":"Verifica token in corso per utente:","timestamp":"2025-01-30T15:23:20.779Z","userId":"677bfe44f6789c907c9f3766"}
{"hasSchool":false,"level":"info","message":"✨ Authentication successful","role":"admin","timestamp":"2025-01-30T15:23:21.167Z","tokenExpiresIn":"1361.28055 minutes","userId":"677bfe44f6789c907c9f3766"}
{"hasSchool":false,"level":"info","message":"✨ Authentication successful","role":"admin","timestamp":"2025-01-30T15:23:21.180Z","tokenExpiresIn":"1361.2803333333334 minutes","userId":"677bfe44f6789c907c9f3766"}
{"hasSchool":false,"level":"info","message":"✨ Authentication successful","role":"admin","timestamp":"2025-01-30T15:23:21.192Z","tokenExpiresIn":"1361.2801333333334 minutes","userId":"677bfe44f6789c907c9f3766"}
{"hasSchool":false,"level":"info","message":"✨ Authentication successful","role":"admin","timestamp":"2025-01-30T15:23:21.204Z","tokenExpiresIn":"1361.2799333333335 minutes","userId":"677bfe44f6789c907c9f3766"}
{"hasSchool":false,"level":"info","message":"✨ Authentication successful","role":"admin","timestamp":"2025-01-30T15:23:21.212Z","tokenExpiresIn":"1361.2798 minutes","userId":"677bfe44f6789c907c9f3766"}
{"hasSchool":false,"level":"info","message":"✨ Authentication successful","role":"admin","timestamp":"2025-01-30T15:23:21.219Z","tokenExpiresIn":"1361.2796833333334 minutes","userId":"677bfe44f6789c907c9f3766"}
{"hasSchool":false,"level":"info","message":"✨ Authentication successful","role":"admin","timestamp":"2025-01-30T15:23:21.283Z","tokenExpiresIn":"1361.2786166666667 minutes","userId":"677bfe44f6789c907c9f3766"}
{"hasSchool":false,"level":"info","message":"✨ Authentication successful","role":"admin","timestamp":"2025-01-30T15:23:21.334Z","tokenExpiresIn":"1361.2777666666666 minutes","userId":"677bfe44f6789c907c9f3766"}
{"hasSchool":false,"level":"info","message":"✨ Authentication successful","role":"admin","timestamp":"2025-01-30T15:23:21.359Z","tokenExpiresIn":"1361.27735 minutes","userId":"677bfe44f6789c907c9f3766"}
{"hasSchool":false,"level":"info","message":"✨ Authentication successful","role":"admin","timestamp":"2025-01-30T15:23:21.385Z","tokenExpiresIn":"1361.2769166666667 minutes","userId":"677bfe44f6789c907c9f3766"}
{"hasSchool":false,"level":"info","message":"✨ Authentication successful","role":"admin","timestamp":"2025-01-30T15:23:21.419Z","tokenExpiresIn":"1361.27635 minutes","userId":"677bfe44f6789c907c9f3766"}
{"hasSchool":false,"level":"info","message":"✨ Authentication successful","role":"admin","timestamp":"2025-01-30T15:23:21.449Z","tokenExpiresIn":"1361.2758500000002 minutes","userId":"677bfe44f6789c907c9f3766"}
{"level":"warn","message":"Warning: ModelName mancante nel repository","repository":"school","timestamp":"2025-01-30T16:18:06.751Z"}
{"level":"warn","message":"Warning: ModelName mancante nel repository","repository":"class","timestamp":"2025-01-30T16:18:06.752Z"}
{"level":"warn","message":"Warning: ModelName mancante nel repository","repository":"student","timestamp":"2025-01-30T16:18:06.753Z"}
{"level":"warn","message":"Warning: ModelName mancante nel repository","repository":"user","timestamp":"2025-01-30T16:18:06.754Z"}
{"level":"warn","message":"Warning: ModelName mancante nel repository","repository":"test","timestamp":"2025-01-30T16:18:06.755Z"}
{"level":"info","message":"Repository caricati con successo","repositories":["school","class","student","user","test"],"timestamp":"2025-01-30T16:18:06.756Z"}
{"controllers":["auth","school","user","class","student","test"],"level":"info","message":"Controllers caricati con successo","timestamp":"2025-01-30T16:18:06.782Z"}
{"level":"info","message":"Routes caricate:","protected":["/classes","/schools","/users","/students","/tests"],"public":["/auth","/tests/csi/public"],"timestamp":"2025-01-30T16:18:07.105Z"}
{"level":"info","message":"MongoDB Connected: cluster0-shard-00-01.4nf56.mongodb.net","timestamp":"2025-01-30T16:18:10.514Z"}
{"level":"info","message":"Server in esecuzione su localhost:5000","timestamp":"2025-01-30T16:18:10.524Z"}
{"level":"info","message":"Ambiente: development","timestamp":"2025-01-30T16:18:10.525Z"}
{"ip":"::1","level":"info","message":"Auth Route Called","method":"GET","path":"/api/v1/auth/verify","timestamp":"2025-01-30T16:19:02.192Z","userAgent":"Mozilla/5.0 (Windows NT 10.0; Win64; x64) AppleWebKit/537.36 (KHTML, like Gecko) Chrome/132.0.0.0 Safari/537.36 Edg/132.0.0.0"}
{"hasSchool":false,"level":"info","message":"✨ Authentication successful","role":"admin","timestamp":"2025-01-30T16:19:02.248Z","tokenExpiresIn":"1305.5958666666666 minutes","userId":"677bfe44f6789c907c9f3766"}
{"level":"info","message":"Verifica token in corso per utente:","timestamp":"2025-01-30T16:19:02.250Z","userId":"677bfe44f6789c907c9f3766"}
{"hasSchool":false,"level":"info","message":"✨ Authentication successful","role":"admin","timestamp":"2025-01-30T16:19:05.429Z","tokenExpiresIn":"1305.54285 minutes","userId":"677bfe44f6789c907c9f3766"}
{"hasSchool":false,"level":"info","message":"✨ Authentication successful","role":"admin","timestamp":"2025-01-30T16:19:05.444Z","tokenExpiresIn":"1305.5426 minutes","userId":"677bfe44f6789c907c9f3766"}
{"hasSchool":false,"level":"info","message":"✨ Authentication successful","role":"admin","timestamp":"2025-01-30T16:19:05.457Z","tokenExpiresIn":"1305.5423833333334 minutes","userId":"677bfe44f6789c907c9f3766"}
{"hasSchool":false,"level":"info","message":"✨ Authentication successful","role":"admin","timestamp":"2025-01-30T16:19:05.470Z","tokenExpiresIn":"1305.5421666666666 minutes","userId":"677bfe44f6789c907c9f3766"}
{"hasSchool":false,"level":"info","message":"✨ Authentication successful","role":"admin","timestamp":"2025-01-30T16:19:05.478Z","tokenExpiresIn":"1305.5420333333334 minutes","userId":"677bfe44f6789c907c9f3766"}
{"hasSchool":false,"level":"info","message":"✨ Authentication successful","role":"admin","timestamp":"2025-01-30T16:19:05.487Z","tokenExpiresIn":"1305.5418833333335 minutes","userId":"677bfe44f6789c907c9f3766"}
{"level":"error","message":"Error in getAll students:","timestamp":"2025-01-30T16:19:05.488Z"}
{"error":"this._buildFilters is not a function","level":"error","message":"Student route error:","method":"GET","path":"/","stack":"TypeError: this._buildFilters is not a function\n    at StudentController.getAll (C:\\Users\\ricca\\Desktop\\BSc\\src\\controllers\\studentController.js:38:34)\n    at Layer.handle [as handle_request] (C:\\Users\\ricca\\Desktop\\BSc\\node_modules\\express\\lib\\router\\layer.js:95:5)\n    at next (C:\\Users\\ricca\\Desktop\\BSc\\node_modules\\express\\lib\\router\\route.js:149:13)\n    at C:\\Users\\ricca\\Desktop\\BSc\\src\\middleware\\authMiddleware.js:185:9\n    at Layer.handle [as handle_request] (C:\\Users\\ricca\\Desktop\\BSc\\node_modules\\express\\lib\\router\\layer.js:95:5)\n    at next (C:\\Users\\ricca\\Desktop\\BSc\\node_modules\\express\\lib\\router\\route.js:149:13)\n    at Route.dispatch (C:\\Users\\ricca\\Desktop\\BSc\\node_modules\\express\\lib\\router\\route.js:119:3)\n    at Layer.handle [as handle_request] (C:\\Users\\ricca\\Desktop\\BSc\\node_modules\\express\\lib\\router\\layer.js:95:5)\n    at C:\\Users\\ricca\\Desktop\\BSc\\node_modules\\express\\lib\\router\\index.js:284:15\n    at Function.process_params (C:\\Users\\ricca\\Desktop\\BSc\\node_modules\\express\\lib\\router\\index.js:346:12)","timestamp":"2025-01-30T16:19:05.489Z","userId":"677bfe44f6789c907c9f3766"}
{"duration":"82ms","ip":"::1","level":"warn","message":"Risposta inviata","method":"GET","requestId":"req_1738253945412_ix6jxp3qy","responseSize":"90 Bytes","statusCode":400,"timestamp":"2025-01-30T16:19:05.495Z","url":"/api/v1/students?page=1&limit=50","userAgent":"Mozilla/5.0 (Windows NT 10.0; Win64; x64) AppleWebKit/537.36 (KHTML, like Gecko) Chrome/132.0.0.0 Safari/537.36 Edg/132.0.0.0"}
{"hasSchool":false,"level":"info","message":"✨ Authentication successful","role":"admin","timestamp":"2025-01-30T16:19:05.584Z","tokenExpiresIn":"1305.5402666666666 minutes","userId":"677bfe44f6789c907c9f3766"}
{"hasSchool":false,"level":"info","message":"✨ Authentication successful","role":"admin","timestamp":"2025-01-30T16:19:05.596Z","tokenExpiresIn":"1305.5400666666667 minutes","userId":"677bfe44f6789c907c9f3766"}
{"hasSchool":false,"level":"info","message":"✨ Authentication successful","role":"admin","timestamp":"2025-01-30T16:19:05.611Z","tokenExpiresIn":"1305.5398166666666 minutes","userId":"677bfe44f6789c907c9f3766"}
{"hasSchool":false,"level":"info","message":"✨ Authentication successful","role":"admin","timestamp":"2025-01-30T16:19:05.625Z","tokenExpiresIn":"1305.5395833333334 minutes","userId":"677bfe44f6789c907c9f3766"}
{"hasSchool":false,"level":"info","message":"✨ Authentication successful","role":"admin","timestamp":"2025-01-30T16:19:05.690Z","tokenExpiresIn":"1305.5384999999999 minutes","userId":"677bfe44f6789c907c9f3766"}
{"hasSchool":false,"level":"info","message":"✨ Authentication successful","role":"admin","timestamp":"2025-01-30T16:19:05.725Z","tokenExpiresIn":"1305.5379166666667 minutes","userId":"677bfe44f6789c907c9f3766"}
{"hasSchool":false,"level":"info","message":"✨ Authentication successful","role":"admin","timestamp":"2025-01-30T16:23:30.992Z","tokenExpiresIn":"1301.1168 minutes","userId":"677bfe44f6789c907c9f3766"}
{"hasSchool":false,"level":"info","message":"✨ Authentication successful","role":"admin","timestamp":"2025-01-30T16:23:31.003Z","tokenExpiresIn":"1301.1166166666667 minutes","userId":"677bfe44f6789c907c9f3766"}
{"hasSchool":false,"level":"info","message":"✨ Authentication successful","role":"admin","timestamp":"2025-01-30T16:23:31.018Z","tokenExpiresIn":"1301.1163666666666 minutes","userId":"677bfe44f6789c907c9f3766"}
{"level":"error","message":"Error in getAll students:","timestamp":"2025-01-30T16:23:31.020Z"}
{"error":"this._buildFilters is not a function","level":"error","message":"Student route error:","method":"GET","path":"/","stack":"TypeError: this._buildFilters is not a function\n    at StudentController.getAll (C:\\Users\\ricca\\Desktop\\BSc\\src\\controllers\\studentController.js:38:34)\n    at Layer.handle [as handle_request] (C:\\Users\\ricca\\Desktop\\BSc\\node_modules\\express\\lib\\router\\layer.js:95:5)\n    at next (C:\\Users\\ricca\\Desktop\\BSc\\node_modules\\express\\lib\\router\\route.js:149:13)\n    at C:\\Users\\ricca\\Desktop\\BSc\\src\\middleware\\authMiddleware.js:185:9\n    at Layer.handle [as handle_request] (C:\\Users\\ricca\\Desktop\\BSc\\node_modules\\express\\lib\\router\\layer.js:95:5)\n    at next (C:\\Users\\ricca\\Desktop\\BSc\\node_modules\\express\\lib\\router\\route.js:149:13)\n    at Route.dispatch (C:\\Users\\ricca\\Desktop\\BSc\\node_modules\\express\\lib\\router\\route.js:119:3)\n    at Layer.handle [as handle_request] (C:\\Users\\ricca\\Desktop\\BSc\\node_modules\\express\\lib\\router\\layer.js:95:5)\n    at C:\\Users\\ricca\\Desktop\\BSc\\node_modules\\express\\lib\\router\\index.js:284:15\n    at Function.process_params (C:\\Users\\ricca\\Desktop\\BSc\\node_modules\\express\\lib\\router\\index.js:346:12)","timestamp":"2025-01-30T16:23:31.021Z","userId":"677bfe44f6789c907c9f3766"}
{"duration":"57ms","ip":"::1","level":"warn","message":"Risposta inviata","method":"GET","requestId":"req_1738254210966_cvbmjoawi","responseSize":"90 Bytes","statusCode":400,"timestamp":"2025-01-30T16:23:31.024Z","url":"/api/v1/students?page=1&limit=50&specialNeeds=false","userAgent":"Mozilla/5.0 (Windows NT 10.0; Win64; x64) AppleWebKit/537.36 (KHTML, like Gecko) Chrome/132.0.0.0 Safari/537.36 Edg/132.0.0.0"}
{"hasSchool":false,"level":"info","message":"✨ Authentication successful","role":"admin","timestamp":"2025-01-30T16:23:31.029Z","tokenExpiresIn":"1301.1161833333333 minutes","userId":"677bfe44f6789c907c9f3766"}
{"ip":"::1","level":"info","message":"Auth Route Called","method":"GET","path":"/api/v1/auth/verify","timestamp":"2025-01-30T16:24:28.988Z","userAgent":"Mozilla/5.0 (Windows NT 10.0; Win64; x64) AppleWebKit/537.36 (KHTML, like Gecko) Chrome/132.0.0.0 Safari/537.36 Edg/132.0.0.0"}
{"hasSchool":false,"level":"info","message":"✨ Authentication successful","role":"admin","timestamp":"2025-01-30T16:24:29.012Z","tokenExpiresIn":"1300.1498 minutes","userId":"677bfe44f6789c907c9f3766"}
{"level":"info","message":"Verifica token in corso per utente:","timestamp":"2025-01-30T16:24:29.013Z","userId":"677bfe44f6789c907c9f3766"}
{"hasSchool":false,"level":"info","message":"✨ Authentication successful","role":"admin","timestamp":"2025-01-30T16:24:29.296Z","tokenExpiresIn":"1300.1450666666667 minutes","userId":"677bfe44f6789c907c9f3766"}
{"hasSchool":false,"level":"info","message":"✨ Authentication successful","role":"admin","timestamp":"2025-01-30T16:24:29.307Z","tokenExpiresIn":"1300.1448833333334 minutes","userId":"677bfe44f6789c907c9f3766"}
{"hasSchool":false,"level":"info","message":"✨ Authentication successful","role":"admin","timestamp":"2025-01-30T16:24:29.324Z","tokenExpiresIn":"1300.1446 minutes","userId":"677bfe44f6789c907c9f3766"}
{"hasSchool":false,"level":"info","message":"✨ Authentication successful","role":"admin","timestamp":"2025-01-30T16:24:29.331Z","tokenExpiresIn":"1300.1444833333333 minutes","userId":"677bfe44f6789c907c9f3766"}
{"level":"error","message":"Error in getAll students:","timestamp":"2025-01-30T16:24:29.332Z"}
{"error":"this._buildFilters is not a function","level":"error","message":"Student route error:","method":"GET","path":"/","stack":"TypeError: this._buildFilters is not a function\n    at StudentController.getAll (C:\\Users\\ricca\\Desktop\\BSc\\src\\controllers\\studentController.js:38:34)\n    at Layer.handle [as handle_request] (C:\\Users\\ricca\\Desktop\\BSc\\node_modules\\express\\lib\\router\\layer.js:95:5)\n    at next (C:\\Users\\ricca\\Desktop\\BSc\\node_modules\\express\\lib\\router\\route.js:149:13)\n    at C:\\Users\\ricca\\Desktop\\BSc\\src\\middleware\\authMiddleware.js:185:9\n    at Layer.handle [as handle_request] (C:\\Users\\ricca\\Desktop\\BSc\\node_modules\\express\\lib\\router\\layer.js:95:5)\n    at next (C:\\Users\\ricca\\Desktop\\BSc\\node_modules\\express\\lib\\router\\route.js:149:13)\n    at Route.dispatch (C:\\Users\\ricca\\Desktop\\BSc\\node_modules\\express\\lib\\router\\route.js:119:3)\n    at Layer.handle [as handle_request] (C:\\Users\\ricca\\Desktop\\BSc\\node_modules\\express\\lib\\router\\layer.js:95:5)\n    at C:\\Users\\ricca\\Desktop\\BSc\\node_modules\\express\\lib\\router\\index.js:284:15\n    at Function.process_params (C:\\Users\\ricca\\Desktop\\BSc\\node_modules\\express\\lib\\router\\index.js:346:12)","timestamp":"2025-01-30T16:24:29.333Z","userId":"677bfe44f6789c907c9f3766"}
{"duration":"57ms","ip":"::1","level":"warn","message":"Risposta inviata","method":"GET","requestId":"req_1738254269278_j2db6z0x4","responseSize":"90 Bytes","statusCode":400,"timestamp":"2025-01-30T16:24:29.335Z","url":"/api/v1/students?page=1&limit=50&specialNeeds=false","userAgent":"Mozilla/5.0 (Windows NT 10.0; Win64; x64) AppleWebKit/537.36 (KHTML, like Gecko) Chrome/132.0.0.0 Safari/537.36 Edg/132.0.0.0"}
{"hasSchool":false,"level":"info","message":"✨ Authentication successful","role":"admin","timestamp":"2025-01-30T16:24:45.570Z","tokenExpiresIn":"1299.8738333333333 minutes","userId":"677bfe44f6789c907c9f3766"}
{"hasSchool":false,"level":"info","message":"✨ Authentication successful","role":"admin","timestamp":"2025-01-30T16:24:45.599Z","tokenExpiresIn":"1299.87335 minutes","userId":"677bfe44f6789c907c9f3766"}
{"hasSchool":false,"level":"info","message":"✨ Authentication successful","role":"admin","timestamp":"2025-01-30T16:24:47.086Z","tokenExpiresIn":"1299.8485666666668 minutes","userId":"677bfe44f6789c907c9f3766"}
{"hasSchool":false,"level":"info","message":"✨ Authentication successful","role":"admin","timestamp":"2025-01-30T16:24:47.113Z","tokenExpiresIn":"1299.8481166666668 minutes","userId":"677bfe44f6789c907c9f3766"}
{"hasSchool":false,"level":"info","message":"✨ Authentication successful","role":"admin","timestamp":"2025-01-30T16:24:48.117Z","tokenExpiresIn":"1299.8313833333334 minutes","userId":"677bfe44f6789c907c9f3766"}
{"hasSchool":false,"level":"info","message":"✨ Authentication successful","role":"admin","timestamp":"2025-01-30T16:24:48.129Z","tokenExpiresIn":"1299.8311833333332 minutes","userId":"677bfe44f6789c907c9f3766"}
{"hasSchool":false,"level":"info","message":"✨ Authentication successful","role":"admin","timestamp":"2025-01-30T16:24:48.142Z","tokenExpiresIn":"1299.8309666666667 minutes","userId":"677bfe44f6789c907c9f3766"}
{"hasSchool":false,"level":"info","message":"✨ Authentication successful","role":"admin","timestamp":"2025-01-30T16:24:48.154Z","tokenExpiresIn":"1299.8307666666667 minutes","userId":"677bfe44f6789c907c9f3766"}
{"level":"error","message":"Error in getAll students:","timestamp":"2025-01-30T16:24:48.155Z"}
{"error":"this._buildFilters is not a function","level":"error","message":"Student route error:","method":"GET","path":"/","stack":"TypeError: this._buildFilters is not a function\n    at StudentController.getAll (C:\\Users\\ricca\\Desktop\\BSc\\src\\controllers\\studentController.js:38:34)\n    at Layer.handle [as handle_request] (C:\\Users\\ricca\\Desktop\\BSc\\node_modules\\express\\lib\\router\\layer.js:95:5)\n    at next (C:\\Users\\ricca\\Desktop\\BSc\\node_modules\\express\\lib\\router\\route.js:149:13)\n    at C:\\Users\\ricca\\Desktop\\BSc\\src\\middleware\\authMiddleware.js:185:9\n    at Layer.handle [as handle_request] (C:\\Users\\ricca\\Desktop\\BSc\\node_modules\\express\\lib\\router\\layer.js:95:5)\n    at next (C:\\Users\\ricca\\Desktop\\BSc\\node_modules\\express\\lib\\router\\route.js:149:13)\n    at Route.dispatch (C:\\Users\\ricca\\Desktop\\BSc\\node_modules\\express\\lib\\router\\route.js:119:3)\n    at Layer.handle [as handle_request] (C:\\Users\\ricca\\Desktop\\BSc\\node_modules\\express\\lib\\router\\layer.js:95:5)\n    at C:\\Users\\ricca\\Desktop\\BSc\\node_modules\\express\\lib\\router\\index.js:284:15\n    at Function.process_params (C:\\Users\\ricca\\Desktop\\BSc\\node_modules\\express\\lib\\router\\index.js:346:12)","timestamp":"2025-01-30T16:24:48.155Z","userId":"677bfe44f6789c907c9f3766"}
{"duration":"58ms","ip":"::1","level":"warn","message":"Risposta inviata","method":"GET","requestId":"req_1738254288100_l393lkbcb","responseSize":"90 Bytes","statusCode":400,"timestamp":"2025-01-30T16:24:48.158Z","url":"/api/v1/students?page=1&limit=50&specialNeeds=false","userAgent":"Mozilla/5.0 (Windows NT 10.0; Win64; x64) AppleWebKit/537.36 (KHTML, like Gecko) Chrome/132.0.0.0 Safari/537.36 Edg/132.0.0.0"}
{"level":"warn","message":"Warning: ModelName mancante nel repository","repository":"school","timestamp":"2025-01-30T16:25:19.173Z"}
{"level":"warn","message":"Warning: ModelName mancante nel repository","repository":"class","timestamp":"2025-01-30T16:25:19.174Z"}
{"level":"warn","message":"Warning: ModelName mancante nel repository","repository":"student","timestamp":"2025-01-30T16:25:19.175Z"}
{"level":"warn","message":"Warning: ModelName mancante nel repository","repository":"user","timestamp":"2025-01-30T16:25:19.176Z"}
{"level":"warn","message":"Warning: ModelName mancante nel repository","repository":"test","timestamp":"2025-01-30T16:25:19.176Z"}
{"level":"info","message":"Repository caricati con successo","repositories":["school","class","student","user","test"],"timestamp":"2025-01-30T16:25:19.177Z"}
{"controllers":["auth","school","user","class","student","test"],"level":"info","message":"Controllers caricati con successo","timestamp":"2025-01-30T16:25:19.204Z"}
{"level":"info","message":"Routes caricate:","protected":["/classes","/schools","/users","/students","/tests"],"public":["/auth","/tests/csi/public"],"timestamp":"2025-01-30T16:25:19.505Z"}
{"level":"info","message":"MongoDB Connected: cluster0-shard-00-02.4nf56.mongodb.net","timestamp":"2025-01-30T16:25:19.935Z"}
{"level":"info","message":"Server in esecuzione su localhost:5000","timestamp":"2025-01-30T16:25:19.944Z"}
{"level":"info","message":"Ambiente: development","timestamp":"2025-01-30T16:25:19.945Z"}
{"ip":"::1","level":"info","message":"Auth Route Called","method":"GET","path":"/api/v1/auth/verify","timestamp":"2025-01-30T16:25:29.339Z","userAgent":"Mozilla/5.0 (Windows NT 10.0; Win64; x64) AppleWebKit/537.36 (KHTML, like Gecko) Chrome/132.0.0.0 Safari/537.36 Edg/132.0.0.0"}
{"hasSchool":false,"level":"info","message":"✨ Authentication successful","role":"admin","timestamp":"2025-01-30T16:25:29.373Z","tokenExpiresIn":"1299.1437833333332 minutes","userId":"677bfe44f6789c907c9f3766"}
{"level":"info","message":"Verifica token in corso per utente:","timestamp":"2025-01-30T16:25:29.374Z","userId":"677bfe44f6789c907c9f3766"}
{"hasSchool":false,"level":"info","message":"✨ Authentication successful","role":"admin","timestamp":"2025-01-30T16:25:29.588Z","tokenExpiresIn":"1299.1402 minutes","userId":"677bfe44f6789c907c9f3766"}
{"hasSchool":false,"level":"info","message":"✨ Authentication successful","role":"admin","timestamp":"2025-01-30T16:25:29.602Z","tokenExpiresIn":"1299.1399666666666 minutes","userId":"677bfe44f6789c907c9f3766"}
{"hasSchool":false,"level":"info","message":"✨ Authentication successful","role":"admin","timestamp":"2025-01-30T16:25:29.613Z","tokenExpiresIn":"1299.1397833333333 minutes","userId":"677bfe44f6789c907c9f3766"}
{"hasSchool":false,"level":"info","message":"✨ Authentication successful","role":"admin","timestamp":"2025-01-30T16:25:29.629Z","tokenExpiresIn":"1299.1395166666666 minutes","userId":"677bfe44f6789c907c9f3766"}
{"hasSchool":false,"level":"info","message":"✨ Authentication successful","role":"admin","timestamp":"2025-01-30T16:25:45.713Z","tokenExpiresIn":"1298.8714499999999 minutes","userId":"677bfe44f6789c907c9f3766"}
{"hasSchool":false,"level":"info","message":"✨ Authentication successful","role":"admin","timestamp":"2025-01-30T16:25:45.739Z","tokenExpiresIn":"1298.8710166666667 minutes","userId":"677bfe44f6789c907c9f3766"}
{"hasSchool":false,"level":"info","message":"✨ Authentication successful","role":"admin","timestamp":"2025-01-30T16:25:46.733Z","tokenExpiresIn":"1298.85445 minutes","userId":"677bfe44f6789c907c9f3766"}
{"hasSchool":false,"level":"info","message":"✨ Authentication successful","role":"admin","timestamp":"2025-01-30T16:25:46.759Z","tokenExpiresIn":"1298.8540166666667 minutes","userId":"677bfe44f6789c907c9f3766"}
{"hasSchool":false,"level":"info","message":"✨ Authentication successful","role":"admin","timestamp":"2025-01-30T16:25:47.878Z","tokenExpiresIn":"1298.8353666666667 minutes","userId":"677bfe44f6789c907c9f3766"}
{"hasSchool":false,"level":"info","message":"✨ Authentication successful","role":"admin","timestamp":"2025-01-30T16:25:47.904Z","tokenExpiresIn":"1298.8349333333333 minutes","userId":"677bfe44f6789c907c9f3766"}
{"level":"warn","message":"Warning: ModelName mancante nel repository","repository":"school","timestamp":"2025-01-30T16:26:13.561Z"}
{"level":"warn","message":"Warning: ModelName mancante nel repository","repository":"class","timestamp":"2025-01-30T16:26:13.563Z"}
{"level":"warn","message":"Warning: ModelName mancante nel repository","repository":"student","timestamp":"2025-01-30T16:26:13.564Z"}
{"level":"warn","message":"Warning: ModelName mancante nel repository","repository":"user","timestamp":"2025-01-30T16:26:13.565Z"}
{"level":"warn","message":"Warning: ModelName mancante nel repository","repository":"test","timestamp":"2025-01-30T16:26:13.565Z"}
{"level":"info","message":"Repository caricati con successo","repositories":["school","class","student","user","test"],"timestamp":"2025-01-30T16:26:13.566Z"}
{"controllers":["auth","school","user","class","student","test"],"level":"info","message":"Controllers caricati con successo","timestamp":"2025-01-30T16:26:13.580Z"}
{"level":"info","message":"Routes caricate:","protected":["/classes","/schools","/users","/students","/tests"],"public":["/auth","/tests/csi/public"],"timestamp":"2025-01-30T16:26:13.800Z"}
{"level":"info","message":"MongoDB Connected: cluster0-shard-00-01.4nf56.mongodb.net","timestamp":"2025-01-30T16:26:14.173Z"}
{"level":"info","message":"Server in esecuzione su localhost:5000","timestamp":"2025-01-30T16:26:14.180Z"}
{"level":"info","message":"Ambiente: development","timestamp":"2025-01-30T16:26:14.181Z"}
{"level":"warn","message":"Warning: ModelName mancante nel repository","repository":"school","timestamp":"2025-01-30T16:42:21.673Z"}
{"level":"warn","message":"Warning: ModelName mancante nel repository","repository":"class","timestamp":"2025-01-30T16:42:21.674Z"}
{"level":"warn","message":"Warning: ModelName mancante nel repository","repository":"student","timestamp":"2025-01-30T16:42:21.675Z"}
{"level":"warn","message":"Warning: ModelName mancante nel repository","repository":"user","timestamp":"2025-01-30T16:42:21.676Z"}
{"level":"warn","message":"Warning: ModelName mancante nel repository","repository":"test","timestamp":"2025-01-30T16:42:21.677Z"}
{"level":"info","message":"Repository caricati con successo","repositories":["school","class","student","user","test"],"timestamp":"2025-01-30T16:42:21.678Z"}
{"controllers":["auth","school","user","class","student","test"],"level":"info","message":"Controllers caricati con successo","timestamp":"2025-01-30T16:42:21.693Z"}
{"level":"info","message":"Routes caricate:","protected":["/classes","/schools","/users","/students","/tests"],"public":["/auth","/tests/csi/public"],"timestamp":"2025-01-30T16:42:21.930Z"}
{"level":"info","message":"MongoDB Connected: cluster0-shard-00-00.4nf56.mongodb.net","timestamp":"2025-01-30T16:42:23.416Z"}
{"level":"info","message":"Server in esecuzione su localhost:5000","timestamp":"2025-01-30T16:42:23.425Z"}
{"level":"info","message":"Ambiente: development","timestamp":"2025-01-30T16:42:23.426Z"}
{"ip":"::1","level":"info","message":"Auth Route Called","method":"GET","path":"/api/v1/auth/verify","timestamp":"2025-01-30T16:55:07.311Z","userAgent":"Mozilla/5.0 (Windows NT 10.0; Win64; x64) AppleWebKit/537.36 (KHTML, like Gecko) Chrome/132.0.0.0 Safari/537.36 Edg/132.0.0.0"}
{"hasSchool":false,"level":"info","message":"✨ Authentication successful","role":"admin","timestamp":"2025-01-30T16:55:07.414Z","tokenExpiresIn":"1269.5097666666666 minutes","userId":"677bfe44f6789c907c9f3766"}
{"level":"info","message":"Verifica token in corso per utente:","timestamp":"2025-01-30T16:55:07.416Z","userId":"677bfe44f6789c907c9f3766"}
{"hasSchool":false,"level":"info","message":"✨ Authentication successful","role":"admin","timestamp":"2025-01-30T16:55:09.404Z","tokenExpiresIn":"1269.4766000000002 minutes","userId":"677bfe44f6789c907c9f3766"}
{"hasSchool":false,"level":"info","message":"✨ Authentication successful","role":"admin","timestamp":"2025-01-30T16:55:09.417Z","tokenExpiresIn":"1269.4763833333334 minutes","userId":"677bfe44f6789c907c9f3766"}
{"hasSchool":false,"level":"info","message":"✨ Authentication successful","role":"admin","timestamp":"2025-01-30T16:55:09.431Z","tokenExpiresIn":"1269.47615 minutes","userId":"677bfe44f6789c907c9f3766"}
{"hasSchool":false,"level":"info","message":"✨ Authentication successful","role":"admin","timestamp":"2025-01-30T16:55:09.446Z","tokenExpiresIn":"1269.4759000000001 minutes","userId":"677bfe44f6789c907c9f3766"}
{"level":"error","message":"Error in getAll students:","timestamp":"2025-01-30T16:55:09.448Z"}
{"error":"this._buildFilters is not a function","level":"error","message":"Student route error:","method":"GET","path":"/","stack":"TypeError: this._buildFilters is not a function\n    at StudentController.getAll (C:\\Users\\ricca\\Desktop\\BSc\\src\\controllers\\studentController.js:38:34)\n    at Layer.handle [as handle_request] (C:\\Users\\ricca\\Desktop\\BSc\\node_modules\\express\\lib\\router\\layer.js:95:5)\n    at next (C:\\Users\\ricca\\Desktop\\BSc\\node_modules\\express\\lib\\router\\route.js:149:13)\n    at C:\\Users\\ricca\\Desktop\\BSc\\src\\middleware\\authMiddleware.js:185:9\n    at Layer.handle [as handle_request] (C:\\Users\\ricca\\Desktop\\BSc\\node_modules\\express\\lib\\router\\layer.js:95:5)\n    at next (C:\\Users\\ricca\\Desktop\\BSc\\node_modules\\express\\lib\\router\\route.js:149:13)\n    at Route.dispatch (C:\\Users\\ricca\\Desktop\\BSc\\node_modules\\express\\lib\\router\\route.js:119:3)\n    at Layer.handle [as handle_request] (C:\\Users\\ricca\\Desktop\\BSc\\node_modules\\express\\lib\\router\\layer.js:95:5)\n    at C:\\Users\\ricca\\Desktop\\BSc\\node_modules\\express\\lib\\router\\index.js:284:15\n    at Function.process_params (C:\\Users\\ricca\\Desktop\\BSc\\node_modules\\express\\lib\\router\\index.js:346:12)","timestamp":"2025-01-30T16:55:09.449Z","userId":"677bfe44f6789c907c9f3766"}
{"duration":"67ms","ip":"::1","level":"warn","message":"Risposta inviata","method":"GET","requestId":"req_1738256109385_4kol96a84","responseSize":"90 Bytes","statusCode":400,"timestamp":"2025-01-30T16:55:09.452Z","url":"/api/v1/students?page=1&limit=50&specialNeeds=false","userAgent":"Mozilla/5.0 (Windows NT 10.0; Win64; x64) AppleWebKit/537.36 (KHTML, like Gecko) Chrome/132.0.0.0 Safari/537.36 Edg/132.0.0.0"}
