{"level":"warn","message":"Warning: ModelName mancante nel repository","repository":"school","timestamp":"2025-01-15T19:33:31.093Z"}
{"level":"warn","message":"Warning: ModelName mancante nel repository","repository":"user","timestamp":"2025-01-15T19:33:31.098Z"}
{"level":"warn","message":"Warning: ModelName mancante nel repository","repository":"class","timestamp":"2025-01-15T19:33:31.099Z"}
{"level":"warn","message":"Warning: ModelName mancante nel repository","repository":"student","timestamp":"2025-01-15T19:33:31.100Z"}
{"level":"warn","message":"Warning: ModelName mancante nel repository","repository":"test","timestamp":"2025-01-15T19:33:31.101Z"}
{"level":"info","message":"Repository caricati con successo","repositories":["school","user","class","student","test"],"timestamp":"2025-01-15T19:33:31.102Z"}
{"controllers":["auth","school","user","class","student","test"],"level":"info","message":"Controllers caricati con successo","timestamp":"2025-01-15T19:33:31.118Z"}
{"level":"info","message":"Routes caricate:","protected":["/classes","/schools","/users","/students","/tests"],"public":["/auth"],"timestamp":"2025-01-15T19:33:31.129Z"}
{"level":"info","message":"MongoDB Connected: cluster0-shard-00-02.4nf56.mongodb.net","timestamp":"2025-01-15T19:33:31.587Z"}
{"level":"info","message":"Server in esecuzione su localhost:5000","timestamp":"2025-01-15T19:33:31.600Z"}
{"level":"info","message":"Ambiente: development","timestamp":"2025-01-15T19:33:31.600Z"}
{"ip":"::1","level":"info","message":"Auth Route Called","method":"GET","path":"/api/v1/auth/verify","timestamp":"2025-01-15T19:33:54.565Z","userAgent":"Mozilla/5.0 (Windows NT 10.0; Win64; x64) AppleWebKit/537.36 (KHTML, like Gecko) Chrome/131.0.0.0 Safari/537.36 Edg/131.0.0.0"}
{"errorMessage":"jwt expired","errorType":"TokenExpiredError","level":"error","message":"🔥 Authentication Error","stack":"TokenExpiredError: jwt expired\n    at C:\\Users\\ricca\\Desktop\\BSc\\node_modules\\jsonwebtoken\\verify.js:190:21\n    at getSecret (C:\\Users\\ricca\\Desktop\\BSc\\node_modules\\jsonwebtoken\\verify.js:97:14)\n    at module.exports [as verify] (C:\\Users\\ricca\\Desktop\\BSc\\node_modules\\jsonwebtoken\\verify.js:101:10)\n    at protect (C:\\Users\\ricca\\Desktop\\BSc\\src\\middleware\\authMiddleware.js:52:29)\n    at Layer.handle [as handle_request] (C:\\Users\\ricca\\Desktop\\BSc\\node_modules\\express\\lib\\router\\layer.js:95:5)\n    at next (C:\\Users\\ricca\\Desktop\\BSc\\node_modules\\express\\lib\\router\\route.js:149:13)\n    at Route.dispatch (C:\\Users\\ricca\\Desktop\\BSc\\node_modules\\express\\lib\\router\\route.js:119:3)\n    at Layer.handle [as handle_request] (C:\\Users\\ricca\\Desktop\\BSc\\node_modules\\express\\lib\\router\\layer.js:95:5)\n    at C:\\Users\\ricca\\Desktop\\BSc\\node_modules\\express\\lib\\router\\index.js:284:15\n    at Function.process_params (C:\\Users\\ricca\\Desktop\\BSc\\node_modules\\express\\lib\\router\\index.js:346:12)","timestamp":"2025-01-15T19:33:54.578Z","tokenInfo":{"expiredAt":"2025-01-14T18:19:55.000Z","now":"2025-01-15T19:33:54.578Z"}}
{"duration":"20ms","ip":"::1","level":"warn","message":"Risposta inviata","method":"GET","requestId":"req_1736969634563_gxvg4uw2q","responseSize":"115 Bytes","statusCode":401,"timestamp":"2025-01-15T19:33:54.586Z","url":"/api/v1/auth/verify","userAgent":"Mozilla/5.0 (Windows NT 10.0; Win64; x64) AppleWebKit/537.36 (KHTML, like Gecko) Chrome/131.0.0.0 Safari/537.36 Edg/131.0.0.0"}
{"ip":"::1","level":"info","message":"Auth Route Called","method":"POST","path":"/api/v1/auth/login","timestamp":"2025-01-15T19:33:57.591Z","userAgent":"Mozilla/5.0 (Windows NT 10.0; Win64; x64) AppleWebKit/537.36 (KHTML, like Gecko) Chrome/131.0.0.0 Safari/537.36 Edg/131.0.0.0"}
{"hasSchool":false,"level":"info","message":"✨ Authentication successful","role":"admin","timestamp":"2025-01-15T19:33:59.235Z","tokenExpiresIn":"1439.96275 minutes","userId":"677bfe44f6789c907c9f3766"}
{"hasSchool":false,"level":"info","message":"✨ Authentication successful","role":"admin","timestamp":"2025-01-15T19:33:59.259Z","tokenExpiresIn":"1439.96235 minutes","userId":"677bfe44f6789c907c9f3766"}
{"hasSchool":false,"level":"info","message":"✨ Authentication successful","role":"admin","timestamp":"2025-01-15T19:34:00.566Z","tokenExpiresIn":"1439.9405666666667 minutes","userId":"677bfe44f6789c907c9f3766"}
{"hasSchool":false,"level":"info","message":"✨ Authentication successful","role":"admin","timestamp":"2025-01-15T19:34:00.590Z","tokenExpiresIn":"1439.9401666666668 minutes","userId":"677bfe44f6789c907c9f3766"}
{"hasSchool":false,"level":"info","message":"✨ Authentication successful","role":"admin","timestamp":"2025-01-15T19:34:04.475Z","tokenExpiresIn":"1439.8754166666665 minutes","userId":"677bfe44f6789c907c9f3766"}
{"hasSchool":false,"level":"info","message":"✨ Authentication successful","role":"admin","timestamp":"2025-01-15T19:34:04.500Z","tokenExpiresIn":"1439.875 minutes","userId":"677bfe44f6789c907c9f3766"}
{"hasSchool":false,"level":"info","message":"✨ Authentication successful","role":"admin","timestamp":"2025-01-15T19:34:08.683Z","tokenExpiresIn":"1439.8052833333334 minutes","userId":"677bfe44f6789c907c9f3766"}
{"hasSchool":false,"level":"info","message":"✨ Authentication successful","role":"admin","timestamp":"2025-01-15T19:34:08.708Z","tokenExpiresIn":"1439.8048666666666 minutes","userId":"677bfe44f6789c907c9f3766"}
{"hasSchool":false,"level":"info","message":"✨ Authentication successful","role":"admin","timestamp":"2025-01-15T19:34:09.734Z","tokenExpiresIn":"1439.7877666666668 minutes","userId":"677bfe44f6789c907c9f3766"}
{"hasSchool":false,"level":"info","message":"✨ Authentication successful","role":"admin","timestamp":"2025-01-15T19:34:09.757Z","tokenExpiresIn":"1439.7873833333333 minutes","userId":"677bfe44f6789c907c9f3766"}
{"hasSchool":false,"level":"info","message":"✨ Authentication successful","role":"admin","timestamp":"2025-01-15T19:34:14.577Z","tokenExpiresIn":"1439.70705 minutes","userId":"677bfe44f6789c907c9f3766"}
{"hasSchool":false,"level":"info","message":"✨ Authentication successful","role":"admin","timestamp":"2025-01-15T19:34:14.599Z","tokenExpiresIn":"1439.7066833333333 minutes","userId":"677bfe44f6789c907c9f3766"}
{"hasSchool":false,"level":"info","message":"✨ Authentication successful","role":"admin","timestamp":"2025-01-15T19:34:16.097Z","tokenExpiresIn":"1439.6817166666667 minutes","userId":"677bfe44f6789c907c9f3766"}
{"hasSchool":false,"level":"info","message":"✨ Authentication successful","role":"admin","timestamp":"2025-01-15T19:34:16.119Z","tokenExpiresIn":"1439.6813499999998 minutes","userId":"677bfe44f6789c907c9f3766"}
{"hasSchool":false,"level":"info","message":"✨ Authentication successful","role":"admin","timestamp":"2025-01-15T19:36:16.631Z","tokenExpiresIn":"1437.6728166666667 minutes","userId":"677bfe44f6789c907c9f3766"}
{"hasSchool":false,"level":"info","message":"✨ Authentication successful","role":"admin","timestamp":"2025-01-15T19:36:16.659Z","tokenExpiresIn":"1437.67235 minutes","userId":"677bfe44f6789c907c9f3766"}
{"hasSchool":false,"level":"info","message":"✨ Authentication successful","role":"admin","timestamp":"2025-01-15T19:39:53.619Z","tokenExpiresIn":"1434.0563499999998 minutes","userId":"677bfe44f6789c907c9f3766"}
{"hasSchool":false,"level":"info","message":"✨ Authentication successful","role":"admin","timestamp":"2025-01-15T19:39:53.648Z","tokenExpiresIn":"1434.0558666666666 minutes","userId":"677bfe44f6789c907c9f3766"}
{"ip":"::1","level":"info","message":"Auth Route Called","method":"GET","path":"/api/v1/auth/verify","timestamp":"2025-01-15T19:40:20.218Z","userAgent":"Mozilla/5.0 (Windows NT 10.0; Win64; x64) AppleWebKit/537.36 (KHTML, like Gecko) Chrome/131.0.0.0 Safari/537.36 Edg/131.0.0.0"}
{"hasSchool":false,"level":"info","message":"✨ Authentication successful","role":"admin","timestamp":"2025-01-15T19:40:20.242Z","tokenExpiresIn":"1433.6126333333334 minutes","userId":"677bfe44f6789c907c9f3766"}
{"level":"info","message":"Verifica token in corso per utente:","timestamp":"2025-01-15T19:40:20.243Z","userId":"677bfe44f6789c907c9f3766"}
{"hasSchool":false,"level":"info","message":"✨ Authentication successful","role":"admin","timestamp":"2025-01-15T19:40:22.260Z","tokenExpiresIn":"1433.5790000000002 minutes","userId":"677bfe44f6789c907c9f3766"}
{"hasSchool":false,"level":"info","message":"✨ Authentication successful","role":"admin","timestamp":"2025-01-15T19:40:22.282Z","tokenExpiresIn":"1433.5786333333333 minutes","userId":"677bfe44f6789c907c9f3766"}
{"hasSchool":false,"level":"info","message":"✨ Authentication successful","role":"admin","timestamp":"2025-01-15T19:40:23.003Z","tokenExpiresIn":"1433.5666166666667 minutes","userId":"677bfe44f6789c907c9f3766"}
{"hasSchool":false,"level":"info","message":"✨ Authentication successful","role":"admin","timestamp":"2025-01-15T19:40:23.028Z","tokenExpiresIn":"1433.5662 minutes","userId":"677bfe44f6789c907c9f3766"}
{"ip":"::1","level":"info","message":"Auth Route Called","method":"GET","path":"/api/v1/auth/verify","timestamp":"2025-01-15T19:41:09.561Z","userAgent":"Mozilla/5.0 (Windows NT 10.0; Win64; x64) AppleWebKit/537.36 (KHTML, like Gecko) Chrome/131.0.0.0 Safari/537.36 Edg/131.0.0.0"}
{"hasSchool":false,"level":"info","message":"✨ Authentication successful","role":"admin","timestamp":"2025-01-15T19:41:09.587Z","tokenExpiresIn":"1432.7902166666668 minutes","userId":"677bfe44f6789c907c9f3766"}
{"level":"info","message":"Verifica token in corso per utente:","timestamp":"2025-01-15T19:41:09.588Z","userId":"677bfe44f6789c907c9f3766"}
{"hasSchool":false,"level":"info","message":"✨ Authentication successful","role":"admin","timestamp":"2025-01-15T19:41:09.654Z","tokenExpiresIn":"1432.7891000000002 minutes","userId":"677bfe44f6789c907c9f3766"}
{"hasSchool":false,"level":"info","message":"✨ Authentication successful","role":"admin","timestamp":"2025-01-15T19:41:09.681Z","tokenExpiresIn":"1432.78865 minutes","userId":"677bfe44f6789c907c9f3766"}
{"hasSchool":false,"level":"info","message":"✨ Authentication successful","role":"admin","timestamp":"2025-01-15T19:44:55.778Z","tokenExpiresIn":"1429.0203666666666 minutes","userId":"677bfe44f6789c907c9f3766"}
{"hasSchool":false,"level":"info","message":"✨ Authentication successful","role":"admin","timestamp":"2025-01-15T19:44:55.804Z","tokenExpiresIn":"1429.0199333333333 minutes","userId":"677bfe44f6789c907c9f3766"}
{"hasSchool":false,"level":"info","message":"✨ Authentication successful","role":"admin","timestamp":"2025-01-15T19:44:57.858Z","tokenExpiresIn":"1428.9857000000002 minutes","userId":"677bfe44f6789c907c9f3766"}
{"hasSchool":false,"level":"info","message":"✨ Authentication successful","role":"admin","timestamp":"2025-01-15T19:44:57.881Z","tokenExpiresIn":"1428.9853166666667 minutes","userId":"677bfe44f6789c907c9f3766"}
{"hasSchool":false,"level":"info","message":"✨ Authentication successful","role":"admin","timestamp":"2025-01-15T19:45:00.050Z","tokenExpiresIn":"1428.9491666666665 minutes","userId":"677bfe44f6789c907c9f3766"}
{"hasSchool":false,"level":"info","message":"✨ Authentication successful","role":"admin","timestamp":"2025-01-15T19:45:00.072Z","tokenExpiresIn":"1428.9488 minutes","userId":"677bfe44f6789c907c9f3766"}
{"hasSchool":false,"level":"info","message":"✨ Authentication successful","role":"admin","timestamp":"2025-01-15T19:45:02.422Z","tokenExpiresIn":"1428.9096333333332 minutes","userId":"677bfe44f6789c907c9f3766"}
{"hasSchool":false,"level":"info","message":"✨ Authentication successful","role":"admin","timestamp":"2025-01-15T19:45:02.446Z","tokenExpiresIn":"1428.9092333333333 minutes","userId":"677bfe44f6789c907c9f3766"}
{"hasSchool":false,"level":"info","message":"✨ Authentication successful","role":"admin","timestamp":"2025-01-15T19:45:08.363Z","tokenExpiresIn":"1428.8106166666666 minutes","userId":"677bfe44f6789c907c9f3766"}
{"hasSchool":false,"level":"info","message":"✨ Authentication successful","role":"admin","timestamp":"2025-01-15T19:45:08.386Z","tokenExpiresIn":"1428.8102333333334 minutes","userId":"677bfe44f6789c907c9f3766"}
{"hasSchool":false,"level":"info","message":"✨ Authentication successful","role":"admin","timestamp":"2025-01-15T19:45:09.598Z","tokenExpiresIn":"1428.7900333333334 minutes","userId":"677bfe44f6789c907c9f3766"}
{"hasSchool":false,"level":"info","message":"✨ Authentication successful","role":"admin","timestamp":"2025-01-15T19:45:09.621Z","tokenExpiresIn":"1428.78965 minutes","userId":"677bfe44f6789c907c9f3766"}
{"hasSchool":false,"level":"info","message":"✨ Authentication successful","role":"admin","timestamp":"2025-01-15T19:45:13.418Z","tokenExpiresIn":"1428.7263666666665 minutes","userId":"677bfe44f6789c907c9f3766"}
{"hasSchool":false,"level":"info","message":"✨ Authentication successful","role":"admin","timestamp":"2025-01-15T19:45:13.443Z","tokenExpiresIn":"1428.72595 minutes","userId":"677bfe44f6789c907c9f3766"}
{"hasSchool":false,"level":"info","message":"✨ Authentication successful","role":"admin","timestamp":"2025-01-15T19:45:17.924Z","tokenExpiresIn":"1428.6512666666667 minutes","userId":"677bfe44f6789c907c9f3766"}
{"hasSchool":false,"level":"info","message":"✨ Authentication successful","role":"admin","timestamp":"2025-01-15T19:45:17.948Z","tokenExpiresIn":"1428.6508666666666 minutes","userId":"677bfe44f6789c907c9f3766"}
{"level":"warn","message":"Mongoose connection disconnected","timestamp":"2025-01-15T19:50:54.864Z"}
{"level":"info","message":"Mongoose connected to MongoDB Atlas","timestamp":"2025-01-15T19:50:54.986Z"}
{"hasSchool":false,"level":"info","message":"✨ Authentication successful","role":"admin","timestamp":"2025-01-15T19:59:58.431Z","tokenExpiresIn":"1413.97615 minutes","userId":"677bfe44f6789c907c9f3766"}
{"hasSchool":false,"level":"info","message":"✨ Authentication successful","role":"admin","timestamp":"2025-01-15T19:59:58.456Z","tokenExpiresIn":"1413.9757333333332 minutes","userId":"677bfe44f6789c907c9f3766"}
{"hasSchool":false,"level":"info","message":"✨ Authentication successful","role":"admin","timestamp":"2025-01-15T19:59:59.562Z","tokenExpiresIn":"1413.9572999999998 minutes","userId":"677bfe44f6789c907c9f3766"}
{"hasSchool":false,"level":"info","message":"✨ Authentication successful","role":"admin","timestamp":"2025-01-15T19:59:59.586Z","tokenExpiresIn":"1413.9569000000001 minutes","userId":"677bfe44f6789c907c9f3766"}
