{"level":"warn","message":"Warning: ModelName mancante nel repository","repository":"school","timestamp":"2025-01-09T07:16:12.347Z"}
{"level":"warn","message":"Warning: ModelName mancante nel repository","repository":"user","timestamp":"2025-01-09T07:16:12.352Z"}
{"level":"warn","message":"Warning: ModelName mancante nel repository","repository":"class","timestamp":"2025-01-09T07:16:12.353Z"}
{"level":"warn","message":"Warning: ModelName mancante nel repository","repository":"student","timestamp":"2025-01-09T07:16:12.354Z"}
{"level":"warn","message":"Warning: ModelName mancante nel repository","repository":"test","timestamp":"2025-01-09T07:16:12.355Z"}
{"level":"info","message":"Repository caricati con successo","repositories":["school","user","class","student","test"],"timestamp":"2025-01-09T07:16:12.356Z"}
{"controllers":["auth","school","user","class","student","test"],"level":"info","message":"Controllers caricati con successo","timestamp":"2025-01-09T07:16:12.372Z"}
{"level":"info","message":"Routes caricate:","routes":["/auth","/classes","/schools","/users","/students","/tests"],"timestamp":"2025-01-09T07:16:12.387Z"}
{"level":"info","message":"MongoDB Connected: cluster0-shard-00-01.4nf56.mongodb.net","timestamp":"2025-01-09T07:16:13.050Z"}
{"level":"info","message":"Server in esecuzione su localhost:5000","timestamp":"2025-01-09T07:16:13.062Z"}
{"level":"info","message":"Ambiente: development","timestamp":"2025-01-09T07:16:13.063Z"}
{"ip":"::1","level":"info","message":"Auth Route Called","method":"GET","path":"/api/v1/auth/verify","timestamp":"2025-01-09T07:16:31.084Z","userAgent":"Mozilla/5.0 (Windows NT 10.0; Win64; x64) AppleWebKit/537.36 (KHTML, like Gecko) Chrome/131.0.0.0 Safari/537.36 Edg/131.0.0.0"}
{"hasSchool":false,"level":"info","message":"Autenticazione completata con successo:","role":"admin","timestamp":"2025-01-09T07:16:31.127Z","userId":"677bfe44f6789c907c9f3766"}
{"level":"info","message":"Verifica token in corso per utente:","timestamp":"2025-01-09T07:16:31.129Z","userId":"677bfe44f6789c907c9f3766"}
{"hasSchool":false,"level":"info","message":"Autenticazione completata con successo:","role":"admin","timestamp":"2025-01-09T07:16:36.211Z","userId":"677bfe44f6789c907c9f3766"}
{"hasSchool":false,"level":"info","message":"Autenticazione completata con successo:","role":"admin","timestamp":"2025-01-09T07:16:53.895Z","userId":"677bfe44f6789c907c9f3766"}
{"level":"info","message":"Nuovo utente registrato","timestamp":"2025-01-09T07:16:54.041Z","userId":"677f77e5ae2e1f55767737da"}
{"hasSchool":false,"level":"info","message":"Autenticazione completata con successo:","role":"admin","timestamp":"2025-01-09T07:16:54.073Z","userId":"677bfe44f6789c907c9f3766"}
{"level":"warn","message":"Warning: ModelName mancante nel repository","repository":"school","timestamp":"2025-01-09T19:03:11.890Z"}
{"level":"warn","message":"Warning: ModelName mancante nel repository","repository":"user","timestamp":"2025-01-09T19:03:11.893Z"}
{"level":"warn","message":"Warning: ModelName mancante nel repository","repository":"class","timestamp":"2025-01-09T19:03:11.894Z"}
{"level":"warn","message":"Warning: ModelName mancante nel repository","repository":"student","timestamp":"2025-01-09T19:03:11.895Z"}
{"level":"warn","message":"Warning: ModelName mancante nel repository","repository":"test","timestamp":"2025-01-09T19:03:11.895Z"}
{"level":"info","message":"Repository caricati con successo","repositories":["school","user","class","student","test"],"timestamp":"2025-01-09T19:03:11.896Z"}
{"controllers":["auth","school","user","class","student","test"],"level":"info","message":"Controllers caricati con successo","timestamp":"2025-01-09T19:03:12.011Z"}
{"level":"warn","message":"Warning: ModelName mancante nel repository","repository":"school","timestamp":"2025-01-09T19:04:18.316Z"}
{"level":"warn","message":"Warning: ModelName mancante nel repository","repository":"user","timestamp":"2025-01-09T19:04:18.319Z"}
{"level":"warn","message":"Warning: ModelName mancante nel repository","repository":"class","timestamp":"2025-01-09T19:04:18.319Z"}
{"level":"warn","message":"Warning: ModelName mancante nel repository","repository":"student","timestamp":"2025-01-09T19:04:18.320Z"}
{"level":"warn","message":"Warning: ModelName mancante nel repository","repository":"test","timestamp":"2025-01-09T19:04:18.320Z"}
{"level":"info","message":"Repository caricati con successo","repositories":["school","user","class","student","test"],"timestamp":"2025-01-09T19:04:18.320Z"}
{"controllers":["auth","school","user","class","student","test"],"level":"info","message":"Controllers caricati con successo","timestamp":"2025-01-09T19:04:18.339Z"}
{"level":"warn","message":"Warning: ModelName mancante nel repository","repository":"school","timestamp":"2025-01-09T19:09:12.070Z"}
{"level":"warn","message":"Warning: ModelName mancante nel repository","repository":"user","timestamp":"2025-01-09T19:09:12.073Z"}
{"level":"warn","message":"Warning: ModelName mancante nel repository","repository":"class","timestamp":"2025-01-09T19:09:12.073Z"}
{"level":"warn","message":"Warning: ModelName mancante nel repository","repository":"student","timestamp":"2025-01-09T19:09:12.074Z"}
{"level":"warn","message":"Warning: ModelName mancante nel repository","repository":"test","timestamp":"2025-01-09T19:09:12.075Z"}
{"level":"info","message":"Repository caricati con successo","repositories":["school","user","class","student","test"],"timestamp":"2025-01-09T19:09:12.075Z"}
{"controllers":["auth","school","user","class","student","test"],"level":"info","message":"Controllers caricati con successo","timestamp":"2025-01-09T19:09:12.145Z"}
{"level":"warn","message":"Warning: ModelName mancante nel repository","repository":"school","timestamp":"2025-01-09T19:17:20.296Z"}
{"level":"warn","message":"Warning: ModelName mancante nel repository","repository":"user","timestamp":"2025-01-09T19:17:20.299Z"}
{"level":"warn","message":"Warning: ModelName mancante nel repository","repository":"class","timestamp":"2025-01-09T19:17:20.299Z"}
{"level":"warn","message":"Warning: ModelName mancante nel repository","repository":"student","timestamp":"2025-01-09T19:17:20.300Z"}
{"level":"warn","message":"Warning: ModelName mancante nel repository","repository":"test","timestamp":"2025-01-09T19:17:20.300Z"}
{"level":"info","message":"Repository caricati con successo","repositories":["school","user","class","student","test"],"timestamp":"2025-01-09T19:17:20.301Z"}
{"controllers":["auth","school","user","class","student","test"],"level":"info","message":"Controllers caricati con successo","timestamp":"2025-01-09T19:17:20.379Z"}
{"level":"info","message":"Routes caricate:","routes":["/auth","/classes","/schools","/users","/students","/tests"],"timestamp":"2025-01-09T19:17:20.456Z"}
{"ip":"::ffff:127.0.0.1","level":"info","message":"Auth Route Called","method":"POST","path":"/api/v1/auth/login","timestamp":"2025-01-09T19:17:20.552Z"}
{"level":"info","message":"MongoDB Connected: localhost","timestamp":"2025-01-09T19:17:20.583Z"}
{"level":"info","message":"Server in esecuzione su localhost:5000","timestamp":"2025-01-09T19:17:20.587Z"}
{"level":"info","message":"Ambiente: test","timestamp":"2025-01-09T19:17:20.587Z"}
{"email":"admin@test.com","level":"warn","message":"Tentativo di login con email non esistente","timestamp":"2025-01-09T19:17:20.624Z"}
{"error":{"code":"AUTH_001","message":"Credenziali non valide","metadata":{},"status":401},"level":"error","message":"Errore durante il login","timestamp":"2025-01-09T19:17:20.624Z"}
{"duration":"80ms","ip":"::ffff:127.0.0.1","level":"warn","message":"Risposta inviata","method":"POST","requestId":"req_1736450240550_wtgu1dw7x","responseSize":"71 Bytes","statusCode":401,"timestamp":"2025-01-09T19:17:20.631Z","url":"/api/v1/auth/login"}
{"error":"jwt malformed","level":"error","message":"Errore di autenticazione:","stack":"JsonWebTokenError: jwt malformed\n    at Object.<anonymous>.module.exports [as verify] (C:\\Users\\ricca\\Desktop\\BSc\\node_modules\\jsonwebtoken\\verify.js:70:17)\n    at verify (C:\\Users\\ricca\\Desktop\\BSc\\src\\middleware\\authMiddleware.js:36:29)\n    at Layer.handle [as handle_request] (C:\\Users\\ricca\\Desktop\\BSc\\node_modules\\express\\lib\\router\\layer.js:95:5)\n    at trim_prefix (C:\\Users\\ricca\\Desktop\\BSc\\node_modules\\express\\lib\\router\\index.js:328:13)\n    at C:\\Users\\ricca\\Desktop\\BSc\\node_modules\\express\\lib\\router\\index.js:286:9\n    at Function.process_params (C:\\Users\\ricca\\Desktop\\BSc\\node_modules\\express\\lib\\router\\index.js:346:12)\n    at next (C:\\Users\\ricca\\Desktop\\BSc\\node_modules\\express\\lib\\router\\index.js:280:10)\n    at Function.handle (C:\\Users\\ricca\\Desktop\\BSc\\node_modules\\express\\lib\\router\\index.js:175:3)\n    at router (C:\\Users\\ricca\\Desktop\\BSc\\node_modules\\express\\lib\\router\\index.js:47:12)\n    at Layer.handle [as handle_request] (C:\\Users\\ricca\\Desktop\\BSc\\node_modules\\express\\lib\\router\\layer.js:95:5)\n    at trim_prefix (C:\\Users\\ricca\\Desktop\\BSc\\node_modules\\express\\lib\\router\\index.js:328:13)\n    at C:\\Users\\ricca\\Desktop\\BSc\\node_modules\\express\\lib\\router\\index.js:286:9\n    at Function.process_params (C:\\Users\\ricca\\Desktop\\BSc\\node_modules\\express\\lib\\router\\index.js:346:12)\n    at next (C:\\Users\\ricca\\Desktop\\BSc\\node_modules\\express\\lib\\router\\index.js:280:10)\n    at Function.handle (C:\\Users\\ricca\\Desktop\\BSc\\node_modules\\express\\lib\\router\\index.js:175:3)\n    at router (C:\\Users\\ricca\\Desktop\\BSc\\node_modules\\express\\lib\\router\\index.js:47:12)\n    at Layer.handle [as handle_request] (C:\\Users\\ricca\\Desktop\\BSc\\node_modules\\express\\lib\\router\\layer.js:95:5)\n    at trim_prefix (C:\\Users\\ricca\\Desktop\\BSc\\node_modules\\express\\lib\\router\\index.js:328:13)\n    at C:\\Users\\ricca\\Desktop\\BSc\\node_modules\\express\\lib\\router\\index.js:286:9\n    at Function.process_params (C:\\Users\\ricca\\Desktop\\BSc\\node_modules\\express\\lib\\router\\index.js:346:12)\n    at next (C:\\Users\\ricca\\Desktop\\BSc\\node_modules\\express\\lib\\router\\index.js:280:10)\n    at next (C:\\Users\\ricca\\Desktop\\BSc\\src\\middleware\\loggerMiddleware.js:90:5)\n    at Layer.handle [as handle_request] (C:\\Users\\ricca\\Desktop\\BSc\\node_modules\\express\\lib\\router\\layer.js:95:5)\n    at trim_prefix (C:\\Users\\ricca\\Desktop\\BSc\\node_modules\\express\\lib\\router\\index.js:328:13)\n    at C:\\Users\\ricca\\Desktop\\BSc\\node_modules\\express\\lib\\router\\index.js:286:9\n    at Function.process_params (C:\\Users\\ricca\\Desktop\\BSc\\node_modules\\express\\lib\\router\\index.js:346:12)\n    at next (C:\\Users\\ricca\\Desktop\\BSc\\node_modules\\express\\lib\\router\\index.js:280:10)\n    at urlencodedParser (C:\\Users\\ricca\\Desktop\\BSc\\node_modules\\body-parser\\lib\\types\\urlencoded.js:85:7)\n    at Layer.handle [as handle_request] (C:\\Users\\ricca\\Desktop\\BSc\\node_modules\\express\\lib\\router\\layer.js:95:5)\n    at trim_prefix (C:\\Users\\ricca\\Desktop\\BSc\\node_modules\\express\\lib\\router\\index.js:328:13)\n    at C:\\Users\\ricca\\Desktop\\BSc\\node_modules\\express\\lib\\router\\index.js:286:9\n    at Function.process_params (C:\\Users\\ricca\\Desktop\\BSc\\node_modules\\express\\lib\\router\\index.js:346:12)\n    at next (C:\\Users\\ricca\\Desktop\\BSc\\node_modules\\express\\lib\\router\\index.js:280:10)\n    at C:\\Users\\ricca\\Desktop\\BSc\\node_modules\\body-parser\\lib\\read.js:137:5\n    at AsyncResource.runInAsyncScope (node:async_hooks:211:14)\n    at invokeCallback (C:\\Users\\ricca\\Desktop\\BSc\\node_modules\\raw-body\\index.js:238:16)\n    at done (C:\\Users\\ricca\\Desktop\\BSc\\node_modules\\raw-body\\index.js:227:7)\n    at IncomingMessage.onEnd (C:\\Users\\ricca\\Desktop\\BSc\\node_modules\\raw-body\\index.js:287:7)\n    at IncomingMessage.emit (node:events:524:28)\n    at endReadableNT (node:internal/streams/readable:1698:12)\n    at processTicksAndRejections (node:internal/process/task_queues:90:21)","timestamp":"2025-01-09T19:17:20.668Z"}
{"duration":"19ms","ip":"::ffff:127.0.0.1","level":"warn","message":"Risposta inviata","method":"POST","requestId":"req_1736450240649_5hehvm3zt","responseSize":"85 Bytes","statusCode":401,"timestamp":"2025-01-09T19:17:20.669Z","url":"/api/v1/schools"}
{"level":"warn","message":"Mongoose connection disconnected","timestamp":"2025-01-09T19:17:20.732Z"}
{"level":"warn","message":"Warning: ModelName mancante nel repository","repository":"school","timestamp":"2025-01-09T19:26:54.299Z"}
{"level":"warn","message":"Warning: ModelName mancante nel repository","repository":"user","timestamp":"2025-01-09T19:26:54.302Z"}
{"level":"warn","message":"Warning: ModelName mancante nel repository","repository":"class","timestamp":"2025-01-09T19:26:54.302Z"}
{"level":"warn","message":"Warning: ModelName mancante nel repository","repository":"student","timestamp":"2025-01-09T19:26:54.303Z"}
{"level":"warn","message":"Warning: ModelName mancante nel repository","repository":"test","timestamp":"2025-01-09T19:26:54.304Z"}
{"level":"info","message":"Repository caricati con successo","repositories":["school","user","class","student","test"],"timestamp":"2025-01-09T19:26:54.304Z"}
{"controllers":["auth","school","user","class","student","test"],"level":"info","message":"Controllers caricati con successo","timestamp":"2025-01-09T19:26:54.332Z"}
{"level":"info","message":"Routes caricate:","routes":["/auth","/classes","/schools","/users","/students","/tests"],"timestamp":"2025-01-09T19:26:54.362Z"}
{"ip":"::ffff:127.0.0.1","level":"info","message":"Auth Route Called","method":"POST","path":"/api/v1/auth/login","timestamp":"2025-01-09T19:26:54.446Z"}
{"code":"RES_001","level":"error","message":"School non trovato","metadata":{},"status":404,"timestamp":"2025-01-09T19:26:54.951Z"}
{"_message":"School validation failed","errors":{"sections.0.name":{"kind":"user defined","message":"Sezione deve essere una lettera maiuscola","name":"ValidatorError","path":"name","properties":{"message":"Sezione deve essere una lettera maiuscola","path":"name","type":"user defined","value":"AA"},"value":"AA"}},"level":"error","message":"Error in configureSections:","timestamp":"2025-01-09T19:26:55.036Z"}
{"level":"info","message":"MongoDB Connected: cluster0-shard-00-01.4nf56.mongodb.net","timestamp":"2025-01-09T19:26:55.119Z"}
{"level":"info","message":"Server in esecuzione su localhost:5000","timestamp":"2025-01-09T19:26:55.127Z"}
{"level":"info","message":"Ambiente: test","timestamp":"2025-01-09T19:26:55.127Z"}
{"email":"admin@test.com","level":"warn","message":"Tentativo di login con email non esistente","timestamp":"2025-01-09T19:26:55.403Z"}
{"error":{"code":"AUTH_001","message":"Credenziali non valide","metadata":{},"status":401},"level":"error","message":"Errore durante il login","timestamp":"2025-01-09T19:26:55.404Z"}
{"duration":"962ms","ip":"::ffff:127.0.0.1","level":"warn","message":"Risposta inviata","method":"POST","requestId":"req_1736450814445_f01cy6q99","responseSize":"71 Bytes","statusCode":401,"timestamp":"2025-01-09T19:26:55.407Z","url":"/api/v1/auth/login"}
{"error":"jwt malformed","level":"error","message":"Errore di autenticazione:","stack":"JsonWebTokenError: jwt malformed\n    at Object.<anonymous>.module.exports [as verify] (C:\\Users\\ricca\\Desktop\\BSc\\node_modules\\jsonwebtoken\\verify.js:70:17)\n    at verify (C:\\Users\\ricca\\Desktop\\BSc\\src\\middleware\\authMiddleware.js:36:29)\n    at Layer.handle [as handle_request] (C:\\Users\\ricca\\Desktop\\BSc\\node_modules\\express\\lib\\router\\layer.js:95:5)\n    at trim_prefix (C:\\Users\\ricca\\Desktop\\BSc\\node_modules\\express\\lib\\router\\index.js:328:13)\n    at C:\\Users\\ricca\\Desktop\\BSc\\node_modules\\express\\lib\\router\\index.js:286:9\n    at Function.process_params (C:\\Users\\ricca\\Desktop\\BSc\\node_modules\\express\\lib\\router\\index.js:346:12)\n    at next (C:\\Users\\ricca\\Desktop\\BSc\\node_modules\\express\\lib\\router\\index.js:280:10)\n    at Function.handle (C:\\Users\\ricca\\Desktop\\BSc\\node_modules\\express\\lib\\router\\index.js:175:3)\n    at router (C:\\Users\\ricca\\Desktop\\BSc\\node_modules\\express\\lib\\router\\index.js:47:12)\n    at Layer.handle [as handle_request] (C:\\Users\\ricca\\Desktop\\BSc\\node_modules\\express\\lib\\router\\layer.js:95:5)\n    at trim_prefix (C:\\Users\\ricca\\Desktop\\BSc\\node_modules\\express\\lib\\router\\index.js:328:13)\n    at C:\\Users\\ricca\\Desktop\\BSc\\node_modules\\express\\lib\\router\\index.js:286:9\n    at Function.process_params (C:\\Users\\ricca\\Desktop\\BSc\\node_modules\\express\\lib\\router\\index.js:346:12)\n    at next (C:\\Users\\ricca\\Desktop\\BSc\\node_modules\\express\\lib\\router\\index.js:280:10)\n    at Function.handle (C:\\Users\\ricca\\Desktop\\BSc\\node_modules\\express\\lib\\router\\index.js:175:3)\n    at router (C:\\Users\\ricca\\Desktop\\BSc\\node_modules\\express\\lib\\router\\index.js:47:12)\n    at Layer.handle [as handle_request] (C:\\Users\\ricca\\Desktop\\BSc\\node_modules\\express\\lib\\router\\layer.js:95:5)\n    at trim_prefix (C:\\Users\\ricca\\Desktop\\BSc\\node_modules\\express\\lib\\router\\index.js:328:13)\n    at C:\\Users\\ricca\\Desktop\\BSc\\node_modules\\express\\lib\\router\\index.js:286:9\n    at Function.process_params (C:\\Users\\ricca\\Desktop\\BSc\\node_modules\\express\\lib\\router\\index.js:346:12)\n    at next (C:\\Users\\ricca\\Desktop\\BSc\\node_modules\\express\\lib\\router\\index.js:280:10)\n    at next (C:\\Users\\ricca\\Desktop\\BSc\\src\\middleware\\loggerMiddleware.js:90:5)\n    at Layer.handle [as handle_request] (C:\\Users\\ricca\\Desktop\\BSc\\node_modules\\express\\lib\\router\\layer.js:95:5)\n    at trim_prefix (C:\\Users\\ricca\\Desktop\\BSc\\node_modules\\express\\lib\\router\\index.js:328:13)\n    at C:\\Users\\ricca\\Desktop\\BSc\\node_modules\\express\\lib\\router\\index.js:286:9\n    at Function.process_params (C:\\Users\\ricca\\Desktop\\BSc\\node_modules\\express\\lib\\router\\index.js:346:12)\n    at next (C:\\Users\\ricca\\Desktop\\BSc\\node_modules\\express\\lib\\router\\index.js:280:10)\n    at urlencodedParser (C:\\Users\\ricca\\Desktop\\BSc\\node_modules\\body-parser\\lib\\types\\urlencoded.js:85:7)\n    at Layer.handle [as handle_request] (C:\\Users\\ricca\\Desktop\\BSc\\node_modules\\express\\lib\\router\\layer.js:95:5)\n    at trim_prefix (C:\\Users\\ricca\\Desktop\\BSc\\node_modules\\express\\lib\\router\\index.js:328:13)\n    at C:\\Users\\ricca\\Desktop\\BSc\\node_modules\\express\\lib\\router\\index.js:286:9\n    at Function.process_params (C:\\Users\\ricca\\Desktop\\BSc\\node_modules\\express\\lib\\router\\index.js:346:12)\n    at next (C:\\Users\\ricca\\Desktop\\BSc\\node_modules\\express\\lib\\router\\index.js:280:10)\n    at C:\\Users\\ricca\\Desktop\\BSc\\node_modules\\body-parser\\lib\\read.js:137:5\n    at AsyncResource.runInAsyncScope (node:async_hooks:211:14)\n    at invokeCallback (C:\\Users\\ricca\\Desktop\\BSc\\node_modules\\raw-body\\index.js:238:16)\n    at done (C:\\Users\\ricca\\Desktop\\BSc\\node_modules\\raw-body\\index.js:227:7)\n    at IncomingMessage.onEnd (C:\\Users\\ricca\\Desktop\\BSc\\node_modules\\raw-body\\index.js:287:7)\n    at IncomingMessage.emit (node:events:524:28)\n    at endReadableNT (node:internal/streams/readable:1698:12)\n    at processTicksAndRejections (node:internal/process/task_queues:90:21)","timestamp":"2025-01-09T19:26:55.454Z"}
{"duration":"20ms","ip":"::ffff:127.0.0.1","level":"warn","message":"Risposta inviata","method":"POST","requestId":"req_1736450815435_c0n5ub2ca","responseSize":"85 Bytes","statusCode":401,"timestamp":"2025-01-09T19:26:55.455Z","url":"/api/v1/schools"}
{"level":"warn","message":"Mongoose connection disconnected","timestamp":"2025-01-09T19:26:55.575Z"}
