{"level":"warn","message":"Warning: ModelName mancante nel repository","repository":"school","timestamp":"2025-01-31T06:46:12.631Z"}
{"level":"warn","message":"Warning: ModelName mancante nel repository","repository":"class","timestamp":"2025-01-31T06:46:12.634Z"}
{"level":"warn","message":"Warning: ModelName mancante nel repository","repository":"student","timestamp":"2025-01-31T06:46:12.636Z"}
{"level":"warn","message":"Warning: ModelName mancante nel repository","repository":"user","timestamp":"2025-01-31T06:46:12.639Z"}
{"level":"warn","message":"Warning: ModelName mancante nel repository","repository":"test","timestamp":"2025-01-31T06:46:12.640Z"}
{"level":"info","message":"Repository caricati con successo","repositories":["school","class","student","user","test"],"timestamp":"2025-01-31T06:46:12.642Z"}
{"controllers":["auth","school","user","class","student","test"],"level":"info","message":"Controllers caricati con successo","timestamp":"2025-01-31T06:46:12.703Z"}
{"level":"info","message":"Routes caricate:","protected":["/classes","/schools","/users","/students","/tests"],"public":["/auth","/tests/csi/public"],"timestamp":"2025-01-31T06:46:13.213Z"}
{"level":"info","message":"MongoDB Connected: cluster0-shard-00-01.4nf56.mongodb.net","timestamp":"2025-01-31T06:46:13.910Z"}
{"level":"info","message":"Server in esecuzione su localhost:5000","timestamp":"2025-01-31T06:46:13.948Z"}
{"level":"info","message":"Ambiente: development","timestamp":"2025-01-31T06:46:13.950Z"}
{"ip":"::1","level":"info","message":"Auth Route Called","method":"GET","path":"/api/v1/auth/verify","timestamp":"2025-01-31T06:46:52.390Z","userAgent":"Mozilla/5.0 (Windows NT 10.0; Win64; x64) AppleWebKit/537.36 (KHTML, like Gecko) Chrome/132.0.0.0 Safari/537.36 Edg/132.0.0.0"}
{"hasSchool":false,"level":"info","message":"✨ Authentication successful","role":"admin","timestamp":"2025-01-31T06:46:52.473Z","tokenExpiresIn":"437.7587833333333 minutes","userId":"677bfe44f6789c907c9f3766"}
{"level":"info","message":"Verifica token in corso per utente:","timestamp":"2025-01-31T06:46:52.476Z","userId":"677bfe44f6789c907c9f3766"}
{"hasSchool":false,"level":"info","message":"✨ Authentication successful","role":"admin","timestamp":"2025-01-31T06:49:34.290Z","tokenExpiresIn":"435.0618333333333 minutes","userId":"677bfe44f6789c907c9f3766"}
{"hasSchool":false,"level":"info","message":"✨ Authentication successful","role":"admin","timestamp":"2025-01-31T06:49:34.311Z","tokenExpiresIn":"435.0614833333333 minutes","userId":"677bfe44f6789c907c9f3766"}
{"hasSchool":false,"level":"info","message":"✨ Authentication successful","role":"admin","timestamp":"2025-01-31T06:49:34.334Z","tokenExpiresIn":"435.0611 minutes","userId":"677bfe44f6789c907c9f3766"}
{"hasSchool":false,"level":"info","message":"✨ Authentication successful","role":"admin","timestamp":"2025-01-31T06:49:34.350Z","tokenExpiresIn":"435.06083333333333 minutes","userId":"677bfe44f6789c907c9f3766"}
{"hasSchool":false,"level":"info","message":"✨ Authentication successful","role":"admin","timestamp":"2025-01-31T06:50:34.928Z","tokenExpiresIn":"434.0512 minutes","userId":"677bfe44f6789c907c9f3766"}
{"hasSchool":false,"level":"info","message":"✨ Authentication successful","role":"admin","timestamp":"2025-01-31T06:50:34.964Z","tokenExpiresIn":"434.0506 minutes","userId":"677bfe44f6789c907c9f3766"}
{"hasSchool":false,"level":"info","message":"✨ Authentication successful","role":"admin","timestamp":"2025-01-31T06:50:36.728Z","tokenExpiresIn":"434.0212 minutes","userId":"677bfe44f6789c907c9f3766"}
{"hasSchool":false,"level":"info","message":"✨ Authentication successful","role":"admin","timestamp":"2025-01-31T06:50:36.765Z","tokenExpiresIn":"434.0205833333333 minutes","userId":"677bfe44f6789c907c9f3766"}
{"hasSchool":false,"level":"info","message":"✨ Authentication successful","role":"admin","timestamp":"2025-01-31T06:50:38.125Z","tokenExpiresIn":"433.99791666666664 minutes","userId":"677bfe44f6789c907c9f3766"}
{"hasSchool":false,"level":"info","message":"✨ Authentication successful","role":"admin","timestamp":"2025-01-31T06:50:38.164Z","tokenExpiresIn":"433.99726666666663 minutes","userId":"677bfe44f6789c907c9f3766"}
{"hasSchool":false,"level":"info","message":"✨ Authentication successful","role":"admin","timestamp":"2025-01-31T06:52:29.362Z","tokenExpiresIn":"432.14396666666664 minutes","userId":"677bfe44f6789c907c9f3766"}
{"hasSchool":false,"level":"info","message":"✨ Authentication successful","role":"admin","timestamp":"2025-01-31T06:52:29.396Z","tokenExpiresIn":"432.1434 minutes","userId":"677bfe44f6789c907c9f3766"}
{"hasSchool":false,"level":"info","message":"✨ Authentication successful","role":"admin","timestamp":"2025-01-31T06:52:30.943Z","tokenExpiresIn":"432.11761666666666 minutes","userId":"677bfe44f6789c907c9f3766"}
{"hasSchool":false,"level":"info","message":"✨ Authentication successful","role":"admin","timestamp":"2025-01-31T06:52:30.977Z","tokenExpiresIn":"432.11705 minutes","userId":"677bfe44f6789c907c9f3766"}
{"hasSchool":false,"level":"info","message":"✨ Authentication successful","role":"admin","timestamp":"2025-01-31T06:52:32.595Z","tokenExpiresIn":"432.0900833333333 minutes","userId":"677bfe44f6789c907c9f3766"}
{"hasSchool":false,"level":"info","message":"✨ Authentication successful","role":"admin","timestamp":"2025-01-31T06:52:32.612Z","tokenExpiresIn":"432.08979999999997 minutes","userId":"677bfe44f6789c907c9f3766"}
{"hasSchool":false,"level":"info","message":"✨ Authentication successful","role":"admin","timestamp":"2025-01-31T06:52:32.629Z","tokenExpiresIn":"432.08951666666667 minutes","userId":"677bfe44f6789c907c9f3766"}
{"hasSchool":false,"level":"info","message":"✨ Authentication successful","role":"admin","timestamp":"2025-01-31T06:52:32.646Z","tokenExpiresIn":"432.0892333333333 minutes","userId":"677bfe44f6789c907c9f3766"}
{"hasSchool":false,"level":"info","message":"✨ Authentication successful","role":"admin","timestamp":"2025-01-31T06:53:22.728Z","tokenExpiresIn":"431.25453333333337 minutes","userId":"677bfe44f6789c907c9f3766"}
{"hasSchool":false,"level":"info","message":"✨ Authentication successful","role":"admin","timestamp":"2025-01-31T06:53:22.761Z","tokenExpiresIn":"431.25398333333334 minutes","userId":"677bfe44f6789c907c9f3766"}
{"hasSchool":false,"level":"info","message":"✨ Authentication successful","role":"admin","timestamp":"2025-01-31T06:53:23.831Z","tokenExpiresIn":"431.23615 minutes","userId":"677bfe44f6789c907c9f3766"}
{"hasSchool":false,"level":"info","message":"✨ Authentication successful","role":"admin","timestamp":"2025-01-31T06:53:23.880Z","tokenExpiresIn":"431.2353333333333 minutes","userId":"677bfe44f6789c907c9f3766"}
{"hasSchool":false,"level":"info","message":"✨ Authentication successful","role":"admin","timestamp":"2025-01-31T06:53:24.958Z","tokenExpiresIn":"431.2173666666667 minutes","userId":"677bfe44f6789c907c9f3766"}
{"hasSchool":false,"level":"info","message":"✨ Authentication successful","role":"admin","timestamp":"2025-01-31T06:53:24.999Z","tokenExpiresIn":"431.2166833333333 minutes","userId":"677bfe44f6789c907c9f3766"}
{"hasSchool":false,"level":"info","message":"✨ Authentication successful","role":"admin","timestamp":"2025-01-31T06:53:28.026Z","tokenExpiresIn":"431.1662333333333 minutes","userId":"677bfe44f6789c907c9f3766"}
{"hasSchool":false,"level":"info","message":"✨ Authentication successful","role":"admin","timestamp":"2025-01-31T06:53:28.063Z","tokenExpiresIn":"431.1656166666667 minutes","userId":"677bfe44f6789c907c9f3766"}
{"hasSchool":false,"level":"info","message":"✨ Authentication successful","role":"admin","timestamp":"2025-01-31T06:53:29.165Z","tokenExpiresIn":"431.14725 minutes","userId":"677bfe44f6789c907c9f3766"}
{"hasSchool":false,"level":"info","message":"✨ Authentication successful","role":"admin","timestamp":"2025-01-31T06:53:29.197Z","tokenExpiresIn":"431.1467166666667 minutes","userId":"677bfe44f6789c907c9f3766"}
{"hasSchool":false,"level":"info","message":"✨ Authentication successful","role":"admin","timestamp":"2025-01-31T06:53:30.553Z","tokenExpiresIn":"431.1241166666667 minutes","userId":"677bfe44f6789c907c9f3766"}
{"hasSchool":false,"level":"info","message":"✨ Authentication successful","role":"admin","timestamp":"2025-01-31T06:53:30.587Z","tokenExpiresIn":"431.12355 minutes","userId":"677bfe44f6789c907c9f3766"}
{"hasSchool":false,"level":"info","message":"✨ Authentication successful","role":"admin","timestamp":"2025-01-31T06:53:31.762Z","tokenExpiresIn":"431.1039666666667 minutes","userId":"677bfe44f6789c907c9f3766"}
{"hasSchool":false,"level":"info","message":"✨ Authentication successful","role":"admin","timestamp":"2025-01-31T06:53:31.806Z","tokenExpiresIn":"431.1032333333333 minutes","userId":"677bfe44f6789c907c9f3766"}
{"hasSchool":false,"level":"info","message":"✨ Authentication successful","role":"admin","timestamp":"2025-01-31T06:53:38.435Z","tokenExpiresIn":"430.99275 minutes","userId":"677bfe44f6789c907c9f3766"}
{"hasSchool":false,"level":"info","message":"✨ Authentication successful","role":"admin","timestamp":"2025-01-31T06:53:38.477Z","tokenExpiresIn":"430.99205 minutes","userId":"677bfe44f6789c907c9f3766"}
{"hasSchool":false,"level":"info","message":"✨ Authentication successful","role":"admin","timestamp":"2025-01-31T06:53:39.954Z","tokenExpiresIn":"430.9674333333333 minutes","userId":"677bfe44f6789c907c9f3766"}
{"hasSchool":false,"level":"info","message":"✨ Authentication successful","role":"admin","timestamp":"2025-01-31T06:53:40.007Z","tokenExpiresIn":"430.96655 minutes","userId":"677bfe44f6789c907c9f3766"}
{"hasSchool":false,"level":"info","message":"✨ Authentication successful","role":"admin","timestamp":"2025-01-31T06:53:41.950Z","tokenExpiresIn":"430.93416666666667 minutes","userId":"677bfe44f6789c907c9f3766"}
{"hasSchool":false,"level":"info","message":"✨ Authentication successful","role":"admin","timestamp":"2025-01-31T06:53:41.986Z","tokenExpiresIn":"430.93356666666665 minutes","userId":"677bfe44f6789c907c9f3766"}
{"hasSchool":false,"level":"info","message":"✨ Authentication successful","role":"admin","timestamp":"2025-01-31T06:53:54.339Z","tokenExpiresIn":"430.72768333333335 minutes","userId":"677bfe44f6789c907c9f3766"}
{"hasSchool":false,"level":"info","message":"✨ Authentication successful","role":"admin","timestamp":"2025-01-31T06:53:54.358Z","tokenExpiresIn":"430.7273666666667 minutes","userId":"677bfe44f6789c907c9f3766"}
{"hasSchool":false,"level":"info","message":"✨ Authentication successful","role":"admin","timestamp":"2025-01-31T06:53:54.384Z","tokenExpiresIn":"430.72693333333336 minutes","userId":"677bfe44f6789c907c9f3766"}
{"hasSchool":false,"level":"info","message":"✨ Authentication successful","role":"admin","timestamp":"2025-01-31T06:53:54.401Z","tokenExpiresIn":"430.72664999999995 minutes","userId":"677bfe44f6789c907c9f3766"}
{"hasSchool":false,"level":"info","message":"✨ Authentication successful","role":"admin","timestamp":"2025-01-31T06:53:56.638Z","tokenExpiresIn":"430.6893666666667 minutes","userId":"677bfe44f6789c907c9f3766"}
{"hasSchool":false,"level":"info","message":"✨ Authentication successful","role":"admin","timestamp":"2025-01-31T06:53:56.670Z","tokenExpiresIn":"430.6888333333334 minutes","userId":"677bfe44f6789c907c9f3766"}
{"hasSchool":false,"level":"info","message":"✨ Authentication successful","role":"admin","timestamp":"2025-01-31T06:53:57.926Z","tokenExpiresIn":"430.66790000000003 minutes","userId":"677bfe44f6789c907c9f3766"}
{"hasSchool":false,"level":"info","message":"✨ Authentication successful","role":"admin","timestamp":"2025-01-31T06:53:57.960Z","tokenExpiresIn":"430.6673333333334 minutes","userId":"677bfe44f6789c907c9f3766"}
{"hasSchool":false,"level":"info","message":"✨ Authentication successful","role":"admin","timestamp":"2025-01-31T06:53:59.293Z","tokenExpiresIn":"430.64511666666664 minutes","userId":"677bfe44f6789c907c9f3766"}
{"hasSchool":false,"level":"info","message":"✨ Authentication successful","role":"admin","timestamp":"2025-01-31T06:53:59.328Z","tokenExpiresIn":"430.6445333333333 minutes","userId":"677bfe44f6789c907c9f3766"}
{"hasSchool":false,"level":"info","message":"✨ Authentication successful","role":"admin","timestamp":"2025-01-31T06:54:03.730Z","tokenExpiresIn":"430.57116666666667 minutes","userId":"677bfe44f6789c907c9f3766"}
{"hasSchool":false,"level":"info","message":"✨ Authentication successful","role":"admin","timestamp":"2025-01-31T06:54:03.786Z","tokenExpiresIn":"430.5702333333333 minutes","userId":"677bfe44f6789c907c9f3766"}
{"level":"info","message":"Sezione disattivata con successo:","schoolId":"679be764b2622c85f770e363","sectionName":"A","studentsUpdated":0,"timestamp":"2025-01-31T06:54:04.373Z"}
{"hasSchool":false,"level":"info","message":"✨ Authentication successful","role":"admin","timestamp":"2025-01-31T06:54:04.467Z","tokenExpiresIn":"430.5588833333333 minutes","userId":"677bfe44f6789c907c9f3766"}
{"hasSchool":false,"level":"info","message":"✨ Authentication successful","role":"admin","timestamp":"2025-01-31T06:54:04.520Z","tokenExpiresIn":"430.558 minutes","userId":"677bfe44f6789c907c9f3766"}
{"hasSchool":false,"level":"info","message":"✨ Authentication successful","role":"admin","timestamp":"2025-01-31T06:54:06.102Z","tokenExpiresIn":"430.53163333333333 minutes","userId":"677bfe44f6789c907c9f3766"}
{"hasSchool":false,"level":"info","message":"✨ Authentication successful","role":"admin","timestamp":"2025-01-31T06:54:06.115Z","tokenExpiresIn":"430.53141666666664 minutes","userId":"677bfe44f6789c907c9f3766"}
{"hasSchool":false,"level":"info","message":"✨ Authentication successful","role":"admin","timestamp":"2025-01-31T06:54:06.131Z","tokenExpiresIn":"430.53114999999997 minutes","userId":"677bfe44f6789c907c9f3766"}
{"hasSchool":false,"level":"info","message":"✨ Authentication successful","role":"admin","timestamp":"2025-01-31T06:54:06.142Z","tokenExpiresIn":"430.53096666666664 minutes","userId":"677bfe44f6789c907c9f3766"}
{"hasSchool":false,"level":"info","message":"✨ Authentication successful","role":"admin","timestamp":"2025-01-31T06:54:09.751Z","tokenExpiresIn":"430.4708166666667 minutes","userId":"677bfe44f6789c907c9f3766"}
{"hasSchool":false,"level":"info","message":"✨ Authentication successful","role":"admin","timestamp":"2025-01-31T06:54:09.795Z","tokenExpiresIn":"430.4700833333334 minutes","userId":"677bfe44f6789c907c9f3766"}
{"hasSchool":false,"level":"info","message":"✨ Authentication successful","role":"admin","timestamp":"2025-01-31T06:54:12.828Z","tokenExpiresIn":"430.41953333333333 minutes","userId":"677bfe44f6789c907c9f3766"}
{"hasSchool":false,"level":"info","message":"✨ Authentication successful","role":"admin","timestamp":"2025-01-31T06:54:12.866Z","tokenExpiresIn":"430.41889999999995 minutes","userId":"677bfe44f6789c907c9f3766"}
{"hasSchool":false,"level":"info","message":"✨ Authentication successful","role":"admin","timestamp":"2025-01-31T06:54:15.013Z","tokenExpiresIn":"430.3831166666667 minutes","userId":"677bfe44f6789c907c9f3766"}
{"hasSchool":false,"level":"info","message":"✨ Authentication successful","role":"admin","timestamp":"2025-01-31T06:54:15.046Z","tokenExpiresIn":"430.3825666666667 minutes","userId":"677bfe44f6789c907c9f3766"}
{"hasSchool":false,"level":"info","message":"✨ Authentication successful","role":"admin","timestamp":"2025-01-31T06:54:15.138Z","tokenExpiresIn":"430.38103333333333 minutes","userId":"677bfe44f6789c907c9f3766"}
{"hasSchool":false,"level":"info","message":"✨ Authentication successful","role":"admin","timestamp":"2025-01-31T06:54:15.169Z","tokenExpiresIn":"430.38051666666667 minutes","userId":"677bfe44f6789c907c9f3766"}
{"hasSchool":false,"level":"info","message":"✨ Authentication successful","role":"admin","timestamp":"2025-01-31T06:54:17.841Z","tokenExpiresIn":"430.33598333333333 minutes","userId":"677bfe44f6789c907c9f3766"}
{"hasSchool":false,"level":"info","message":"✨ Authentication successful","role":"admin","timestamp":"2025-01-31T06:54:17.883Z","tokenExpiresIn":"430.3352833333333 minutes","userId":"677bfe44f6789c907c9f3766"}
{"className":"1A","level":"info","message":"Batch assignment completed:","modifiedCount":1,"timestamp":"2025-01-31T06:54:18.075Z","user":"677bfe44f6789c907c9f3766"}
{"hasSchool":false,"level":"info","message":"✨ Authentication successful","role":"admin","timestamp":"2025-01-31T06:54:18.256Z","tokenExpiresIn":"430.3290666666666 minutes","userId":"677bfe44f6789c907c9f3766"}
{"hasSchool":false,"level":"info","message":"✨ Authentication successful","role":"admin","timestamp":"2025-01-31T06:54:18.309Z","tokenExpiresIn":"430.3281833333333 minutes","userId":"677bfe44f6789c907c9f3766"}
{"hasSchool":false,"level":"info","message":"✨ Authentication successful","role":"admin","timestamp":"2025-01-31T06:54:20.213Z","tokenExpiresIn":"430.29645 minutes","userId":"677bfe44f6789c907c9f3766"}
{"hasSchool":false,"level":"info","message":"✨ Authentication successful","role":"admin","timestamp":"2025-01-31T06:54:20.225Z","tokenExpiresIn":"430.29625000000004 minutes","userId":"677bfe44f6789c907c9f3766"}
{"hasSchool":false,"level":"info","message":"✨ Authentication successful","role":"admin","timestamp":"2025-01-31T06:54:20.240Z","tokenExpiresIn":"430.296 minutes","userId":"677bfe44f6789c907c9f3766"}
{"hasSchool":false,"level":"info","message":"✨ Authentication successful","role":"admin","timestamp":"2025-01-31T06:54:20.252Z","tokenExpiresIn":"430.2958 minutes","userId":"677bfe44f6789c907c9f3766"}
{"hasSchool":false,"level":"info","message":"✨ Authentication successful","role":"admin","timestamp":"2025-01-31T06:54:27.169Z","tokenExpiresIn":"430.1805166666666 minutes","userId":"677bfe44f6789c907c9f3766"}
{"hasSchool":false,"level":"info","message":"✨ Authentication successful","role":"admin","timestamp":"2025-01-31T06:54:27.195Z","tokenExpiresIn":"430.18008333333336 minutes","userId":"677bfe44f6789c907c9f3766"}
{"hasSchool":false,"level":"info","message":"✨ Authentication successful","role":"admin","timestamp":"2025-01-31T06:54:31.578Z","tokenExpiresIn":"430.10703333333333 minutes","userId":"677bfe44f6789c907c9f3766"}
{"hasSchool":false,"level":"info","message":"✨ Authentication successful","role":"admin","timestamp":"2025-01-31T06:54:31.618Z","tokenExpiresIn":"430.1063666666667 minutes","userId":"677bfe44f6789c907c9f3766"}
{"hasSchool":false,"level":"info","message":"✨ Authentication successful","role":"admin","timestamp":"2025-01-31T06:54:37.368Z","tokenExpiresIn":"430.01053333333334 minutes","userId":"677bfe44f6789c907c9f3766"}
{"hasSchool":false,"level":"info","message":"✨ Authentication successful","role":"admin","timestamp":"2025-01-31T06:54:37.385Z","tokenExpiresIn":"430.01025000000004 minutes","userId":"677bfe44f6789c907c9f3766"}
{"hasSchool":false,"level":"info","message":"✨ Authentication successful","role":"admin","timestamp":"2025-01-31T06:54:37.403Z","tokenExpiresIn":"430.00995 minutes","userId":"677bfe44f6789c907c9f3766"}
{"hasSchool":false,"level":"info","message":"✨ Authentication successful","role":"admin","timestamp":"2025-01-31T06:54:37.420Z","tokenExpiresIn":"430.0096666666667 minutes","userId":"677bfe44f6789c907c9f3766"}
{"hasSchool":false,"level":"info","message":"✨ Authentication successful","role":"admin","timestamp":"2025-01-31T06:54:40.335Z","tokenExpiresIn":"429.96108333333336 minutes","userId":"677bfe44f6789c907c9f3766"}
{"hasSchool":false,"level":"info","message":"✨ Authentication successful","role":"admin","timestamp":"2025-01-31T06:54:40.371Z","tokenExpiresIn":"429.96048333333334 minutes","userId":"677bfe44f6789c907c9f3766"}
{"hasSchool":false,"level":"info","message":"✨ Authentication successful","role":"admin","timestamp":"2025-01-31T06:54:44.751Z","tokenExpiresIn":"429.8874833333333 minutes","userId":"677bfe44f6789c907c9f3766"}
{"hasSchool":false,"level":"info","message":"✨ Authentication successful","role":"admin","timestamp":"2025-01-31T06:54:44.786Z","tokenExpiresIn":"429.8869 minutes","userId":"677bfe44f6789c907c9f3766"}
{"hasSchool":false,"level":"info","message":"✨ Authentication successful","role":"admin","timestamp":"2025-01-31T06:54:53.728Z","tokenExpiresIn":"429.73786666666666 minutes","userId":"677bfe44f6789c907c9f3766"}
{"hasSchool":false,"level":"info","message":"✨ Authentication successful","role":"admin","timestamp":"2025-01-31T06:54:54.165Z","tokenExpiresIn":"429.7305833333333 minutes","userId":"677bfe44f6789c907c9f3766"}
{"hasSchool":false,"level":"info","message":"✨ Authentication successful","role":"admin","timestamp":"2025-01-31T06:54:54.196Z","tokenExpiresIn":"429.7300666666667 minutes","userId":"677bfe44f6789c907c9f3766"}
{"hasSchool":false,"level":"info","message":"✨ Authentication successful","role":"admin","timestamp":"2025-01-31T06:54:59.891Z","tokenExpiresIn":"429.63515 minutes","userId":"677bfe44f6789c907c9f3766"}
{"hasSchool":false,"level":"info","message":"✨ Authentication successful","role":"admin","timestamp":"2025-01-31T06:54:59.922Z","tokenExpiresIn":"429.63463333333334 minutes","userId":"677bfe44f6789c907c9f3766"}
{"error":{"kind":"ObjectId","message":"Cast to ObjectId failed for value \"\" (type string) at path \"schoolId\" because of \"BSONError\"","name":"CastError","path":"schoolId","reason":{},"stringValue":"\"\"","value":"","valueType":"string"},"level":"error","message":"Error in update student:","studentId":"679be791b2622c85f770e3ce","timestamp":"2025-01-31T06:54:59.928Z","updateData":{"classId":null,"fiscalCode":null,"mainTeacher":null,"needsClassAssignment":true,"parentEmail":null,"schoolId":"","teachers":[]}}
{"kind":"ObjectId","level":"error","message":"Error updating student:","path":"schoolId","reason":{},"stringValue":"\"\"","timestamp":"2025-01-31T06:54:59.930Z","value":"","valueType":"string"}
{"error":"Cast to ObjectId failed for value \"\" (type string) at path \"schoolId\" because of \"BSONError\"","level":"error","message":"Student route error:","method":"PUT","path":"/679be791b2622c85f770e3ce","stack":"CastError: Cast to ObjectId failed for value \"\" (type string) at path \"schoolId\" because of \"BSONError\"\n    at ObjectId.cast (C:\\Users\\ricca\\Desktop\\BSc\\node_modules\\mongoose\\lib\\schema\\objectid.js:250:11)\n    at SchemaType.applySetters (C:\\Users\\ricca\\Desktop\\BSc\\node_modules\\mongoose\\lib\\schematype.js:1219:12)\n    at SchemaType.castForQuery (C:\\Users\\ricca\\Desktop\\BSc\\node_modules\\mongoose\\lib\\schematype.js:1633:15)\n    at castUpdateVal (C:\\Users\\ricca\\Desktop\\BSc\\node_modules\\mongoose\\lib\\helpers\\query\\castUpdate.js:576:19)\n    at walkUpdatePath (C:\\Users\\ricca\\Desktop\\BSc\\node_modules\\mongoose\\lib\\helpers\\query\\castUpdate.js:381:24)\n    at castUpdate (C:\\Users\\ricca\\Desktop\\BSc\\node_modules\\mongoose\\lib\\helpers\\query\\castUpdate.js:110:7)\n    at model.Query._castUpdate (C:\\Users\\ricca\\Desktop\\BSc\\node_modules\\mongoose\\lib\\query.js:4727:10)\n    at model.Query._findOneAndUpdate (C:\\Users\\ricca\\Desktop\\BSc\\node_modules\\mongoose\\lib\\query.js:3341:23)\n    at model.Query.exec (C:\\Users\\ricca\\Desktop\\BSc\\node_modules\\mongoose\\lib\\query.js:4447:28)\n    at process.processTicksAndRejections (node:internal/process/task_queues:105:5)","timestamp":"2025-01-31T06:54:59.932Z","userId":"677bfe44f6789c907c9f3766"}
{"duration":"83ms","ip":"::1","level":"warn","message":"Risposta inviata","method":"PUT","requestId":"req_1738306499851_2t7uvd6b7","responseSize":"152 Bytes","statusCode":400,"timestamp":"2025-01-31T06:54:59.934Z","url":"/api/v1/students/679be791b2622c85f770e3ce","userAgent":"Mozilla/5.0 (Windows NT 10.0; Win64; x64) AppleWebKit/537.36 (KHTML, like Gecko) Chrome/132.0.0.0 Safari/537.36 Edg/132.0.0.0"}
{"ip":"::1","level":"info","message":"Auth Route Called","method":"GET","path":"/api/v1/auth/verify","timestamp":"2025-01-31T06:55:03.625Z","userAgent":"Mozilla/5.0 (Windows NT 10.0; Win64; x64) AppleWebKit/537.36 (KHTML, like Gecko) Chrome/132.0.0.0 Safari/537.36 Edg/132.0.0.0"}
{"hasSchool":false,"level":"info","message":"✨ Authentication successful","role":"admin","timestamp":"2025-01-31T06:55:03.658Z","tokenExpiresIn":"429.57236666666665 minutes","userId":"677bfe44f6789c907c9f3766"}
{"level":"info","message":"Verifica token in corso per utente:","timestamp":"2025-01-31T06:55:03.659Z","userId":"677bfe44f6789c907c9f3766"}
{"hasSchool":false,"level":"info","message":"✨ Authentication successful","role":"admin","timestamp":"2025-01-31T06:55:03.866Z","tokenExpiresIn":"429.5689 minutes","userId":"677bfe44f6789c907c9f3766"}
{"hasSchool":false,"level":"info","message":"✨ Authentication successful","role":"admin","timestamp":"2025-01-31T06:55:03.912Z","tokenExpiresIn":"429.5681333333333 minutes","userId":"677bfe44f6789c907c9f3766"}
{"hasSchool":false,"level":"info","message":"✨ Authentication successful","role":"admin","timestamp":"2025-01-31T06:55:04.348Z","tokenExpiresIn":"429.56086666666664 minutes","userId":"677bfe44f6789c907c9f3766"}
{"hasSchool":false,"level":"info","message":"✨ Authentication successful","role":"admin","timestamp":"2025-01-31T06:55:04.397Z","tokenExpiresIn":"429.56005 minutes","userId":"677bfe44f6789c907c9f3766"}
{"hasSchool":false,"level":"info","message":"✨ Authentication successful","role":"admin","timestamp":"2025-01-31T06:55:04.474Z","tokenExpiresIn":"429.5587833333333 minutes","userId":"677bfe44f6789c907c9f3766"}
{"hasSchool":false,"level":"info","message":"✨ Authentication successful","role":"admin","timestamp":"2025-01-31T06:55:04.507Z","tokenExpiresIn":"429.5582166666666 minutes","userId":"677bfe44f6789c907c9f3766"}
{"hasSchool":false,"level":"info","message":"✨ Authentication successful","role":"admin","timestamp":"2025-01-31T06:55:05.919Z","tokenExpiresIn":"429.5346833333333 minutes","userId":"677bfe44f6789c907c9f3766"}
{"hasSchool":false,"level":"info","message":"✨ Authentication successful","role":"admin","timestamp":"2025-01-31T06:55:05.953Z","tokenExpiresIn":"429.53411666666665 minutes","userId":"677bfe44f6789c907c9f3766"}
{"hasSchool":false,"level":"info","message":"✨ Authentication successful","role":"admin","timestamp":"2025-01-31T06:55:05.967Z","tokenExpiresIn":"429.53388333333334 minutes","userId":"677bfe44f6789c907c9f3766"}
{"hasSchool":false,"level":"info","message":"✨ Authentication successful","role":"admin","timestamp":"2025-01-31T06:55:06.115Z","tokenExpiresIn":"429.53141666666664 minutes","userId":"677bfe44f6789c907c9f3766"}
{"hasSchool":false,"level":"info","message":"✨ Authentication successful","role":"admin","timestamp":"2025-01-31T06:55:10.393Z","tokenExpiresIn":"429.4601166666667 minutes","userId":"677bfe44f6789c907c9f3766"}
{"hasSchool":false,"level":"info","message":"✨ Authentication successful","role":"admin","timestamp":"2025-01-31T06:55:11.569Z","tokenExpiresIn":"429.44051666666667 minutes","userId":"677bfe44f6789c907c9f3766"}
{"hasSchool":false,"level":"info","message":"✨ Authentication successful","role":"admin","timestamp":"2025-01-31T06:55:11.609Z","tokenExpiresIn":"429.43985 minutes","userId":"677bfe44f6789c907c9f3766"}
{"hasSchool":false,"level":"info","message":"✨ Authentication successful","role":"admin","timestamp":"2025-01-31T06:55:15.513Z","tokenExpiresIn":"429.37478333333337 minutes","userId":"677bfe44f6789c907c9f3766"}
{"hasSchool":false,"level":"info","message":"✨ Authentication successful","role":"admin","timestamp":"2025-01-31T06:55:15.528Z","tokenExpiresIn":"429.3745333333334 minutes","userId":"677bfe44f6789c907c9f3766"}
{"hasSchool":false,"level":"info","message":"✨ Authentication successful","role":"admin","timestamp":"2025-01-31T06:55:15.541Z","tokenExpiresIn":"429.37431666666663 minutes","userId":"677bfe44f6789c907c9f3766"}
{"hasSchool":false,"level":"info","message":"✨ Authentication successful","role":"admin","timestamp":"2025-01-31T06:55:15.556Z","tokenExpiresIn":"429.37406666666664 minutes","userId":"677bfe44f6789c907c9f3766"}
{"hasSchool":false,"level":"info","message":"✨ Authentication successful","role":"admin","timestamp":"2025-01-31T06:55:19.259Z","tokenExpiresIn":"429.31235000000004 minutes","userId":"677bfe44f6789c907c9f3766"}
{"hasSchool":false,"level":"info","message":"✨ Authentication successful","role":"admin","timestamp":"2025-01-31T06:55:19.295Z","tokenExpiresIn":"429.31175 minutes","userId":"677bfe44f6789c907c9f3766"}
{"hasSchool":false,"level":"info","message":"✨ Authentication successful","role":"admin","timestamp":"2025-01-31T06:55:52.572Z","tokenExpiresIn":"428.75713333333334 minutes","userId":"677bfe44f6789c907c9f3766"}
{"hasSchool":false,"level":"info","message":"✨ Authentication successful","role":"admin","timestamp":"2025-01-31T06:55:52.604Z","tokenExpiresIn":"428.7566 minutes","userId":"677bfe44f6789c907c9f3766"}
{"hasSchool":false,"level":"info","message":"✨ Authentication successful","role":"admin","timestamp":"2025-01-31T06:55:53.872Z","tokenExpiresIn":"428.7354666666667 minutes","userId":"677bfe44f6789c907c9f3766"}
{"hasSchool":false,"level":"info","message":"✨ Authentication successful","role":"admin","timestamp":"2025-01-31T06:55:53.904Z","tokenExpiresIn":"428.73493333333334 minutes","userId":"677bfe44f6789c907c9f3766"}
{"hasSchool":false,"level":"info","message":"✨ Authentication successful","role":"admin","timestamp":"2025-01-31T06:55:55.965Z","tokenExpiresIn":"428.7005833333333 minutes","userId":"677bfe44f6789c907c9f3766"}
{"hasSchool":false,"level":"info","message":"✨ Authentication successful","role":"admin","timestamp":"2025-01-31T06:55:56.000Z","tokenExpiresIn":"428.7 minutes","userId":"677bfe44f6789c907c9f3766"}
{"hasSchool":false,"level":"info","message":"✨ Authentication successful","role":"admin","timestamp":"2025-01-31T06:55:58.389Z","tokenExpiresIn":"428.66018333333335 minutes","userId":"677bfe44f6789c907c9f3766"}
{"hasSchool":false,"level":"info","message":"✨ Authentication successful","role":"admin","timestamp":"2025-01-31T06:55:58.425Z","tokenExpiresIn":"428.65958333333333 minutes","userId":"677bfe44f6789c907c9f3766"}
{"hasSchool":false,"level":"info","message":"✨ Authentication successful","role":"admin","timestamp":"2025-01-31T06:56:00.524Z","tokenExpiresIn":"428.6246 minutes","userId":"677bfe44f6789c907c9f3766"}
{"hasSchool":false,"level":"info","message":"✨ Authentication successful","role":"admin","timestamp":"2025-01-31T06:56:00.565Z","tokenExpiresIn":"428.6239166666667 minutes","userId":"677bfe44f6789c907c9f3766"}
{"hasSchool":false,"level":"info","message":"✨ Authentication successful","role":"admin","timestamp":"2025-01-31T06:56:08.830Z","tokenExpiresIn":"428.48616666666663 minutes","userId":"677bfe44f6789c907c9f3766"}
{"hasSchool":false,"level":"info","message":"✨ Authentication successful","role":"admin","timestamp":"2025-01-31T06:56:08.864Z","tokenExpiresIn":"428.4856 minutes","userId":"677bfe44f6789c907c9f3766"}
{"hasSchool":false,"level":"info","message":"✨ Authentication successful","role":"admin","timestamp":"2025-01-31T06:56:13.568Z","tokenExpiresIn":"428.4072 minutes","userId":"677bfe44f6789c907c9f3766"}
{"hasSchool":false,"level":"info","message":"✨ Authentication successful","role":"admin","timestamp":"2025-01-31T06:56:13.599Z","tokenExpiresIn":"428.4066833333334 minutes","userId":"677bfe44f6789c907c9f3766"}
{"hasSchool":false,"level":"info","message":"✨ Authentication successful","role":"admin","timestamp":"2025-01-31T06:56:14.609Z","tokenExpiresIn":"428.38984999999997 minutes","userId":"677bfe44f6789c907c9f3766"}
{"hasSchool":false,"level":"info","message":"✨ Authentication successful","role":"admin","timestamp":"2025-01-31T06:56:14.627Z","tokenExpiresIn":"428.38955 minutes","userId":"677bfe44f6789c907c9f3766"}
{"hasSchool":false,"level":"info","message":"✨ Authentication successful","role":"admin","timestamp":"2025-01-31T06:56:14.644Z","tokenExpiresIn":"428.3892666666667 minutes","userId":"677bfe44f6789c907c9f3766"}
{"hasSchool":false,"level":"info","message":"✨ Authentication successful","role":"admin","timestamp":"2025-01-31T06:56:14.660Z","tokenExpiresIn":"428.389 minutes","userId":"677bfe44f6789c907c9f3766"}
{"hasSchool":false,"level":"info","message":"✨ Authentication successful","role":"admin","timestamp":"2025-01-31T06:56:20.939Z","tokenExpiresIn":"428.28435 minutes","userId":"677bfe44f6789c907c9f3766"}
{"hasSchool":false,"level":"info","message":"✨ Authentication successful","role":"admin","timestamp":"2025-01-31T06:56:20.972Z","tokenExpiresIn":"428.2838 minutes","userId":"677bfe44f6789c907c9f3766"}
{"hasSchool":false,"level":"info","message":"✨ Authentication successful","role":"admin","timestamp":"2025-01-31T06:56:21.085Z","tokenExpiresIn":"428.2819166666667 minutes","userId":"677bfe44f6789c907c9f3766"}
{"hasSchool":false,"level":"info","message":"✨ Authentication successful","role":"admin","timestamp":"2025-01-31T06:56:21.124Z","tokenExpiresIn":"428.2812666666667 minutes","userId":"677bfe44f6789c907c9f3766"}
{"hasSchool":false,"level":"info","message":"✨ Authentication successful","role":"admin","timestamp":"2025-01-31T06:56:22.194Z","tokenExpiresIn":"428.26343333333335 minutes","userId":"677bfe44f6789c907c9f3766"}
{"hasSchool":false,"level":"info","message":"✨ Authentication successful","role":"admin","timestamp":"2025-01-31T06:56:22.225Z","tokenExpiresIn":"428.2629166666667 minutes","userId":"677bfe44f6789c907c9f3766"}
{"hasSchool":false,"level":"info","message":"✨ Authentication successful","role":"admin","timestamp":"2025-01-31T06:56:24.992Z","tokenExpiresIn":"428.21680000000003 minutes","userId":"677bfe44f6789c907c9f3766"}
{"hasSchool":false,"level":"info","message":"✨ Authentication successful","role":"admin","timestamp":"2025-01-31T06:56:25.027Z","tokenExpiresIn":"428.2162166666667 minutes","userId":"677bfe44f6789c907c9f3766"}
{"hasSchool":false,"level":"info","message":"✨ Authentication successful","role":"admin","timestamp":"2025-01-31T06:56:27.178Z","tokenExpiresIn":"428.18036666666666 minutes","userId":"677bfe44f6789c907c9f3766"}
{"hasSchool":false,"level":"info","message":"✨ Authentication successful","role":"admin","timestamp":"2025-01-31T06:56:27.229Z","tokenExpiresIn":"428.1795166666667 minutes","userId":"677bfe44f6789c907c9f3766"}
{"hasSchool":false,"level":"info","message":"✨ Authentication successful","role":"admin","timestamp":"2025-01-31T06:56:27.434Z","tokenExpiresIn":"428.17609999999996 minutes","userId":"677bfe44f6789c907c9f3766"}
{"hasSchool":false,"level":"info","message":"✨ Authentication successful","role":"admin","timestamp":"2025-01-31T06:56:27.482Z","tokenExpiresIn":"428.1753 minutes","userId":"677bfe44f6789c907c9f3766"}
{"hasSchool":false,"level":"info","message":"✨ Authentication successful","role":"admin","timestamp":"2025-01-31T06:56:29.298Z","tokenExpiresIn":"428.14503333333334 minutes","userId":"677bfe44f6789c907c9f3766"}
{"hasSchool":false,"level":"info","message":"✨ Authentication successful","role":"admin","timestamp":"2025-01-31T06:56:29.333Z","tokenExpiresIn":"428.14445 minutes","userId":"677bfe44f6789c907c9f3766"}
{"hasSchool":false,"level":"info","message":"✨ Authentication successful","role":"admin","timestamp":"2025-01-31T06:56:30.845Z","tokenExpiresIn":"428.11924999999997 minutes","userId":"677bfe44f6789c907c9f3766"}
{"hasSchool":false,"level":"info","message":"✨ Authentication successful","role":"admin","timestamp":"2025-01-31T06:56:30.881Z","tokenExpiresIn":"428.11865 minutes","userId":"677bfe44f6789c907c9f3766"}
{"hasSchool":false,"level":"info","message":"✨ Authentication successful","role":"admin","timestamp":"2025-01-31T06:57:53.975Z","tokenExpiresIn":"426.73375000000004 minutes","userId":"677bfe44f6789c907c9f3766"}
{"hasSchool":false,"level":"info","message":"✨ Authentication successful","role":"admin","timestamp":"2025-01-31T06:57:54.006Z","tokenExpiresIn":"426.7332333333333 minutes","userId":"677bfe44f6789c907c9f3766"}
{"hasSchool":false,"level":"info","message":"✨ Authentication successful","role":"admin","timestamp":"2025-01-31T06:57:55.345Z","tokenExpiresIn":"426.71091666666666 minutes","userId":"677bfe44f6789c907c9f3766"}
{"hasSchool":false,"level":"info","message":"✨ Authentication successful","role":"admin","timestamp":"2025-01-31T06:57:55.377Z","tokenExpiresIn":"426.7103833333333 minutes","userId":"677bfe44f6789c907c9f3766"}
{"hasSchool":false,"level":"info","message":"✨ Authentication successful","role":"admin","timestamp":"2025-01-31T06:58:10.972Z","tokenExpiresIn":"426.4504666666666 minutes","userId":"677bfe44f6789c907c9f3766"}
{"hasSchool":false,"level":"info","message":"✨ Authentication successful","role":"admin","timestamp":"2025-01-31T06:58:11.002Z","tokenExpiresIn":"426.4499666666667 minutes","userId":"677bfe44f6789c907c9f3766"}
{"hasSchool":false,"level":"info","message":"✨ Authentication successful","role":"admin","timestamp":"2025-01-31T06:58:11.105Z","tokenExpiresIn":"426.44825000000003 minutes","userId":"677bfe44f6789c907c9f3766"}
{"hasSchool":false,"level":"info","message":"✨ Authentication successful","role":"admin","timestamp":"2025-01-31T06:58:11.138Z","tokenExpiresIn":"426.4477 minutes","userId":"677bfe44f6789c907c9f3766"}
{"academicYear":"2024/2025","level":"info","message":"Inizializzazione classi per la scuola","schoolId":"679c7483bdb941a2c477667a","sectionsCount":1,"timestamp":"2025-01-31T06:58:11.140Z"}
{"classesCreated":3,"level":"info","message":"Classi iniziali create con successo","schoolId":"679c7483bdb941a2c477667a","timestamp":"2025-01-31T06:58:11.537Z"}
{"hasSchool":false,"level":"info","message":"✨ Authentication successful","role":"admin","timestamp":"2025-01-31T06:58:11.828Z","tokenExpiresIn":"426.4362 minutes","userId":"677bfe44f6789c907c9f3766"}
{"hasSchool":false,"level":"info","message":"✨ Authentication successful","role":"admin","timestamp":"2025-01-31T06:58:11.880Z","tokenExpiresIn":"426.4353333333333 minutes","userId":"677bfe44f6789c907c9f3766"}
{"hasSchool":false,"level":"info","message":"✨ Authentication successful","role":"admin","timestamp":"2025-01-31T06:58:12.893Z","tokenExpiresIn":"426.41845 minutes","userId":"677bfe44f6789c907c9f3766"}
{"hasSchool":false,"level":"info","message":"✨ Authentication successful","role":"admin","timestamp":"2025-01-31T06:58:12.926Z","tokenExpiresIn":"426.41790000000003 minutes","userId":"677bfe44f6789c907c9f3766"}
{"hasSchool":false,"level":"info","message":"✨ Authentication successful","role":"admin","timestamp":"2025-01-31T06:58:15.890Z","tokenExpiresIn":"426.3685 minutes","userId":"677bfe44f6789c907c9f3766"}
{"hasSchool":false,"level":"info","message":"✨ Authentication successful","role":"admin","timestamp":"2025-01-31T06:58:15.905Z","tokenExpiresIn":"426.36825000000005 minutes","userId":"677bfe44f6789c907c9f3766"}
{"hasSchool":false,"level":"info","message":"✨ Authentication successful","role":"admin","timestamp":"2025-01-31T06:58:15.920Z","tokenExpiresIn":"426.36800000000005 minutes","userId":"677bfe44f6789c907c9f3766"}
{"hasSchool":false,"level":"info","message":"✨ Authentication successful","role":"admin","timestamp":"2025-01-31T06:58:15.935Z","tokenExpiresIn":"426.36775 minutes","userId":"677bfe44f6789c907c9f3766"}
{"hasSchool":false,"level":"info","message":"✨ Authentication successful","role":"admin","timestamp":"2025-01-31T06:58:16.667Z","tokenExpiresIn":"426.35555 minutes","userId":"677bfe44f6789c907c9f3766"}
{"hasSchool":false,"level":"info","message":"✨ Authentication successful","role":"admin","timestamp":"2025-01-31T06:58:16.703Z","tokenExpiresIn":"426.35495 minutes","userId":"677bfe44f6789c907c9f3766"}
{"hasSchool":false,"level":"info","message":"✨ Authentication successful","role":"admin","timestamp":"2025-01-31T06:58:19.126Z","tokenExpiresIn":"426.3145666666667 minutes","userId":"677bfe44f6789c907c9f3766"}
{"hasSchool":false,"level":"info","message":"✨ Authentication successful","role":"admin","timestamp":"2025-01-31T06:58:19.169Z","tokenExpiresIn":"426.31384999999995 minutes","userId":"677bfe44f6789c907c9f3766"}
{"hasSchool":false,"level":"info","message":"✨ Authentication successful","role":"admin","timestamp":"2025-01-31T06:58:28.661Z","tokenExpiresIn":"426.15565 minutes","userId":"677bfe44f6789c907c9f3766"}
{"hasSchool":false,"level":"info","message":"✨ Authentication successful","role":"admin","timestamp":"2025-01-31T06:58:28.704Z","tokenExpiresIn":"426.1549333333333 minutes","userId":"677bfe44f6789c907c9f3766"}
{"hasSchool":false,"level":"info","message":"✨ Authentication successful","role":"admin","timestamp":"2025-01-31T06:58:28.757Z","tokenExpiresIn":"426.15405 minutes","userId":"677bfe44f6789c907c9f3766"}
{"class":"679c7483bdb941a2c477668a","level":"info","message":"Student created with class successfully:","school":"679c7483bdb941a2c477667a","studentId":"679c7494bdb941a2c47766c8","timestamp":"2025-01-31T06:58:28.955Z"}
{"hasSchool":false,"level":"info","message":"✨ Authentication successful","role":"admin","timestamp":"2025-01-31T06:58:29.038Z","tokenExpiresIn":"426.14936666666665 minutes","userId":"677bfe44f6789c907c9f3766"}
{"hasSchool":false,"level":"info","message":"✨ Authentication successful","role":"admin","timestamp":"2025-01-31T06:58:29.085Z","tokenExpiresIn":"426.14858333333336 minutes","userId":"677bfe44f6789c907c9f3766"}
{"hasSchool":false,"level":"info","message":"✨ Authentication successful","role":"admin","timestamp":"2025-01-31T06:58:33.316Z","tokenExpiresIn":"426.0780666666667 minutes","userId":"677bfe44f6789c907c9f3766"}
{"hasSchool":false,"level":"info","message":"✨ Authentication successful","role":"admin","timestamp":"2025-01-31T06:58:33.349Z","tokenExpiresIn":"426.07751666666667 minutes","userId":"677bfe44f6789c907c9f3766"}
{"hasSchool":false,"level":"info","message":"✨ Authentication successful","role":"admin","timestamp":"2025-01-31T06:58:34.651Z","tokenExpiresIn":"426.05581666666666 minutes","userId":"677bfe44f6789c907c9f3766"}
{"hasSchool":false,"level":"info","message":"✨ Authentication successful","role":"admin","timestamp":"2025-01-31T06:58:34.685Z","tokenExpiresIn":"426.05525 minutes","userId":"677bfe44f6789c907c9f3766"}
{"hasSchool":false,"level":"info","message":"✨ Authentication successful","role":"admin","timestamp":"2025-01-31T06:58:36.484Z","tokenExpiresIn":"426.02526666666665 minutes","userId":"677bfe44f6789c907c9f3766"}
{"hasSchool":false,"level":"info","message":"✨ Authentication successful","role":"admin","timestamp":"2025-01-31T06:58:36.494Z","tokenExpiresIn":"426.0251 minutes","userId":"677bfe44f6789c907c9f3766"}
{"hasSchool":false,"level":"info","message":"✨ Authentication successful","role":"admin","timestamp":"2025-01-31T06:58:36.510Z","tokenExpiresIn":"426.02483333333333 minutes","userId":"677bfe44f6789c907c9f3766"}
{"hasSchool":false,"level":"info","message":"✨ Authentication successful","role":"admin","timestamp":"2025-01-31T06:58:36.520Z","tokenExpiresIn":"426.02466666666663 minutes","userId":"677bfe44f6789c907c9f3766"}
{"hasSchool":false,"level":"info","message":"✨ Authentication successful","role":"admin","timestamp":"2025-01-31T06:58:41.006Z","tokenExpiresIn":"425.94989999999996 minutes","userId":"677bfe44f6789c907c9f3766"}
{"hasSchool":false,"level":"info","message":"✨ Authentication successful","role":"admin","timestamp":"2025-01-31T06:58:41.056Z","tokenExpiresIn":"425.9490666666667 minutes","userId":"677bfe44f6789c907c9f3766"}
{"hasSchool":false,"level":"info","message":"✨ Authentication successful","role":"admin","timestamp":"2025-01-31T06:58:42.310Z","tokenExpiresIn":"425.92816666666664 minutes","userId":"677bfe44f6789c907c9f3766"}
{"hasSchool":false,"level":"info","message":"✨ Authentication successful","role":"admin","timestamp":"2025-01-31T06:58:43.726Z","tokenExpiresIn":"425.9045666666667 minutes","userId":"677bfe44f6789c907c9f3766"}
{"hasSchool":false,"level":"info","message":"✨ Authentication successful","role":"admin","timestamp":"2025-01-31T06:58:43.759Z","tokenExpiresIn":"425.9040166666667 minutes","userId":"677bfe44f6789c907c9f3766"}
{"hasSchool":false,"level":"info","message":"✨ Authentication successful","role":"admin","timestamp":"2025-01-31T06:58:44.790Z","tokenExpiresIn":"425.8868333333333 minutes","userId":"677bfe44f6789c907c9f3766"}
{"hasSchool":false,"level":"info","message":"✨ Authentication successful","role":"admin","timestamp":"2025-01-31T06:58:47.324Z","tokenExpiresIn":"425.8446 minutes","userId":"677bfe44f6789c907c9f3766"}
{"level":"info","message":"Test link generated successfully:","questionCount":30,"resultId":"679c74a7bdb941a2c47766fc","testId":"679c74a7bdb941a2c47766fa","timestamp":"2025-01-31T06:58:47.410Z","token":"2121078b40..."}
{"hasSchool":false,"level":"info","message":"✨ Authentication successful","role":"admin","timestamp":"2025-01-31T06:59:36.774Z","tokenExpiresIn":"425.0204333333333 minutes","userId":"677bfe44f6789c907c9f3766"}
{"hasSchool":false,"level":"info","message":"✨ Authentication successful","role":"admin","timestamp":"2025-01-31T06:59:36.799Z","tokenExpiresIn":"425.02001666666666 minutes","userId":"677bfe44f6789c907c9f3766"}
{"hasSchool":false,"level":"info","message":"✨ Authentication successful","role":"admin","timestamp":"2025-01-31T06:59:39.133Z","tokenExpiresIn":"424.98111666666665 minutes","userId":"677bfe44f6789c907c9f3766"}
{"hasSchool":false,"level":"info","message":"✨ Authentication successful","role":"admin","timestamp":"2025-01-31T06:59:39.166Z","tokenExpiresIn":"424.9805666666667 minutes","userId":"677bfe44f6789c907c9f3766"}
{"hasSchool":false,"level":"info","message":"✨ Authentication successful","role":"admin","timestamp":"2025-01-31T06:59:54.761Z","tokenExpiresIn":"424.72065000000003 minutes","userId":"677bfe44f6789c907c9f3766"}
{"hasSchool":false,"level":"info","message":"✨ Authentication successful","role":"admin","timestamp":"2025-01-31T06:59:54.797Z","tokenExpiresIn":"424.72005 minutes","userId":"677bfe44f6789c907c9f3766"}
{"hasSchool":false,"level":"info","message":"✨ Authentication successful","role":"admin","timestamp":"2025-01-31T06:59:55.500Z","tokenExpiresIn":"424.7083333333333 minutes","userId":"677bfe44f6789c907c9f3766"}
{"hasSchool":false,"level":"info","message":"✨ Authentication successful","role":"admin","timestamp":"2025-01-31T06:59:55.537Z","tokenExpiresIn":"424.70771666666667 minutes","userId":"677bfe44f6789c907c9f3766"}
{"hasSchool":false,"level":"info","message":"✨ Authentication successful","role":"admin","timestamp":"2025-01-31T06:59:56.370Z","tokenExpiresIn":"424.6938333333334 minutes","userId":"677bfe44f6789c907c9f3766"}
{"hasSchool":false,"level":"info","message":"✨ Authentication successful","role":"admin","timestamp":"2025-01-31T06:59:56.404Z","tokenExpiresIn":"424.6932666666667 minutes","userId":"677bfe44f6789c907c9f3766"}
{"hasSchool":false,"level":"info","message":"✨ Authentication successful","role":"admin","timestamp":"2025-01-31T07:00:00.028Z","tokenExpiresIn":"424.6328666666667 minutes","userId":"677bfe44f6789c907c9f3766"}
{"hasSchool":false,"level":"info","message":"✨ Authentication successful","role":"admin","timestamp":"2025-01-31T07:00:00.070Z","tokenExpiresIn":"424.63216666666665 minutes","userId":"677bfe44f6789c907c9f3766"}
{"hasSchool":false,"level":"info","message":"✨ Authentication successful","role":"admin","timestamp":"2025-01-31T07:00:07.706Z","tokenExpiresIn":"424.5049 minutes","userId":"677bfe44f6789c907c9f3766"}
{"hasSchool":false,"level":"info","message":"✨ Authentication successful","role":"admin","timestamp":"2025-01-31T07:00:07.742Z","tokenExpiresIn":"424.5043 minutes","userId":"677bfe44f6789c907c9f3766"}
{"hasSchool":false,"level":"info","message":"✨ Authentication successful","role":"admin","timestamp":"2025-01-31T07:00:09.377Z","tokenExpiresIn":"424.47705 minutes","userId":"677bfe44f6789c907c9f3766"}
{"hasSchool":false,"level":"info","message":"✨ Authentication successful","role":"admin","timestamp":"2025-01-31T07:00:09.418Z","tokenExpiresIn":"424.47636666666665 minutes","userId":"677bfe44f6789c907c9f3766"}
{"hasSchool":false,"level":"info","message":"✨ Authentication successful","role":"admin","timestamp":"2025-01-31T07:00:33.406Z","tokenExpiresIn":"424.0765666666667 minutes","userId":"677bfe44f6789c907c9f3766"}
{"hasSchool":false,"level":"info","message":"✨ Authentication successful","role":"admin","timestamp":"2025-01-31T07:00:33.440Z","tokenExpiresIn":"424.076 minutes","userId":"677bfe44f6789c907c9f3766"}
{"hasSchool":false,"level":"info","message":"✨ Authentication successful","role":"admin","timestamp":"2025-01-31T07:00:40.081Z","tokenExpiresIn":"423.9653166666667 minutes","userId":"677bfe44f6789c907c9f3766"}
{"hasSchool":false,"level":"info","message":"✨ Authentication successful","role":"admin","timestamp":"2025-01-31T07:00:40.093Z","tokenExpiresIn":"423.96511666666663 minutes","userId":"677bfe44f6789c907c9f3766"}
{"hasSchool":false,"level":"info","message":"✨ Authentication successful","role":"admin","timestamp":"2025-01-31T07:00:40.107Z","tokenExpiresIn":"423.9648833333333 minutes","userId":"677bfe44f6789c907c9f3766"}
{"hasSchool":false,"level":"info","message":"✨ Authentication successful","role":"admin","timestamp":"2025-01-31T07:00:40.121Z","tokenExpiresIn":"423.96465 minutes","userId":"677bfe44f6789c907c9f3766"}
{"hasSchool":false,"level":"info","message":"✨ Authentication successful","role":"admin","timestamp":"2025-01-31T07:00:51.025Z","tokenExpiresIn":"423.78291666666667 minutes","userId":"677bfe44f6789c907c9f3766"}
{"hasSchool":false,"level":"info","message":"✨ Authentication successful","role":"admin","timestamp":"2025-01-31T07:00:51.058Z","tokenExpiresIn":"423.78236666666663 minutes","userId":"677bfe44f6789c907c9f3766"}
{"hasSchool":false,"level":"info","message":"✨ Authentication successful","role":"admin","timestamp":"2025-01-31T07:00:54.084Z","tokenExpiresIn":"423.73193333333336 minutes","userId":"677bfe44f6789c907c9f3766"}
{"hasSchool":false,"level":"info","message":"✨ Authentication successful","role":"admin","timestamp":"2025-01-31T07:00:54.137Z","tokenExpiresIn":"423.73105000000004 minutes","userId":"677bfe44f6789c907c9f3766"}
{"hasSchool":false,"level":"info","message":"✨ Authentication successful","role":"admin","timestamp":"2025-01-31T07:00:55.278Z","tokenExpiresIn":"423.71203333333335 minutes","userId":"677bfe44f6789c907c9f3766"}
{"hasSchool":false,"level":"info","message":"✨ Authentication successful","role":"admin","timestamp":"2025-01-31T07:00:55.350Z","tokenExpiresIn":"423.71083333333337 minutes","userId":"677bfe44f6789c907c9f3766"}
{"hasSchool":false,"level":"info","message":"✨ Authentication successful","role":"admin","timestamp":"2025-01-31T07:00:59.308Z","tokenExpiresIn":"423.64486666666664 minutes","userId":"677bfe44f6789c907c9f3766"}
{"hasSchool":false,"level":"info","message":"✨ Authentication successful","role":"admin","timestamp":"2025-01-31T07:00:59.360Z","tokenExpiresIn":"423.644 minutes","userId":"677bfe44f6789c907c9f3766"}
{"level":"info","message":"Sezione disattivata con successo:","schoolId":"679c7483bdb941a2c477667a","sectionName":"A","studentsUpdated":0,"timestamp":"2025-01-31T07:00:59.816Z"}
{"hasSchool":false,"level":"info","message":"✨ Authentication successful","role":"admin","timestamp":"2025-01-31T07:00:59.892Z","tokenExpiresIn":"423.63513333333333 minutes","userId":"677bfe44f6789c907c9f3766"}
{"hasSchool":false,"level":"info","message":"✨ Authentication successful","role":"admin","timestamp":"2025-01-31T07:00:59.943Z","tokenExpiresIn":"423.63428333333337 minutes","userId":"677bfe44f6789c907c9f3766"}
{"hasSchool":false,"level":"info","message":"✨ Authentication successful","role":"admin","timestamp":"2025-01-31T07:01:02.849Z","tokenExpiresIn":"423.58585000000005 minutes","userId":"677bfe44f6789c907c9f3766"}
{"hasSchool":false,"level":"info","message":"✨ Authentication successful","role":"admin","timestamp":"2025-01-31T07:01:02.863Z","tokenExpiresIn":"423.5856166666666 minutes","userId":"677bfe44f6789c907c9f3766"}
{"hasSchool":false,"level":"info","message":"✨ Authentication successful","role":"admin","timestamp":"2025-01-31T07:01:02.879Z","tokenExpiresIn":"423.58535 minutes","userId":"677bfe44f6789c907c9f3766"}
{"hasSchool":false,"level":"info","message":"✨ Authentication successful","role":"admin","timestamp":"2025-01-31T07:01:02.892Z","tokenExpiresIn":"423.5851333333333 minutes","userId":"677bfe44f6789c907c9f3766"}
{"hasSchool":false,"level":"info","message":"✨ Authentication successful","role":"admin","timestamp":"2025-01-31T07:01:04.625Z","tokenExpiresIn":"423.55625 minutes","userId":"677bfe44f6789c907c9f3766"}
{"hasSchool":false,"level":"info","message":"✨ Authentication successful","role":"admin","timestamp":"2025-01-31T07:01:04.661Z","tokenExpiresIn":"423.55565 minutes","userId":"677bfe44f6789c907c9f3766"}
{"hasSchool":false,"level":"info","message":"✨ Authentication successful","role":"admin","timestamp":"2025-01-31T07:01:06.628Z","tokenExpiresIn":"423.52286666666663 minutes","userId":"677bfe44f6789c907c9f3766"}
{"hasSchool":false,"level":"info","message":"✨ Authentication successful","role":"admin","timestamp":"2025-01-31T07:01:06.687Z","tokenExpiresIn":"423.5218833333333 minutes","userId":"677bfe44f6789c907c9f3766"}
{"hasSchool":false,"level":"info","message":"✨ Authentication successful","role":"admin","timestamp":"2025-01-31T07:01:09.106Z","tokenExpiresIn":"423.48156666666665 minutes","userId":"677bfe44f6789c907c9f3766"}
{"hasSchool":false,"level":"info","message":"✨ Authentication successful","role":"admin","timestamp":"2025-01-31T07:01:09.142Z","tokenExpiresIn":"423.4809666666667 minutes","userId":"677bfe44f6789c907c9f3766"}
{"classesReactivated":3,"level":"info","message":"Sezione e classi riattivate con successo:","schoolId":"679c7483bdb941a2c477667a","sectionName":"A","timestamp":"2025-01-31T07:01:09.432Z"}
{"classesReactivated":3,"level":"info","message":"Sezione riattivata con successo:","schoolId":"679c7483bdb941a2c477667a","sectionName":"A","timestamp":"2025-01-31T07:01:09.436Z"}
{"hasSchool":false,"level":"info","message":"✨ Authentication successful","role":"admin","timestamp":"2025-01-31T07:01:09.511Z","tokenExpiresIn":"423.4748166666667 minutes","userId":"677bfe44f6789c907c9f3766"}
{"hasSchool":false,"level":"info","message":"✨ Authentication successful","role":"admin","timestamp":"2025-01-31T07:01:09.560Z","tokenExpiresIn":"423.474 minutes","userId":"677bfe44f6789c907c9f3766"}
{"hasSchool":false,"level":"info","message":"✨ Authentication successful","role":"admin","timestamp":"2025-01-31T07:01:11.354Z","tokenExpiresIn":"423.4441 minutes","userId":"677bfe44f6789c907c9f3766"}
{"hasSchool":false,"level":"info","message":"✨ Authentication successful","role":"admin","timestamp":"2025-01-31T07:01:11.399Z","tokenExpiresIn":"423.44334999999995 minutes","userId":"677bfe44f6789c907c9f3766"}
{"hasSchool":false,"level":"info","message":"✨ Authentication successful","role":"admin","timestamp":"2025-01-31T07:01:13.535Z","tokenExpiresIn":"423.40775 minutes","userId":"677bfe44f6789c907c9f3766"}
{"hasSchool":false,"level":"info","message":"✨ Authentication successful","role":"admin","timestamp":"2025-01-31T07:01:13.551Z","tokenExpiresIn":"423.40748333333335 minutes","userId":"677bfe44f6789c907c9f3766"}
{"hasSchool":false,"level":"info","message":"✨ Authentication successful","role":"admin","timestamp":"2025-01-31T07:01:13.563Z","tokenExpiresIn":"423.40728333333334 minutes","userId":"677bfe44f6789c907c9f3766"}
{"hasSchool":false,"level":"info","message":"✨ Authentication successful","role":"admin","timestamp":"2025-01-31T07:01:13.579Z","tokenExpiresIn":"423.40701666666666 minutes","userId":"677bfe44f6789c907c9f3766"}
{"hasSchool":false,"level":"info","message":"✨ Authentication successful","role":"admin","timestamp":"2025-01-31T07:01:14.960Z","tokenExpiresIn":"423.384 minutes","userId":"677bfe44f6789c907c9f3766"}
{"hasSchool":false,"level":"info","message":"✨ Authentication successful","role":"admin","timestamp":"2025-01-31T07:01:14.995Z","tokenExpiresIn":"423.38343333333336 minutes","userId":"677bfe44f6789c907c9f3766"}
{"hasSchool":false,"level":"info","message":"✨ Authentication successful","role":"admin","timestamp":"2025-01-31T07:01:17.291Z","tokenExpiresIn":"423.34515 minutes","userId":"677bfe44f6789c907c9f3766"}
{"hasSchool":false,"level":"info","message":"✨ Authentication successful","role":"admin","timestamp":"2025-01-31T07:01:17.334Z","tokenExpiresIn":"423.34443333333337 minutes","userId":"677bfe44f6789c907c9f3766"}
{"hasSchool":false,"level":"info","message":"✨ Authentication successful","role":"admin","timestamp":"2025-01-31T07:01:20.617Z","tokenExpiresIn":"423.2897166666667 minutes","userId":"677bfe44f6789c907c9f3766"}
{"hasSchool":false,"level":"info","message":"✨ Authentication successful","role":"admin","timestamp":"2025-01-31T07:01:20.655Z","tokenExpiresIn":"423.28908333333334 minutes","userId":"677bfe44f6789c907c9f3766"}
{"hasSchool":false,"level":"info","message":"✨ Authentication successful","role":"admin","timestamp":"2025-01-31T07:01:24.310Z","tokenExpiresIn":"423.22816666666665 minutes","userId":"677bfe44f6789c907c9f3766"}
{"hasSchool":false,"level":"info","message":"✨ Authentication successful","role":"admin","timestamp":"2025-01-31T07:01:24.353Z","tokenExpiresIn":"423.22745000000003 minutes","userId":"677bfe44f6789c907c9f3766"}
{"hasSchool":false,"level":"info","message":"✨ Authentication successful","role":"admin","timestamp":"2025-01-31T07:01:25.386Z","tokenExpiresIn":"423.21023333333335 minutes","userId":"677bfe44f6789c907c9f3766"}
{"hasSchool":false,"level":"info","message":"✨ Authentication successful","role":"admin","timestamp":"2025-01-31T07:01:25.435Z","tokenExpiresIn":"423.20941666666664 minutes","userId":"677bfe44f6789c907c9f3766"}
{"hasSchool":false,"level":"info","message":"✨ Authentication successful","role":"admin","timestamp":"2025-01-31T07:01:25.562Z","tokenExpiresIn":"423.2073 minutes","userId":"677bfe44f6789c907c9f3766"}
{"hasSchool":false,"level":"info","message":"✨ Authentication successful","role":"admin","timestamp":"2025-01-31T07:01:25.614Z","tokenExpiresIn":"423.20643333333334 minutes","userId":"677bfe44f6789c907c9f3766"}
{"hasSchool":false,"level":"info","message":"✨ Authentication successful","role":"admin","timestamp":"2025-01-31T07:01:27.884Z","tokenExpiresIn":"423.1686 minutes","userId":"677bfe44f6789c907c9f3766"}
{"hasSchool":false,"level":"info","message":"✨ Authentication successful","role":"admin","timestamp":"2025-01-31T07:01:27.919Z","tokenExpiresIn":"423.16801666666663 minutes","userId":"677bfe44f6789c907c9f3766"}
{"className":"1A","level":"info","message":"Batch assignment completed:","modifiedCount":1,"timestamp":"2025-01-31T07:01:28.092Z","user":"677bfe44f6789c907c9f3766"}
{"hasSchool":false,"level":"info","message":"✨ Authentication successful","role":"admin","timestamp":"2025-01-31T07:01:28.263Z","tokenExpiresIn":"423.16228333333333 minutes","userId":"677bfe44f6789c907c9f3766"}
{"hasSchool":false,"level":"info","message":"✨ Authentication successful","role":"admin","timestamp":"2025-01-31T07:01:28.313Z","tokenExpiresIn":"423.16145 minutes","userId":"677bfe44f6789c907c9f3766"}
{"hasSchool":false,"level":"info","message":"✨ Authentication successful","role":"admin","timestamp":"2025-01-31T07:01:30.201Z","tokenExpiresIn":"423.1299833333333 minutes","userId":"677bfe44f6789c907c9f3766"}
{"hasSchool":false,"level":"info","message":"✨ Authentication successful","role":"admin","timestamp":"2025-01-31T07:01:30.217Z","tokenExpiresIn":"423.12971666666664 minutes","userId":"677bfe44f6789c907c9f3766"}
{"hasSchool":false,"level":"info","message":"✨ Authentication successful","role":"admin","timestamp":"2025-01-31T07:01:30.235Z","tokenExpiresIn":"423.12941666666666 minutes","userId":"677bfe44f6789c907c9f3766"}
{"hasSchool":false,"level":"info","message":"✨ Authentication successful","role":"admin","timestamp":"2025-01-31T07:01:30.249Z","tokenExpiresIn":"423.12918333333334 minutes","userId":"677bfe44f6789c907c9f3766"}
{"hasSchool":false,"level":"info","message":"✨ Authentication successful","role":"admin","timestamp":"2025-01-31T07:01:34.716Z","tokenExpiresIn":"423.05473333333333 minutes","userId":"677bfe44f6789c907c9f3766"}
{"hasSchool":false,"level":"info","message":"✨ Authentication successful","role":"admin","timestamp":"2025-01-31T07:01:34.750Z","tokenExpiresIn":"423.0541666666667 minutes","userId":"677bfe44f6789c907c9f3766"}
{"hasSchool":false,"level":"info","message":"✨ Authentication successful","role":"admin","timestamp":"2025-01-31T07:01:42.238Z","tokenExpiresIn":"422.9293666666666 minutes","userId":"677bfe44f6789c907c9f3766"}
{"hasSchool":false,"level":"info","message":"✨ Authentication successful","role":"admin","timestamp":"2025-01-31T07:01:42.270Z","tokenExpiresIn":"422.92883333333333 minutes","userId":"677bfe44f6789c907c9f3766"}
{"hasSchool":false,"level":"info","message":"✨ Authentication successful","role":"admin","timestamp":"2025-01-31T07:01:43.316Z","tokenExpiresIn":"422.9114 minutes","userId":"677bfe44f6789c907c9f3766"}
{"hasSchool":false,"level":"info","message":"✨ Authentication successful","role":"admin","timestamp":"2025-01-31T07:01:48.975Z","tokenExpiresIn":"422.81708333333336 minutes","userId":"677bfe44f6789c907c9f3766"}
{"hasSchool":false,"level":"info","message":"✨ Authentication successful","role":"admin","timestamp":"2025-01-31T07:01:49.008Z","tokenExpiresIn":"422.8165333333333 minutes","userId":"677bfe44f6789c907c9f3766"}
{"hasSchool":false,"level":"info","message":"✨ Authentication successful","role":"admin","timestamp":"2025-01-31T07:03:52.783Z","tokenExpiresIn":"420.7536166666667 minutes","userId":"677bfe44f6789c907c9f3766"}
{"hasSchool":false,"level":"info","message":"✨ Authentication successful","role":"admin","timestamp":"2025-01-31T07:03:52.798Z","tokenExpiresIn":"420.7533666666667 minutes","userId":"677bfe44f6789c907c9f3766"}
{"hasSchool":false,"level":"info","message":"✨ Authentication successful","role":"admin","timestamp":"2025-01-31T07:03:52.813Z","tokenExpiresIn":"420.7531166666667 minutes","userId":"677bfe44f6789c907c9f3766"}
{"hasSchool":false,"level":"info","message":"✨ Authentication successful","role":"admin","timestamp":"2025-01-31T07:03:52.827Z","tokenExpiresIn":"420.75288333333333 minutes","userId":"677bfe44f6789c907c9f3766"}
{"hasSchool":false,"level":"info","message":"✨ Authentication successful","role":"admin","timestamp":"2025-01-31T08:14:43.141Z","tokenExpiresIn":"349.91431666666665 minutes","userId":"677bfe44f6789c907c9f3766"}
{"hasSchool":false,"level":"info","message":"✨ Authentication successful","role":"admin","timestamp":"2025-01-31T08:14:43.175Z","tokenExpiresIn":"349.91375 minutes","userId":"677bfe44f6789c907c9f3766"}
{"hasSchool":false,"level":"info","message":"✨ Authentication successful","role":"admin","timestamp":"2025-01-31T08:14:57.220Z","tokenExpiresIn":"349.67966666666666 minutes","userId":"677bfe44f6789c907c9f3766"}
{"hasSchool":false,"level":"info","message":"✨ Authentication successful","role":"admin","timestamp":"2025-01-31T08:14:57.232Z","tokenExpiresIn":"349.67946666666666 minutes","userId":"677bfe44f6789c907c9f3766"}
{"hasSchool":false,"level":"info","message":"✨ Authentication successful","role":"admin","timestamp":"2025-01-31T08:14:57.244Z","tokenExpiresIn":"349.6792666666667 minutes","userId":"677bfe44f6789c907c9f3766"}
{"hasSchool":false,"level":"info","message":"✨ Authentication successful","role":"admin","timestamp":"2025-01-31T08:14:57.298Z","tokenExpiresIn":"349.6783666666667 minutes","userId":"677bfe44f6789c907c9f3766"}
{"hasSchool":false,"level":"info","message":"✨ Authentication successful","role":"admin","timestamp":"2025-01-31T08:15:42.789Z","tokenExpiresIn":"348.92018333333334 minutes","userId":"677bfe44f6789c907c9f3766"}
{"hasSchool":false,"level":"info","message":"✨ Authentication successful","role":"admin","timestamp":"2025-01-31T08:15:42.812Z","tokenExpiresIn":"348.91979999999995 minutes","userId":"677bfe44f6789c907c9f3766"}
{"hasSchool":false,"level":"info","message":"✨ Authentication successful","role":"admin","timestamp":"2025-01-31T08:15:44.371Z","tokenExpiresIn":"348.8938166666667 minutes","userId":"677bfe44f6789c907c9f3766"}
{"hasSchool":false,"level":"info","message":"✨ Authentication successful","role":"admin","timestamp":"2025-01-31T08:15:44.395Z","tokenExpiresIn":"348.89341666666667 minutes","userId":"677bfe44f6789c907c9f3766"}
{"hasSchool":false,"level":"info","message":"✨ Authentication successful","role":"admin","timestamp":"2025-01-31T08:15:46.460Z","tokenExpiresIn":"348.85900000000004 minutes","userId":"677bfe44f6789c907c9f3766"}
{"hasSchool":false,"level":"info","message":"✨ Authentication successful","role":"admin","timestamp":"2025-01-31T08:15:46.469Z","tokenExpiresIn":"348.85884999999996 minutes","userId":"677bfe44f6789c907c9f3766"}
{"hasSchool":false,"level":"info","message":"✨ Authentication successful","role":"admin","timestamp":"2025-01-31T08:15:46.485Z","tokenExpiresIn":"348.85858333333334 minutes","userId":"677bfe44f6789c907c9f3766"}
{"hasSchool":false,"level":"info","message":"✨ Authentication successful","role":"admin","timestamp":"2025-01-31T08:15:46.492Z","tokenExpiresIn":"348.8584666666667 minutes","userId":"677bfe44f6789c907c9f3766"}
{"hasSchool":false,"level":"info","message":"✨ Authentication successful","role":"admin","timestamp":"2025-01-31T08:18:57.190Z","tokenExpiresIn":"345.6801666666667 minutes","userId":"677bfe44f6789c907c9f3766"}
{"hasSchool":false,"level":"info","message":"✨ Authentication successful","role":"admin","timestamp":"2025-01-31T08:18:57.219Z","tokenExpiresIn":"345.67968333333334 minutes","userId":"677bfe44f6789c907c9f3766"}
{"hasSchool":false,"level":"info","message":"✨ Authentication successful","role":"admin","timestamp":"2025-01-31T08:20:57.282Z","tokenExpiresIn":"343.6786333333333 minutes","userId":"677bfe44f6789c907c9f3766"}
{"hasSchool":false,"level":"info","message":"✨ Authentication successful","role":"admin","timestamp":"2025-01-31T08:20:57.306Z","tokenExpiresIn":"343.6782333333333 minutes","userId":"677bfe44f6789c907c9f3766"}
{"hasSchool":false,"level":"info","message":"✨ Authentication successful","role":"admin","timestamp":"2025-01-31T08:20:58.957Z","tokenExpiresIn":"343.6507166666667 minutes","userId":"677bfe44f6789c907c9f3766"}
{"hasSchool":false,"level":"info","message":"✨ Authentication successful","role":"admin","timestamp":"2025-01-31T08:20:58.983Z","tokenExpiresIn":"343.65028333333333 minutes","userId":"677bfe44f6789c907c9f3766"}
{"hasSchool":false,"level":"info","message":"✨ Authentication successful","role":"admin","timestamp":"2025-01-31T08:21:00.346Z","tokenExpiresIn":"343.62756666666667 minutes","userId":"677bfe44f6789c907c9f3766"}
{"hasSchool":false,"level":"info","message":"✨ Authentication successful","role":"admin","timestamp":"2025-01-31T08:21:00.358Z","tokenExpiresIn":"343.62736666666666 minutes","userId":"677bfe44f6789c907c9f3766"}
{"hasSchool":false,"level":"info","message":"✨ Authentication successful","role":"admin","timestamp":"2025-01-31T08:21:00.374Z","tokenExpiresIn":"343.6271 minutes","userId":"677bfe44f6789c907c9f3766"}
{"hasSchool":false,"level":"info","message":"✨ Authentication successful","role":"admin","timestamp":"2025-01-31T08:21:00.396Z","tokenExpiresIn":"343.62673333333333 minutes","userId":"677bfe44f6789c907c9f3766"}
{"hasSchool":false,"level":"info","message":"✨ Authentication successful","role":"admin","timestamp":"2025-01-31T08:21:17.921Z","tokenExpiresIn":"343.33465 minutes","userId":"677bfe44f6789c907c9f3766"}
{"hasSchool":false,"level":"info","message":"✨ Authentication successful","role":"admin","timestamp":"2025-01-31T08:21:17.946Z","tokenExpiresIn":"343.3342333333333 minutes","userId":"677bfe44f6789c907c9f3766"}
{"hasSchool":false,"level":"info","message":"✨ Authentication successful","role":"admin","timestamp":"2025-01-31T08:21:19.532Z","tokenExpiresIn":"343.3078 minutes","userId":"677bfe44f6789c907c9f3766"}
{"hasSchool":false,"level":"info","message":"✨ Authentication successful","role":"admin","timestamp":"2025-01-31T08:21:19.539Z","tokenExpiresIn":"343.30768333333333 minutes","userId":"677bfe44f6789c907c9f3766"}
{"hasSchool":false,"level":"info","message":"✨ Authentication successful","role":"admin","timestamp":"2025-01-31T08:21:19.556Z","tokenExpiresIn":"343.3074 minutes","userId":"677bfe44f6789c907c9f3766"}
{"hasSchool":false,"level":"info","message":"✨ Authentication successful","role":"admin","timestamp":"2025-01-31T08:21:19.563Z","tokenExpiresIn":"343.3072833333334 minutes","userId":"677bfe44f6789c907c9f3766"}
{"hasSchool":false,"level":"info","message":"✨ Authentication successful","role":"admin","timestamp":"2025-01-31T08:21:24.380Z","tokenExpiresIn":"343.227 minutes","userId":"677bfe44f6789c907c9f3766"}
{"hasSchool":false,"level":"info","message":"✨ Authentication successful","role":"admin","timestamp":"2025-01-31T08:21:24.404Z","tokenExpiresIn":"343.2266 minutes","userId":"677bfe44f6789c907c9f3766"}
{"hasSchool":false,"level":"info","message":"✨ Authentication successful","role":"admin","timestamp":"2025-01-31T08:21:25.595Z","tokenExpiresIn":"343.20675 minutes","userId":"677bfe44f6789c907c9f3766"}
{"hasSchool":false,"level":"info","message":"✨ Authentication successful","role":"admin","timestamp":"2025-01-31T08:21:25.618Z","tokenExpiresIn":"343.20636666666667 minutes","userId":"677bfe44f6789c907c9f3766"}
{"hasSchool":false,"level":"info","message":"✨ Authentication successful","role":"admin","timestamp":"2025-01-31T08:21:47.579Z","tokenExpiresIn":"342.84035 minutes","userId":"677bfe44f6789c907c9f3766"}
{"hasSchool":false,"level":"info","message":"✨ Authentication successful","role":"admin","timestamp":"2025-01-31T08:21:47.602Z","tokenExpiresIn":"342.83996666666667 minutes","userId":"677bfe44f6789c907c9f3766"}
{"hasSchool":false,"level":"info","message":"✨ Authentication successful","role":"admin","timestamp":"2025-01-31T08:21:48.384Z","tokenExpiresIn":"342.8269333333334 minutes","userId":"677bfe44f6789c907c9f3766"}
{"hasSchool":false,"level":"info","message":"✨ Authentication successful","role":"admin","timestamp":"2025-01-31T08:21:58.242Z","tokenExpiresIn":"342.66263333333336 minutes","userId":"677bfe44f6789c907c9f3766"}
{"hasSchool":false,"level":"info","message":"✨ Authentication successful","role":"admin","timestamp":"2025-01-31T08:21:58.254Z","tokenExpiresIn":"342.6624333333333 minutes","userId":"677bfe44f6789c907c9f3766"}
{"hasSchool":false,"level":"info","message":"✨ Authentication successful","role":"admin","timestamp":"2025-01-31T08:21:58.280Z","tokenExpiresIn":"342.66200000000003 minutes","userId":"677bfe44f6789c907c9f3766"}
{"hasSchool":false,"level":"info","message":"✨ Authentication successful","role":"admin","timestamp":"2025-01-31T08:21:58.302Z","tokenExpiresIn":"342.6616333333333 minutes","userId":"677bfe44f6789c907c9f3766"}
{"hasSchool":false,"level":"info","message":"✨ Authentication successful","role":"admin","timestamp":"2025-01-31T08:22:07.529Z","tokenExpiresIn":"342.50785 minutes","userId":"677bfe44f6789c907c9f3766"}
{"hasSchool":false,"level":"info","message":"✨ Authentication successful","role":"admin","timestamp":"2025-01-31T08:22:07.554Z","tokenExpiresIn":"342.5074333333333 minutes","userId":"677bfe44f6789c907c9f3766"}
{"hasSchool":false,"level":"info","message":"✨ Authentication successful","role":"admin","timestamp":"2025-01-31T08:22:09.700Z","tokenExpiresIn":"342.47166666666664 minutes","userId":"677bfe44f6789c907c9f3766"}
{"hasSchool":false,"level":"info","message":"✨ Authentication successful","role":"admin","timestamp":"2025-01-31T08:22:09.723Z","tokenExpiresIn":"342.4712833333333 minutes","userId":"677bfe44f6789c907c9f3766"}
{"hasSchool":false,"level":"info","message":"✨ Authentication successful","role":"admin","timestamp":"2025-01-31T08:23:04.734Z","tokenExpiresIn":"341.55443333333335 minutes","userId":"677bfe44f6789c907c9f3766"}
{"hasSchool":false,"level":"info","message":"✨ Authentication successful","role":"admin","timestamp":"2025-01-31T08:23:04.761Z","tokenExpiresIn":"341.55398333333335 minutes","userId":"677bfe44f6789c907c9f3766"}
{"hasSchool":false,"level":"info","message":"✨ Authentication successful","role":"admin","timestamp":"2025-01-31T08:23:06.486Z","tokenExpiresIn":"341.52523333333335 minutes","userId":"677bfe44f6789c907c9f3766"}
{"hasSchool":false,"level":"info","message":"✨ Authentication successful","role":"admin","timestamp":"2025-01-31T08:23:06.508Z","tokenExpiresIn":"341.52486666666664 minutes","userId":"677bfe44f6789c907c9f3766"}
