{"level":"warn","message":"Mongoose not connected when initializing models","timestamp":"2025-03-13T10:53:05.164Z"}
{"connectionState":0,"existingModels":["CSIQuestion","Test","Student","CSIConfig"],"level":"info","message":"Initializing models...","timestamp":"2025-03-13T10:53:05.169Z"}
{"level":"info","message":"Model validation successful - all required models registered","timestamp":"2025-03-13T10:53:05.227Z"}
{"level":"info","message":"MongoDB Connected: cluster0-shard-00-01.4nf56.mongodb.net","timestamp":"2025-03-13T10:53:06.459Z"}
{"level":"info","message":"Database connesso con successo","timestamp":"2025-03-13T10:53:06.461Z"}
{"level":"info","message":"Tutti i modelli richiesti sono registrati correttamente","timestamp":"2025-03-13T10:53:06.462Z"}
{"environment":"development","level":"info","message":"Routes initialized:","protected":["/classes","/schools","/users","/students","/tests","/system-tests"],"public":["/auth","/student-auth","/tests/csi/public"],"timestamp":"2025-03-13T10:53:06.875Z"}
{"level":"info","message":"Server in esecuzione su localhost:5000","timestamp":"2025-03-13T10:53:06.884Z"}
{"level":"info","message":"Ambiente: development","timestamp":"2025-03-13T10:53:06.885Z"}
{"error":{"code":"AUTH_002","message":"Token scaduto","metadata":{},"status":401},"ip":"::1","level":"error","message":"Authentication failed","path":"/verify","timestamp":"2025-03-13T10:53:58.676Z"}
{"error":{"code":"AUTH_002","message":"Token scaduto","metadata":{},"status":401},"ip":"::1","level":"error","message":"Auth Error:","method":"GET","path":"/api/v1/auth/verify","timestamp":"2025-03-13T10:53:58.678Z"}
{"duration":"25ms","ip":"::1","level":"warn","message":"Risposta inviata","method":"GET","requestId":"req_1741863238661_2eakq349x","responseSize":"72 Bytes","statusCode":401,"timestamp":"2025-03-13T10:53:58.688Z","url":"/api/v1/auth/verify","userAgent":"Mozilla/5.0 (Windows NT 10.0; Win64; x64) AppleWebKit/537.36 (KHTML, like Gecko) Chrome/134.0.0.0 Safari/537.36 Edg/134.0.0.0"}
{"error":{"code":"AUTH_002","message":"Token scaduto","metadata":{},"status":401},"ip":"::1","level":"error","message":"Authentication failed","path":"/refresh-token","timestamp":"2025-03-13T10:53:58.749Z"}
{"error":{"code":"AUTH_002","message":"Token scaduto","metadata":{},"status":401},"ip":"::1","level":"error","message":"Auth Error:","method":"POST","path":"/api/v1/auth/refresh-token","timestamp":"2025-03-13T10:53:58.750Z"}
{"duration":"10ms","ip":"::1","level":"warn","message":"Risposta inviata","method":"POST","requestId":"req_1741863238743_wfafsxy8s","responseSize":"72 Bytes","statusCode":401,"timestamp":"2025-03-13T10:53:58.753Z","url":"/api/v1/auth/refresh-token","userAgent":"Mozilla/5.0 (Windows NT 10.0; Win64; x64) AppleWebKit/537.36 (KHTML, like Gecko) Chrome/134.0.0.0 Safari/537.36 Edg/134.0.0.0"}
{"level":"info","message":"Login successful","metadata":{"ipAddress":"::1","userAgent":"Mozilla/5.0 (Windows NT 10.0; Win64; x64) AppleWebKit/537.36 (KHTML, like Gecko) Chrome/134.0.0.0 Safari/537.36 Edg/134.0.0.0"},"timestamp":"2025-03-13T10:54:08.727Z","userId":"677bfe44f6789c907c9f3766"}
{"action":"login","level":"info","message":"User audit record created","timestamp":"2025-03-13T10:54:08.782Z","userId":"677bfe44f6789c907c9f3766"}
{"level":"info","message":"Richiesta login studente","timestamp":"2025-03-13T10:54:22.937Z","username":"piero@matest.it"}
{"level":"info","message":"Tentativo di autenticazione studente","timestamp":"2025-03-13T10:54:22.953Z","username":"piero@matest.it"}
{"level":"info","message":"Primo accesso rilevato","studentId":"67c4908d647e9de1d9422ed8","timestamp":"2025-03-13T10:54:22.992Z","username":"piero@matest.it"}
{"error":"Studente non trovato","level":"error","message":"Student route error:","method":"GET","path":"/67b20991d8fdac4600a0def6","timestamp":"2025-03-13T10:54:25.576Z","userId":"677bfe44f6789c907c9f3766"}
{"duration":"249ms","ip":"::1","level":"warn","message":"Risposta inviata","method":"GET","requestId":"req_1741863265329_ng5tk8qy4","responseSize":"74 Bytes","statusCode":400,"timestamp":"2025-03-13T10:54:25.578Z","url":"/api/v1/students/67b20991d8fdac4600a0def6","userAgent":"Mozilla/5.0 (Windows NT 10.0; Win64; x64) AppleWebKit/537.36 (KHTML, like Gecko) Chrome/134.0.0.0 Safari/537.36 Edg/134.0.0.0"}
{"error":"Studente non trovato","level":"error","message":"Student route error:","method":"GET","path":"/67b20991d8fdac4600a0def6","timestamp":"2025-03-13T10:54:25.799Z","userId":"677bfe44f6789c907c9f3766"}
{"duration":"219ms","ip":"::1","level":"warn","message":"Risposta inviata","method":"GET","requestId":"req_1741863265582_p6r12pl9j","responseSize":"74 Bytes","statusCode":400,"timestamp":"2025-03-13T10:54:25.801Z","url":"/api/v1/students/67b20991d8fdac4600a0def6","userAgent":"Mozilla/5.0 (Windows NT 10.0; Win64; x64) AppleWebKit/537.36 (KHTML, like Gecko) Chrome/134.0.0.0 Safari/537.36 Edg/134.0.0.0"}
{"level":"warn","message":"Mongoose not connected when initializing models","timestamp":"2025-03-13T11:30:45.638Z"}
{"connectionState":0,"existingModels":["CSIQuestion","Test","Student","CSIConfig"],"level":"info","message":"Initializing models...","timestamp":"2025-03-13T11:30:45.643Z"}
{"level":"info","message":"Model validation successful - all required models registered","timestamp":"2025-03-13T11:30:45.684Z"}
{"level":"info","message":"MongoDB Connected: cluster0-shard-00-00.4nf56.mongodb.net","timestamp":"2025-03-13T11:30:47.008Z"}
{"level":"info","message":"Database connesso con successo","timestamp":"2025-03-13T11:30:47.009Z"}
{"level":"info","message":"Tutti i modelli richiesti sono registrati correttamente","timestamp":"2025-03-13T11:30:47.010Z"}
{"environment":"development","level":"info","message":"Routes initialized:","protected":["/classes","/schools","/users","/students","/tests","/system-tests"],"public":["/auth","/student-auth","/tests/csi/public"],"timestamp":"2025-03-13T11:30:47.464Z"}
{"level":"info","message":"Server in esecuzione su localhost:5000","timestamp":"2025-03-13T11:30:47.474Z"}
{"level":"info","message":"Ambiente: development","timestamp":"2025-03-13T11:30:47.475Z"}
{"level":"info","message":"Richiesta login studente","timestamp":"2025-03-13T11:30:55.633Z","username":"piero@matest.it"}
{"level":"info","message":"Tentativo di autenticazione studente","timestamp":"2025-03-13T11:30:55.635Z","username":"piero@matest.it"}
{"level":"info","message":"Primo accesso rilevato","studentId":"67c4908d647e9de1d9422ed8","timestamp":"2025-03-13T11:30:55.678Z","username":"piero@matest.it"}
{"error":"Studente non trovato","level":"error","message":"Student route error:","method":"GET","path":"/67b20991d8fdac4600a0def6","timestamp":"2025-03-13T11:30:56.139Z","userId":"677bfe44f6789c907c9f3766"}
{"duration":"278ms","ip":"::1","level":"warn","message":"Risposta inviata","method":"GET","requestId":"req_1741865455863_riiuzbyo2","responseSize":"74 Bytes","statusCode":400,"timestamp":"2025-03-13T11:30:56.141Z","url":"/api/v1/students/67b20991d8fdac4600a0def6","userAgent":"Mozilla/5.0 (Windows NT 10.0; Win64; x64) AppleWebKit/537.36 (KHTML, like Gecko) Chrome/134.0.0.0 Safari/537.36 Edg/134.0.0.0"}
{"error":"Studente non trovato","level":"error","message":"Student route error:","method":"GET","path":"/67b20991d8fdac4600a0def6","timestamp":"2025-03-13T11:30:56.352Z","userId":"677bfe44f6789c907c9f3766"}
{"duration":"210ms","ip":"::1","level":"warn","message":"Risposta inviata","method":"GET","requestId":"req_1741865456144_vgvph3gpk","responseSize":"74 Bytes","statusCode":400,"timestamp":"2025-03-13T11:30:56.354Z","url":"/api/v1/students/67b20991d8fdac4600a0def6","userAgent":"Mozilla/5.0 (Windows NT 10.0; Win64; x64) AppleWebKit/537.36 (KHTML, like Gecko) Chrome/134.0.0.0 Safari/537.36 Edg/134.0.0.0"}
{"level":"warn","message":"Mongoose not connected when initializing models","timestamp":"2025-03-13T11:32:21.971Z"}
{"connectionState":0,"existingModels":["CSIQuestion","Test","Student","CSIConfig"],"level":"info","message":"Initializing models...","timestamp":"2025-03-13T11:32:21.976Z"}
{"level":"info","message":"Model validation successful - all required models registered","timestamp":"2025-03-13T11:32:22.020Z"}
{"level":"info","message":"MongoDB Connected: cluster0-shard-00-00.4nf56.mongodb.net","timestamp":"2025-03-13T11:32:23.183Z"}
{"level":"info","message":"Database connesso con successo","timestamp":"2025-03-13T11:32:23.184Z"}
{"level":"info","message":"Tutti i modelli richiesti sono registrati correttamente","timestamp":"2025-03-13T11:32:23.186Z"}
{"environment":"development","level":"info","message":"Routes initialized:","protected":["/classes","/schools","/users","/students","/tests","/system-tests"],"public":["/auth","/student-auth","/tests/csi/public"],"timestamp":"2025-03-13T11:32:23.550Z"}
{"level":"info","message":"Server in esecuzione su localhost:5000","timestamp":"2025-03-13T11:32:23.555Z"}
{"level":"info","message":"Ambiente: development","timestamp":"2025-03-13T11:32:23.556Z"}
{"level":"info","message":"Richiesta login studente","timestamp":"2025-03-13T11:32:43.874Z","username":"piero@matest.it"}
{"level":"info","message":"Tentativo di autenticazione studente","timestamp":"2025-03-13T11:32:43.875Z","username":"piero@matest.it"}
{"level":"info","message":"Primo accesso rilevato","studentId":"67c4908d647e9de1d9422ed8","timestamp":"2025-03-13T11:32:43.910Z","username":"piero@matest.it"}
{"error":"Studente non trovato","level":"error","message":"Student route error:","method":"GET","path":"/67b20991d8fdac4600a0def6","timestamp":"2025-03-13T11:32:44.395Z","userId":"677bfe44f6789c907c9f3766"}
{"duration":"232ms","ip":"::1","level":"warn","message":"Risposta inviata","method":"GET","requestId":"req_1741865564166_3dbm8jngv","responseSize":"74 Bytes","statusCode":400,"timestamp":"2025-03-13T11:32:44.398Z","url":"/api/v1/students/67b20991d8fdac4600a0def6","userAgent":"Mozilla/5.0 (Windows NT 10.0; Win64; x64) AppleWebKit/537.36 (KHTML, like Gecko) Chrome/134.0.0.0 Safari/537.36 Edg/134.0.0.0"}
{"error":"Studente non trovato","level":"error","message":"Student route error:","method":"GET","path":"/67b20991d8fdac4600a0def6","timestamp":"2025-03-13T11:32:44.633Z","userId":"677bfe44f6789c907c9f3766"}
{"duration":"232ms","ip":"::1","level":"warn","message":"Risposta inviata","method":"GET","requestId":"req_1741865564403_5wvm8wgkg","responseSize":"74 Bytes","statusCode":400,"timestamp":"2025-03-13T11:32:44.635Z","url":"/api/v1/students/67b20991d8fdac4600a0def6","userAgent":"Mozilla/5.0 (Windows NT 10.0; Win64; x64) AppleWebKit/537.36 (KHTML, like Gecko) Chrome/134.0.0.0 Safari/537.36 Edg/134.0.0.0"}
{"error":"Studente non trovato","level":"error","message":"Student route error:","method":"GET","path":"/67b20991d8fdac4600a0def6","timestamp":"2025-03-13T11:33:27.578Z","userId":"677bfe44f6789c907c9f3766"}
{"duration":"261ms","ip":"::1","level":"warn","message":"Risposta inviata","method":"GET","requestId":"req_1741865607319_s2oeby5lv","responseSize":"74 Bytes","statusCode":400,"timestamp":"2025-03-13T11:33:27.580Z","url":"/api/v1/students/67b20991d8fdac4600a0def6","userAgent":"Mozilla/5.0 (Windows NT 10.0; Win64; x64) AppleWebKit/537.36 (KHTML, like Gecko) Chrome/134.0.0.0 Safari/537.36 Edg/134.0.0.0"}
{"level":"warn","message":"Mongoose not connected when initializing models","timestamp":"2025-03-13T11:34:01.479Z"}
{"connectionState":0,"existingModels":["CSIQuestion","Test","Student","CSIConfig"],"level":"info","message":"Initializing models...","timestamp":"2025-03-13T11:34:01.483Z"}
{"level":"info","message":"Model validation successful - all required models registered","timestamp":"2025-03-13T11:34:01.512Z"}
{"level":"info","message":"MongoDB Connected: cluster0-shard-00-00.4nf56.mongodb.net","timestamp":"2025-03-13T11:34:02.623Z"}
{"level":"info","message":"Database connesso con successo","timestamp":"2025-03-13T11:34:02.624Z"}
{"level":"info","message":"Tutti i modelli richiesti sono registrati correttamente","timestamp":"2025-03-13T11:34:02.625Z"}
{"environment":"development","level":"info","message":"Routes initialized:","protected":["/classes","/schools","/users","/students","/tests","/system-tests"],"public":["/auth","/student-auth","/tests/csi/public"],"timestamp":"2025-03-13T11:34:03.081Z"}
{"level":"info","message":"Server in esecuzione su localhost:5000","timestamp":"2025-03-13T11:34:03.084Z"}
{"level":"info","message":"Ambiente: development","timestamp":"2025-03-13T11:34:03.085Z"}
{"level":"info","message":"Richiesta login studente","timestamp":"2025-03-13T11:34:08.250Z","username":"piero@matest.it"}
{"level":"info","message":"Tentativo di autenticazione studente","timestamp":"2025-03-13T11:34:08.252Z","username":"piero@matest.it"}
{"level":"info","message":"Primo accesso rilevato","studentId":"67c4908d647e9de1d9422ed8","timestamp":"2025-03-13T11:34:08.287Z","username":"piero@matest.it"}
{"level":"warn","message":"Mongoose not connected when initializing models","timestamp":"2025-03-13T11:36:59.513Z"}
{"connectionState":0,"existingModels":["CSIQuestion","Test","Student","CSIConfig"],"level":"info","message":"Initializing models...","timestamp":"2025-03-13T11:36:59.516Z"}
{"level":"info","message":"Model validation successful - all required models registered","timestamp":"2025-03-13T11:36:59.555Z"}
{"level":"info","message":"MongoDB Connected: cluster0-shard-00-01.4nf56.mongodb.net","timestamp":"2025-03-13T11:37:00.474Z"}
{"level":"info","message":"Database connesso con successo","timestamp":"2025-03-13T11:37:00.475Z"}
{"level":"info","message":"Tutti i modelli richiesti sono registrati correttamente","timestamp":"2025-03-13T11:37:00.476Z"}
{"environment":"development","level":"info","message":"Routes initialized:","protected":["/classes","/schools","/users","/students","/tests","/system-tests"],"public":["/auth","/student-auth","/tests/csi/public"],"timestamp":"2025-03-13T11:37:00.939Z"}
{"level":"info","message":"Server in esecuzione su localhost:5000","timestamp":"2025-03-13T11:37:00.943Z"}
{"level":"info","message":"Ambiente: development","timestamp":"2025-03-13T11:37:00.944Z"}
{"level":"info","message":"Richiesta login studente","timestamp":"2025-03-13T11:37:38.090Z","username":"piero@matest.it"}
{"level":"info","message":"Tentativo di autenticazione studente","timestamp":"2025-03-13T11:37:38.091Z","username":"piero@matest.it"}
{"level":"info","message":"Primo accesso rilevato","studentId":"67c4908d647e9de1d9422ed8","timestamp":"2025-03-13T11:37:38.122Z","username":"piero@matest.it"}
{"level":"info","message":"Richiesta login studente","timestamp":"2025-03-13T11:39:18.488Z","username":"piero@matest.it"}
{"level":"info","message":"Tentativo di autenticazione studente","timestamp":"2025-03-13T11:39:18.490Z","username":"piero@matest.it"}
{"level":"info","message":"Primo accesso rilevato","studentId":"67c4908d647e9de1d9422ed8","timestamp":"2025-03-13T11:39:18.514Z","username":"piero@matest.it"}
{"level":"info","message":"Richiesta login studente","timestamp":"2025-03-13T11:42:18.438Z","username":"piero@matest.it"}
{"level":"info","message":"Tentativo di autenticazione studente","timestamp":"2025-03-13T11:42:18.438Z","username":"piero@matest.it"}
{"level":"info","message":"Primo accesso rilevato","studentId":"67c4908d647e9de1d9422ed8","timestamp":"2025-03-13T11:42:18.461Z","username":"piero@matest.it"}
{"assignedBy":"677bfe44f6789c907c9f3766","csiConfigId":"67a65a423218fb8ab7bbc040","level":"info","message":"Test assigned to student:","studentId":"67d1dc3cf6b1bd007cd5a301","testId":"67d2c5ef4ced0b22270de56f","testType":"CSI","timestamp":"2025-03-13T11:47:59.723Z"}
{"assignedBy":"677bfe44f6789c907c9f3766","level":"info","message":"Test assigned successfully:","studentId":"67d1dc3cf6b1bd007cd5a301","testId":"67d2c5ef4ced0b22270de56f","timestamp":"2025-03-13T11:47:59.724Z"}
{"level":"info","message":"Richiesta login studente","timestamp":"2025-03-13T11:59:34.757Z","username":"piero@matest.it"}
{"level":"info","message":"Tentativo di autenticazione studente","timestamp":"2025-03-13T11:59:34.757Z","username":"piero@matest.it"}
{"level":"info","message":"Primo accesso rilevato","studentId":"67c4908d647e9de1d9422ed8","timestamp":"2025-03-13T11:59:34.794Z","username":"piero@matest.it"}
{"error":"Studente non trovato","level":"error","message":"Student route error:","method":"GET","path":"/67b20991d8fdac4600a0def6","timestamp":"2025-03-13T11:59:36.842Z","userId":"677bfe44f6789c907c9f3766"}
{"duration":"231ms","ip":"::1","level":"warn","message":"Risposta inviata","method":"GET","requestId":"req_1741867176614_tk4fz9lty","responseSize":"74 Bytes","statusCode":400,"timestamp":"2025-03-13T11:59:36.845Z","url":"/api/v1/students/67b20991d8fdac4600a0def6","userAgent":"Mozilla/5.0 (Windows NT 10.0; Win64; x64) AppleWebKit/537.36 (KHTML, like Gecko) Chrome/134.0.0.0 Safari/537.36 Edg/134.0.0.0"}
{"error":"Studente non trovato","level":"error","message":"Student route error:","method":"GET","path":"/67b20991d8fdac4600a0def6","timestamp":"2025-03-13T11:59:37.021Z","userId":"677bfe44f6789c907c9f3766"}
{"duration":"176ms","ip":"::1","level":"warn","message":"Risposta inviata","method":"GET","requestId":"req_1741867176847_8m6s7a50c","responseSize":"74 Bytes","statusCode":400,"timestamp":"2025-03-13T11:59:37.023Z","url":"/api/v1/students/67b20991d8fdac4600a0def6","userAgent":"Mozilla/5.0 (Windows NT 10.0; Win64; x64) AppleWebKit/537.36 (KHTML, like Gecko) Chrome/134.0.0.0 Safari/537.36 Edg/134.0.0.0"}
{"level":"warn","message":"Mongoose not connected when initializing models","timestamp":"2025-03-13T13:31:51.269Z"}
{"connectionState":0,"existingModels":["CSIQuestion","Test","Student","CSIConfig"],"level":"info","message":"Initializing models...","timestamp":"2025-03-13T13:31:51.276Z"}
{"level":"info","message":"Model validation successful - all required models registered","timestamp":"2025-03-13T13:31:51.329Z"}
{"level":"info","message":"MongoDB Connected: cluster0-shard-00-02.4nf56.mongodb.net","timestamp":"2025-03-13T13:31:52.552Z"}
{"level":"info","message":"Database connesso con successo","timestamp":"2025-03-13T13:31:52.554Z"}
{"level":"info","message":"Tutti i modelli richiesti sono registrati correttamente","timestamp":"2025-03-13T13:31:52.556Z"}
{"environment":"development","level":"info","message":"Routes initialized:","protected":["/classes","/schools","/users","/students","/tests","/system-tests"],"public":["/auth","/student-auth","/tests/csi/public"],"timestamp":"2025-03-13T13:31:53.004Z"}
{"level":"info","message":"Server in esecuzione su localhost:5000","timestamp":"2025-03-13T13:31:53.011Z"}
{"level":"info","message":"Ambiente: development","timestamp":"2025-03-13T13:31:53.012Z"}
{"level":"info","message":"Richiesta login studente","timestamp":"2025-03-13T13:33:39.668Z","username":"piero@matest.it"}
{"level":"info","message":"Tentativo di autenticazione studente","timestamp":"2025-03-13T13:33:39.668Z","username":"piero@matest.it"}
{"level":"info","message":"Primo accesso rilevato","studentId":"67c4908d647e9de1d9422ed8","timestamp":"2025-03-13T13:33:39.694Z","username":"piero@matest.it"}
{"level":"info","message":"Richiesta login studente","timestamp":"2025-03-13T13:54:42.007Z","username":"piero@matest.it"}
{"level":"info","message":"Tentativo di autenticazione studente","timestamp":"2025-03-13T13:54:42.008Z","username":"piero@matest.it"}
{"level":"info","message":"Primo accesso rilevato","studentId":"67c4908d647e9de1d9422ed8","timestamp":"2025-03-13T13:54:42.036Z","username":"piero@matest.it"}
{"level":"warn","message":"Mongoose not connected when initializing models","timestamp":"2025-03-13T13:54:54.146Z"}
{"connectionState":0,"existingModels":["CSIQuestion","Test","Student","CSIConfig"],"level":"info","message":"Initializing models...","timestamp":"2025-03-13T13:54:54.150Z"}
{"level":"info","message":"Model validation successful - all required models registered","timestamp":"2025-03-13T13:54:54.194Z"}
{"level":"info","message":"MongoDB Connected: cluster0-shard-00-02.4nf56.mongodb.net","timestamp":"2025-03-13T13:54:55.257Z"}
{"level":"info","message":"Database connesso con successo","timestamp":"2025-03-13T13:54:55.258Z"}
{"level":"info","message":"Tutti i modelli richiesti sono registrati correttamente","timestamp":"2025-03-13T13:54:55.259Z"}
{"environment":"development","level":"info","message":"Routes initialized:","protected":["/classes","/schools","/users","/students","/tests","/system-tests"],"public":["/auth","/student-auth","/tests/csi/public"],"timestamp":"2025-03-13T13:54:55.646Z"}
{"level":"info","message":"Server in esecuzione su localhost:5000","timestamp":"2025-03-13T13:54:55.650Z"}
{"level":"info","message":"Ambiente: development","timestamp":"2025-03-13T13:54:55.651Z"}
{"level":"info","message":"Richiesta login studente","timestamp":"2025-03-13T13:54:58.625Z","username":"piero@matest.it"}
{"level":"info","message":"Tentativo di autenticazione studente","timestamp":"2025-03-13T13:54:58.625Z","username":"piero@matest.it"}
{"level":"info","message":"Primo accesso rilevato","studentId":"67c4908d647e9de1d9422ed8","timestamp":"2025-03-13T13:54:58.647Z","username":"piero@matest.it"}
{"level":"warn","message":"Mongoose not connected when initializing models","timestamp":"2025-03-13T14:01:14.670Z"}
{"connectionState":0,"existingModels":["CSIQuestion","Test","Student","CSIConfig"],"level":"info","message":"Initializing models...","timestamp":"2025-03-13T14:01:14.674Z"}
{"level":"info","message":"Model validation successful - all required models registered","timestamp":"2025-03-13T14:01:14.710Z"}
{"level":"info","message":"MongoDB Connected: cluster0-shard-00-02.4nf56.mongodb.net","timestamp":"2025-03-13T14:01:15.705Z"}
{"level":"info","message":"Database connesso con successo","timestamp":"2025-03-13T14:01:15.707Z"}
{"level":"info","message":"Tutti i modelli richiesti sono registrati correttamente","timestamp":"2025-03-13T14:01:15.708Z"}
{"environment":"development","level":"info","message":"Routes initialized:","protected":["/classes","/schools","/users","/students","/tests","/system-tests"],"public":["/auth","/student-auth","/tests/csi/public"],"timestamp":"2025-03-13T14:01:16.094Z"}
{"level":"info","message":"Server in esecuzione su localhost:5000","timestamp":"2025-03-13T14:01:16.098Z"}
{"level":"info","message":"Ambiente: development","timestamp":"2025-03-13T14:01:16.099Z"}
{"level":"info","message":"Richiesta login studente","timestamp":"2025-03-13T14:02:19.787Z","username":"piero@matest.it"}
{"level":"info","message":"Tentativo di autenticazione studente","timestamp":"2025-03-13T14:02:19.788Z","username":"piero@matest.it"}
{"level":"info","message":"Primo accesso rilevato","studentId":"67c4908d647e9de1d9422ed8","timestamp":"2025-03-13T14:02:19.820Z","username":"piero@matest.it"}
{"level":"info","message":"Richiesta login studente","timestamp":"2025-03-13T14:02:40.458Z","username":"piero@matest.it"}
{"level":"info","message":"Tentativo di autenticazione studente","timestamp":"2025-03-13T14:02:40.460Z","username":"piero@matest.it"}
{"level":"info","message":"Primo accesso rilevato","studentId":"67c4908d647e9de1d9422ed8","timestamp":"2025-03-13T14:02:40.490Z","username":"piero@matest.it"}
{"level":"info","message":"Richiesta login studente","timestamp":"2025-03-13T14:07:37.933Z","username":"piero@matest.it"}
{"level":"info","message":"Tentativo di autenticazione studente","timestamp":"2025-03-13T14:07:37.933Z","username":"piero@matest.it"}
{"level":"info","message":"Primo accesso rilevato","studentId":"67c4908d647e9de1d9422ed8","timestamp":"2025-03-13T14:07:37.970Z","username":"piero@matest.it"}
{"level":"warn","message":"Mongoose not connected when initializing models","timestamp":"2025-03-13T14:15:38.567Z"}
{"connectionState":0,"existingModels":["CSIQuestion","Test","Student","CSIConfig"],"level":"info","message":"Initializing models...","timestamp":"2025-03-13T14:15:38.570Z"}
{"level":"info","message":"Model validation successful - all required models registered","timestamp":"2025-03-13T14:15:38.605Z"}
{"level":"info","message":"MongoDB Connected: cluster0-shard-00-00.4nf56.mongodb.net","timestamp":"2025-03-13T14:15:39.582Z"}
{"level":"info","message":"Database connesso con successo","timestamp":"2025-03-13T14:15:39.583Z"}
{"level":"info","message":"Tutti i modelli richiesti sono registrati correttamente","timestamp":"2025-03-13T14:15:39.585Z"}
{"environment":"development","level":"info","message":"Routes initialized:","protected":["/classes","/schools","/users","/students","/tests","/system-tests"],"public":["/auth","/student-auth","/tests/csi/public"],"timestamp":"2025-03-13T14:15:40.109Z"}
{"level":"info","message":"Server in esecuzione su localhost:5000","timestamp":"2025-03-13T14:15:40.113Z"}
{"level":"info","message":"Ambiente: development","timestamp":"2025-03-13T14:15:40.114Z"}
{"level":"info","message":"Richiesta login studente","timestamp":"2025-03-13T14:16:11.452Z","username":"piero@matest.it"}
{"level":"info","message":"Tentativo di autenticazione studente","timestamp":"2025-03-13T14:16:11.454Z","username":"piero@matest.it"}
{"level":"info","message":"Primo accesso rilevato","studentId":"67c4908d647e9de1d9422ed8","timestamp":"2025-03-13T14:16:11.487Z","username":"piero@matest.it"}
{"error":{"message":"Autenticazione studente richiesta","metadata":{}},"ip":"::1","level":"error","message":"Student authentication failed","path":"/first-access/67c4908d647e9de1d9422ed8","timestamp":"2025-03-13T14:16:20.231Z"}
{"error":"Autenticazione studente richiesta","level":"error","message":"StudentAuth error:","method":"POST","path":"/student/first-access/67c4908d647e9de1d9422ed8","timestamp":"2025-03-13T14:16:20.234Z"}
{"duration":"8ms","ip":"::1","level":"warn","message":"Risposta inviata","method":"POST","requestId":"req_1741875380227_zx613rdix","responseSize":"162 Bytes","statusCode":500,"timestamp":"2025-03-13T14:16:20.236Z","url":"/api/v1/student-auth/student/first-access/67c4908d647e9de1d9422ed8","userAgent":"Mozilla/5.0 (Windows NT 10.0; Win64; x64) AppleWebKit/537.36 (KHTML, like Gecko) Chrome/134.0.0.0 Safari/537.36 Edg/134.0.0.0"}
{"level":"warn","message":"Mongoose not connected when initializing models","timestamp":"2025-03-13T14:21:05.140Z"}
{"connectionState":0,"existingModels":["CSIQuestion","Test","Student","CSIConfig"],"level":"info","message":"Initializing models...","timestamp":"2025-03-13T14:21:05.143Z"}
{"level":"info","message":"Model validation successful - all required models registered","timestamp":"2025-03-13T14:21:05.177Z"}
{"level":"info","message":"MongoDB Connected: cluster0-shard-00-01.4nf56.mongodb.net","timestamp":"2025-03-13T14:21:06.407Z"}
{"level":"info","message":"Database connesso con successo","timestamp":"2025-03-13T14:21:06.408Z"}
{"level":"info","message":"Tutti i modelli richiesti sono registrati correttamente","timestamp":"2025-03-13T14:21:06.409Z"}
{"environment":"development","level":"info","message":"Routes initialized:","protected":["/classes","/schools","/users","/students","/tests","/system-tests"],"public":["/auth","/student-auth","/tests/csi/public"],"timestamp":"2025-03-13T14:21:06.751Z"}
{"level":"info","message":"Server in esecuzione su localhost:5000","timestamp":"2025-03-13T14:21:06.755Z"}
{"level":"info","message":"Ambiente: development","timestamp":"2025-03-13T14:21:06.756Z"}
{"level":"info","message":"Richiesta login studente","timestamp":"2025-03-13T14:21:12.297Z","username":"piero@matest.it"}
{"level":"info","message":"Tentativo di autenticazione studente","timestamp":"2025-03-13T14:21:12.298Z","username":"piero@matest.it"}
{"level":"info","message":"Primo accesso rilevato","studentId":"67c4908d647e9de1d9422ed8","timestamp":"2025-03-13T14:21:12.322Z","username":"piero@matest.it"}
{"level":"info","message":"Richiesta primo accesso studente","studentId":"67c4908d647e9de1d9422ed8","timestamp":"2025-03-13T14:21:20.621Z"}
{"level":"info","message":"Gestione primo accesso studente","studentId":"67c4908d647e9de1d9422ed8","timestamp":"2025-03-13T14:21:20.622Z"}
{"level":"info","message":"Primo accesso completato con successo","studentId":"67c4908d647e9de1d9422ed8","timestamp":"2025-03-13T14:21:21.058Z"}
{"error":{},"ip":"::1","level":"error","message":"Student authentication failed","path":"/profile","timestamp":"2025-03-13T14:21:26.697Z"}
{"error":"this.studentAuthService.verifyToken is not a function","level":"error","message":"StudentAuth error:","method":"GET","path":"/student/profile","stack":"TypeError: this.studentAuthService.verifyToken is not a function\n    at AuthMiddleware.protectStudent (C:\\Users\\ricca\\Desktop\\BSc\\src\\middleware\\authMiddleware.js:159:59)\n    at Layer.handle [as handle_request] (C:\\Users\\ricca\\Desktop\\BSc\\node_modules\\express\\lib\\router\\layer.js:95:5)\n    at trim_prefix (C:\\Users\\ricca\\Desktop\\BSc\\node_modules\\express\\lib\\router\\index.js:328:13)\n    at C:\\Users\\ricca\\Desktop\\BSc\\node_modules\\express\\lib\\router\\index.js:286:9\n    at Function.process_params (C:\\Users\\ricca\\Desktop\\BSc\\node_modules\\express\\lib\\router\\index.js:346:12)\n    at next (C:\\Users\\ricca\\Desktop\\BSc\\node_modules\\express\\lib\\router\\index.js:280:10)\n    at C:\\Users\\ricca\\Desktop\\BSc\\src\\routes\\studentAuthRoutes.js:39:9\n    at Layer.handle [as handle_request] (C:\\Users\\ricca\\Desktop\\BSc\\node_modules\\express\\lib\\router\\layer.js:95:5)\n    at trim_prefix (C:\\Users\\ricca\\Desktop\\BSc\\node_modules\\express\\lib\\router\\index.js:328:13)\n    at C:\\Users\\ricca\\Desktop\\BSc\\node_modules\\express\\lib\\router\\index.js:286:9","timestamp":"2025-03-13T14:21:26.699Z"}
{"duration":"7ms","ip":"::1","level":"warn","message":"Risposta inviata","method":"GET","requestId":"req_1741875686695_xe8oua9j8","responseSize":"1.28 KB","statusCode":500,"timestamp":"2025-03-13T14:21:26.702Z","url":"/api/v1/student-auth/student/profile","userAgent":"Mozilla/5.0 (Windows NT 10.0; Win64; x64) AppleWebKit/537.36 (KHTML, like Gecko) Chrome/134.0.0.0 Safari/537.36 Edg/134.0.0.0"}
{"error":{},"ip":"::1","level":"error","message":"Student authentication failed","path":"/profile","timestamp":"2025-03-13T14:21:26.712Z"}
{"error":"this.studentAuthService.verifyToken is not a function","level":"error","message":"StudentAuth error:","method":"GET","path":"/student/profile","stack":"TypeError: this.studentAuthService.verifyToken is not a function\n    at AuthMiddleware.protectStudent (C:\\Users\\ricca\\Desktop\\BSc\\src\\middleware\\authMiddleware.js:159:59)\n    at Layer.handle [as handle_request] (C:\\Users\\ricca\\Desktop\\BSc\\node_modules\\express\\lib\\router\\layer.js:95:5)\n    at trim_prefix (C:\\Users\\ricca\\Desktop\\BSc\\node_modules\\express\\lib\\router\\index.js:328:13)\n    at C:\\Users\\ricca\\Desktop\\BSc\\node_modules\\express\\lib\\router\\index.js:286:9\n    at Function.process_params (C:\\Users\\ricca\\Desktop\\BSc\\node_modules\\express\\lib\\router\\index.js:346:12)\n    at next (C:\\Users\\ricca\\Desktop\\BSc\\node_modules\\express\\lib\\router\\index.js:280:10)\n    at C:\\Users\\ricca\\Desktop\\BSc\\src\\routes\\studentAuthRoutes.js:39:9\n    at Layer.handle [as handle_request] (C:\\Users\\ricca\\Desktop\\BSc\\node_modules\\express\\lib\\router\\layer.js:95:5)\n    at trim_prefix (C:\\Users\\ricca\\Desktop\\BSc\\node_modules\\express\\lib\\router\\index.js:328:13)\n    at C:\\Users\\ricca\\Desktop\\BSc\\node_modules\\express\\lib\\router\\index.js:286:9","timestamp":"2025-03-13T14:21:26.714Z"}
{"duration":"9ms","ip":"::1","level":"warn","message":"Risposta inviata","method":"GET","requestId":"req_1741875686707_dc4hpkk5g","responseSize":"1.28 KB","statusCode":500,"timestamp":"2025-03-13T14:21:26.716Z","url":"/api/v1/student-auth/student/profile","userAgent":"Mozilla/5.0 (Windows NT 10.0; Win64; x64) AppleWebKit/537.36 (KHTML, like Gecko) Chrome/134.0.0.0 Safari/537.36 Edg/134.0.0.0"}
{"error":{},"ip":"::1","level":"error","message":"Student authentication failed","path":"/profile","timestamp":"2025-03-13T14:22:10.043Z"}
{"error":"this.studentAuthService.verifyToken is not a function","level":"error","message":"StudentAuth error:","method":"GET","path":"/student/profile","stack":"TypeError: this.studentAuthService.verifyToken is not a function\n    at AuthMiddleware.protectStudent (C:\\Users\\ricca\\Desktop\\BSc\\src\\middleware\\authMiddleware.js:159:59)\n    at Layer.handle [as handle_request] (C:\\Users\\ricca\\Desktop\\BSc\\node_modules\\express\\lib\\router\\layer.js:95:5)\n    at trim_prefix (C:\\Users\\ricca\\Desktop\\BSc\\node_modules\\express\\lib\\router\\index.js:328:13)\n    at C:\\Users\\ricca\\Desktop\\BSc\\node_modules\\express\\lib\\router\\index.js:286:9\n    at Function.process_params (C:\\Users\\ricca\\Desktop\\BSc\\node_modules\\express\\lib\\router\\index.js:346:12)\n    at next (C:\\Users\\ricca\\Desktop\\BSc\\node_modules\\express\\lib\\router\\index.js:280:10)\n    at C:\\Users\\ricca\\Desktop\\BSc\\src\\routes\\studentAuthRoutes.js:39:9\n    at Layer.handle [as handle_request] (C:\\Users\\ricca\\Desktop\\BSc\\node_modules\\express\\lib\\router\\layer.js:95:5)\n    at trim_prefix (C:\\Users\\ricca\\Desktop\\BSc\\node_modules\\express\\lib\\router\\index.js:328:13)\n    at C:\\Users\\ricca\\Desktop\\BSc\\node_modules\\express\\lib\\router\\index.js:286:9","timestamp":"2025-03-13T14:22:10.045Z"}
{"duration":"9ms","ip":"::1","level":"warn","message":"Risposta inviata","method":"GET","requestId":"req_1741875730041_267pvj0fp","responseSize":"1.28 KB","statusCode":500,"timestamp":"2025-03-13T14:22:10.050Z","url":"/api/v1/student-auth/student/profile","userAgent":"Mozilla/5.0 (Windows NT 10.0; Win64; x64) AppleWebKit/537.36 (KHTML, like Gecko) Chrome/134.0.0.0 Safari/537.36 Edg/134.0.0.0"}
{"error":{},"ip":"::1","level":"error","message":"Student authentication failed","path":"/profile","timestamp":"2025-03-13T14:22:10.055Z"}
{"error":"this.studentAuthService.verifyToken is not a function","level":"error","message":"StudentAuth error:","method":"GET","path":"/student/profile","stack":"TypeError: this.studentAuthService.verifyToken is not a function\n    at AuthMiddleware.protectStudent (C:\\Users\\ricca\\Desktop\\BSc\\src\\middleware\\authMiddleware.js:159:59)\n    at Layer.handle [as handle_request] (C:\\Users\\ricca\\Desktop\\BSc\\node_modules\\express\\lib\\router\\layer.js:95:5)\n    at trim_prefix (C:\\Users\\ricca\\Desktop\\BSc\\node_modules\\express\\lib\\router\\index.js:328:13)\n    at C:\\Users\\ricca\\Desktop\\BSc\\node_modules\\express\\lib\\router\\index.js:286:9\n    at Function.process_params (C:\\Users\\ricca\\Desktop\\BSc\\node_modules\\express\\lib\\router\\index.js:346:12)\n    at next (C:\\Users\\ricca\\Desktop\\BSc\\node_modules\\express\\lib\\router\\index.js:280:10)\n    at C:\\Users\\ricca\\Desktop\\BSc\\src\\routes\\studentAuthRoutes.js:39:9\n    at Layer.handle [as handle_request] (C:\\Users\\ricca\\Desktop\\BSc\\node_modules\\express\\lib\\router\\layer.js:95:5)\n    at trim_prefix (C:\\Users\\ricca\\Desktop\\BSc\\node_modules\\express\\lib\\router\\index.js:328:13)\n    at C:\\Users\\ricca\\Desktop\\BSc\\node_modules\\express\\lib\\router\\index.js:286:9","timestamp":"2025-03-13T14:22:10.056Z"}
{"duration":"6ms","ip":"::1","level":"warn","message":"Risposta inviata","method":"GET","requestId":"req_1741875730052_0s4xe6x8i","responseSize":"1.28 KB","statusCode":500,"timestamp":"2025-03-13T14:22:10.058Z","url":"/api/v1/student-auth/student/profile","userAgent":"Mozilla/5.0 (Windows NT 10.0; Win64; x64) AppleWebKit/537.36 (KHTML, like Gecko) Chrome/134.0.0.0 Safari/537.36 Edg/134.0.0.0"}
{"level":"warn","message":"Mongoose not connected when initializing models","timestamp":"2025-03-13T14:26:43.464Z"}
{"connectionState":0,"existingModels":["CSIQuestion","Test","Student","CSIConfig"],"level":"info","message":"Initializing models...","timestamp":"2025-03-13T14:26:43.468Z"}
{"level":"info","message":"Model validation successful - all required models registered","timestamp":"2025-03-13T14:26:43.502Z"}
{"level":"info","message":"MongoDB Connected: cluster0-shard-00-00.4nf56.mongodb.net","timestamp":"2025-03-13T14:26:44.392Z"}
{"level":"info","message":"Database connesso con successo","timestamp":"2025-03-13T14:26:44.394Z"}
{"level":"info","message":"Tutti i modelli richiesti sono registrati correttamente","timestamp":"2025-03-13T14:26:44.396Z"}
{"environment":"development","level":"info","message":"Routes initialized:","protected":["/classes","/schools","/users","/students","/tests","/system-tests"],"public":["/auth","/student-auth","/tests/csi/public"],"timestamp":"2025-03-13T14:26:44.749Z"}
{"level":"info","message":"Server in esecuzione su localhost:5000","timestamp":"2025-03-13T14:26:44.753Z"}
{"level":"info","message":"Ambiente: development","timestamp":"2025-03-13T14:26:44.754Z"}
{"level":"info","message":"Richiesta logout studente","timestamp":"2025-03-13T14:26:58.645Z"}
{"level":"info","message":"Richiesta login studente","timestamp":"2025-03-13T14:27:00.702Z","username":"piero@matest.it"}
{"level":"info","message":"Tentativo di autenticazione studente","timestamp":"2025-03-13T14:27:00.703Z","username":"piero@matest.it"}
{"level":"warn","message":"Autenticazione fallita: password non valida","timestamp":"2025-03-13T14:27:00.845Z","username":"piero@matest.it"}
{"error":"Credenziali non valide","level":"error","message":"Errore durante l'autenticazione dello studente","timestamp":"2025-03-13T14:27:00.847Z","username":"piero@matest.it"}
{"error":"Credenziali non valide","level":"error","message":"Errore durante il login dello studente","timestamp":"2025-03-13T14:27:00.848Z"}
{"error":"Credenziali non valide","level":"error","message":"StudentAuth error:","method":"POST","path":"/login","timestamp":"2025-03-13T14:27:00.849Z"}
{"duration":"156ms","ip":"::1","level":"warn","message":"Risposta inviata","method":"POST","requestId":"req_1741876020695_l4zcknnf1","responseSize":"81 Bytes","statusCode":401,"timestamp":"2025-03-13T14:27:00.851Z","url":"/api/v1/student-auth/login","userAgent":"Mozilla/5.0 (Windows NT 10.0; Win64; x64) AppleWebKit/537.36 (KHTML, like Gecko) Chrome/134.0.0.0 Safari/537.36 Edg/134.0.0.0"}
{"level":"info","message":"Richiesta login studente","timestamp":"2025-03-13T14:27:05.574Z","username":"piero@matest.it"}
{"level":"info","message":"Tentativo di autenticazione studente","timestamp":"2025-03-13T14:27:05.575Z","username":"piero@matest.it"}
{"level":"warn","message":"Autenticazione fallita: password non valida","timestamp":"2025-03-13T14:27:05.689Z","username":"piero@matest.it"}
{"error":"Credenziali non valide","level":"error","message":"Errore durante l'autenticazione dello studente","timestamp":"2025-03-13T14:27:05.690Z","username":"piero@matest.it"}
{"error":"Credenziali non valide","level":"error","message":"Errore durante il login dello studente","timestamp":"2025-03-13T14:27:05.691Z"}
{"error":"Credenziali non valide","level":"error","message":"StudentAuth error:","method":"POST","path":"/login","timestamp":"2025-03-13T14:27:05.692Z"}
{"duration":"121ms","ip":"::1","level":"warn","message":"Risposta inviata","method":"POST","requestId":"req_1741876025572_d0tu6a198","responseSize":"81 Bytes","statusCode":401,"timestamp":"2025-03-13T14:27:05.693Z","url":"/api/v1/student-auth/login","userAgent":"Mozilla/5.0 (Windows NT 10.0; Win64; x64) AppleWebKit/537.36 (KHTML, like Gecko) Chrome/134.0.0.0 Safari/537.36 Edg/134.0.0.0"}
{"level":"info","message":"Richiesta login studente","timestamp":"2025-03-13T14:27:13.425Z","username":"piero@matest.it"}
{"level":"info","message":"Tentativo di autenticazione studente","timestamp":"2025-03-13T14:27:13.433Z","username":"piero@matest.it"}
{"level":"warn","message":"Autenticazione fallita: password non valida","timestamp":"2025-03-13T14:27:13.586Z","username":"piero@matest.it"}
{"error":"Credenziali non valide","level":"error","message":"Errore durante l'autenticazione dello studente","timestamp":"2025-03-13T14:27:13.587Z","username":"piero@matest.it"}
{"error":"Credenziali non valide","level":"error","message":"Errore durante il login dello studente","timestamp":"2025-03-13T14:27:13.587Z"}
{"error":"Credenziali non valide","level":"error","message":"StudentAuth error:","method":"POST","path":"/login","timestamp":"2025-03-13T14:27:13.588Z"}
{"duration":"168ms","ip":"::1","level":"warn","message":"Risposta inviata","method":"POST","requestId":"req_1741876033421_nmjqqxc8n","responseSize":"81 Bytes","statusCode":401,"timestamp":"2025-03-13T14:27:13.589Z","url":"/api/v1/student-auth/login","userAgent":"Mozilla/5.0 (Windows NT 10.0; Win64; x64) AppleWebKit/537.36 (KHTML, like Gecko) Chrome/134.0.0.0 Safari/537.36 Edg/134.0.0.0"}
{"level":"info","message":"Nessuna password fornita, reindirizzando a generateCredentials","timestamp":"2025-03-13T14:29:28.976Z"}
{"level":"info","message":"Richiesta generazione credenziali studente","studentId":"67c4908d647e9de1d9422ed8","timestamp":"2025-03-13T14:29:28.977Z"}
{"level":"info","message":"Generazione credenziali per studente","studentId":"67c4908d647e9de1d9422ed8","timestamp":"2025-03-13T14:29:28.978Z"}
{"level":"info","message":"Credenziali generate con successo","studentId":"67c4908d647e9de1d9422ed8","timestamp":"2025-03-13T14:29:29.147Z"}
{"level":"info","message":"Richiesta login studente","timestamp":"2025-03-13T14:29:47.532Z","username":"piero@matest.it"}
{"level":"info","message":"Tentativo di autenticazione studente","timestamp":"2025-03-13T14:29:47.532Z","username":"piero@matest.it"}
{"level":"info","message":"Primo accesso rilevato","studentId":"67c4908d647e9de1d9422ed8","timestamp":"2025-03-13T14:29:47.670Z","username":"piero@matest.it"}
{"level":"info","message":"Richiesta primo accesso studente","studentId":"67c4908d647e9de1d9422ed8","timestamp":"2025-03-13T14:29:56.572Z"}
{"level":"info","message":"Gestione primo accesso studente","studentId":"67c4908d647e9de1d9422ed8","timestamp":"2025-03-13T14:29:56.573Z"}
{"level":"info","message":"Primo accesso completato con successo","studentId":"67c4908d647e9de1d9422ed8","timestamp":"2025-03-13T14:29:56.964Z"}
{"level":"info","message":"Richiesta profilo studente","studentId":"67c4908d647e9de1d9422ed8","timestamp":"2025-03-13T14:30:03.620Z"}
{"level":"info","message":"Recupero profilo studente","studentId":"67c4908d647e9de1d9422ed8","timestamp":"2025-03-13T14:30:03.622Z"}
{"level":"info","message":"Profilo studente recuperato con successo","studentId":"67c4908d647e9de1d9422ed8","timestamp":"2025-03-13T14:30:03.682Z"}
{"level":"info","message":"Richiesta profilo studente","studentId":"67c4908d647e9de1d9422ed8","timestamp":"2025-03-13T14:30:03.731Z"}
{"level":"info","message":"Recupero profilo studente","studentId":"67c4908d647e9de1d9422ed8","timestamp":"2025-03-13T14:30:03.731Z"}
{"level":"info","message":"Profilo studente recuperato con successo","studentId":"67c4908d647e9de1d9422ed8","timestamp":"2025-03-13T14:30:03.783Z"}
{"level":"info","message":"Richiesta profilo studente","studentId":"67c4908d647e9de1d9422ed8","timestamp":"2025-03-13T14:30:14.871Z"}
{"level":"info","message":"Recupero profilo studente","studentId":"67c4908d647e9de1d9422ed8","timestamp":"2025-03-13T14:30:14.872Z"}
{"level":"info","message":"Profilo studente recuperato con successo","studentId":"67c4908d647e9de1d9422ed8","timestamp":"2025-03-13T14:30:14.926Z"}
{"level":"info","message":"Richiesta profilo studente","studentId":"67c4908d647e9de1d9422ed8","timestamp":"2025-03-13T14:30:14.997Z"}
{"level":"info","message":"Recupero profilo studente","studentId":"67c4908d647e9de1d9422ed8","timestamp":"2025-03-13T14:30:15.001Z"}
{"level":"info","message":"Profilo studente recuperato con successo","studentId":"67c4908d647e9de1d9422ed8","timestamp":"2025-03-13T14:30:15.088Z"}
{"level":"info","message":"Richiesta profilo studente","studentId":"67c4908d647e9de1d9422ed8","timestamp":"2025-03-13T14:30:20.368Z"}
{"level":"info","message":"Recupero profilo studente","studentId":"67c4908d647e9de1d9422ed8","timestamp":"2025-03-13T14:30:20.368Z"}
{"level":"info","message":"Profilo studente recuperato con successo","studentId":"67c4908d647e9de1d9422ed8","timestamp":"2025-03-13T14:30:20.414Z"}
{"level":"info","message":"Richiesta profilo studente","studentId":"67c4908d647e9de1d9422ed8","timestamp":"2025-03-13T14:30:20.447Z"}
{"level":"info","message":"Recupero profilo studente","studentId":"67c4908d647e9de1d9422ed8","timestamp":"2025-03-13T14:30:20.448Z"}
{"level":"info","message":"Profilo studente recuperato con successo","studentId":"67c4908d647e9de1d9422ed8","timestamp":"2025-03-13T14:30:20.499Z"}
{"level":"info","message":"Richiesta profilo studente","studentId":"67c4908d647e9de1d9422ed8","timestamp":"2025-03-13T14:36:37.959Z"}
{"level":"info","message":"Recupero profilo studente","studentId":"67c4908d647e9de1d9422ed8","timestamp":"2025-03-13T14:36:37.961Z"}
{"level":"info","message":"Profilo studente recuperato con successo","studentId":"67c4908d647e9de1d9422ed8","timestamp":"2025-03-13T14:36:38.005Z"}
{"level":"info","message":"Richiesta profilo studente","studentId":"67c4908d647e9de1d9422ed8","timestamp":"2025-03-13T14:36:38.082Z"}
{"level":"info","message":"Recupero profilo studente","studentId":"67c4908d647e9de1d9422ed8","timestamp":"2025-03-13T14:36:38.085Z"}
{"level":"info","message":"Profilo studente recuperato con successo","studentId":"67c4908d647e9de1d9422ed8","timestamp":"2025-03-13T14:36:38.135Z"}
