{"level":"warn","message":"Warning: ModelName mancante nel repository","repository":"school","timestamp":"2025-01-21T10:38:02.913Z"}
{"level":"warn","message":"Warning: ModelName mancante nel repository","repository":"user","timestamp":"2025-01-21T10:38:02.919Z"}
{"level":"warn","message":"Warning: ModelName mancante nel repository","repository":"class","timestamp":"2025-01-21T10:38:02.920Z"}
{"level":"warn","message":"Warning: ModelName mancante nel repository","repository":"student","timestamp":"2025-01-21T10:38:02.922Z"}
{"level":"warn","message":"Warning: ModelName mancante nel repository","repository":"test","timestamp":"2025-01-21T10:38:02.922Z"}
{"level":"info","message":"Repository caricati con successo","repositories":["school","user","class","student","test"],"timestamp":"2025-01-21T10:38:02.923Z"}
{"controllers":["auth","school","user","class","student","test"],"level":"info","message":"Controllers caricati con successo","timestamp":"2025-01-21T10:38:02.950Z"}
{"level":"info","message":"Routes caricate:","protected":["/classes","/schools","/users","/students","/tests"],"public":["/auth","/tests/csi/public"],"timestamp":"2025-01-21T10:38:03.345Z"}
{"level":"info","message":"MongoDB Connected: cluster0-shard-00-00.4nf56.mongodb.net","timestamp":"2025-01-21T10:38:04.350Z"}
{"level":"info","message":"Server in esecuzione su localhost:5000","timestamp":"2025-01-21T10:38:04.386Z"}
{"level":"info","message":"Ambiente: development","timestamp":"2025-01-21T10:38:04.388Z"}
{"ip":"::1","level":"info","message":"Auth Route Called","method":"GET","path":"/api/v1/auth/verify","timestamp":"2025-01-21T10:38:45.751Z","userAgent":"Mozilla/5.0 (Windows NT 10.0; Win64; x64) AppleWebKit/537.36 (KHTML, like Gecko) Chrome/132.0.0.0 Safari/537.36 Edg/132.0.0.0"}
{"hasSchool":false,"level":"info","message":"✨ Authentication successful","role":"admin","timestamp":"2025-01-21T10:38:45.841Z","tokenExpiresIn":"498.13598333333334 minutes","userId":"677bfe44f6789c907c9f3766"}
{"level":"info","message":"Verifica token in corso per utente:","timestamp":"2025-01-21T10:38:45.843Z","userId":"677bfe44f6789c907c9f3766"}
{"ip":"::1","level":"info","message":"Auth Route Called","method":"GET","path":"/api/v1/auth/verify","timestamp":"2025-01-21T10:38:46.780Z","userAgent":"Mozilla/5.0 (Windows NT 10.0; Win64; x64) AppleWebKit/537.36 (KHTML, like Gecko) Chrome/132.0.0.0 Safari/537.36 Edg/132.0.0.0"}
{"hasSchool":false,"level":"info","message":"✨ Authentication successful","role":"admin","timestamp":"2025-01-21T10:38:46.821Z","tokenExpiresIn":"498.11965 minutes","userId":"677bfe44f6789c907c9f3766"}
{"level":"info","message":"Verifica token in corso per utente:","timestamp":"2025-01-21T10:38:46.823Z","userId":"677bfe44f6789c907c9f3766"}
{"error":"Cannot read properties of undefined (reading 'verifyToken')","level":"error","message":"Engine: Error verifying token:","stack":"TypeError: Cannot read properties of undefined (reading 'verifyToken')\n    at CSIEngine.verifyToken (C:\\Users\\ricca\\Desktop\\BSc\\src\\engines\\CSI\\engine\\CSIEngine.js:20:52)\n    at verifyTestToken (C:\\Users\\ricca\\Desktop\\BSc\\src\\engines\\CSI\\controllers\\CSIController.js:27:40)\n    at Layer.handle [as handle_request] (C:\\Users\\ricca\\Desktop\\BSc\\node_modules\\express\\lib\\router\\layer.js:95:5)\n    at next (C:\\Users\\ricca\\Desktop\\BSc\\node_modules\\express\\lib\\router\\route.js:149:13)\n    at Route.dispatch (C:\\Users\\ricca\\Desktop\\BSc\\node_modules\\express\\lib\\router\\route.js:119:3)\n    at Layer.handle [as handle_request] (C:\\Users\\ricca\\Desktop\\BSc\\node_modules\\express\\lib\\router\\layer.js:95:5)\n    at C:\\Users\\ricca\\Desktop\\BSc\\node_modules\\express\\lib\\router\\index.js:284:15\n    at param (C:\\Users\\ricca\\Desktop\\BSc\\node_modules\\express\\lib\\router\\index.js:365:14)\n    at param (C:\\Users\\ricca\\Desktop\\BSc\\node_modules\\express\\lib\\router\\index.js:376:14)\n    at Function.process_params (C:\\Users\\ricca\\Desktop\\BSc\\node_modules\\express\\lib\\router\\index.js:421:3)","timestamp":"2025-01-21T10:38:46.921Z"}
{"error":{},"level":"error","message":"Error verifying test token:","timestamp":"2025-01-21T10:38:46.924Z","token":"9c0ec02c838cb60c1676eb30f0c472fcd7bd00a5b281c0b8815d1dd338f734ae"}
{"duration":"13ms","ip":"::1","level":"warn","message":"Risposta inviata","method":"GET","requestId":"req_1737455926915_vpewtoa2w","responseSize":"67 Bytes","statusCode":400,"timestamp":"2025-01-21T10:38:46.928Z","url":"/api/v1/tests/csi/public/verify/9c0ec02c838cb60c1676eb30f0c472fcd7bd00a5b281c0b8815d1dd338f734ae","userAgent":"Mozilla/5.0 (Windows NT 10.0; Win64; x64) AppleWebKit/537.36 (KHTML, like Gecko) Chrome/132.0.0.0 Safari/537.36 Edg/132.0.0.0"}
{"hasSchool":false,"level":"info","message":"✨ Authentication successful","role":"admin","timestamp":"2025-01-21T10:38:57.381Z","tokenExpiresIn":"497.94365 minutes","userId":"677bfe44f6789c907c9f3766"}
{"hasSchool":false,"level":"info","message":"✨ Authentication successful","role":"admin","timestamp":"2025-01-21T10:38:57.820Z","tokenExpiresIn":"497.9363333333333 minutes","userId":"677bfe44f6789c907c9f3766"}
{"hasSchool":false,"level":"info","message":"✨ Authentication successful","role":"admin","timestamp":"2025-01-21T10:39:30.312Z","tokenExpiresIn":"497.3948 minutes","userId":"677bfe44f6789c907c9f3766"}
{"hasSchool":false,"level":"info","message":"✨ Authentication successful","role":"admin","timestamp":"2025-01-21T10:39:30.355Z","tokenExpiresIn":"497.39408333333336 minutes","userId":"677bfe44f6789c907c9f3766"}
{"ip":"::1","level":"info","message":"Auth Route Called","method":"GET","path":"/api/v1/auth/verify","timestamp":"2025-01-21T11:13:05.985Z","userAgent":"Mozilla/5.0 (Windows NT 10.0; Win64; x64) AppleWebKit/537.36 (KHTML, like Gecko) Chrome/132.0.0.0 Safari/537.36 Edg/132.0.0.0"}
{"hasSchool":false,"level":"info","message":"✨ Authentication successful","role":"admin","timestamp":"2025-01-21T11:13:06.344Z","tokenExpiresIn":"463.79426666666666 minutes","userId":"677bfe44f6789c907c9f3766"}
{"level":"info","message":"Verifica token in corso per utente:","timestamp":"2025-01-21T11:13:06.347Z","userId":"677bfe44f6789c907c9f3766"}
{"error":"Cannot read properties of undefined (reading 'verifyToken')","level":"error","message":"Engine: Error verifying token:","stack":"TypeError: Cannot read properties of undefined (reading 'verifyToken')\n    at CSIEngine.verifyToken (C:\\Users\\ricca\\Desktop\\BSc\\src\\engines\\CSI\\engine\\CSIEngine.js:20:52)\n    at verifyTestToken (C:\\Users\\ricca\\Desktop\\BSc\\src\\engines\\CSI\\controllers\\CSIController.js:27:40)\n    at Layer.handle [as handle_request] (C:\\Users\\ricca\\Desktop\\BSc\\node_modules\\express\\lib\\router\\layer.js:95:5)\n    at next (C:\\Users\\ricca\\Desktop\\BSc\\node_modules\\express\\lib\\router\\route.js:149:13)\n    at Route.dispatch (C:\\Users\\ricca\\Desktop\\BSc\\node_modules\\express\\lib\\router\\route.js:119:3)\n    at Layer.handle [as handle_request] (C:\\Users\\ricca\\Desktop\\BSc\\node_modules\\express\\lib\\router\\layer.js:95:5)\n    at C:\\Users\\ricca\\Desktop\\BSc\\node_modules\\express\\lib\\router\\index.js:284:15\n    at param (C:\\Users\\ricca\\Desktop\\BSc\\node_modules\\express\\lib\\router\\index.js:365:14)\n    at param (C:\\Users\\ricca\\Desktop\\BSc\\node_modules\\express\\lib\\router\\index.js:376:14)\n    at Function.process_params (C:\\Users\\ricca\\Desktop\\BSc\\node_modules\\express\\lib\\router\\index.js:421:3)","timestamp":"2025-01-21T11:13:06.414Z"}
{"error":{},"level":"error","message":"Error verifying test token:","timestamp":"2025-01-21T11:13:06.421Z","token":"9c0ec02c838cb60c1676eb30f0c472fcd7bd00a5b281c0b8815d1dd338f734ae"}
{"duration":"24ms","ip":"::1","level":"warn","message":"Risposta inviata","method":"GET","requestId":"req_1737457986403_5kenkvpuo","responseSize":"67 Bytes","statusCode":400,"timestamp":"2025-01-21T11:13:06.427Z","url":"/api/v1/tests/csi/public/verify/9c0ec02c838cb60c1676eb30f0c472fcd7bd00a5b281c0b8815d1dd338f734ae","userAgent":"Mozilla/5.0 (Windows NT 10.0; Win64; x64) AppleWebKit/537.36 (KHTML, like Gecko) Chrome/132.0.0.0 Safari/537.36 Edg/132.0.0.0"}
{"level":"warn","message":"Warning: ModelName mancante nel repository","repository":"school","timestamp":"2025-01-21T16:30:51.482Z"}
{"level":"warn","message":"Warning: ModelName mancante nel repository","repository":"user","timestamp":"2025-01-21T16:30:51.485Z"}
{"level":"warn","message":"Warning: ModelName mancante nel repository","repository":"class","timestamp":"2025-01-21T16:30:51.486Z"}
{"level":"warn","message":"Warning: ModelName mancante nel repository","repository":"student","timestamp":"2025-01-21T16:30:51.487Z"}
{"level":"warn","message":"Warning: ModelName mancante nel repository","repository":"test","timestamp":"2025-01-21T16:30:51.488Z"}
{"level":"info","message":"Repository caricati con successo","repositories":["school","user","class","student","test"],"timestamp":"2025-01-21T16:30:51.489Z"}
{"controllers":["auth","school","user","class","student","test"],"level":"info","message":"Controllers caricati con successo","timestamp":"2025-01-21T16:30:51.517Z"}
{"level":"info","message":"Routes caricate:","protected":["/classes","/schools","/users","/students","/tests"],"public":["/auth","/tests/csi/public"],"timestamp":"2025-01-21T16:30:51.811Z"}
{"level":"info","message":"MongoDB Connected: cluster0-shard-00-00.4nf56.mongodb.net","timestamp":"2025-01-21T16:30:52.217Z"}
{"level":"info","message":"Server in esecuzione su localhost:5000","timestamp":"2025-01-21T16:30:52.226Z"}
{"level":"info","message":"Ambiente: development","timestamp":"2025-01-21T16:30:52.226Z"}
{"ip":"::1","level":"info","message":"Auth Route Called","method":"GET","path":"/api/v1/auth/verify","timestamp":"2025-01-21T16:31:11.216Z","userAgent":"Mozilla/5.0 (Windows NT 10.0; Win64; x64) AppleWebKit/537.36 (KHTML, like Gecko) Chrome/132.0.0.0 Safari/537.36 Edg/132.0.0.0"}
{"hasSchool":false,"level":"info","message":"✨ Authentication successful","role":"admin","timestamp":"2025-01-21T16:31:11.264Z","tokenExpiresIn":"145.7122666666667 minutes","userId":"677bfe44f6789c907c9f3766"}
{"level":"info","message":"Verifica token in corso per utente:","timestamp":"2025-01-21T16:31:11.265Z","userId":"677bfe44f6789c907c9f3766"}
{"hasSchool":false,"level":"info","message":"✨ Authentication successful","role":"admin","timestamp":"2025-01-21T16:32:19.939Z","tokenExpiresIn":"144.56768333333332 minutes","userId":"677bfe44f6789c907c9f3766"}
{"hasSchool":false,"level":"info","message":"✨ Authentication successful","role":"admin","timestamp":"2025-01-21T16:32:19.950Z","tokenExpiresIn":"144.5675 minutes","userId":"677bfe44f6789c907c9f3766"}
{"hasSchool":false,"level":"info","message":"✨ Authentication successful","role":"admin","timestamp":"2025-01-21T16:32:19.960Z","tokenExpiresIn":"144.56733333333335 minutes","userId":"677bfe44f6789c907c9f3766"}
{"hasSchool":false,"level":"info","message":"✨ Authentication successful","role":"admin","timestamp":"2025-01-21T16:32:19.970Z","tokenExpiresIn":"144.56716666666668 minutes","userId":"677bfe44f6789c907c9f3766"}
{"hasSchool":false,"level":"info","message":"✨ Authentication successful","role":"admin","timestamp":"2025-01-21T16:32:19.978Z","tokenExpiresIn":"144.56703333333334 minutes","userId":"677bfe44f6789c907c9f3766"}
{"hasSchool":false,"level":"info","message":"✨ Authentication successful","role":"admin","timestamp":"2025-01-21T16:32:19.987Z","tokenExpiresIn":"144.56688333333335 minutes","userId":"677bfe44f6789c907c9f3766"}
{"hasSchool":false,"level":"info","message":"✨ Authentication successful","role":"admin","timestamp":"2025-01-21T16:32:20.083Z","tokenExpiresIn":"144.56528333333333 minutes","userId":"677bfe44f6789c907c9f3766"}
{"hasSchool":false,"level":"info","message":"✨ Authentication successful","role":"admin","timestamp":"2025-01-21T16:32:20.107Z","tokenExpiresIn":"144.56488333333334 minutes","userId":"677bfe44f6789c907c9f3766"}
{"hasSchool":false,"level":"info","message":"✨ Authentication successful","role":"admin","timestamp":"2025-01-21T16:32:20.123Z","tokenExpiresIn":"144.56461666666667 minutes","userId":"677bfe44f6789c907c9f3766"}
{"hasSchool":false,"level":"info","message":"✨ Authentication successful","role":"admin","timestamp":"2025-01-21T16:32:20.131Z","tokenExpiresIn":"144.56448333333336 minutes","userId":"677bfe44f6789c907c9f3766"}
{"hasSchool":false,"level":"info","message":"✨ Authentication successful","role":"admin","timestamp":"2025-01-21T16:32:20.189Z","tokenExpiresIn":"144.56351666666666 minutes","userId":"677bfe44f6789c907c9f3766"}
{"hasSchool":false,"level":"info","message":"✨ Authentication successful","role":"admin","timestamp":"2025-01-21T16:32:20.213Z","tokenExpiresIn":"144.56311666666667 minutes","userId":"677bfe44f6789c907c9f3766"}
{"hasSchool":false,"level":"info","message":"✨ Authentication successful","role":"admin","timestamp":"2025-01-21T16:32:29.380Z","tokenExpiresIn":"144.41033333333334 minutes","userId":"677bfe44f6789c907c9f3766"}
{"hasSchool":false,"level":"info","message":"✨ Authentication successful","role":"admin","timestamp":"2025-01-21T16:32:29.404Z","tokenExpiresIn":"144.40993333333333 minutes","userId":"677bfe44f6789c907c9f3766"}
{"hasSchool":false,"level":"info","message":"✨ Authentication successful","role":"admin","timestamp":"2025-01-21T16:32:29.429Z","tokenExpiresIn":"144.40951666666666 minutes","userId":"677bfe44f6789c907c9f3766"}
{"level":"info","message":"Test token saved successfully","studentId":"678ccd28e32aff82045c93f3","testId":"678fcc1d267946efa814fdae","timestamp":"2025-01-21T16:32:29.540Z"}
{"level":"info","message":"Test link generated successfully","studentId":"678ccd28e32aff82045c93f3","testType":"CSI","timestamp":"2025-01-21T16:32:29.541Z","token":"06e81d2df3..."}
{"ip":"::1","level":"info","message":"Auth Route Called","method":"GET","path":"/api/v1/auth/verify","timestamp":"2025-01-21T16:32:36.900Z","userAgent":"Mozilla/5.0 (Windows NT 10.0; Win64; x64) AppleWebKit/537.36 (KHTML, like Gecko) Chrome/132.0.0.0 Safari/537.36 Edg/132.0.0.0"}
{"hasSchool":false,"level":"info","message":"✨ Authentication successful","role":"admin","timestamp":"2025-01-21T16:32:36.928Z","tokenExpiresIn":"144.28453333333334 minutes","userId":"677bfe44f6789c907c9f3766"}
{"level":"info","message":"Verifica token in corso per utente:","timestamp":"2025-01-21T16:32:36.929Z","userId":"677bfe44f6789c907c9f3766"}
{"error":"Cannot read properties of undefined (reading 'verifyToken')","level":"error","message":"Engine: Error verifying token:","stack":"TypeError: Cannot read properties of undefined (reading 'verifyToken')\n    at CSIEngine.verifyToken (C:\\Users\\ricca\\Desktop\\BSc\\src\\engines\\CSI\\engine\\CSIEngine.js:20:52)\n    at verifyTestToken (C:\\Users\\ricca\\Desktop\\BSc\\src\\engines\\CSI\\controllers\\CSIController.js:27:40)\n    at Layer.handle [as handle_request] (C:\\Users\\ricca\\Desktop\\BSc\\node_modules\\express\\lib\\router\\layer.js:95:5)\n    at next (C:\\Users\\ricca\\Desktop\\BSc\\node_modules\\express\\lib\\router\\route.js:149:13)\n    at Route.dispatch (C:\\Users\\ricca\\Desktop\\BSc\\node_modules\\express\\lib\\router\\route.js:119:3)\n    at Layer.handle [as handle_request] (C:\\Users\\ricca\\Desktop\\BSc\\node_modules\\express\\lib\\router\\layer.js:95:5)\n    at C:\\Users\\ricca\\Desktop\\BSc\\node_modules\\express\\lib\\router\\index.js:284:15\n    at param (C:\\Users\\ricca\\Desktop\\BSc\\node_modules\\express\\lib\\router\\index.js:365:14)\n    at param (C:\\Users\\ricca\\Desktop\\BSc\\node_modules\\express\\lib\\router\\index.js:376:14)\n    at Function.process_params (C:\\Users\\ricca\\Desktop\\BSc\\node_modules\\express\\lib\\router\\index.js:421:3)","timestamp":"2025-01-21T16:32:36.963Z"}
{"error":{},"level":"error","message":"Error verifying test token:","timestamp":"2025-01-21T16:32:36.964Z","token":"06e81d2df381b08971f08c00d3e447e900238f813b878edaec8a0fd4859d4bde"}
{"duration":"5ms","ip":"::1","level":"warn","message":"Risposta inviata","method":"GET","requestId":"req_1737477156960_zhl4cmv4q","responseSize":"67 Bytes","statusCode":400,"timestamp":"2025-01-21T16:32:36.966Z","url":"/api/v1/tests/csi/public/verify/06e81d2df381b08971f08c00d3e447e900238f813b878edaec8a0fd4859d4bde","userAgent":"Mozilla/5.0 (Windows NT 10.0; Win64; x64) AppleWebKit/537.36 (KHTML, like Gecko) Chrome/132.0.0.0 Safari/537.36 Edg/132.0.0.0"}
{"level":"warn","message":"Warning: ModelName mancante nel repository","repository":"school","timestamp":"2025-01-21T16:37:54.721Z"}
{"level":"warn","message":"Warning: ModelName mancante nel repository","repository":"user","timestamp":"2025-01-21T16:37:54.727Z"}
{"level":"warn","message":"Warning: ModelName mancante nel repository","repository":"class","timestamp":"2025-01-21T16:37:54.729Z"}
{"level":"warn","message":"Warning: ModelName mancante nel repository","repository":"student","timestamp":"2025-01-21T16:37:54.730Z"}
{"level":"warn","message":"Warning: ModelName mancante nel repository","repository":"test","timestamp":"2025-01-21T16:37:54.730Z"}
{"level":"info","message":"Repository caricati con successo","repositories":["school","user","class","student","test"],"timestamp":"2025-01-21T16:37:54.731Z"}
{"controllers":["auth","school","user","class","student","test"],"level":"info","message":"Controllers caricati con successo","timestamp":"2025-01-21T16:37:54.753Z"}
{"level":"info","message":"Routes caricate:","protected":["/classes","/schools","/users","/students","/tests"],"public":["/auth","/tests/csi/public"],"timestamp":"2025-01-21T16:37:55.044Z"}
{"level":"info","message":"MongoDB Connected: cluster0-shard-00-02.4nf56.mongodb.net","timestamp":"2025-01-21T16:37:55.510Z"}
{"level":"info","message":"Server in esecuzione su localhost:5000","timestamp":"2025-01-21T16:37:55.516Z"}
{"level":"info","message":"Ambiente: development","timestamp":"2025-01-21T16:37:55.517Z"}
{"level":"warn","message":"Warning: ModelName mancante nel repository","repository":"school","timestamp":"2025-01-21T16:54:00.801Z"}
{"level":"warn","message":"Warning: ModelName mancante nel repository","repository":"user","timestamp":"2025-01-21T16:54:00.805Z"}
{"level":"warn","message":"Warning: ModelName mancante nel repository","repository":"class","timestamp":"2025-01-21T16:54:00.806Z"}
{"level":"warn","message":"Warning: ModelName mancante nel repository","repository":"student","timestamp":"2025-01-21T16:54:00.807Z"}
{"level":"warn","message":"Warning: ModelName mancante nel repository","repository":"test","timestamp":"2025-01-21T16:54:00.807Z"}
{"level":"info","message":"Repository caricati con successo","repositories":["school","user","class","student","test"],"timestamp":"2025-01-21T16:54:00.808Z"}
{"controllers":["auth","school","user","class","student","test"],"level":"info","message":"Controllers caricati con successo","timestamp":"2025-01-21T16:54:00.821Z"}
{"level":"info","message":"Routes caricate:","protected":["/classes","/schools","/users","/students","/tests"],"public":["/auth","/tests/csi/public"],"timestamp":"2025-01-21T16:54:01.062Z"}
{"level":"info","message":"MongoDB Connected: cluster0-shard-00-02.4nf56.mongodb.net","timestamp":"2025-01-21T16:54:01.518Z"}
{"level":"info","message":"Server in esecuzione su localhost:5000","timestamp":"2025-01-21T16:54:01.524Z"}
{"level":"info","message":"Ambiente: development","timestamp":"2025-01-21T16:54:01.524Z"}
{"ip":"::1","level":"info","message":"Auth Route Called","method":"GET","path":"/api/v1/auth/verify","timestamp":"2025-01-21T16:54:22.452Z","userAgent":"Mozilla/5.0 (Windows NT 10.0; Win64; x64) AppleWebKit/537.36 (KHTML, like Gecko) Chrome/132.0.0.0 Safari/537.36 Edg/132.0.0.0"}
{"hasSchool":false,"level":"info","message":"✨ Authentication successful","role":"admin","timestamp":"2025-01-21T16:54:22.506Z","tokenExpiresIn":"122.52489999999999 minutes","userId":"677bfe44f6789c907c9f3766"}
{"level":"info","message":"Verifica token in corso per utente:","timestamp":"2025-01-21T16:54:22.508Z","userId":"677bfe44f6789c907c9f3766"}
{"hasSchool":false,"level":"info","message":"✨ Authentication successful","role":"admin","timestamp":"2025-01-21T16:54:28.025Z","tokenExpiresIn":"122.43291666666667 minutes","userId":"677bfe44f6789c907c9f3766"}
{"hasSchool":false,"level":"info","message":"✨ Authentication successful","role":"admin","timestamp":"2025-01-21T16:54:28.035Z","tokenExpiresIn":"122.43275 minutes","userId":"677bfe44f6789c907c9f3766"}
{"hasSchool":false,"level":"info","message":"✨ Authentication successful","role":"admin","timestamp":"2025-01-21T16:54:28.044Z","tokenExpiresIn":"122.43260000000001 minutes","userId":"677bfe44f6789c907c9f3766"}
{"hasSchool":false,"level":"info","message":"✨ Authentication successful","role":"admin","timestamp":"2025-01-21T16:54:28.056Z","tokenExpiresIn":"122.4324 minutes","userId":"677bfe44f6789c907c9f3766"}
{"hasSchool":false,"level":"info","message":"✨ Authentication successful","role":"admin","timestamp":"2025-01-21T16:54:28.063Z","tokenExpiresIn":"122.43228333333333 minutes","userId":"677bfe44f6789c907c9f3766"}
{"hasSchool":false,"level":"info","message":"✨ Authentication successful","role":"admin","timestamp":"2025-01-21T16:54:28.072Z","tokenExpiresIn":"122.43213333333333 minutes","userId":"677bfe44f6789c907c9f3766"}
{"hasSchool":false,"level":"info","message":"✨ Authentication successful","role":"admin","timestamp":"2025-01-21T16:54:28.154Z","tokenExpiresIn":"122.43076666666666 minutes","userId":"677bfe44f6789c907c9f3766"}
{"hasSchool":false,"level":"info","message":"✨ Authentication successful","role":"admin","timestamp":"2025-01-21T16:54:28.165Z","tokenExpiresIn":"122.43058333333333 minutes","userId":"677bfe44f6789c907c9f3766"}
{"hasSchool":false,"level":"info","message":"✨ Authentication successful","role":"admin","timestamp":"2025-01-21T16:54:28.179Z","tokenExpiresIn":"122.43035 minutes","userId":"677bfe44f6789c907c9f3766"}
{"hasSchool":false,"level":"info","message":"✨ Authentication successful","role":"admin","timestamp":"2025-01-21T16:54:28.188Z","tokenExpiresIn":"122.4302 minutes","userId":"677bfe44f6789c907c9f3766"}
{"hasSchool":false,"level":"info","message":"✨ Authentication successful","role":"admin","timestamp":"2025-01-21T16:54:28.255Z","tokenExpiresIn":"122.42908333333334 minutes","userId":"677bfe44f6789c907c9f3766"}
{"hasSchool":false,"level":"info","message":"✨ Authentication successful","role":"admin","timestamp":"2025-01-21T16:54:28.280Z","tokenExpiresIn":"122.42866666666667 minutes","userId":"677bfe44f6789c907c9f3766"}
{"hasSchool":false,"level":"info","message":"✨ Authentication successful","role":"admin","timestamp":"2025-01-21T16:54:30.552Z","tokenExpiresIn":"122.3908 minutes","userId":"677bfe44f6789c907c9f3766"}
{"error":"Result validation failed: punteggi: Path `punteggi` is required., utente: Path `utente` is required.","level":"error","message":"Error generating test link:","studentId":"678ccd28e32aff82045c93f3","timestamp":"2025-01-21T16:54:30.590Z"}
{"duration":"70ms","ip":"::1","level":"warn","message":"Risposta inviata","method":"POST","requestId":"req_1737478470523_p5swi9yd4","responseSize":"170 Bytes","statusCode":400,"timestamp":"2025-01-21T16:54:30.593Z","url":"/api/v1/tests/csi/generate-link","userAgent":"Mozilla/5.0 (Windows NT 10.0; Win64; x64) AppleWebKit/537.36 (KHTML, like Gecko) Chrome/132.0.0.0 Safari/537.36 Edg/132.0.0.0"}
{"level":"warn","message":"Warning: ModelName mancante nel repository","repository":"school","timestamp":"2025-01-21T16:57:56.628Z"}
{"level":"warn","message":"Warning: ModelName mancante nel repository","repository":"user","timestamp":"2025-01-21T16:57:56.631Z"}
{"level":"warn","message":"Warning: ModelName mancante nel repository","repository":"class","timestamp":"2025-01-21T16:57:56.632Z"}
{"level":"warn","message":"Warning: ModelName mancante nel repository","repository":"student","timestamp":"2025-01-21T16:57:56.633Z"}
{"level":"warn","message":"Warning: ModelName mancante nel repository","repository":"test","timestamp":"2025-01-21T16:57:56.633Z"}
{"level":"info","message":"Repository caricati con successo","repositories":["school","user","class","student","test"],"timestamp":"2025-01-21T16:57:56.634Z"}
{"controllers":["auth","school","user","class","student","test"],"level":"info","message":"Controllers caricati con successo","timestamp":"2025-01-21T16:57:56.662Z"}
{"level":"info","message":"Routes caricate:","protected":["/classes","/schools","/users","/students","/tests"],"public":["/auth","/tests/csi/public"],"timestamp":"2025-01-21T16:57:56.935Z"}
{"level":"info","message":"MongoDB Connected: cluster0-shard-00-01.4nf56.mongodb.net","timestamp":"2025-01-21T16:57:57.380Z"}
{"level":"info","message":"Server in esecuzione su localhost:5000","timestamp":"2025-01-21T16:57:57.388Z"}
{"level":"info","message":"Ambiente: development","timestamp":"2025-01-21T16:57:57.389Z"}
{"ip":"::1","level":"info","message":"Auth Route Called","method":"GET","path":"/api/v1/auth/verify","timestamp":"2025-01-21T16:58:14.043Z","userAgent":"Mozilla/5.0 (Windows NT 10.0; Win64; x64) AppleWebKit/537.36 (KHTML, like Gecko) Chrome/132.0.0.0 Safari/537.36 Edg/132.0.0.0"}
{"hasSchool":false,"level":"info","message":"✨ Authentication successful","role":"admin","timestamp":"2025-01-21T16:58:14.081Z","tokenExpiresIn":"118.66531666666667 minutes","userId":"677bfe44f6789c907c9f3766"}
{"level":"info","message":"Verifica token in corso per utente:","timestamp":"2025-01-21T16:58:14.081Z","userId":"677bfe44f6789c907c9f3766"}
{"hasSchool":false,"level":"info","message":"✨ Authentication successful","role":"admin","timestamp":"2025-01-21T16:58:15.105Z","tokenExpiresIn":"118.64825 minutes","userId":"677bfe44f6789c907c9f3766"}
{"level":"info","message":"Test link generated successfully:","resultId":"678fd2273291cc476512727d","testId":"678fd2273291cc476512727b","timestamp":"2025-01-21T16:58:15.194Z","token":"45d6fba08b..."}
{"error":"Token non valido per test CSI","level":"error","message":"Error verifying CSI token:","timestamp":"2025-01-21T16:58:22.708Z","token":"45d6fba08b..."}
{"error":"Token non valido per test CSI","level":"error","message":"Error verifying test token:","timestamp":"2025-01-21T16:58:22.709Z","token":"45d6fba08b..."}
{"duration":"54ms","ip":"::1","level":"warn","message":"Risposta inviata","method":"GET","requestId":"req_1737478702657_pjkxf8mhw","responseSize":"90 Bytes","statusCode":400,"timestamp":"2025-01-21T16:58:22.711Z","url":"/api/v1/tests/csi/public/verify/45d6fba08b8acec630347a6b20773d2f1f2735217fd921298f87ec30c56c06d2","userAgent":"Mozilla/5.0 (Windows NT 10.0; Win64; x64) AppleWebKit/537.36 (KHTML, like Gecko) Chrome/132.0.0.0 Safari/537.36"}
{"level":"warn","message":"Warning: ModelName mancante nel repository","repository":"school","timestamp":"2025-01-21T17:01:33.451Z"}
{"level":"warn","message":"Warning: ModelName mancante nel repository","repository":"user","timestamp":"2025-01-21T17:01:33.455Z"}
{"level":"warn","message":"Warning: ModelName mancante nel repository","repository":"class","timestamp":"2025-01-21T17:01:33.456Z"}
{"level":"warn","message":"Warning: ModelName mancante nel repository","repository":"student","timestamp":"2025-01-21T17:01:33.457Z"}
{"level":"warn","message":"Warning: ModelName mancante nel repository","repository":"test","timestamp":"2025-01-21T17:01:33.458Z"}
{"level":"info","message":"Repository caricati con successo","repositories":["school","user","class","student","test"],"timestamp":"2025-01-21T17:01:33.458Z"}
{"controllers":["auth","school","user","class","student","test"],"level":"info","message":"Controllers caricati con successo","timestamp":"2025-01-21T17:01:33.474Z"}
{"level":"info","message":"Routes caricate:","protected":["/classes","/schools","/users","/students","/tests"],"public":["/auth","/tests/csi/public"],"timestamp":"2025-01-21T17:01:33.698Z"}
{"level":"info","message":"MongoDB Connected: cluster0-shard-00-02.4nf56.mongodb.net","timestamp":"2025-01-21T17:01:34.165Z"}
{"level":"info","message":"Server in esecuzione su localhost:5000","timestamp":"2025-01-21T17:01:34.173Z"}
{"level":"info","message":"Ambiente: development","timestamp":"2025-01-21T17:01:34.174Z"}
{"ip":"::1","level":"info","message":"Auth Route Called","method":"GET","path":"/api/v1/auth/verify","timestamp":"2025-01-21T17:01:39.216Z","userAgent":"Mozilla/5.0 (Windows NT 10.0; Win64; x64) AppleWebKit/537.36 (KHTML, like Gecko) Chrome/132.0.0.0 Safari/537.36 Edg/132.0.0.0"}
{"hasSchool":false,"level":"info","message":"✨ Authentication successful","role":"admin","timestamp":"2025-01-21T17:01:39.251Z","tokenExpiresIn":"115.24581666666667 minutes","userId":"677bfe44f6789c907c9f3766"}
{"level":"info","message":"Verifica token in corso per utente:","timestamp":"2025-01-21T17:01:39.251Z","userId":"677bfe44f6789c907c9f3766"}
{"hasSchool":false,"level":"info","message":"✨ Authentication successful","role":"admin","timestamp":"2025-01-21T17:01:41.134Z","tokenExpiresIn":"115.21443333333333 minutes","userId":"677bfe44f6789c907c9f3766"}
{"level":"info","message":"Test link generated successfully:","resultId":"678fd2f591dd9e905117a276","testId":"678fd2f591dd9e905117a274","timestamp":"2025-01-21T17:01:41.194Z","token":"6610244798..."}
{"error":"Result validation failed: utente: Path `utente` is required.","level":"error","message":"Error initializing CSI test:","params":{"studentId":{"classChangeHistory":[],"classId":"67843ee4e18f3b833160ddb8","createdAt":"2025-01-19T10:00:08.946Z","dateOfBirth":"2012-03-12T00:00:00.000Z","email":"leo@mara.it","firstName":"Leonardos","fiscalCode":null,"fullName":"Leonardos Marangon","gender":"M","id":"678ccd28e32aff82045c93f3","isActive":true,"lastClassChangeDate":"2025-01-19T18:41:12.210Z","lastName":"Marangon","mainTeacher":"677bfe44f6789c907c9f3766","needsClassAssignment":false,"parentEmail":null,"schoolId":"67843ee4e18f3b833160dda8","section":"A","specialNeeds":false,"status":"active","teachers":[],"updatedAt":"2025-01-19T18:41:12.212Z"},"testId":"678fd2f591dd9e905117a274"},"timestamp":"2025-01-21T17:01:46.711Z"}
{"error":"Result validation failed: utente: Path `utente` is required.","level":"error","message":"Error starting test:","timestamp":"2025-01-21T17:01:46.714Z","token":"6610244798..."}
{"duration":"125ms","ip":"::1","level":"warn","message":"Risposta inviata","method":"POST","requestId":"req_1737478906591_wovw43bj3","responseSize":"127 Bytes","statusCode":500,"timestamp":"2025-01-21T17:01:46.716Z","url":"/api/v1/tests/csi/public/start/661024479894b7addfe1705067b5839f1eba30c9a15dbba1f1f959405594255d","userAgent":"Mozilla/5.0 (Windows NT 10.0; Win64; x64) AppleWebKit/537.36 (KHTML, like Gecko) Chrome/132.0.0.0 Safari/537.36"}
{"level":"warn","message":"Warning: ModelName mancante nel repository","repository":"school","timestamp":"2025-01-21T17:06:49.470Z"}
{"level":"warn","message":"Warning: ModelName mancante nel repository","repository":"user","timestamp":"2025-01-21T17:06:49.473Z"}
{"level":"warn","message":"Warning: ModelName mancante nel repository","repository":"class","timestamp":"2025-01-21T17:06:49.474Z"}
{"level":"warn","message":"Warning: ModelName mancante nel repository","repository":"student","timestamp":"2025-01-21T17:06:49.475Z"}
{"level":"warn","message":"Warning: ModelName mancante nel repository","repository":"test","timestamp":"2025-01-21T17:06:49.476Z"}
{"level":"info","message":"Repository caricati con successo","repositories":["school","user","class","student","test"],"timestamp":"2025-01-21T17:06:49.476Z"}
{"controllers":["auth","school","user","class","student","test"],"level":"info","message":"Controllers caricati con successo","timestamp":"2025-01-21T17:06:49.493Z"}
{"level":"info","message":"Routes caricate:","protected":["/classes","/schools","/users","/students","/tests"],"public":["/auth","/tests/csi/public"],"timestamp":"2025-01-21T17:06:49.720Z"}
{"level":"info","message":"MongoDB Connected: cluster0-shard-00-00.4nf56.mongodb.net","timestamp":"2025-01-21T17:06:50.125Z"}
{"level":"info","message":"Server in esecuzione su localhost:5000","timestamp":"2025-01-21T17:06:50.135Z"}
{"level":"info","message":"Ambiente: development","timestamp":"2025-01-21T17:06:50.135Z"}
{"ip":"::1","level":"info","message":"Auth Route Called","method":"GET","path":"/api/v1/auth/verify","timestamp":"2025-01-21T17:07:12.838Z","userAgent":"Mozilla/5.0 (Windows NT 10.0; Win64; x64) AppleWebKit/537.36 (KHTML, like Gecko) Chrome/132.0.0.0 Safari/537.36 Edg/132.0.0.0"}
{"hasSchool":false,"level":"info","message":"✨ Authentication successful","role":"admin","timestamp":"2025-01-21T17:07:12.885Z","tokenExpiresIn":"109.68525 minutes","userId":"677bfe44f6789c907c9f3766"}
{"level":"info","message":"Verifica token in corso per utente:","timestamp":"2025-01-21T17:07:12.887Z","userId":"677bfe44f6789c907c9f3766"}
{"hasSchool":false,"level":"info","message":"✨ Authentication successful","role":"admin","timestamp":"2025-01-21T17:07:18.403Z","tokenExpiresIn":"109.59328333333333 minutes","userId":"677bfe44f6789c907c9f3766"}
{"hasSchool":false,"level":"info","message":"✨ Authentication successful","role":"admin","timestamp":"2025-01-21T17:07:18.411Z","tokenExpiresIn":"109.59315 minutes","userId":"677bfe44f6789c907c9f3766"}
{"hasSchool":false,"level":"info","message":"✨ Authentication successful","role":"admin","timestamp":"2025-01-21T17:07:18.420Z","tokenExpiresIn":"109.593 minutes","userId":"677bfe44f6789c907c9f3766"}
{"hasSchool":false,"level":"info","message":"✨ Authentication successful","role":"admin","timestamp":"2025-01-21T17:07:18.430Z","tokenExpiresIn":"109.59283333333333 minutes","userId":"677bfe44f6789c907c9f3766"}
{"hasSchool":false,"level":"info","message":"✨ Authentication successful","role":"admin","timestamp":"2025-01-21T17:07:18.437Z","tokenExpiresIn":"109.59271666666667 minutes","userId":"677bfe44f6789c907c9f3766"}
{"hasSchool":false,"level":"info","message":"✨ Authentication successful","role":"admin","timestamp":"2025-01-21T17:07:18.446Z","tokenExpiresIn":"109.59256666666667 minutes","userId":"677bfe44f6789c907c9f3766"}
{"hasSchool":false,"level":"info","message":"✨ Authentication successful","role":"admin","timestamp":"2025-01-21T17:07:18.519Z","tokenExpiresIn":"109.59134999999999 minutes","userId":"677bfe44f6789c907c9f3766"}
{"hasSchool":false,"level":"info","message":"✨ Authentication successful","role":"admin","timestamp":"2025-01-21T17:07:18.529Z","tokenExpiresIn":"109.59118333333332 minutes","userId":"677bfe44f6789c907c9f3766"}
{"hasSchool":false,"level":"info","message":"✨ Authentication successful","role":"admin","timestamp":"2025-01-21T17:07:18.542Z","tokenExpiresIn":"109.59096666666666 minutes","userId":"677bfe44f6789c907c9f3766"}
{"hasSchool":false,"level":"info","message":"✨ Authentication successful","role":"admin","timestamp":"2025-01-21T17:07:18.552Z","tokenExpiresIn":"109.5908 minutes","userId":"677bfe44f6789c907c9f3766"}
{"hasSchool":false,"level":"info","message":"✨ Authentication successful","role":"admin","timestamp":"2025-01-21T17:07:18.613Z","tokenExpiresIn":"109.58978333333333 minutes","userId":"677bfe44f6789c907c9f3766"}
{"hasSchool":false,"level":"info","message":"✨ Authentication successful","role":"admin","timestamp":"2025-01-21T17:07:18.637Z","tokenExpiresIn":"109.58938333333334 minutes","userId":"677bfe44f6789c907c9f3766"}
{"hasSchool":false,"level":"info","message":"✨ Authentication successful","role":"admin","timestamp":"2025-01-21T17:07:22.994Z","tokenExpiresIn":"109.51676666666667 minutes","userId":"677bfe44f6789c907c9f3766"}
{"level":"info","message":"Test link generated successfully:","resultId":"678fd44b4dfd35c84be3bd86","testId":"678fd44a4dfd35c84be3bd84","timestamp":"2025-01-21T17:07:23.053Z","token":"2e5f9a6842..."}
{"error":"Token, expiresAt e studentId sono richiesti","level":"error","message":"Error initializing CSI test:","params":{"studentId":{"classChangeHistory":[],"classId":"67843ee4e18f3b833160ddb8","createdAt":"2025-01-19T10:00:08.946Z","dateOfBirth":"2012-03-12T00:00:00.000Z","email":"leo@mara.it","firstName":"Leonardos","fiscalCode":null,"fullName":"Leonardos Marangon","gender":"M","id":"678ccd28e32aff82045c93f3","isActive":true,"lastClassChangeDate":"2025-01-19T18:41:12.210Z","lastName":"Marangon","mainTeacher":"677bfe44f6789c907c9f3766","needsClassAssignment":false,"parentEmail":null,"schoolId":"67843ee4e18f3b833160dda8","section":"A","specialNeeds":false,"status":"active","teachers":[],"updatedAt":"2025-01-19T18:41:12.212Z"},"testId":"678fd44a4dfd35c84be3bd84"},"timestamp":"2025-01-21T17:07:28.131Z"}
{"error":"Token, expiresAt e studentId sono richiesti","level":"error","message":"Error starting test:","timestamp":"2025-01-21T17:07:28.134Z","token":"2e5f9a6842..."}
{"duration":"140ms","ip":"::1","level":"warn","message":"Risposta inviata","method":"POST","requestId":"req_1737479247996_yqpanm6wp","responseSize":"110 Bytes","statusCode":500,"timestamp":"2025-01-21T17:07:28.136Z","url":"/api/v1/tests/csi/public/start/2e5f9a68428e8420b5a6a80c9901435ac5d1fa3d09cae0a8b8ee99baaf02d76d","userAgent":"Mozilla/5.0 (Windows NT 10.0; Win64; x64) AppleWebKit/537.36 (KHTML, like Gecko) Chrome/132.0.0.0 Safari/537.36"}
{"level":"warn","message":"Warning: ModelName mancante nel repository","repository":"school","timestamp":"2025-01-21T17:12:22.956Z"}
{"level":"warn","message":"Warning: ModelName mancante nel repository","repository":"user","timestamp":"2025-01-21T17:12:22.960Z"}
{"level":"warn","message":"Warning: ModelName mancante nel repository","repository":"class","timestamp":"2025-01-21T17:12:22.961Z"}
{"level":"warn","message":"Warning: ModelName mancante nel repository","repository":"student","timestamp":"2025-01-21T17:12:22.962Z"}
{"level":"warn","message":"Warning: ModelName mancante nel repository","repository":"test","timestamp":"2025-01-21T17:12:22.963Z"}
{"level":"info","message":"Repository caricati con successo","repositories":["school","user","class","student","test"],"timestamp":"2025-01-21T17:12:22.963Z"}
{"controllers":["auth","school","user","class","student","test"],"level":"info","message":"Controllers caricati con successo","timestamp":"2025-01-21T17:12:22.983Z"}
{"level":"info","message":"Routes caricate:","protected":["/classes","/schools","/users","/students","/tests"],"public":["/auth","/tests/csi/public"],"timestamp":"2025-01-21T17:12:23.241Z"}
{"level":"info","message":"MongoDB Connected: cluster0-shard-00-00.4nf56.mongodb.net","timestamp":"2025-01-21T17:12:23.684Z"}
{"level":"info","message":"Server in esecuzione su localhost:5000","timestamp":"2025-01-21T17:12:23.692Z"}
{"level":"info","message":"Ambiente: development","timestamp":"2025-01-21T17:12:23.693Z"}
{"ip":"::1","level":"info","message":"Auth Route Called","method":"GET","path":"/api/v1/auth/verify","timestamp":"2025-01-21T17:12:30.212Z","userAgent":"Mozilla/5.0 (Windows NT 10.0; Win64; x64) AppleWebKit/537.36 (KHTML, like Gecko) Chrome/132.0.0.0 Safari/537.36 Edg/132.0.0.0"}
{"hasSchool":false,"level":"info","message":"✨ Authentication successful","role":"admin","timestamp":"2025-01-21T17:12:30.250Z","tokenExpiresIn":"104.39583333333333 minutes","userId":"677bfe44f6789c907c9f3766"}
{"level":"info","message":"Verifica token in corso per utente:","timestamp":"2025-01-21T17:12:30.252Z","userId":"677bfe44f6789c907c9f3766"}
{"hasSchool":false,"level":"info","message":"✨ Authentication successful","role":"admin","timestamp":"2025-01-21T17:12:31.561Z","tokenExpiresIn":"104.37398333333334 minutes","userId":"677bfe44f6789c907c9f3766"}
{"level":"info","message":"Test link generated successfully:","resultId":"678fd57f505cabccf45eb55f","testId":"678fd57f505cabccf45eb55d","timestamp":"2025-01-21T17:12:31.624Z","token":"224e56a572..."}
{"level":"warn","message":"Warning: ModelName mancante nel repository","repository":"school","timestamp":"2025-01-21T17:16:14.430Z"}
{"level":"warn","message":"Warning: ModelName mancante nel repository","repository":"user","timestamp":"2025-01-21T17:16:14.434Z"}
{"level":"warn","message":"Warning: ModelName mancante nel repository","repository":"class","timestamp":"2025-01-21T17:16:14.435Z"}
{"level":"warn","message":"Warning: ModelName mancante nel repository","repository":"student","timestamp":"2025-01-21T17:16:14.436Z"}
{"level":"warn","message":"Warning: ModelName mancante nel repository","repository":"test","timestamp":"2025-01-21T17:16:14.437Z"}
{"level":"info","message":"Repository caricati con successo","repositories":["school","user","class","student","test"],"timestamp":"2025-01-21T17:16:14.438Z"}
{"controllers":["auth","school","user","class","student","test"],"level":"info","message":"Controllers caricati con successo","timestamp":"2025-01-21T17:16:14.454Z"}
{"level":"info","message":"Routes caricate:","protected":["/classes","/schools","/users","/students","/tests"],"public":["/auth","/tests/csi/public"],"timestamp":"2025-01-21T17:16:14.661Z"}
{"level":"info","message":"MongoDB Connected: cluster0-shard-00-01.4nf56.mongodb.net","timestamp":"2025-01-21T17:16:15.053Z"}
{"level":"info","message":"Server in esecuzione su localhost:5000","timestamp":"2025-01-21T17:16:15.062Z"}
{"level":"info","message":"Ambiente: development","timestamp":"2025-01-21T17:16:15.062Z"}
{"ip":"::1","level":"info","message":"Auth Route Called","method":"GET","path":"/api/v1/auth/verify","timestamp":"2025-01-21T17:16:29.778Z","userAgent":"Mozilla/5.0 (Windows NT 10.0; Win64; x64) AppleWebKit/537.36 (KHTML, like Gecko) Chrome/132.0.0.0 Safari/537.36 Edg/132.0.0.0"}
{"hasSchool":false,"level":"info","message":"✨ Authentication successful","role":"admin","timestamp":"2025-01-21T17:16:29.840Z","tokenExpiresIn":"100.40266666666666 minutes","userId":"677bfe44f6789c907c9f3766"}
{"level":"info","message":"Verifica token in corso per utente:","timestamp":"2025-01-21T17:16:29.841Z","userId":"677bfe44f6789c907c9f3766"}
{"hasSchool":false,"level":"info","message":"✨ Authentication successful","role":"admin","timestamp":"2025-01-21T17:16:33.510Z","tokenExpiresIn":"100.3415 minutes","userId":"677bfe44f6789c907c9f3766"}
{"hasSchool":false,"level":"info","message":"✨ Authentication successful","role":"admin","timestamp":"2025-01-21T17:16:33.522Z","tokenExpiresIn":"100.3413 minutes","userId":"677bfe44f6789c907c9f3766"}
{"hasSchool":false,"level":"info","message":"✨ Authentication successful","role":"admin","timestamp":"2025-01-21T17:16:33.535Z","tokenExpiresIn":"100.34108333333333 minutes","userId":"677bfe44f6789c907c9f3766"}
{"hasSchool":false,"level":"info","message":"✨ Authentication successful","role":"admin","timestamp":"2025-01-21T17:16:33.549Z","tokenExpiresIn":"100.34085 minutes","userId":"677bfe44f6789c907c9f3766"}
{"hasSchool":false,"level":"info","message":"✨ Authentication successful","role":"admin","timestamp":"2025-01-21T17:16:33.558Z","tokenExpiresIn":"100.3407 minutes","userId":"677bfe44f6789c907c9f3766"}
{"hasSchool":false,"level":"info","message":"✨ Authentication successful","role":"admin","timestamp":"2025-01-21T17:16:33.567Z","tokenExpiresIn":"100.34055 minutes","userId":"677bfe44f6789c907c9f3766"}
{"hasSchool":false,"level":"info","message":"✨ Authentication successful","role":"admin","timestamp":"2025-01-21T17:16:33.660Z","tokenExpiresIn":"100.339 minutes","userId":"677bfe44f6789c907c9f3766"}
{"hasSchool":false,"level":"info","message":"✨ Authentication successful","role":"admin","timestamp":"2025-01-21T17:16:33.670Z","tokenExpiresIn":"100.33883333333333 minutes","userId":"677bfe44f6789c907c9f3766"}
{"hasSchool":false,"level":"info","message":"✨ Authentication successful","role":"admin","timestamp":"2025-01-21T17:16:33.688Z","tokenExpiresIn":"100.33853333333333 minutes","userId":"677bfe44f6789c907c9f3766"}
{"hasSchool":false,"level":"info","message":"✨ Authentication successful","role":"admin","timestamp":"2025-01-21T17:16:33.699Z","tokenExpiresIn":"100.33835 minutes","userId":"677bfe44f6789c907c9f3766"}
{"hasSchool":false,"level":"info","message":"✨ Authentication successful","role":"admin","timestamp":"2025-01-21T17:16:33.775Z","tokenExpiresIn":"100.33708333333334 minutes","userId":"677bfe44f6789c907c9f3766"}
{"hasSchool":false,"level":"info","message":"✨ Authentication successful","role":"admin","timestamp":"2025-01-21T17:16:33.798Z","tokenExpiresIn":"100.33670000000001 minutes","userId":"677bfe44f6789c907c9f3766"}
{"hasSchool":false,"level":"info","message":"✨ Authentication successful","role":"admin","timestamp":"2025-01-21T17:16:35.827Z","tokenExpiresIn":"100.30288333333333 minutes","userId":"677bfe44f6789c907c9f3766"}
{"error":"E11000 duplicate key error collection: brainScannerDB.tests index: nome_1 dup key: { nome: null }","level":"error","message":"Error generating test link:","studentId":"678ccd28e32aff82045c93f3","timestamp":"2025-01-21T17:16:35.864Z"}
{"duration":"67ms","ip":"::1","level":"warn","message":"Risposta inviata","method":"POST","requestId":"req_1737479795799_vqdytfzfh","responseSize":"151 Bytes","statusCode":400,"timestamp":"2025-01-21T17:16:35.866Z","url":"/api/v1/tests/csi/generate-link","userAgent":"Mozilla/5.0 (Windows NT 10.0; Win64; x64) AppleWebKit/537.36 (KHTML, like Gecko) Chrome/132.0.0.0 Safari/537.36 Edg/132.0.0.0"}
{"hasSchool":false,"level":"info","message":"✨ Authentication successful","role":"admin","timestamp":"2025-01-21T17:17:07.047Z","tokenExpiresIn":"99.78255 minutes","userId":"677bfe44f6789c907c9f3766"}
{"level":"info","message":"Test link generated successfully:","resultId":"678fd69386330025b9712405","testId":"678fd69386330025b9712403","timestamp":"2025-01-21T17:17:07.107Z","token":"84c81ccaa0..."}
{"error":"Token non valido o scaduto","level":"error","message":"Error verifying token in BaseEngine:","timestamp":"2025-01-21T17:17:38.430Z","token":"84c81ccaa0..."}
{"error":"Token non valido o scaduto","level":"error","message":"Error verifying CSI token:","timestamp":"2025-01-21T17:17:38.431Z","token":"84c81ccaa0..."}
{"error":"Token non valido o scaduto","level":"error","message":"Error verifying test token:","timestamp":"2025-01-21T17:17:38.431Z","token":"84c81ccaa0..."}
{"duration":"22ms","ip":"::1","level":"warn","message":"Risposta inviata","method":"GET","requestId":"req_1737479858410_5rdmj7dxw","responseSize":"90 Bytes","statusCode":400,"timestamp":"2025-01-21T17:17:38.432Z","url":"/api/v1/tests/csi/public/verify/84c81ccaa09a793707eaa280de127e8857fd4190cbd4a598fb029c58c30a7f93","userAgent":"Mozilla/5.0 (Windows NT 10.0; Win64; x64) AppleWebKit/537.36 (KHTML, like Gecko) Chrome/132.0.0.0 Safari/537.36"}
{"error":"Token non valido o scaduto","level":"error","message":"Error verifying token in BaseEngine:","timestamp":"2025-01-21T17:17:41.038Z","token":"84c81ccaa0..."}
{"error":"Token non valido o scaduto","level":"error","message":"Error verifying CSI token:","timestamp":"2025-01-21T17:17:41.040Z","token":"84c81ccaa0..."}
{"error":"Token non valido o scaduto","level":"error","message":"Error verifying test token:","timestamp":"2025-01-21T17:17:41.040Z","token":"84c81ccaa0..."}
{"duration":"51ms","ip":"::1","level":"warn","message":"Risposta inviata","method":"GET","requestId":"req_1737479860991_hy4n21ko8","responseSize":"90 Bytes","statusCode":400,"timestamp":"2025-01-21T17:17:41.042Z","url":"/api/v1/tests/csi/public/verify/84c81ccaa09a793707eaa280de127e8857fd4190cbd4a598fb029c58c30a7f93","userAgent":"Mozilla/5.0 (Windows NT 10.0; Win64; x64) AppleWebKit/537.36 (KHTML, like Gecko) Chrome/132.0.0.0 Safari/537.36"}
{"hasSchool":false,"level":"info","message":"✨ Authentication successful","role":"admin","timestamp":"2025-01-21T17:17:57.614Z","tokenExpiresIn":"98.93976666666667 minutes","userId":"677bfe44f6789c907c9f3766"}
{"level":"info","message":"Test link generated successfully:","resultId":"678fd6c586330025b9712417","testId":"678fd6c586330025b9712415","timestamp":"2025-01-21T17:17:57.663Z","token":"166f92481c..."}
{"ip":"::1","level":"info","message":"Auth Route Called","method":"GET","path":"/api/v1/auth/verify","timestamp":"2025-01-21T17:18:00.983Z","userAgent":"Mozilla/5.0 (Windows NT 10.0; Win64; x64) AppleWebKit/537.36 (KHTML, like Gecko) Chrome/132.0.0.0 Safari/537.36 Edg/132.0.0.0"}
{"hasSchool":false,"level":"info","message":"✨ Authentication successful","role":"admin","timestamp":"2025-01-21T17:18:01.010Z","tokenExpiresIn":"98.88316666666667 minutes","userId":"677bfe44f6789c907c9f3766"}
{"level":"info","message":"Verifica token in corso per utente:","timestamp":"2025-01-21T17:18:01.011Z","userId":"677bfe44f6789c907c9f3766"}
{"ip":"::1","level":"info","message":"Auth Route Called","method":"GET","path":"/api/v1/auth/verify","timestamp":"2025-01-21T17:18:07.243Z","userAgent":"Mozilla/5.0 (Windows NT 10.0; Win64; x64) AppleWebKit/537.36 (KHTML, like Gecko) Chrome/132.0.0.0 Safari/537.36 Edg/132.0.0.0"}
{"hasSchool":false,"level":"info","message":"✨ Authentication successful","role":"admin","timestamp":"2025-01-21T17:18:07.268Z","tokenExpiresIn":"98.77886666666667 minutes","userId":"677bfe44f6789c907c9f3766"}
{"level":"info","message":"Verifica token in corso per utente:","timestamp":"2025-01-21T17:18:07.269Z","userId":"677bfe44f6789c907c9f3766"}
{"error":"Token non valido o scaduto","level":"error","message":"Error verifying token in BaseEngine:","timestamp":"2025-01-21T17:18:07.320Z","token":"166f92481c..."}
{"error":"Token non valido o scaduto","level":"error","message":"Error verifying CSI token:","timestamp":"2025-01-21T17:18:07.322Z","token":"166f92481c..."}
{"error":"Token non valido o scaduto","level":"error","message":"Error verifying test token:","timestamp":"2025-01-21T17:18:07.323Z","token":"166f92481c..."}
{"duration":"26ms","ip":"::1","level":"warn","message":"Risposta inviata","method":"GET","requestId":"req_1737479887298_wksq1t5i6","responseSize":"90 Bytes","statusCode":400,"timestamp":"2025-01-21T17:18:07.324Z","url":"/api/v1/tests/csi/public/verify/166f92481c5750851af2d04b186f4b905b5a74b7c67d304ebc9fddb5a002c3ba","userAgent":"Mozilla/5.0 (Windows NT 10.0; Win64; x64) AppleWebKit/537.36 (KHTML, like Gecko) Chrome/132.0.0.0 Safari/537.36 Edg/132.0.0.0"}
{"hasSchool":false,"level":"info","message":"✨ Authentication successful","role":"admin","timestamp":"2025-01-21T17:18:22.458Z","tokenExpiresIn":"98.5257 minutes","userId":"677bfe44f6789c907c9f3766"}
{"level":"info","message":"Test link generated successfully:","resultId":"678fd6de86330025b971242a","testId":"678fd6de86330025b9712428","timestamp":"2025-01-21T17:18:22.514Z","token":"8dba91be00..."}
{"hasSchool":false,"level":"info","message":"✨ Authentication successful","role":"admin","timestamp":"2025-01-21T17:18:25.227Z","tokenExpiresIn":"98.47955 minutes","userId":"677bfe44f6789c907c9f3766"}
{"error":"E11000 duplicate key error collection: brainScannerDB.tests index: nome_1 dup key: { nome: null }","level":"error","message":"Error generating test link:","studentId":"678ccd28e32aff82045c93f3","timestamp":"2025-01-21T17:18:25.249Z"}
{"duration":"54ms","ip":"::1","level":"warn","message":"Risposta inviata","method":"POST","requestId":"req_1737479905196_am0v0mxq0","responseSize":"151 Bytes","statusCode":400,"timestamp":"2025-01-21T17:18:25.250Z","url":"/api/v1/tests/csi/generate-link","userAgent":"Mozilla/5.0 (Windows NT 10.0; Win64; x64) AppleWebKit/537.36 (KHTML, like Gecko) Chrome/132.0.0.0 Safari/537.36 Edg/132.0.0.0"}
{"hasSchool":false,"level":"info","message":"✨ Authentication successful","role":"admin","timestamp":"2025-01-21T17:19:36.678Z","tokenExpiresIn":"97.2887 minutes","userId":"677bfe44f6789c907c9f3766"}
{"hasSchool":false,"level":"info","message":"✨ Authentication successful","role":"admin","timestamp":"2025-01-21T17:19:36.705Z","tokenExpiresIn":"97.28825 minutes","userId":"677bfe44f6789c907c9f3766"}
{"hasSchool":false,"level":"info","message":"✨ Authentication successful","role":"admin","timestamp":"2025-01-21T17:19:41.655Z","tokenExpiresIn":"97.20575000000001 minutes","userId":"677bfe44f6789c907c9f3766"}
{"error":"E11000 duplicate key error collection: brainScannerDB.tests index: nome_1 dup key: { nome: null }","level":"error","message":"Error generating test link:","studentId":"678d1250a1f3ca553325ff4a","timestamp":"2025-01-21T17:19:41.678Z"}
{"duration":"55ms","ip":"::1","level":"warn","message":"Risposta inviata","method":"POST","requestId":"req_1737479981625_thfobvxnb","responseSize":"151 Bytes","statusCode":400,"timestamp":"2025-01-21T17:19:41.680Z","url":"/api/v1/tests/csi/generate-link","userAgent":"Mozilla/5.0 (Windows NT 10.0; Win64; x64) AppleWebKit/537.36 (KHTML, like Gecko) Chrome/132.0.0.0 Safari/537.36 Edg/132.0.0.0"}
{"level":"warn","message":"Warning: ModelName mancante nel repository","repository":"school","timestamp":"2025-01-21T17:32:11.155Z"}
{"level":"warn","message":"Warning: ModelName mancante nel repository","repository":"user","timestamp":"2025-01-21T17:32:11.158Z"}
{"level":"warn","message":"Warning: ModelName mancante nel repository","repository":"class","timestamp":"2025-01-21T17:32:11.159Z"}
{"level":"warn","message":"Warning: ModelName mancante nel repository","repository":"student","timestamp":"2025-01-21T17:32:11.161Z"}
{"level":"warn","message":"Warning: ModelName mancante nel repository","repository":"test","timestamp":"2025-01-21T17:32:11.162Z"}
{"level":"info","message":"Repository caricati con successo","repositories":["school","user","class","student","test"],"timestamp":"2025-01-21T17:32:11.162Z"}
{"controllers":["auth","school","user","class","student","test"],"level":"info","message":"Controllers caricati con successo","timestamp":"2025-01-21T17:32:11.184Z"}
{"level":"info","message":"Routes caricate:","protected":["/classes","/schools","/users","/students","/tests"],"public":["/auth","/tests/csi/public"],"timestamp":"2025-01-21T17:32:11.451Z"}
{"level":"info","message":"MongoDB Connected: cluster0-shard-00-01.4nf56.mongodb.net","timestamp":"2025-01-21T17:32:12.310Z"}
{"level":"info","message":"Server in esecuzione su localhost:5000","timestamp":"2025-01-21T17:32:12.317Z"}
{"level":"info","message":"Ambiente: development","timestamp":"2025-01-21T17:32:12.318Z"}
{"ip":"::1","level":"info","message":"Auth Route Called","method":"GET","path":"/api/v1/auth/verify","timestamp":"2025-01-21T17:32:26.132Z","userAgent":"Mozilla/5.0 (Windows NT 10.0; Win64; x64) AppleWebKit/537.36 (KHTML, like Gecko) Chrome/132.0.0.0 Safari/537.36 Edg/132.0.0.0"}
{"hasSchool":false,"level":"info","message":"✨ Authentication successful","role":"admin","timestamp":"2025-01-21T17:32:26.178Z","tokenExpiresIn":"84.4637 minutes","userId":"677bfe44f6789c907c9f3766"}
{"level":"info","message":"Verifica token in corso per utente:","timestamp":"2025-01-21T17:32:26.179Z","userId":"677bfe44f6789c907c9f3766"}
{"hasSchool":false,"level":"info","message":"✨ Authentication successful","role":"admin","timestamp":"2025-01-21T17:32:32.702Z","tokenExpiresIn":"84.35496666666667 minutes","userId":"677bfe44f6789c907c9f3766"}
{"hasSchool":false,"level":"info","message":"✨ Authentication successful","role":"admin","timestamp":"2025-01-21T17:32:32.711Z","tokenExpiresIn":"84.35481666666666 minutes","userId":"677bfe44f6789c907c9f3766"}
{"hasSchool":false,"level":"info","message":"✨ Authentication successful","role":"admin","timestamp":"2025-01-21T17:32:32.719Z","tokenExpiresIn":"84.35468333333333 minutes","userId":"677bfe44f6789c907c9f3766"}
{"hasSchool":false,"level":"info","message":"✨ Authentication successful","role":"admin","timestamp":"2025-01-21T17:32:32.728Z","tokenExpiresIn":"84.35453333333334 minutes","userId":"677bfe44f6789c907c9f3766"}
{"hasSchool":false,"level":"info","message":"✨ Authentication successful","role":"admin","timestamp":"2025-01-21T17:32:32.737Z","tokenExpiresIn":"84.35438333333333 minutes","userId":"677bfe44f6789c907c9f3766"}
{"hasSchool":false,"level":"info","message":"✨ Authentication successful","role":"admin","timestamp":"2025-01-21T17:32:32.743Z","tokenExpiresIn":"84.35428333333333 minutes","userId":"677bfe44f6789c907c9f3766"}
{"hasSchool":false,"level":"info","message":"✨ Authentication successful","role":"admin","timestamp":"2025-01-21T17:32:32.818Z","tokenExpiresIn":"84.35303333333333 minutes","userId":"677bfe44f6789c907c9f3766"}
{"hasSchool":false,"level":"info","message":"✨ Authentication successful","role":"admin","timestamp":"2025-01-21T17:32:32.826Z","tokenExpiresIn":"84.3529 minutes","userId":"677bfe44f6789c907c9f3766"}
{"hasSchool":false,"level":"info","message":"✨ Authentication successful","role":"admin","timestamp":"2025-01-21T17:32:32.843Z","tokenExpiresIn":"84.35261666666666 minutes","userId":"677bfe44f6789c907c9f3766"}
{"hasSchool":false,"level":"info","message":"✨ Authentication successful","role":"admin","timestamp":"2025-01-21T17:32:32.854Z","tokenExpiresIn":"84.35243333333332 minutes","userId":"677bfe44f6789c907c9f3766"}
{"hasSchool":false,"level":"info","message":"✨ Authentication successful","role":"admin","timestamp":"2025-01-21T17:32:32.912Z","tokenExpiresIn":"84.35146666666667 minutes","userId":"677bfe44f6789c907c9f3766"}
{"hasSchool":false,"level":"info","message":"✨ Authentication successful","role":"admin","timestamp":"2025-01-21T17:32:32.938Z","tokenExpiresIn":"84.35103333333333 minutes","userId":"677bfe44f6789c907c9f3766"}
{"hasSchool":false,"level":"info","message":"✨ Authentication successful","role":"admin","timestamp":"2025-01-21T17:32:35.320Z","tokenExpiresIn":"84.31133333333334 minutes","userId":"677bfe44f6789c907c9f3766"}
{"level":"info","message":"Test link generated successfully:","resultId":"678fda3330c35f43f2b9eab6","testId":"678fda3330c35f43f2b9eab4","timestamp":"2025-01-21T17:32:35.384Z","token":"8e4e1d98c9..."}
{"ip":"::1","level":"info","message":"Auth Route Called","method":"GET","path":"/api/v1/auth/verify","timestamp":"2025-01-21T17:32:40.725Z","userAgent":"Mozilla/5.0 (Windows NT 10.0; Win64; x64) AppleWebKit/537.36 (KHTML, like Gecko) Chrome/132.0.0.0 Safari/537.36 Edg/132.0.0.0"}
{"hasSchool":false,"level":"info","message":"✨ Authentication successful","role":"admin","timestamp":"2025-01-21T17:32:40.750Z","tokenExpiresIn":"84.22083333333333 minutes","userId":"677bfe44f6789c907c9f3766"}
{"level":"info","message":"Verifica token in corso per utente:","timestamp":"2025-01-21T17:32:40.750Z","userId":"677bfe44f6789c907c9f3766"}
{"hasSchool":false,"level":"info","message":"✨ Authentication successful","role":"admin","timestamp":"2025-01-21T17:32:47.797Z","tokenExpiresIn":"84.10338333333334 minutes","userId":"677bfe44f6789c907c9f3766"}
{"hasSchool":false,"level":"info","message":"✨ Authentication successful","role":"admin","timestamp":"2025-01-21T17:32:47.823Z","tokenExpiresIn":"84.10294999999999 minutes","userId":"677bfe44f6789c907c9f3766"}
{"hasSchool":false,"level":"info","message":"✨ Authentication successful","role":"admin","timestamp":"2025-01-21T17:32:51.046Z","tokenExpiresIn":"84.04923333333333 minutes","userId":"677bfe44f6789c907c9f3766"}
{"level":"info","message":"Test link generated successfully:","resultId":"678fda4330c35f43f2b9eacd","testId":"678fda4330c35f43f2b9eacb","timestamp":"2025-01-21T17:32:51.092Z","token":"a770b36efd..."}
{"level":"warn","message":"Warning: ModelName mancante nel repository","repository":"school","timestamp":"2025-01-21T17:40:39.715Z"}
{"level":"warn","message":"Warning: ModelName mancante nel repository","repository":"user","timestamp":"2025-01-21T17:40:39.719Z"}
{"level":"warn","message":"Warning: ModelName mancante nel repository","repository":"class","timestamp":"2025-01-21T17:40:39.721Z"}
{"level":"warn","message":"Warning: ModelName mancante nel repository","repository":"student","timestamp":"2025-01-21T17:40:39.723Z"}
{"level":"warn","message":"Warning: ModelName mancante nel repository","repository":"test","timestamp":"2025-01-21T17:40:39.723Z"}
{"level":"info","message":"Repository caricati con successo","repositories":["school","user","class","student","test"],"timestamp":"2025-01-21T17:40:39.724Z"}
{"controllers":["auth","school","user","class","student","test"],"level":"info","message":"Controllers caricati con successo","timestamp":"2025-01-21T17:40:39.746Z"}
{"level":"info","message":"Routes caricate:","protected":["/classes","/schools","/users","/students","/tests"],"public":["/auth","/tests/csi/public"],"timestamp":"2025-01-21T17:40:40.048Z"}
{"level":"info","message":"MongoDB Connected: cluster0-shard-00-01.4nf56.mongodb.net","timestamp":"2025-01-21T17:40:40.469Z"}
{"level":"info","message":"Server in esecuzione su localhost:5000","timestamp":"2025-01-21T17:40:40.480Z"}
{"level":"info","message":"Ambiente: development","timestamp":"2025-01-21T17:40:40.481Z"}
{"ip":"::1","level":"info","message":"Auth Route Called","method":"GET","path":"/api/v1/auth/verify","timestamp":"2025-01-21T17:40:54.701Z","userAgent":"Mozilla/5.0 (Windows NT 10.0; Win64; x64) AppleWebKit/537.36 (KHTML, like Gecko) Chrome/132.0.0.0 Safari/537.36 Edg/132.0.0.0"}
{"hasSchool":false,"level":"info","message":"✨ Authentication successful","role":"admin","timestamp":"2025-01-21T17:40:54.749Z","tokenExpiresIn":"75.98751666666666 minutes","userId":"677bfe44f6789c907c9f3766"}
{"level":"info","message":"Verifica token in corso per utente:","timestamp":"2025-01-21T17:40:54.750Z","userId":"677bfe44f6789c907c9f3766"}
{"hasSchool":false,"level":"info","message":"✨ Authentication successful","role":"admin","timestamp":"2025-01-21T17:41:14.057Z","tokenExpiresIn":"75.66571666666667 minutes","userId":"677bfe44f6789c907c9f3766"}
{"hasSchool":false,"level":"info","message":"✨ Authentication successful","role":"admin","timestamp":"2025-01-21T17:41:14.066Z","tokenExpiresIn":"75.66556666666666 minutes","userId":"677bfe44f6789c907c9f3766"}
{"hasSchool":false,"level":"info","message":"✨ Authentication successful","role":"admin","timestamp":"2025-01-21T17:41:14.076Z","tokenExpiresIn":"75.6654 minutes","userId":"677bfe44f6789c907c9f3766"}
{"hasSchool":false,"level":"info","message":"✨ Authentication successful","role":"admin","timestamp":"2025-01-21T17:41:14.085Z","tokenExpiresIn":"75.66525 minutes","userId":"677bfe44f6789c907c9f3766"}
{"hasSchool":false,"level":"info","message":"✨ Authentication successful","role":"admin","timestamp":"2025-01-21T17:41:14.092Z","tokenExpiresIn":"75.66513333333334 minutes","userId":"677bfe44f6789c907c9f3766"}
{"hasSchool":false,"level":"info","message":"✨ Authentication successful","role":"admin","timestamp":"2025-01-21T17:41:14.100Z","tokenExpiresIn":"75.66499999999999 minutes","userId":"677bfe44f6789c907c9f3766"}
{"hasSchool":false,"level":"info","message":"✨ Authentication successful","role":"admin","timestamp":"2025-01-21T17:41:14.175Z","tokenExpiresIn":"75.66375 minutes","userId":"677bfe44f6789c907c9f3766"}
{"hasSchool":false,"level":"info","message":"✨ Authentication successful","role":"admin","timestamp":"2025-01-21T17:41:14.187Z","tokenExpiresIn":"75.66355 minutes","userId":"677bfe44f6789c907c9f3766"}
{"hasSchool":false,"level":"info","message":"✨ Authentication successful","role":"admin","timestamp":"2025-01-21T17:41:14.200Z","tokenExpiresIn":"75.66333333333334 minutes","userId":"677bfe44f6789c907c9f3766"}
{"hasSchool":false,"level":"info","message":"✨ Authentication successful","role":"admin","timestamp":"2025-01-21T17:41:14.215Z","tokenExpiresIn":"75.66308333333333 minutes","userId":"677bfe44f6789c907c9f3766"}
{"hasSchool":false,"level":"info","message":"✨ Authentication successful","role":"admin","timestamp":"2025-01-21T17:41:14.271Z","tokenExpiresIn":"75.66215000000001 minutes","userId":"677bfe44f6789c907c9f3766"}
{"hasSchool":false,"level":"info","message":"✨ Authentication successful","role":"admin","timestamp":"2025-01-21T17:41:14.295Z","tokenExpiresIn":"75.66175 minutes","userId":"677bfe44f6789c907c9f3766"}
{"hasSchool":false,"level":"info","message":"✨ Authentication successful","role":"admin","timestamp":"2025-01-21T17:41:16.727Z","tokenExpiresIn":"75.62121666666667 minutes","userId":"677bfe44f6789c907c9f3766"}
{"level":"info","message":"Test link generated successfully:","resultId":"678fdc3c61bd07408dcaf408","testId":"678fdc3c61bd07408dcaf406","timestamp":"2025-01-21T17:41:16.785Z","token":"7ee7c2c19d..."}
{"ip":"::1","level":"info","message":"Auth Route Called","method":"GET","path":"/api/v1/auth/verify","timestamp":"2025-01-21T17:41:20.910Z","userAgent":"Mozilla/5.0 (Windows NT 10.0; Win64; x64) AppleWebKit/537.36 (KHTML, like Gecko) Chrome/132.0.0.0 Safari/537.36 Edg/132.0.0.0"}
{"hasSchool":false,"level":"info","message":"✨ Authentication successful","role":"admin","timestamp":"2025-01-21T17:41:20.933Z","tokenExpiresIn":"75.55111666666667 minutes","userId":"677bfe44f6789c907c9f3766"}
{"level":"info","message":"Verifica token in corso per utente:","timestamp":"2025-01-21T17:41:20.934Z","userId":"677bfe44f6789c907c9f3766"}
{"error":"Token non valido o scaduto","level":"error","message":"Error verifying token in BaseEngine:","timestamp":"2025-01-21T17:42:02.044Z","token":"84c81ccaa0..."}
{"error":"Token non valido o scaduto","level":"error","message":"Error verifying CSI token:","timestamp":"2025-01-21T17:42:02.045Z","token":"84c81ccaa0..."}
{"error":"Token non valido o scaduto","level":"error","message":"Error verifying test token:","timestamp":"2025-01-21T17:42:02.046Z","token":"84c81ccaa0..."}
{"duration":"25ms","ip":"::1","level":"warn","message":"Risposta inviata","method":"GET","requestId":"req_1737481322022_mf4jt2v3m","responseSize":"90 Bytes","statusCode":400,"timestamp":"2025-01-21T17:42:02.047Z","url":"/api/v1/tests/csi/public/verify/84c81ccaa09a793707eaa280de127e8857fd4190cbd4a598fb029c58c30a7f93","userAgent":"Mozilla/5.0 (Windows NT 10.0; Win64; x64) AppleWebKit/537.36 (KHTML, like Gecko) Chrome/132.0.0.0 Safari/537.36"}
{"ip":"::1","level":"info","message":"Auth Route Called","method":"GET","path":"/api/v1/auth/verify","timestamp":"2025-01-21T17:42:55.225Z","userAgent":"Mozilla/5.0 (Windows NT 10.0; Win64; x64) AppleWebKit/537.36 (KHTML, like Gecko) Chrome/132.0.0.0 Safari/537.36 Edg/132.0.0.0"}
{"hasSchool":false,"level":"info","message":"✨ Authentication successful","role":"admin","timestamp":"2025-01-21T17:42:55.250Z","tokenExpiresIn":"73.97918333333334 minutes","userId":"677bfe44f6789c907c9f3766"}
{"level":"info","message":"Verifica token in corso per utente:","timestamp":"2025-01-21T17:42:55.251Z","userId":"677bfe44f6789c907c9f3766"}
{"error":"Token non valido o scaduto","level":"error","message":"Error verifying token in BaseEngine:","timestamp":"2025-01-21T17:42:55.286Z","token":"7ee7c2c19d..."}
{"error":"Token non valido o scaduto","level":"error","message":"Error verifying CSI token:","timestamp":"2025-01-21T17:42:55.287Z","token":"7ee7c2c19d..."}
{"error":"Token non valido o scaduto","level":"error","message":"Error verifying test token:","timestamp":"2025-01-21T17:42:55.288Z","token":"7ee7c2c19d..."}
{"duration":"24ms","ip":"::1","level":"warn","message":"Risposta inviata","method":"GET","requestId":"req_1737481375266_mgnyj6gtg","responseSize":"90 Bytes","statusCode":400,"timestamp":"2025-01-21T17:42:55.290Z","url":"/api/v1/tests/csi/public/verify/7ee7c2c19d1dba25157693a78a16dfa7fdf4001ade70350a5e84cd6c82baf3b0","userAgent":"Mozilla/5.0 (Windows NT 10.0; Win64; x64) AppleWebKit/537.36 (KHTML, like Gecko) Chrome/132.0.0.0 Safari/537.36 Edg/132.0.0.0"}
{"ip":"::1","level":"info","message":"Auth Route Called","method":"GET","path":"/api/v1/auth/verify","timestamp":"2025-01-21T17:42:59.894Z","userAgent":"Mozilla/5.0 (Windows NT 10.0; Win64; x64) AppleWebKit/537.36 (KHTML, like Gecko) Chrome/132.0.0.0 Safari/537.36 Edg/132.0.0.0"}
{"hasSchool":false,"level":"info","message":"✨ Authentication successful","role":"admin","timestamp":"2025-01-21T17:42:59.921Z","tokenExpiresIn":"73.90131666666666 minutes","userId":"677bfe44f6789c907c9f3766"}
{"level":"info","message":"Verifica token in corso per utente:","timestamp":"2025-01-21T17:42:59.922Z","userId":"677bfe44f6789c907c9f3766"}
{"error":"Token non valido o scaduto","level":"error","message":"Error verifying token in BaseEngine:","timestamp":"2025-01-21T17:42:59.962Z","token":"7ee7c2c19d..."}
{"error":"Token non valido o scaduto","level":"error","message":"Error verifying CSI token:","timestamp":"2025-01-21T17:42:59.963Z","token":"7ee7c2c19d..."}
{"error":"Token non valido o scaduto","level":"error","message":"Error verifying test token:","timestamp":"2025-01-21T17:42:59.964Z","token":"7ee7c2c19d..."}
{"duration":"24ms","ip":"::1","level":"warn","message":"Risposta inviata","method":"GET","requestId":"req_1737481379941_xvh0nwr2e","responseSize":"90 Bytes","statusCode":400,"timestamp":"2025-01-21T17:42:59.965Z","url":"/api/v1/tests/csi/public/verify/7ee7c2c19d1dba25157693a78a16dfa7fdf4001ade70350a5e84cd6c82baf3b0","userAgent":"Mozilla/5.0 (Windows NT 10.0; Win64; x64) AppleWebKit/537.36 (KHTML, like Gecko) Chrome/132.0.0.0 Safari/537.36 Edg/132.0.0.0"}
{"hasSchool":false,"level":"info","message":"✨ Authentication successful","role":"admin","timestamp":"2025-01-21T17:43:03.256Z","tokenExpiresIn":"73.84573333333333 minutes","userId":"677bfe44f6789c907c9f3766"}
{"level":"info","message":"Test link generated successfully:","resultId":"678fdca761bd07408dcaf41c","testId":"678fdca761bd07408dcaf41a","timestamp":"2025-01-21T17:43:03.325Z","token":"51f6fe78de..."}
{"ip":"::1","level":"info","message":"Auth Route Called","method":"GET","path":"/api/v1/auth/verify","timestamp":"2025-01-21T17:43:06.469Z","userAgent":"Mozilla/5.0 (Windows NT 10.0; Win64; x64) AppleWebKit/537.36 (KHTML, like Gecko) Chrome/132.0.0.0 Safari/537.36 Edg/132.0.0.0"}
{"hasSchool":false,"level":"info","message":"✨ Authentication successful","role":"admin","timestamp":"2025-01-21T17:43:06.496Z","tokenExpiresIn":"73.79173333333333 minutes","userId":"677bfe44f6789c907c9f3766"}
{"level":"info","message":"Verifica token in corso per utente:","timestamp":"2025-01-21T17:43:06.497Z","userId":"677bfe44f6789c907c9f3766"}
{"level":"warn","message":"Warning: ModelName mancante nel repository","repository":"school","timestamp":"2025-01-21T17:48:25.000Z"}
{"level":"warn","message":"Warning: ModelName mancante nel repository","repository":"user","timestamp":"2025-01-21T17:48:25.007Z"}
{"level":"warn","message":"Warning: ModelName mancante nel repository","repository":"class","timestamp":"2025-01-21T17:48:25.008Z"}
{"level":"warn","message":"Warning: ModelName mancante nel repository","repository":"student","timestamp":"2025-01-21T17:48:25.010Z"}
{"level":"warn","message":"Warning: ModelName mancante nel repository","repository":"test","timestamp":"2025-01-21T17:48:25.011Z"}
{"level":"info","message":"Repository caricati con successo","repositories":["school","user","class","student","test"],"timestamp":"2025-01-21T17:48:25.013Z"}
{"controllers":["auth","school","user","class","student","test"],"level":"info","message":"Controllers caricati con successo","timestamp":"2025-01-21T17:48:25.047Z"}
{"level":"info","message":"Routes caricate:","protected":["/classes","/schools","/users","/students","/tests"],"public":["/auth","/tests/csi/public"],"timestamp":"2025-01-21T17:48:25.330Z"}
{"level":"info","message":"MongoDB Connected: cluster0-shard-00-00.4nf56.mongodb.net","timestamp":"2025-01-21T17:48:27.734Z"}
{"level":"info","message":"Server in esecuzione su localhost:5000","timestamp":"2025-01-21T17:48:27.743Z"}
{"level":"info","message":"Ambiente: development","timestamp":"2025-01-21T17:48:27.744Z"}
{"ip":"::1","level":"info","message":"Auth Route Called","method":"GET","path":"/api/v1/auth/verify","timestamp":"2025-01-21T17:48:40.172Z","userAgent":"Mozilla/5.0 (Windows NT 10.0; Win64; x64) AppleWebKit/537.36 (KHTML, like Gecko) Chrome/132.0.0.0 Safari/537.36 Edg/132.0.0.0"}
{"hasSchool":false,"level":"info","message":"✨ Authentication successful","role":"admin","timestamp":"2025-01-21T17:48:40.217Z","tokenExpiresIn":"68.22971666666666 minutes","userId":"677bfe44f6789c907c9f3766"}
{"level":"info","message":"Verifica token in corso per utente:","timestamp":"2025-01-21T17:48:40.218Z","userId":"677bfe44f6789c907c9f3766"}
{"hasSchool":false,"level":"info","message":"✨ Authentication successful","role":"admin","timestamp":"2025-01-21T17:48:46.833Z","tokenExpiresIn":"68.11945 minutes","userId":"677bfe44f6789c907c9f3766"}
{"hasSchool":false,"level":"info","message":"✨ Authentication successful","role":"admin","timestamp":"2025-01-21T17:48:46.841Z","tokenExpiresIn":"68.11931666666666 minutes","userId":"677bfe44f6789c907c9f3766"}
{"hasSchool":false,"level":"info","message":"✨ Authentication successful","role":"admin","timestamp":"2025-01-21T17:48:46.851Z","tokenExpiresIn":"68.11915 minutes","userId":"677bfe44f6789c907c9f3766"}
{"hasSchool":false,"level":"info","message":"✨ Authentication successful","role":"admin","timestamp":"2025-01-21T17:48:46.860Z","tokenExpiresIn":"68.119 minutes","userId":"677bfe44f6789c907c9f3766"}
{"hasSchool":false,"level":"info","message":"✨ Authentication successful","role":"admin","timestamp":"2025-01-21T17:48:46.868Z","tokenExpiresIn":"68.11886666666666 minutes","userId":"677bfe44f6789c907c9f3766"}
{"hasSchool":false,"level":"info","message":"✨ Authentication successful","role":"admin","timestamp":"2025-01-21T17:48:46.875Z","tokenExpiresIn":"68.11875 minutes","userId":"677bfe44f6789c907c9f3766"}
{"hasSchool":false,"level":"info","message":"✨ Authentication successful","role":"admin","timestamp":"2025-01-21T17:48:47.001Z","tokenExpiresIn":"68.11664999999999 minutes","userId":"677bfe44f6789c907c9f3766"}
{"hasSchool":false,"level":"info","message":"✨ Authentication successful","role":"admin","timestamp":"2025-01-21T17:48:47.014Z","tokenExpiresIn":"68.11643333333333 minutes","userId":"677bfe44f6789c907c9f3766"}
{"hasSchool":false,"level":"info","message":"✨ Authentication successful","role":"admin","timestamp":"2025-01-21T17:48:47.027Z","tokenExpiresIn":"68.11621666666666 minutes","userId":"677bfe44f6789c907c9f3766"}
{"hasSchool":false,"level":"info","message":"✨ Authentication successful","role":"admin","timestamp":"2025-01-21T17:48:47.040Z","tokenExpiresIn":"68.116 minutes","userId":"677bfe44f6789c907c9f3766"}
{"hasSchool":false,"level":"info","message":"✨ Authentication successful","role":"admin","timestamp":"2025-01-21T17:48:49.739Z","tokenExpiresIn":"68.07101666666667 minutes","userId":"677bfe44f6789c907c9f3766"}
{"error":"Test validation failed: domande.0._id: Cast to ObjectId failed for value \"1\" (type number) at path \"_id\" because of \"BSONError\", domande.1._id: Cast to ObjectId failed for value \"2\" (type number) at path \"_id\" because of \"BSONError\", domande.2._id: Cast to ObjectId failed for value \"3\" (type number) at path \"_id\" because of \"BSONError\", domande.3._id: Cast to ObjectId failed for value \"4\" (type number) at path \"_id\" because of \"BSONError\", domande.4._id: Cast to ObjectId failed for value \"5\" (type number) at path \"_id\" because of \"BSONError\", domande.5._id: Cast to ObjectId failed for value \"6\" (type number) at path \"_id\" because of \"BSONError\", domande.6._id: Cast to ObjectId failed for value \"7\" (type number) at path \"_id\" because of \"BSONError\", domande.7._id: Cast to ObjectId failed for value \"8\" (type number) at path \"_id\" because of \"BSONError\", domande.8._id: Cast to ObjectId failed for value \"9\" (type number) at path \"_id\" because of \"BSONError\", domande.9._id: Cast to ObjectId failed for value \"10\" (type number) at path \"_id\" because of \"BSONError\", domande.10._id: Cast to ObjectId failed for value \"11\" (type number) at path \"_id\" because of \"BSONError\", domande.11._id: Cast to ObjectId failed for value \"12\" (type number) at path \"_id\" because of \"BSONError\", domande.12._id: Cast to ObjectId failed for value \"13\" (type number) at path \"_id\" because of \"BSONError\", domande.13._id: Cast to ObjectId failed for value \"14\" (type number) at path \"_id\" because of \"BSONError\", domande.14._id: Cast to ObjectId failed for value \"15\" (type number) at path \"_id\" because of \"BSONError\", domande.15._id: Cast to ObjectId failed for value \"16\" (type number) at path \"_id\" because of \"BSONError\", domande.16._id: Cast to ObjectId failed for value \"17\" (type number) at path \"_id\" because of \"BSONError\", domande.17._id: Cast to ObjectId failed for value \"18\" (type number) at path \"_id\" because of \"BSONError\", domande.18._id: Cast to ObjectId failed for value \"19\" (type number) at path \"_id\" because of \"BSONError\", domande.19._id: Cast to ObjectId failed for value \"20\" (type number) at path \"_id\" because of \"BSONError\", domande.20._id: Cast to ObjectId failed for value \"21\" (type number) at path \"_id\" because of \"BSONError\", domande.21._id: Cast to ObjectId failed for value \"22\" (type number) at path \"_id\" because of \"BSONError\", domande.22._id: Cast to ObjectId failed for value \"23\" (type number) at path \"_id\" because of \"BSONError\", domande.23._id: Cast to ObjectId failed for value \"24\" (type number) at path \"_id\" because of \"BSONError\", domande.24._id: Cast to ObjectId failed for value \"25\" (type number) at path \"_id\" because of \"BSONError\", domande.25._id: Cast to ObjectId failed for value \"26\" (type number) at path \"_id\" because of \"BSONError\", domande.26._id: Cast to ObjectId failed for value \"27\" (type number) at path \"_id\" because of \"BSONError\", domande.27._id: Cast to ObjectId failed for value \"28\" (type number) at path \"_id\" because of \"BSONError\", domande.28._id: Cast to ObjectId failed for value \"29\" (type number) at path \"_id\" because of \"BSONError\", domande.29._id: Cast to ObjectId failed for value \"30\" (type number) at path \"_id\" because of \"BSONError\"","level":"error","message":"Error generating test link:","studentId":"678ccd28e32aff82045c93f3","timestamp":"2025-01-21T17:48:49.772Z"}
{"duration":"60ms","ip":"::1","level":"warn","message":"Risposta inviata","method":"POST","requestId":"req_1737481729715_px7anbx01","responseSize":"3.38 KB","statusCode":400,"timestamp":"2025-01-21T17:48:49.775Z","url":"/api/v1/tests/csi/generate-link","userAgent":"Mozilla/5.0 (Windows NT 10.0; Win64; x64) AppleWebKit/537.36 (KHTML, like Gecko) Chrome/132.0.0.0 Safari/537.36 Edg/132.0.0.0"}
{"hasSchool":false,"level":"info","message":"✨ Authentication successful","role":"admin","timestamp":"2025-01-21T17:52:30.687Z","tokenExpiresIn":"64.38855 minutes","userId":"677bfe44f6789c907c9f3766"}
{"hasSchool":false,"level":"info","message":"✨ Authentication successful","role":"admin","timestamp":"2025-01-21T17:52:30.718Z","tokenExpiresIn":"64.38803333333334 minutes","userId":"677bfe44f6789c907c9f3766"}
