{"level":"warn","message":"Warning: ModelName mancante nel repository","repository":"school","timestamp":"2025-01-12T14:53:55.486Z"}
{"level":"warn","message":"Warning: ModelName mancante nel repository","repository":"user","timestamp":"2025-01-12T14:53:55.491Z"}
{"level":"warn","message":"Warning: ModelName mancante nel repository","repository":"class","timestamp":"2025-01-12T14:53:55.492Z"}
{"level":"warn","message":"Warning: ModelName mancante nel repository","repository":"student","timestamp":"2025-01-12T14:53:55.493Z"}
{"level":"warn","message":"Warning: ModelName mancante nel repository","repository":"test","timestamp":"2025-01-12T14:53:55.494Z"}
{"level":"info","message":"Repository caricati con successo","repositories":["school","user","class","student","test"],"timestamp":"2025-01-12T14:53:55.495Z"}
{"controllers":["auth","school","user","class","student","test"],"level":"info","message":"Controllers caricati con successo","timestamp":"2025-01-12T14:53:55.511Z"}
{"level":"info","message":"Routes caricate:","protected":["/classes","/schools","/users","/students","/tests"],"public":["/auth"],"timestamp":"2025-01-12T14:53:55.520Z"}
{"level":"info","message":"MongoDB Connected: cluster0-shard-00-00.4nf56.mongodb.net","timestamp":"2025-01-12T14:53:56.015Z"}
{"level":"info","message":"Server in esecuzione su localhost:5000","timestamp":"2025-01-12T14:53:56.029Z"}
{"level":"info","message":"Ambiente: development","timestamp":"2025-01-12T14:53:56.029Z"}
{"level":"warn","message":"Warning: ModelName mancante nel repository","repository":"school","timestamp":"2025-01-12T14:54:04.419Z"}
{"level":"warn","message":"Warning: ModelName mancante nel repository","repository":"user","timestamp":"2025-01-12T14:54:04.423Z"}
{"level":"warn","message":"Warning: ModelName mancante nel repository","repository":"class","timestamp":"2025-01-12T14:54:04.423Z"}
{"level":"warn","message":"Warning: ModelName mancante nel repository","repository":"student","timestamp":"2025-01-12T14:54:04.424Z"}
{"level":"warn","message":"Warning: ModelName mancante nel repository","repository":"test","timestamp":"2025-01-12T14:54:04.425Z"}
{"level":"info","message":"Repository caricati con successo","repositories":["school","user","class","student","test"],"timestamp":"2025-01-12T14:54:04.426Z"}
{"controllers":["auth","school","user","class","student","test"],"level":"info","message":"Controllers caricati con successo","timestamp":"2025-01-12T14:54:04.438Z"}
{"level":"info","message":"Routes caricate:","protected":["/classes","/schools","/users","/students","/tests"],"public":["/auth"],"timestamp":"2025-01-12T14:54:04.446Z"}
{"level":"info","message":"MongoDB Connected: cluster0-shard-00-02.4nf56.mongodb.net","timestamp":"2025-01-12T14:54:04.800Z"}
{"level":"warn","message":"Warning: ModelName mancante nel repository","repository":"school","timestamp":"2025-01-12T14:54:57.610Z"}
{"level":"warn","message":"Warning: ModelName mancante nel repository","repository":"user","timestamp":"2025-01-12T14:54:57.614Z"}
{"level":"warn","message":"Warning: ModelName mancante nel repository","repository":"class","timestamp":"2025-01-12T14:54:57.615Z"}
{"level":"warn","message":"Warning: ModelName mancante nel repository","repository":"student","timestamp":"2025-01-12T14:54:57.616Z"}
{"level":"warn","message":"Warning: ModelName mancante nel repository","repository":"test","timestamp":"2025-01-12T14:54:57.617Z"}
{"level":"info","message":"Repository caricati con successo","repositories":["school","user","class","student","test"],"timestamp":"2025-01-12T14:54:57.617Z"}
{"controllers":["auth","school","user","class","student","test"],"level":"info","message":"Controllers caricati con successo","timestamp":"2025-01-12T14:54:57.630Z"}
{"level":"info","message":"Routes caricate:","protected":["/classes","/schools","/users","/students","/tests"],"public":["/auth"],"timestamp":"2025-01-12T14:54:57.638Z"}
{"level":"info","message":"MongoDB Connected: cluster0-shard-00-01.4nf56.mongodb.net","timestamp":"2025-01-12T14:54:58.059Z"}
{"ip":"::1","level":"info","message":"Auth Route Called","method":"GET","path":"/api/v1/auth/verify","timestamp":"2025-01-12T14:55:44.063Z","userAgent":"Mozilla/5.0 (Windows NT 10.0; Win64; x64) AppleWebKit/537.36 (KHTML, like Gecko) Chrome/131.0.0.0 Safari/537.36 Edg/131.0.0.0"}
{"errorMessage":"jwt expired","errorType":"TokenExpiredError","level":"error","message":"🔥 Authentication Error","stack":"TokenExpiredError: jwt expired\n    at C:\\Users\\ricca\\Desktop\\BSc\\node_modules\\jsonwebtoken\\verify.js:190:21\n    at getSecret (C:\\Users\\ricca\\Desktop\\BSc\\node_modules\\jsonwebtoken\\verify.js:97:14)\n    at module.exports [as verify] (C:\\Users\\ricca\\Desktop\\BSc\\node_modules\\jsonwebtoken\\verify.js:101:10)\n    at protect (C:\\Users\\ricca\\Desktop\\BSc\\src\\middleware\\authMiddleware.js:52:29)\n    at Layer.handle [as handle_request] (C:\\Users\\ricca\\Desktop\\BSc\\node_modules\\express\\lib\\router\\layer.js:95:5)\n    at next (C:\\Users\\ricca\\Desktop\\BSc\\node_modules\\express\\lib\\router\\route.js:149:13)\n    at Route.dispatch (C:\\Users\\ricca\\Desktop\\BSc\\node_modules\\express\\lib\\router\\route.js:119:3)\n    at Layer.handle [as handle_request] (C:\\Users\\ricca\\Desktop\\BSc\\node_modules\\express\\lib\\router\\layer.js:95:5)\n    at C:\\Users\\ricca\\Desktop\\BSc\\node_modules\\express\\lib\\router\\index.js:284:15\n    at Function.process_params (C:\\Users\\ricca\\Desktop\\BSc\\node_modules\\express\\lib\\router\\index.js:346:12)","timestamp":"2025-01-12T14:55:44.073Z","tokenInfo":{"expiredAt":"2025-01-12T10:13:06.000Z","now":"2025-01-12T14:55:44.073Z"}}
{"duration":"18ms","ip":"::1","level":"warn","message":"Risposta inviata","method":"GET","requestId":"req_1736693744061_dlw7tcd6n","responseSize":"115 Bytes","statusCode":401,"timestamp":"2025-01-12T14:55:44.079Z","url":"/api/v1/auth/verify","userAgent":"Mozilla/5.0 (Windows NT 10.0; Win64; x64) AppleWebKit/537.36 (KHTML, like Gecko) Chrome/131.0.0.0 Safari/537.36 Edg/131.0.0.0"}
{"ip":"::1","level":"info","message":"Auth Route Called","method":"POST","path":"/api/v1/auth/login","timestamp":"2025-01-12T14:55:47.220Z","userAgent":"Mozilla/5.0 (Windows NT 10.0; Win64; x64) AppleWebKit/537.36 (KHTML, like Gecko) Chrome/131.0.0.0 Safari/537.36 Edg/131.0.0.0"}
{"hasSchool":false,"level":"info","message":"✨ Authentication successful","role":"admin","timestamp":"2025-01-12T14:55:48.768Z","tokenExpiresIn":"1439.9705333333334 minutes","userId":"677bfe44f6789c907c9f3766"}
{"hasSchool":false,"level":"info","message":"✨ Authentication successful","role":"admin","timestamp":"2025-01-12T14:55:48.792Z","tokenExpiresIn":"1439.9701333333333 minutes","userId":"677bfe44f6789c907c9f3766"}
{"hasSchool":false,"level":"info","message":"✨ Authentication successful","role":"admin","timestamp":"2025-01-12T15:04:58.093Z","tokenExpiresIn":"1430.8151166666669 minutes","userId":"677bfe44f6789c907c9f3766"}
{"hasSchool":false,"level":"info","message":"✨ Authentication successful","role":"admin","timestamp":"2025-01-12T15:04:58.119Z","tokenExpiresIn":"1430.8146833333333 minutes","userId":"677bfe44f6789c907c9f3766"}
{"ip":"::1","level":"info","message":"Auth Route Called","method":"GET","path":"/api/v1/auth/verify","timestamp":"2025-01-12T15:04:59.998Z","userAgent":"Mozilla/5.0 (Windows NT 10.0; Win64; x64) AppleWebKit/537.36 (KHTML, like Gecko) Chrome/131.0.0.0 Safari/537.36 Edg/131.0.0.0"}
{"hasSchool":false,"level":"info","message":"✨ Authentication successful","role":"admin","timestamp":"2025-01-12T15:05:00.024Z","tokenExpiresIn":"1430.7829333333332 minutes","userId":"677bfe44f6789c907c9f3766"}
{"level":"info","message":"Verifica token in corso per utente:","timestamp":"2025-01-12T15:05:00.026Z","userId":"677bfe44f6789c907c9f3766"}
{"hasSchool":false,"level":"info","message":"✨ Authentication successful","role":"admin","timestamp":"2025-01-12T15:05:00.209Z","tokenExpiresIn":"1430.77985 minutes","userId":"677bfe44f6789c907c9f3766"}
{"hasSchool":false,"level":"info","message":"✨ Authentication successful","role":"admin","timestamp":"2025-01-12T15:05:00.244Z","tokenExpiresIn":"1430.7792666666667 minutes","userId":"677bfe44f6789c907c9f3766"}
{"hasSchool":false,"level":"info","message":"✨ Authentication successful","role":"admin","timestamp":"2025-01-12T15:08:12.252Z","tokenExpiresIn":"1427.5791333333334 minutes","userId":"677bfe44f6789c907c9f3766"}
{"hasSchool":false,"level":"info","message":"✨ Authentication successful","role":"admin","timestamp":"2025-01-12T15:08:12.275Z","tokenExpiresIn":"1427.5787500000001 minutes","userId":"677bfe44f6789c907c9f3766"}
{"ip":"::1","level":"info","message":"Auth Route Called","method":"GET","path":"/api/v1/auth/verify","timestamp":"2025-01-12T15:08:14.151Z","userAgent":"Mozilla/5.0 (Windows NT 10.0; Win64; x64) AppleWebKit/537.36 (KHTML, like Gecko) Chrome/131.0.0.0 Safari/537.36 Edg/131.0.0.0"}
{"hasSchool":false,"level":"info","message":"✨ Authentication successful","role":"admin","timestamp":"2025-01-12T15:08:14.176Z","tokenExpiresIn":"1427.5470666666665 minutes","userId":"677bfe44f6789c907c9f3766"}
{"level":"info","message":"Verifica token in corso per utente:","timestamp":"2025-01-12T15:08:14.176Z","userId":"677bfe44f6789c907c9f3766"}
{"hasSchool":false,"level":"info","message":"✨ Authentication successful","role":"admin","timestamp":"2025-01-12T15:08:14.297Z","tokenExpiresIn":"1427.54505 minutes","userId":"677bfe44f6789c907c9f3766"}
{"hasSchool":false,"level":"info","message":"✨ Authentication successful","role":"admin","timestamp":"2025-01-12T15:08:14.322Z","tokenExpiresIn":"1427.5446333333334 minutes","userId":"677bfe44f6789c907c9f3766"}
{"level":"warn","message":"Warning: ModelName mancante nel repository","repository":"school","timestamp":"2025-01-12T15:16:36.657Z"}
{"level":"warn","message":"Warning: ModelName mancante nel repository","repository":"user","timestamp":"2025-01-12T15:16:36.662Z"}
{"level":"warn","message":"Warning: ModelName mancante nel repository","repository":"class","timestamp":"2025-01-12T15:16:36.663Z"}
{"level":"warn","message":"Warning: ModelName mancante nel repository","repository":"student","timestamp":"2025-01-12T15:16:36.664Z"}
{"level":"warn","message":"Warning: ModelName mancante nel repository","repository":"test","timestamp":"2025-01-12T15:16:36.665Z"}
{"level":"info","message":"Repository caricati con successo","repositories":["school","user","class","student","test"],"timestamp":"2025-01-12T15:16:36.665Z"}
{"controllers":["auth","school","user","class","student","test"],"level":"info","message":"Controllers caricati con successo","timestamp":"2025-01-12T15:16:36.687Z"}
{"level":"info","message":"Routes caricate:","protected":["/classes","/schools","/users","/students","/tests"],"public":["/auth"],"timestamp":"2025-01-12T15:16:36.697Z"}
{"level":"info","message":"MongoDB Connected: cluster0-shard-00-02.4nf56.mongodb.net","timestamp":"2025-01-12T15:16:37.191Z"}
{"level":"info","message":"Server in esecuzione su localhost:5000","timestamp":"2025-01-12T15:16:37.200Z"}
{"level":"info","message":"Ambiente: development","timestamp":"2025-01-12T15:16:37.200Z"}
{"level":"warn","message":"Warning: ModelName mancante nel repository","repository":"school","timestamp":"2025-01-12T15:16:49.515Z"}
{"level":"warn","message":"Warning: ModelName mancante nel repository","repository":"user","timestamp":"2025-01-12T15:16:49.523Z"}
{"level":"warn","message":"Warning: ModelName mancante nel repository","repository":"class","timestamp":"2025-01-12T15:16:49.525Z"}
{"level":"warn","message":"Warning: ModelName mancante nel repository","repository":"student","timestamp":"2025-01-12T15:16:49.527Z"}
{"level":"warn","message":"Warning: ModelName mancante nel repository","repository":"test","timestamp":"2025-01-12T15:16:49.530Z"}
{"level":"info","message":"Repository caricati con successo","repositories":["school","user","class","student","test"],"timestamp":"2025-01-12T15:16:49.531Z"}
{"controllers":["auth","school","user","class","student","test"],"level":"info","message":"Controllers caricati con successo","timestamp":"2025-01-12T15:16:49.574Z"}
{"level":"info","message":"Routes caricate:","protected":["/classes","/schools","/users","/students","/tests"],"public":["/auth"],"timestamp":"2025-01-12T15:16:49.597Z"}
{"level":"info","message":"MongoDB Connected: cluster0-shard-00-01.4nf56.mongodb.net","timestamp":"2025-01-12T15:16:50.137Z"}
{"level":"info","message":"Server in esecuzione su localhost:5000","timestamp":"2025-01-12T15:16:50.152Z"}
{"level":"info","message":"Ambiente: development","timestamp":"2025-01-12T15:16:50.153Z"}
{"ip":"::1","level":"info","message":"Auth Route Called","method":"POST","path":"/api/v1/auth/login","timestamp":"2025-01-12T15:17:21.670Z","userAgent":"Mozilla/5.0 (Windows NT 10.0; Win64; x64) AppleWebKit/537.36 (KHTML, like Gecko) Chrome/131.0.0.0 Safari/537.36 Edg/131.0.0.0"}
{"hasSchool":false,"level":"info","message":"✨ Authentication successful","role":"admin","timestamp":"2025-01-12T15:17:23.024Z","tokenExpiresIn":"1439.9662666666666 minutes","userId":"677bfe44f6789c907c9f3766"}
{"hasSchool":false,"level":"info","message":"✨ Authentication successful","role":"admin","timestamp":"2025-01-12T15:17:23.049Z","tokenExpiresIn":"1439.96585 minutes","userId":"677bfe44f6789c907c9f3766"}
{"ip":"::1","level":"info","message":"Auth Route Called","method":"GET","path":"/api/v1/auth/verify","timestamp":"2025-01-12T15:17:48.736Z","userAgent":"Mozilla/5.0 (Windows NT 10.0; Win64; x64) AppleWebKit/537.36 (KHTML, like Gecko) Chrome/131.0.0.0 Safari/537.36 Edg/131.0.0.0"}
{"hasSchool":false,"level":"info","message":"✨ Authentication successful","role":"admin","timestamp":"2025-01-12T15:17:48.767Z","tokenExpiresIn":"1439.5372166666666 minutes","userId":"677bfe44f6789c907c9f3766"}
{"level":"info","message":"Verifica token in corso per utente:","timestamp":"2025-01-12T15:17:48.768Z","userId":"677bfe44f6789c907c9f3766"}
{"hasSchool":false,"level":"info","message":"✨ Authentication successful","role":"admin","timestamp":"2025-01-12T15:17:50.044Z","tokenExpiresIn":"1439.5159333333334 minutes","userId":"677bfe44f6789c907c9f3766"}
{"hasSchool":false,"level":"info","message":"✨ Authentication successful","role":"admin","timestamp":"2025-01-12T15:17:50.068Z","tokenExpiresIn":"1439.5155333333335 minutes","userId":"677bfe44f6789c907c9f3766"}
{"ip":"::1","level":"info","message":"Auth Route Called","method":"GET","path":"/api/v1/auth/verify","timestamp":"2025-01-12T15:21:59.195Z","userAgent":"Mozilla/5.0 (Windows NT 10.0; Win64; x64) AppleWebKit/537.36 (KHTML, like Gecko) Chrome/131.0.0.0 Safari/537.36 Edg/131.0.0.0"}
{"hasSchool":false,"level":"info","message":"✨ Authentication successful","role":"admin","timestamp":"2025-01-12T15:21:59.221Z","tokenExpiresIn":"1435.3629833333332 minutes","userId":"677bfe44f6789c907c9f3766"}
{"level":"info","message":"Verifica token in corso per utente:","timestamp":"2025-01-12T15:21:59.221Z","userId":"677bfe44f6789c907c9f3766"}
{"hasSchool":false,"level":"info","message":"✨ Authentication successful","role":"admin","timestamp":"2025-01-12T15:22:15.269Z","tokenExpiresIn":"1435.0955166666668 minutes","userId":"677bfe44f6789c907c9f3766"}
{"hasSchool":false,"level":"info","message":"✨ Authentication successful","role":"admin","timestamp":"2025-01-12T15:22:15.294Z","tokenExpiresIn":"1435.0951 minutes","userId":"677bfe44f6789c907c9f3766"}
