{"level":"warn","message":"Warning: ModelName mancante nel repository","repository":"school","timestamp":"2025-01-26T13:14:26.695Z"}
{"level":"warn","message":"Warning: ModelName mancante nel repository","repository":"user","timestamp":"2025-01-26T13:14:26.700Z"}
{"level":"warn","message":"Warning: ModelName mancante nel repository","repository":"class","timestamp":"2025-01-26T13:14:26.701Z"}
{"level":"warn","message":"Warning: ModelName mancante nel repository","repository":"student","timestamp":"2025-01-26T13:14:26.702Z"}
{"level":"warn","message":"Warning: ModelName mancante nel repository","repository":"test","timestamp":"2025-01-26T13:14:26.703Z"}
{"level":"info","message":"Repository caricati con successo","repositories":["school","user","class","student","test"],"timestamp":"2025-01-26T13:14:26.704Z"}
{"controllers":["auth","school","user","class","student","test"],"level":"info","message":"Controllers caricati con successo","timestamp":"2025-01-26T13:14:26.732Z"}
{"level":"info","message":"Routes caricate:","protected":["/classes","/schools","/users","/students","/tests"],"public":["/auth","/tests/csi/public"],"timestamp":"2025-01-26T13:14:27.018Z"}
{"level":"info","message":"MongoDB Connected: cluster0-shard-00-02.4nf56.mongodb.net","timestamp":"2025-01-26T13:14:27.533Z"}
{"level":"info","message":"Server in esecuzione su localhost:5000","timestamp":"2025-01-26T13:14:27.554Z"}
{"level":"info","message":"Ambiente: development","timestamp":"2025-01-26T13:14:27.555Z"}
{"ip":"::1","level":"info","message":"Auth Route Called","method":"GET","path":"/api/v1/auth/verify","timestamp":"2025-01-26T13:14:43.121Z","userAgent":"Mozilla/5.0 (Windows NT 10.0; Win64; x64) AppleWebKit/537.36 (KHTML, like Gecko) Chrome/132.0.0.0 Safari/537.36 Edg/132.0.0.0"}
{"errorMessage":"jwt expired","errorType":"TokenExpiredError","level":"error","message":"🔥 Authentication Error","stack":"TokenExpiredError: jwt expired\n    at C:\\Users\\ricca\\Desktop\\BSc\\node_modules\\jsonwebtoken\\verify.js:190:21\n    at getSecret (C:\\Users\\ricca\\Desktop\\BSc\\node_modules\\jsonwebtoken\\verify.js:97:14)\n    at module.exports [as verify] (C:\\Users\\ricca\\Desktop\\BSc\\node_modules\\jsonwebtoken\\verify.js:101:10)\n    at protect (C:\\Users\\ricca\\Desktop\\BSc\\src\\middleware\\authMiddleware.js:52:29)\n    at Layer.handle [as handle_request] (C:\\Users\\ricca\\Desktop\\BSc\\node_modules\\express\\lib\\router\\layer.js:95:5)\n    at next (C:\\Users\\ricca\\Desktop\\BSc\\node_modules\\express\\lib\\router\\route.js:149:13)\n    at Route.dispatch (C:\\Users\\ricca\\Desktop\\BSc\\node_modules\\express\\lib\\router\\route.js:119:3)\n    at Layer.handle [as handle_request] (C:\\Users\\ricca\\Desktop\\BSc\\node_modules\\express\\lib\\router\\layer.js:95:5)\n    at C:\\Users\\ricca\\Desktop\\BSc\\node_modules\\express\\lib\\router\\index.js:284:15\n    at Function.process_params (C:\\Users\\ricca\\Desktop\\BSc\\node_modules\\express\\lib\\router\\index.js:346:12)","timestamp":"2025-01-26T13:14:43.131Z","tokenInfo":{"expiredAt":"2025-01-25T22:00:36.000Z","now":"2025-01-26T13:14:43.130Z"}}
{"duration":"21ms","ip":"::1","level":"warn","message":"Risposta inviata","method":"GET","requestId":"req_1737897283116_tpe7pkz1j","responseSize":"115 Bytes","statusCode":401,"timestamp":"2025-01-26T13:14:43.137Z","url":"/api/v1/auth/verify","userAgent":"Mozilla/5.0 (Windows NT 10.0; Win64; x64) AppleWebKit/537.36 (KHTML, like Gecko) Chrome/132.0.0.0 Safari/537.36 Edg/132.0.0.0"}
{"ip":"::1","level":"info","message":"Auth Route Called","method":"POST","path":"/api/v1/auth/login","timestamp":"2025-01-26T13:15:10.324Z","userAgent":"Mozilla/5.0 (Windows NT 10.0; Win64; x64) AppleWebKit/537.36 (KHTML, like Gecko) Chrome/132.0.0.0 Safari/537.36 Edg/132.0.0.0"}
{"hasSchool":false,"level":"info","message":"✨ Authentication successful","role":"admin","timestamp":"2025-01-26T13:15:12.298Z","tokenExpiresIn":"1439.9617 minutes","userId":"677bfe44f6789c907c9f3766"}
{"hasSchool":false,"level":"info","message":"✨ Authentication successful","role":"admin","timestamp":"2025-01-26T13:15:12.325Z","tokenExpiresIn":"1439.96125 minutes","userId":"677bfe44f6789c907c9f3766"}
{"hasSchool":false,"level":"info","message":"✨ Authentication successful","role":"admin","timestamp":"2025-01-26T13:15:13.526Z","tokenExpiresIn":"1439.9412333333335 minutes","userId":"677bfe44f6789c907c9f3766"}
{"hasSchool":false,"level":"info","message":"✨ Authentication successful","role":"admin","timestamp":"2025-01-26T13:15:13.551Z","tokenExpiresIn":"1439.9408166666665 minutes","userId":"677bfe44f6789c907c9f3766"}
{"hasSchool":false,"level":"info","message":"✨ Authentication successful","role":"admin","timestamp":"2025-01-26T13:15:14.505Z","tokenExpiresIn":"1439.9249166666666 minutes","userId":"677bfe44f6789c907c9f3766"}
{"hasSchool":false,"level":"info","message":"✨ Authentication successful","role":"admin","timestamp":"2025-01-26T13:15:14.530Z","tokenExpiresIn":"1439.9245 minutes","userId":"677bfe44f6789c907c9f3766"}
{"hasSchool":false,"level":"info","message":"✨ Authentication successful","role":"admin","timestamp":"2025-01-26T13:15:16.454Z","tokenExpiresIn":"1439.8924333333334 minutes","userId":"677bfe44f6789c907c9f3766"}
{"hasSchool":false,"level":"info","message":"✨ Authentication successful","role":"admin","timestamp":"2025-01-26T13:15:16.480Z","tokenExpiresIn":"1439.892 minutes","userId":"677bfe44f6789c907c9f3766"}
{"hasSchool":false,"level":"info","message":"✨ Authentication successful","role":"admin","timestamp":"2025-01-26T13:15:19.718Z","tokenExpiresIn":"1439.8380333333334 minutes","userId":"677bfe44f6789c907c9f3766"}
{"hasSchool":false,"level":"info","message":"✨ Authentication successful","role":"admin","timestamp":"2025-01-26T13:15:19.750Z","tokenExpiresIn":"1439.8375 minutes","userId":"677bfe44f6789c907c9f3766"}
{"hasSchool":false,"level":"info","message":"✨ Authentication successful","role":"admin","timestamp":"2025-01-26T13:15:29.829Z","tokenExpiresIn":"1439.6695166666666 minutes","userId":"677bfe44f6789c907c9f3766"}
{"hasSchool":false,"level":"info","message":"✨ Authentication successful","role":"admin","timestamp":"2025-01-26T13:15:29.851Z","tokenExpiresIn":"1439.6691500000002 minutes","userId":"677bfe44f6789c907c9f3766"}
{"level":"warn","message":"Warning: ModelName mancante nel repository","repository":"school","timestamp":"2025-01-26T13:20:07.514Z"}
{"level":"warn","message":"Warning: ModelName mancante nel repository","repository":"user","timestamp":"2025-01-26T13:20:07.519Z"}
{"level":"warn","message":"Warning: ModelName mancante nel repository","repository":"class","timestamp":"2025-01-26T13:20:07.520Z"}
{"level":"warn","message":"Warning: ModelName mancante nel repository","repository":"student","timestamp":"2025-01-26T13:20:07.522Z"}
{"level":"warn","message":"Warning: ModelName mancante nel repository","repository":"test","timestamp":"2025-01-26T13:20:07.522Z"}
{"level":"info","message":"Repository caricati con successo","repositories":["school","user","class","student","test"],"timestamp":"2025-01-26T13:20:07.523Z"}
{"controllers":["auth","school","user","class","student","test"],"level":"info","message":"Controllers caricati con successo","timestamp":"2025-01-26T13:20:07.553Z"}
{"level":"info","message":"Routes caricate:","protected":["/classes","/schools","/users","/students","/tests"],"public":["/auth","/tests/csi/public"],"timestamp":"2025-01-26T13:20:07.902Z"}
{"level":"info","message":"MongoDB Connected: cluster0-shard-00-00.4nf56.mongodb.net","timestamp":"2025-01-26T13:20:08.322Z"}
{"level":"info","message":"Server in esecuzione su localhost:5000","timestamp":"2025-01-26T13:20:08.329Z"}
{"level":"info","message":"Ambiente: development","timestamp":"2025-01-26T13:20:08.330Z"}
{"hasSchool":false,"level":"info","message":"✨ Authentication successful","role":"admin","timestamp":"2025-01-26T13:20:14.223Z","tokenExpiresIn":"1434.9296166666668 minutes","userId":"677bfe44f6789c907c9f3766"}
{"hasSchool":false,"level":"info","message":"✨ Authentication successful","role":"admin","timestamp":"2025-01-26T13:20:14.251Z","tokenExpiresIn":"1434.92915 minutes","userId":"677bfe44f6789c907c9f3766"}
{"hasSchool":false,"level":"info","message":"✨ Authentication successful","role":"admin","timestamp":"2025-01-26T13:20:15.057Z","tokenExpiresIn":"1434.9157166666666 minutes","userId":"677bfe44f6789c907c9f3766"}
{"hasSchool":false,"level":"info","message":"✨ Authentication successful","role":"admin","timestamp":"2025-01-26T13:20:15.084Z","tokenExpiresIn":"1434.9152666666666 minutes","userId":"677bfe44f6789c907c9f3766"}
{"hasSchool":false,"level":"info","message":"✨ Authentication successful","role":"admin","timestamp":"2025-01-26T13:20:16.553Z","tokenExpiresIn":"1434.8907833333333 minutes","userId":"677bfe44f6789c907c9f3766"}
{"hasSchool":false,"level":"info","message":"✨ Authentication successful","role":"admin","timestamp":"2025-01-26T13:20:16.591Z","tokenExpiresIn":"1434.89015 minutes","userId":"677bfe44f6789c907c9f3766"}
{"hasSchool":false,"level":"info","message":"✨ Authentication successful","role":"admin","timestamp":"2025-01-26T13:20:17.031Z","tokenExpiresIn":"1434.8828166666667 minutes","userId":"677bfe44f6789c907c9f3766"}
{"hasSchool":false,"level":"info","message":"✨ Authentication successful","role":"admin","timestamp":"2025-01-26T13:20:17.058Z","tokenExpiresIn":"1434.8823666666665 minutes","userId":"677bfe44f6789c907c9f3766"}
{"hasSchool":false,"level":"info","message":"✨ Authentication successful","role":"admin","timestamp":"2025-01-26T13:20:17.973Z","tokenExpiresIn":"1434.8671166666668 minutes","userId":"677bfe44f6789c907c9f3766"}
{"hasSchool":false,"level":"info","message":"✨ Authentication successful","role":"admin","timestamp":"2025-01-26T13:20:18.012Z","tokenExpiresIn":"1434.8664666666666 minutes","userId":"677bfe44f6789c907c9f3766"}
{"hasSchool":false,"level":"info","message":"✨ Authentication successful","role":"admin","timestamp":"2025-01-26T13:20:55.124Z","tokenExpiresIn":"1434.2479333333333 minutes","userId":"677bfe44f6789c907c9f3766"}
{"hasSchool":false,"level":"info","message":"✨ Authentication successful","role":"admin","timestamp":"2025-01-26T13:20:55.133Z","tokenExpiresIn":"1434.2477833333332 minutes","userId":"677bfe44f6789c907c9f3766"}
{"hasSchool":false,"level":"info","message":"✨ Authentication successful","role":"admin","timestamp":"2025-01-26T13:20:55.150Z","tokenExpiresIn":"1434.2475000000002 minutes","userId":"677bfe44f6789c907c9f3766"}
{"hasSchool":false,"level":"info","message":"✨ Authentication successful","role":"admin","timestamp":"2025-01-26T13:20:55.158Z","tokenExpiresIn":"1434.2473666666667 minutes","userId":"677bfe44f6789c907c9f3766"}
{"hasSchool":false,"level":"info","message":"✨ Authentication successful","role":"admin","timestamp":"2025-01-26T13:21:13.945Z","tokenExpiresIn":"1433.9342499999998 minutes","userId":"677bfe44f6789c907c9f3766"}
{"hasSchool":false,"level":"info","message":"✨ Authentication successful","role":"admin","timestamp":"2025-01-26T13:21:13.971Z","tokenExpiresIn":"1433.9338166666666 minutes","userId":"677bfe44f6789c907c9f3766"}
{"hasSchool":false,"level":"info","message":"✨ Authentication successful","role":"admin","timestamp":"2025-01-26T13:21:15.130Z","tokenExpiresIn":"1433.9144999999999 minutes","userId":"677bfe44f6789c907c9f3766"}
{"hasSchool":false,"level":"info","message":"✨ Authentication successful","role":"admin","timestamp":"2025-01-26T13:21:15.154Z","tokenExpiresIn":"1433.9141000000002 minutes","userId":"677bfe44f6789c907c9f3766"}
{"hasSchool":false,"level":"info","message":"✨ Authentication successful","role":"admin","timestamp":"2025-01-26T13:21:15.917Z","tokenExpiresIn":"1433.9013833333333 minutes","userId":"677bfe44f6789c907c9f3766"}
{"hasSchool":false,"level":"info","message":"✨ Authentication successful","role":"admin","timestamp":"2025-01-26T13:21:15.948Z","tokenExpiresIn":"1433.9008666666666 minutes","userId":"677bfe44f6789c907c9f3766"}
{"hasSchool":false,"level":"info","message":"✨ Authentication successful","role":"admin","timestamp":"2025-01-26T13:21:19.015Z","tokenExpiresIn":"1433.84975 minutes","userId":"677bfe44f6789c907c9f3766"}
{"hasSchool":false,"level":"info","message":"✨ Authentication successful","role":"admin","timestamp":"2025-01-26T13:21:19.037Z","tokenExpiresIn":"1433.8493833333334 minutes","userId":"677bfe44f6789c907c9f3766"}
{"hasSchool":false,"level":"info","message":"✨ Authentication successful","role":"admin","timestamp":"2025-01-26T13:21:38.302Z","tokenExpiresIn":"1433.5283000000002 minutes","userId":"677bfe44f6789c907c9f3766"}
{"hasSchool":false,"level":"info","message":"✨ Authentication successful","role":"admin","timestamp":"2025-01-26T13:21:38.330Z","tokenExpiresIn":"1433.5278333333333 minutes","userId":"677bfe44f6789c907c9f3766"}
{"hasSchool":false,"level":"info","message":"✨ Authentication successful","role":"admin","timestamp":"2025-01-26T13:21:39.128Z","tokenExpiresIn":"1433.5145333333335 minutes","userId":"677bfe44f6789c907c9f3766"}
{"hasSchool":false,"level":"info","message":"✨ Authentication successful","role":"admin","timestamp":"2025-01-26T13:21:39.157Z","tokenExpiresIn":"1433.51405 minutes","userId":"677bfe44f6789c907c9f3766"}
{"hasSchool":false,"level":"info","message":"✨ Authentication successful","role":"admin","timestamp":"2025-01-26T13:21:41.180Z","tokenExpiresIn":"1433.4803333333334 minutes","userId":"677bfe44f6789c907c9f3766"}
{"hasSchool":false,"level":"info","message":"✨ Authentication successful","role":"admin","timestamp":"2025-01-26T13:21:41.206Z","tokenExpiresIn":"1433.4798999999998 minutes","userId":"677bfe44f6789c907c9f3766"}
{"hasSchool":false,"level":"info","message":"✨ Authentication successful","role":"admin","timestamp":"2025-01-26T13:21:43.347Z","tokenExpiresIn":"1433.4442166666668 minutes","userId":"677bfe44f6789c907c9f3766"}
{"hasSchool":false,"level":"info","message":"✨ Authentication successful","role":"admin","timestamp":"2025-01-26T13:21:43.373Z","tokenExpiresIn":"1433.4437833333332 minutes","userId":"677bfe44f6789c907c9f3766"}
{"hasSchool":false,"level":"info","message":"✨ Authentication successful","role":"admin","timestamp":"2025-01-26T13:21:43.455Z","tokenExpiresIn":"1433.4424166666665 minutes","userId":"677bfe44f6789c907c9f3766"}
{"hasSchool":false,"level":"info","message":"✨ Authentication successful","role":"admin","timestamp":"2025-01-26T13:21:43.480Z","tokenExpiresIn":"1433.442 minutes","userId":"677bfe44f6789c907c9f3766"}
{"hasSchool":false,"level":"info","message":"✨ Authentication successful","role":"admin","timestamp":"2025-01-26T13:21:49.317Z","tokenExpiresIn":"1433.3447166666667 minutes","userId":"677bfe44f6789c907c9f3766"}
{"hasSchool":false,"level":"info","message":"✨ Authentication successful","role":"admin","timestamp":"2025-01-26T13:21:49.347Z","tokenExpiresIn":"1433.3442166666669 minutes","userId":"677bfe44f6789c907c9f3766"}
{"hasSchool":false,"level":"info","message":"✨ Authentication successful","role":"admin","timestamp":"2025-01-26T13:21:51.448Z","tokenExpiresIn":"1433.3092 minutes","userId":"677bfe44f6789c907c9f3766"}
{"hasSchool":false,"level":"info","message":"✨ Authentication successful","role":"admin","timestamp":"2025-01-26T13:21:51.470Z","tokenExpiresIn":"1433.3088333333333 minutes","userId":"677bfe44f6789c907c9f3766"}
{"hasSchool":false,"level":"info","message":"✨ Authentication successful","role":"admin","timestamp":"2025-01-26T13:21:52.509Z","tokenExpiresIn":"1433.2915166666667 minutes","userId":"677bfe44f6789c907c9f3766"}
{"hasSchool":false,"level":"info","message":"✨ Authentication successful","role":"admin","timestamp":"2025-01-26T13:21:52.534Z","tokenExpiresIn":"1433.2911 minutes","userId":"677bfe44f6789c907c9f3766"}
{"hasSchool":false,"level":"info","message":"✨ Authentication successful","role":"admin","timestamp":"2025-01-26T13:21:52.604Z","tokenExpiresIn":"1433.2899333333332 minutes","userId":"677bfe44f6789c907c9f3766"}
{"hasSchool":false,"level":"info","message":"✨ Authentication successful","role":"admin","timestamp":"2025-01-26T13:21:52.630Z","tokenExpiresIn":"1433.2894999999999 minutes","userId":"677bfe44f6789c907c9f3766"}
{"hasSchool":false,"level":"info","message":"✨ Authentication successful","role":"admin","timestamp":"2025-01-26T13:21:54.242Z","tokenExpiresIn":"1433.2626333333333 minutes","userId":"677bfe44f6789c907c9f3766"}
{"hasSchool":false,"level":"info","message":"✨ Authentication successful","role":"admin","timestamp":"2025-01-26T13:21:54.269Z","tokenExpiresIn":"1433.2621833333333 minutes","userId":"677bfe44f6789c907c9f3766"}
{"ip":"::1","level":"info","message":"Auth Route Called","method":"GET","path":"/api/v1/auth/verify","timestamp":"2025-01-26T13:40:17.892Z","userAgent":"Mozilla/5.0 (Windows NT 10.0; Win64; x64) AppleWebKit/537.36 (KHTML, like Gecko) Chrome/132.0.0.0 Safari/537.36 Edg/132.0.0.0"}
{"hasSchool":false,"level":"info","message":"✨ Authentication successful","role":"admin","timestamp":"2025-01-26T13:40:17.941Z","tokenExpiresIn":"1414.86765 minutes","userId":"677bfe44f6789c907c9f3766"}
{"level":"info","message":"Verifica token in corso per utente:","timestamp":"2025-01-26T13:40:17.942Z","userId":"677bfe44f6789c907c9f3766"}
{"hasSchool":false,"level":"info","message":"✨ Authentication successful","role":"admin","timestamp":"2025-01-26T13:40:18.071Z","tokenExpiresIn":"1414.8654833333335 minutes","userId":"677bfe44f6789c907c9f3766"}
{"hasSchool":false,"level":"info","message":"✨ Authentication successful","role":"admin","timestamp":"2025-01-26T13:40:18.097Z","tokenExpiresIn":"1414.86505 minutes","userId":"677bfe44f6789c907c9f3766"}
{"hasSchool":false,"level":"info","message":"✨ Authentication successful","role":"admin","timestamp":"2025-01-26T13:40:18.570Z","tokenExpiresIn":"1414.8571666666664 minutes","userId":"677bfe44f6789c907c9f3766"}
{"hasSchool":false,"level":"info","message":"✨ Authentication successful","role":"admin","timestamp":"2025-01-26T13:40:18.579Z","tokenExpiresIn":"1414.8570166666666 minutes","userId":"677bfe44f6789c907c9f3766"}
{"hasSchool":false,"level":"info","message":"✨ Authentication successful","role":"admin","timestamp":"2025-01-26T13:40:18.593Z","tokenExpiresIn":"1414.8567833333334 minutes","userId":"677bfe44f6789c907c9f3766"}
{"hasSchool":false,"level":"info","message":"✨ Authentication successful","role":"admin","timestamp":"2025-01-26T13:40:18.608Z","tokenExpiresIn":"1414.8565333333333 minutes","userId":"677bfe44f6789c907c9f3766"}
{"hasSchool":false,"level":"info","message":"✨ Authentication successful","role":"admin","timestamp":"2025-01-26T13:40:18.686Z","tokenExpiresIn":"1414.85525 minutes","userId":"677bfe44f6789c907c9f3766"}
{"hasSchool":false,"level":"info","message":"✨ Authentication successful","role":"admin","timestamp":"2025-01-26T13:40:18.693Z","tokenExpiresIn":"1414.8551166666666 minutes","userId":"677bfe44f6789c907c9f3766"}
{"hasSchool":false,"level":"info","message":"✨ Authentication successful","role":"admin","timestamp":"2025-01-26T13:40:18.707Z","tokenExpiresIn":"1414.8548833333334 minutes","userId":"677bfe44f6789c907c9f3766"}
{"hasSchool":false,"level":"info","message":"✨ Authentication successful","role":"admin","timestamp":"2025-01-26T13:40:18.715Z","tokenExpiresIn":"1414.85475 minutes","userId":"677bfe44f6789c907c9f3766"}
{"ip":"::1","level":"info","message":"Auth Route Called","method":"GET","path":"/api/v1/auth/verify","timestamp":"2025-01-26T13:44:02.476Z","userAgent":"Mozilla/5.0 (Windows NT 10.0; Win64; x64) AppleWebKit/537.36 (KHTML, like Gecko) Chrome/132.0.0.0 Safari/537.36 Edg/132.0.0.0"}
{"hasSchool":false,"level":"info","message":"✨ Authentication successful","role":"admin","timestamp":"2025-01-26T13:44:02.503Z","tokenExpiresIn":"1411.1249500000001 minutes","userId":"677bfe44f6789c907c9f3766"}
{"level":"info","message":"Verifica token in corso per utente:","timestamp":"2025-01-26T13:44:02.503Z","userId":"677bfe44f6789c907c9f3766"}
{"hasSchool":false,"level":"info","message":"✨ Authentication successful","role":"admin","timestamp":"2025-01-26T13:44:02.632Z","tokenExpiresIn":"1411.1228 minutes","userId":"677bfe44f6789c907c9f3766"}
{"hasSchool":false,"level":"info","message":"✨ Authentication successful","role":"admin","timestamp":"2025-01-26T13:44:02.659Z","tokenExpiresIn":"1411.12235 minutes","userId":"677bfe44f6789c907c9f3766"}
{"hasSchool":false,"level":"info","message":"✨ Authentication successful","role":"admin","timestamp":"2025-01-26T13:44:03.063Z","tokenExpiresIn":"1411.1156166666667 minutes","userId":"677bfe44f6789c907c9f3766"}
{"hasSchool":false,"level":"info","message":"✨ Authentication successful","role":"admin","timestamp":"2025-01-26T13:44:03.079Z","tokenExpiresIn":"1411.11535 minutes","userId":"677bfe44f6789c907c9f3766"}
{"hasSchool":false,"level":"info","message":"✨ Authentication successful","role":"admin","timestamp":"2025-01-26T13:44:03.087Z","tokenExpiresIn":"1411.1152166666666 minutes","userId":"677bfe44f6789c907c9f3766"}
{"hasSchool":false,"level":"info","message":"✨ Authentication successful","role":"admin","timestamp":"2025-01-26T13:44:03.103Z","tokenExpiresIn":"1411.11495 minutes","userId":"677bfe44f6789c907c9f3766"}
{"hasSchool":false,"level":"info","message":"✨ Authentication successful","role":"admin","timestamp":"2025-01-26T13:44:03.182Z","tokenExpiresIn":"1411.1136333333334 minutes","userId":"677bfe44f6789c907c9f3766"}
{"hasSchool":false,"level":"info","message":"✨ Authentication successful","role":"admin","timestamp":"2025-01-26T13:44:03.189Z","tokenExpiresIn":"1411.1135166666668 minutes","userId":"677bfe44f6789c907c9f3766"}
{"hasSchool":false,"level":"info","message":"✨ Authentication successful","role":"admin","timestamp":"2025-01-26T13:44:03.205Z","tokenExpiresIn":"1411.1132499999999 minutes","userId":"677bfe44f6789c907c9f3766"}
{"hasSchool":false,"level":"info","message":"✨ Authentication successful","role":"admin","timestamp":"2025-01-26T13:44:03.213Z","tokenExpiresIn":"1411.1131166666667 minutes","userId":"677bfe44f6789c907c9f3766"}
{"hasSchool":false,"level":"info","message":"✨ Authentication successful","role":"admin","timestamp":"2025-01-26T13:44:07.192Z","tokenExpiresIn":"1411.0468 minutes","userId":"677bfe44f6789c907c9f3766"}
{"hasSchool":false,"level":"info","message":"✨ Authentication successful","role":"admin","timestamp":"2025-01-26T13:44:07.215Z","tokenExpiresIn":"1411.0464166666668 minutes","userId":"677bfe44f6789c907c9f3766"}
{"hasSchool":false,"level":"info","message":"✨ Authentication successful","role":"admin","timestamp":"2025-01-26T13:44:09.658Z","tokenExpiresIn":"1411.0057000000002 minutes","userId":"677bfe44f6789c907c9f3766"}
{"hasSchool":false,"level":"info","message":"✨ Authentication successful","role":"admin","timestamp":"2025-01-26T13:44:09.684Z","tokenExpiresIn":"1411.0052666666668 minutes","userId":"677bfe44f6789c907c9f3766"}
{"hasSchool":false,"level":"info","message":"✨ Authentication successful","role":"admin","timestamp":"2025-01-26T13:44:15.476Z","tokenExpiresIn":"1410.9087333333334 minutes","userId":"677bfe44f6789c907c9f3766"}
{"hasSchool":false,"level":"info","message":"✨ Authentication successful","role":"admin","timestamp":"2025-01-26T13:44:15.498Z","tokenExpiresIn":"1410.9083666666666 minutes","userId":"677bfe44f6789c907c9f3766"}
{"hasSchool":false,"level":"info","message":"✨ Authentication successful","role":"admin","timestamp":"2025-01-26T13:45:34.019Z","tokenExpiresIn":"1409.5996833333334 minutes","userId":"677bfe44f6789c907c9f3766"}
{"hasSchool":false,"level":"info","message":"✨ Authentication successful","role":"admin","timestamp":"2025-01-26T13:45:34.047Z","tokenExpiresIn":"1409.5992166666665 minutes","userId":"677bfe44f6789c907c9f3766"}
{"level":"info","message":"Student created successfully:","school":"6794b5f6b31aa0c17d37f371","studentId":"67963c7e4700f16aafa920cb","timestamp":"2025-01-26T13:45:34.167Z"}
{"hasSchool":false,"level":"info","message":"✨ Authentication successful","role":"admin","timestamp":"2025-01-26T13:45:34.201Z","tokenExpiresIn":"1409.59665 minutes","userId":"677bfe44f6789c907c9f3766"}
{"hasSchool":false,"level":"info","message":"✨ Authentication successful","role":"admin","timestamp":"2025-01-26T13:45:34.239Z","tokenExpiresIn":"1409.5960166666666 minutes","userId":"677bfe44f6789c907c9f3766"}
{"ip":"::1","level":"info","message":"Auth Route Called","method":"GET","path":"/api/v1/auth/verify","timestamp":"2025-01-26T13:45:36.673Z","userAgent":"Mozilla/5.0 (Windows NT 10.0; Win64; x64) AppleWebKit/537.36 (KHTML, like Gecko) Chrome/132.0.0.0 Safari/537.36 Edg/132.0.0.0"}
{"hasSchool":false,"level":"info","message":"✨ Authentication successful","role":"admin","timestamp":"2025-01-26T13:45:36.701Z","tokenExpiresIn":"1409.5549833333332 minutes","userId":"677bfe44f6789c907c9f3766"}
{"level":"info","message":"Verifica token in corso per utente:","timestamp":"2025-01-26T13:45:36.702Z","userId":"677bfe44f6789c907c9f3766"}
{"hasSchool":false,"level":"info","message":"✨ Authentication successful","role":"admin","timestamp":"2025-01-26T13:45:36.797Z","tokenExpiresIn":"1409.5533833333332 minutes","userId":"677bfe44f6789c907c9f3766"}
{"hasSchool":false,"level":"info","message":"✨ Authentication successful","role":"admin","timestamp":"2025-01-26T13:45:36.823Z","tokenExpiresIn":"1409.55295 minutes","userId":"677bfe44f6789c907c9f3766"}
{"hasSchool":false,"level":"info","message":"✨ Authentication successful","role":"admin","timestamp":"2025-01-26T13:45:36.996Z","tokenExpiresIn":"1409.5500666666667 minutes","userId":"677bfe44f6789c907c9f3766"}
{"hasSchool":false,"level":"info","message":"✨ Authentication successful","role":"admin","timestamp":"2025-01-26T13:45:37.004Z","tokenExpiresIn":"1409.5499333333332 minutes","userId":"677bfe44f6789c907c9f3766"}
{"hasSchool":false,"level":"info","message":"✨ Authentication successful","role":"admin","timestamp":"2025-01-26T13:45:37.020Z","tokenExpiresIn":"1409.5496666666666 minutes","userId":"677bfe44f6789c907c9f3766"}
{"hasSchool":false,"level":"info","message":"✨ Authentication successful","role":"admin","timestamp":"2025-01-26T13:45:37.027Z","tokenExpiresIn":"1409.54955 minutes","userId":"677bfe44f6789c907c9f3766"}
{"hasSchool":false,"level":"info","message":"✨ Authentication successful","role":"admin","timestamp":"2025-01-26T13:45:37.083Z","tokenExpiresIn":"1409.5486166666667 minutes","userId":"677bfe44f6789c907c9f3766"}
{"hasSchool":false,"level":"info","message":"✨ Authentication successful","role":"admin","timestamp":"2025-01-26T13:45:37.091Z","tokenExpiresIn":"1409.5484833333333 minutes","userId":"677bfe44f6789c907c9f3766"}
{"hasSchool":false,"level":"info","message":"✨ Authentication successful","role":"admin","timestamp":"2025-01-26T13:45:37.106Z","tokenExpiresIn":"1409.5482333333334 minutes","userId":"677bfe44f6789c907c9f3766"}
{"hasSchool":false,"level":"info","message":"✨ Authentication successful","role":"admin","timestamp":"2025-01-26T13:45:37.114Z","tokenExpiresIn":"1409.5481 minutes","userId":"677bfe44f6789c907c9f3766"}
{"hasSchool":false,"level":"info","message":"✨ Authentication successful","role":"admin","timestamp":"2025-01-26T13:45:37.176Z","tokenExpiresIn":"1409.5470666666665 minutes","userId":"677bfe44f6789c907c9f3766"}
{"hasSchool":false,"level":"info","message":"✨ Authentication successful","role":"admin","timestamp":"2025-01-26T13:45:37.199Z","tokenExpiresIn":"1409.5466833333335 minutes","userId":"677bfe44f6789c907c9f3766"}
{"hasSchool":false,"level":"info","message":"✨ Authentication successful","role":"admin","timestamp":"2025-01-26T13:45:40.730Z","tokenExpiresIn":"1409.4878333333334 minutes","userId":"677bfe44f6789c907c9f3766"}
{"hasSchool":false,"level":"info","message":"✨ Authentication successful","role":"admin","timestamp":"2025-01-26T13:45:40.758Z","tokenExpiresIn":"1409.4873666666667 minutes","userId":"677bfe44f6789c907c9f3766"}
{"hasSchool":false,"level":"info","message":"✨ Authentication successful","role":"admin","timestamp":"2025-01-26T13:45:46.291Z","tokenExpiresIn":"1409.39515 minutes","userId":"677bfe44f6789c907c9f3766"}
{"hasSchool":false,"level":"info","message":"✨ Authentication successful","role":"admin","timestamp":"2025-01-26T13:45:46.315Z","tokenExpiresIn":"1409.39475 minutes","userId":"677bfe44f6789c907c9f3766"}
{"hasSchool":false,"level":"info","message":"✨ Authentication successful","role":"admin","timestamp":"2025-01-26T13:45:52.387Z","tokenExpiresIn":"1409.2935499999999 minutes","userId":"677bfe44f6789c907c9f3766"}
{"hasSchool":false,"level":"info","message":"✨ Authentication successful","role":"admin","timestamp":"2025-01-26T13:45:52.413Z","tokenExpiresIn":"1409.2931166666667 minutes","userId":"677bfe44f6789c907c9f3766"}
{"hasSchool":false,"level":"info","message":"✨ Authentication successful","role":"admin","timestamp":"2025-01-26T13:46:03.292Z","tokenExpiresIn":"1409.1118 minutes","userId":"677bfe44f6789c907c9f3766"}
{"hasSchool":false,"level":"info","message":"✨ Authentication successful","role":"admin","timestamp":"2025-01-26T13:46:03.318Z","tokenExpiresIn":"1409.1113666666668 minutes","userId":"677bfe44f6789c907c9f3766"}
{"hasSchool":false,"level":"info","message":"✨ Authentication successful","role":"admin","timestamp":"2025-01-26T13:46:29.196Z","tokenExpiresIn":"1408.6800666666668 minutes","userId":"677bfe44f6789c907c9f3766"}
{"hasSchool":false,"level":"info","message":"✨ Authentication successful","role":"admin","timestamp":"2025-01-26T13:46:29.221Z","tokenExpiresIn":"1408.6796499999998 minutes","userId":"677bfe44f6789c907c9f3766"}
{"hasSchool":false,"level":"info","message":"✨ Authentication successful","role":"admin","timestamp":"2025-01-26T13:46:29.550Z","tokenExpiresIn":"1408.6741666666667 minutes","userId":"677bfe44f6789c907c9f3766"}
{"hasSchool":false,"level":"info","message":"✨ Authentication successful","role":"admin","timestamp":"2025-01-26T13:46:29.574Z","tokenExpiresIn":"1408.6737666666668 minutes","userId":"677bfe44f6789c907c9f3766"}
{"hasSchool":false,"level":"info","message":"✨ Authentication successful","role":"admin","timestamp":"2025-01-26T13:51:53.841Z","tokenExpiresIn":"1403.2693166666666 minutes","userId":"677bfe44f6789c907c9f3766"}
{"hasSchool":false,"level":"info","message":"✨ Authentication successful","role":"admin","timestamp":"2025-01-26T13:51:53.864Z","tokenExpiresIn":"1403.2689333333333 minutes","userId":"677bfe44f6789c907c9f3766"}
{"hasSchool":false,"level":"info","message":"✨ Authentication successful","role":"admin","timestamp":"2025-01-26T13:52:01.539Z","tokenExpiresIn":"1403.1410166666667 minutes","userId":"677bfe44f6789c907c9f3766"}
{"hasSchool":false,"level":"info","message":"✨ Authentication successful","role":"admin","timestamp":"2025-01-26T13:52:01.565Z","tokenExpiresIn":"1403.1405833333333 minutes","userId":"677bfe44f6789c907c9f3766"}
{"hasSchool":false,"level":"info","message":"✨ Authentication successful","role":"admin","timestamp":"2025-01-26T13:52:15.317Z","tokenExpiresIn":"1402.9113833333333 minutes","userId":"677bfe44f6789c907c9f3766"}
{"hasSchool":false,"level":"info","message":"✨ Authentication successful","role":"admin","timestamp":"2025-01-26T13:52:15.339Z","tokenExpiresIn":"1402.9110166666665 minutes","userId":"677bfe44f6789c907c9f3766"}
{"level":"info","message":"Student created successfully:","school":"6794b5f6b31aa0c17d37f371","studentId":"67963e0f4700f16aafa921ee","timestamp":"2025-01-26T13:52:15.416Z"}
{"hasSchool":false,"level":"info","message":"✨ Authentication successful","role":"admin","timestamp":"2025-01-26T13:52:15.447Z","tokenExpiresIn":"1402.9092166666667 minutes","userId":"677bfe44f6789c907c9f3766"}
{"hasSchool":false,"level":"info","message":"✨ Authentication successful","role":"admin","timestamp":"2025-01-26T13:52:15.471Z","tokenExpiresIn":"1402.9088166666666 minutes","userId":"677bfe44f6789c907c9f3766"}
{"hasSchool":false,"level":"info","message":"✨ Authentication successful","role":"admin","timestamp":"2025-01-26T13:58:41.944Z","tokenExpiresIn":"1396.4676 minutes","userId":"677bfe44f6789c907c9f3766"}
{"hasSchool":false,"level":"info","message":"✨ Authentication successful","role":"admin","timestamp":"2025-01-26T13:58:41.988Z","tokenExpiresIn":"1396.4668666666666 minutes","userId":"677bfe44f6789c907c9f3766"}
{"hasSchool":false,"level":"info","message":"✨ Authentication successful","role":"admin","timestamp":"2025-01-26T13:58:51.946Z","tokenExpiresIn":"1396.3009 minutes","userId":"677bfe44f6789c907c9f3766"}
{"hasSchool":false,"level":"info","message":"✨ Authentication successful","role":"admin","timestamp":"2025-01-26T13:58:51.969Z","tokenExpiresIn":"1396.3005166666667 minutes","userId":"677bfe44f6789c907c9f3766"}
{"ip":"::1","level":"info","message":"Auth Route Called","method":"GET","path":"/api/v1/auth/verify","timestamp":"2025-01-26T14:00:17.752Z","userAgent":"Mozilla/5.0 (Windows NT 10.0; Win64; x64) AppleWebKit/537.36 (KHTML, like Gecko) Chrome/132.0.0.0 Safari/537.36 Edg/132.0.0.0"}
{"hasSchool":false,"level":"info","message":"✨ Authentication successful","role":"admin","timestamp":"2025-01-26T14:00:17.779Z","tokenExpiresIn":"1394.8703500000001 minutes","userId":"677bfe44f6789c907c9f3766"}
{"level":"info","message":"Verifica token in corso per utente:","timestamp":"2025-01-26T14:00:17.780Z","userId":"677bfe44f6789c907c9f3766"}
{"hasSchool":false,"level":"info","message":"✨ Authentication successful","role":"admin","timestamp":"2025-01-26T14:00:17.932Z","tokenExpiresIn":"1394.8678 minutes","userId":"677bfe44f6789c907c9f3766"}
{"hasSchool":false,"level":"info","message":"✨ Authentication successful","role":"admin","timestamp":"2025-01-26T14:00:17.965Z","tokenExpiresIn":"1394.86725 minutes","userId":"677bfe44f6789c907c9f3766"}
{"hasSchool":false,"level":"info","message":"✨ Authentication successful","role":"admin","timestamp":"2025-01-26T14:00:18.259Z","tokenExpiresIn":"1394.8623499999999 minutes","userId":"677bfe44f6789c907c9f3766"}
{"hasSchool":false,"level":"info","message":"✨ Authentication successful","role":"admin","timestamp":"2025-01-26T14:00:18.267Z","tokenExpiresIn":"1394.8622333333333 minutes","userId":"677bfe44f6789c907c9f3766"}
{"hasSchool":false,"level":"info","message":"✨ Authentication successful","role":"admin","timestamp":"2025-01-26T14:00:18.288Z","tokenExpiresIn":"1394.8618666666666 minutes","userId":"677bfe44f6789c907c9f3766"}
{"hasSchool":false,"level":"info","message":"✨ Authentication successful","role":"admin","timestamp":"2025-01-26T14:00:18.295Z","tokenExpiresIn":"1394.86175 minutes","userId":"677bfe44f6789c907c9f3766"}
{"hasSchool":false,"level":"info","message":"✨ Authentication successful","role":"admin","timestamp":"2025-01-26T14:00:18.395Z","tokenExpiresIn":"1394.8600833333333 minutes","userId":"677bfe44f6789c907c9f3766"}
{"hasSchool":false,"level":"info","message":"✨ Authentication successful","role":"admin","timestamp":"2025-01-26T14:00:18.407Z","tokenExpiresIn":"1394.8598833333333 minutes","userId":"677bfe44f6789c907c9f3766"}
{"hasSchool":false,"level":"info","message":"✨ Authentication successful","role":"admin","timestamp":"2025-01-26T14:00:18.424Z","tokenExpiresIn":"1394.8596 minutes","userId":"677bfe44f6789c907c9f3766"}
{"hasSchool":false,"level":"info","message":"✨ Authentication successful","role":"admin","timestamp":"2025-01-26T14:00:18.436Z","tokenExpiresIn":"1394.8594 minutes","userId":"677bfe44f6789c907c9f3766"}
{"hasSchool":false,"level":"info","message":"✨ Authentication successful","role":"admin","timestamp":"2025-01-26T14:00:18.538Z","tokenExpiresIn":"1394.8577 minutes","userId":"677bfe44f6789c907c9f3766"}
{"hasSchool":false,"level":"info","message":"✨ Authentication successful","role":"admin","timestamp":"2025-01-26T14:00:18.569Z","tokenExpiresIn":"1394.8571833333333 minutes","userId":"677bfe44f6789c907c9f3766"}
{"hasSchool":false,"level":"info","message":"✨ Authentication successful","role":"admin","timestamp":"2025-01-26T14:00:22.315Z","tokenExpiresIn":"1394.79475 minutes","userId":"677bfe44f6789c907c9f3766"}
{"hasSchool":false,"level":"info","message":"✨ Authentication successful","role":"admin","timestamp":"2025-01-26T14:00:22.339Z","tokenExpiresIn":"1394.79435 minutes","userId":"677bfe44f6789c907c9f3766"}
{"hasSchool":false,"level":"info","message":"✨ Authentication successful","role":"admin","timestamp":"2025-01-26T14:00:24.843Z","tokenExpiresIn":"1394.7526166666669 minutes","userId":"677bfe44f6789c907c9f3766"}
{"hasSchool":false,"level":"info","message":"✨ Authentication successful","role":"admin","timestamp":"2025-01-26T14:00:24.870Z","tokenExpiresIn":"1394.7521666666667 minutes","userId":"677bfe44f6789c907c9f3766"}
{"hasSchool":false,"level":"info","message":"✨ Authentication successful","role":"admin","timestamp":"2025-01-26T14:00:37.502Z","tokenExpiresIn":"1394.5416333333335 minutes","userId":"677bfe44f6789c907c9f3766"}
{"hasSchool":false,"level":"info","message":"✨ Authentication successful","role":"admin","timestamp":"2025-01-26T14:00:37.527Z","tokenExpiresIn":"1394.5412166666667 minutes","userId":"677bfe44f6789c907c9f3766"}
{"hasSchool":false,"level":"info","message":"✨ Authentication successful","role":"admin","timestamp":"2025-01-26T14:00:37.812Z","tokenExpiresIn":"1394.5364666666667 minutes","userId":"677bfe44f6789c907c9f3766"}
{"hasSchool":false,"level":"info","message":"✨ Authentication successful","role":"admin","timestamp":"2025-01-26T14:00:37.835Z","tokenExpiresIn":"1394.5360833333332 minutes","userId":"677bfe44f6789c907c9f3766"}
{"hasSchool":false,"level":"info","message":"✨ Authentication successful","role":"admin","timestamp":"2025-01-26T14:00:40.232Z","tokenExpiresIn":"1394.4961333333333 minutes","userId":"677bfe44f6789c907c9f3766"}
{"hasSchool":false,"level":"info","message":"✨ Authentication successful","role":"admin","timestamp":"2025-01-26T14:00:40.257Z","tokenExpiresIn":"1394.4957166666668 minutes","userId":"677bfe44f6789c907c9f3766"}
{"hasSchool":false,"level":"info","message":"✨ Authentication successful","role":"admin","timestamp":"2025-01-26T14:00:44.594Z","tokenExpiresIn":"1394.4234333333334 minutes","userId":"677bfe44f6789c907c9f3766"}
{"hasSchool":false,"level":"info","message":"✨ Authentication successful","role":"admin","timestamp":"2025-01-26T14:00:44.620Z","tokenExpiresIn":"1394.423 minutes","userId":"677bfe44f6789c907c9f3766"}
{"hasSchool":false,"level":"info","message":"✨ Authentication successful","role":"admin","timestamp":"2025-01-26T14:01:22.812Z","tokenExpiresIn":"1393.7864833333333 minutes","userId":"677bfe44f6789c907c9f3766"}
{"hasSchool":false,"level":"info","message":"✨ Authentication successful","role":"admin","timestamp":"2025-01-26T14:01:22.840Z","tokenExpiresIn":"1393.786 minutes","userId":"677bfe44f6789c907c9f3766"}
{"level":"info","message":"Student created successfully:","school":"6794b5f6b31aa0c17d37f371","studentId":"679640324700f16aafa922a2","timestamp":"2025-01-26T14:01:22.982Z"}
{"ip":"::1","level":"info","message":"Auth Route Called","method":"GET","path":"/api/v1/auth/verify","timestamp":"2025-01-26T14:02:43.872Z","userAgent":"Mozilla/5.0 (Windows NT 10.0; Win64; x64) AppleWebKit/537.36 (KHTML, like Gecko) Chrome/132.0.0.0 Safari/537.36 Edg/132.0.0.0"}
{"hasSchool":false,"level":"info","message":"✨ Authentication successful","role":"admin","timestamp":"2025-01-26T14:02:43.900Z","tokenExpiresIn":"1392.4350000000002 minutes","userId":"677bfe44f6789c907c9f3766"}
{"level":"info","message":"Verifica token in corso per utente:","timestamp":"2025-01-26T14:02:43.901Z","userId":"677bfe44f6789c907c9f3766"}
{"hasSchool":false,"level":"info","message":"✨ Authentication successful","role":"admin","timestamp":"2025-01-26T14:02:44.154Z","tokenExpiresIn":"1392.4307666666668 minutes","userId":"677bfe44f6789c907c9f3766"}
{"hasSchool":false,"level":"info","message":"✨ Authentication successful","role":"admin","timestamp":"2025-01-26T14:02:44.183Z","tokenExpiresIn":"1392.4302833333334 minutes","userId":"677bfe44f6789c907c9f3766"}
{"hasSchool":false,"level":"info","message":"✨ Authentication successful","role":"admin","timestamp":"2025-01-26T14:02:44.534Z","tokenExpiresIn":"1392.4244333333334 minutes","userId":"677bfe44f6789c907c9f3766"}
{"hasSchool":false,"level":"info","message":"✨ Authentication successful","role":"admin","timestamp":"2025-01-26T14:02:44.558Z","tokenExpiresIn":"1392.4240333333332 minutes","userId":"677bfe44f6789c907c9f3766"}
{"hasSchool":false,"level":"info","message":"✨ Authentication successful","role":"admin","timestamp":"2025-01-26T14:02:44.579Z","tokenExpiresIn":"1392.4236833333334 minutes","userId":"677bfe44f6789c907c9f3766"}
{"hasSchool":false,"level":"info","message":"✨ Authentication successful","role":"admin","timestamp":"2025-01-26T14:02:44.589Z","tokenExpiresIn":"1392.4235166666665 minutes","userId":"677bfe44f6789c907c9f3766"}
{"hasSchool":false,"level":"info","message":"✨ Authentication successful","role":"admin","timestamp":"2025-01-26T14:02:44.647Z","tokenExpiresIn":"1392.42255 minutes","userId":"677bfe44f6789c907c9f3766"}
{"hasSchool":false,"level":"info","message":"✨ Authentication successful","role":"admin","timestamp":"2025-01-26T14:02:44.664Z","tokenExpiresIn":"1392.4222666666667 minutes","userId":"677bfe44f6789c907c9f3766"}
{"hasSchool":false,"level":"info","message":"✨ Authentication successful","role":"admin","timestamp":"2025-01-26T14:02:44.675Z","tokenExpiresIn":"1392.4220833333334 minutes","userId":"677bfe44f6789c907c9f3766"}
{"hasSchool":false,"level":"info","message":"✨ Authentication successful","role":"admin","timestamp":"2025-01-26T14:02:44.692Z","tokenExpiresIn":"1392.4218 minutes","userId":"677bfe44f6789c907c9f3766"}
{"hasSchool":false,"level":"info","message":"✨ Authentication successful","role":"admin","timestamp":"2025-01-26T14:02:44.761Z","tokenExpiresIn":"1392.42065 minutes","userId":"677bfe44f6789c907c9f3766"}
{"hasSchool":false,"level":"info","message":"✨ Authentication successful","role":"admin","timestamp":"2025-01-26T14:02:44.795Z","tokenExpiresIn":"1392.4200833333334 minutes","userId":"677bfe44f6789c907c9f3766"}
{"hasSchool":false,"level":"info","message":"✨ Authentication successful","role":"admin","timestamp":"2025-01-26T14:02:56.219Z","tokenExpiresIn":"1392.2296833333335 minutes","userId":"677bfe44f6789c907c9f3766"}
{"hasSchool":false,"level":"info","message":"✨ Authentication successful","role":"admin","timestamp":"2025-01-26T14:02:56.241Z","tokenExpiresIn":"1392.2293166666668 minutes","userId":"677bfe44f6789c907c9f3766"}
{"error":{"message":"Email già registrata","metadata":{}},"level":"error","message":"Error in create student:","studentData":{"classId":"6794b5f6b31aa0c17d37f381","dateOfBirth":"2014-05-12T00:00:00.000Z","email":"test.media2@mail2.it","firstName":"testmedia2","fiscalCode":null,"gender":"F","isActive":true,"lastName":"mediatest2","mainTeacher":"677bfe44f6789c907c9f3766","needsClassAssignment":false,"parentEmail":null,"schoolId":"6794b5f6b31aa0c17d37f371","specialNeeds":false,"status":"active","teachers":[]},"timestamp":"2025-01-26T14:02:56.260Z"}
{"level":"error","message":"Email già registrata","metadata":{},"timestamp":"2025-01-26T14:02:56.261Z"}
{"error":"Email già registrata","level":"error","message":"Student route error:","method":"POST","path":"/","timestamp":"2025-01-26T14:02:56.263Z","userId":"677bfe44f6789c907c9f3766"}
{"duration":"78ms","ip":"::1","level":"warn","message":"Risposta inviata","method":"POST","requestId":"req_1737900176188_4l1o0wqyh","responseSize":"75 Bytes","statusCode":400,"timestamp":"2025-01-26T14:02:56.266Z","url":"/api/v1/students","userAgent":"Mozilla/5.0 (Windows NT 10.0; Win64; x64) AppleWebKit/537.36 (KHTML, like Gecko) Chrome/132.0.0.0 Safari/537.36 Edg/132.0.0.0"}
{"hasSchool":false,"level":"info","message":"✨ Authentication successful","role":"admin","timestamp":"2025-01-26T14:03:11.141Z","tokenExpiresIn":"1391.9809833333334 minutes","userId":"677bfe44f6789c907c9f3766"}
{"hasSchool":false,"level":"info","message":"✨ Authentication successful","role":"admin","timestamp":"2025-01-26T14:03:11.174Z","tokenExpiresIn":"1391.9804333333334 minutes","userId":"677bfe44f6789c907c9f3766"}
{"hasSchool":false,"level":"info","message":"✨ Authentication successful","role":"admin","timestamp":"2025-01-26T14:03:11.865Z","tokenExpiresIn":"1391.9689166666665 minutes","userId":"677bfe44f6789c907c9f3766"}
{"hasSchool":false,"level":"info","message":"✨ Authentication successful","role":"admin","timestamp":"2025-01-26T14:03:11.893Z","tokenExpiresIn":"1391.96845 minutes","userId":"677bfe44f6789c907c9f3766"}
{"hasSchool":false,"level":"info","message":"✨ Authentication successful","role":"admin","timestamp":"2025-01-26T14:03:25.846Z","tokenExpiresIn":"1391.7359 minutes","userId":"677bfe44f6789c907c9f3766"}
{"hasSchool":false,"level":"info","message":"✨ Authentication successful","role":"admin","timestamp":"2025-01-26T14:03:25.875Z","tokenExpiresIn":"1391.7354166666667 minutes","userId":"677bfe44f6789c907c9f3766"}
{"hasSchool":false,"level":"info","message":"✨ Authentication successful","role":"admin","timestamp":"2025-01-26T14:03:30.866Z","tokenExpiresIn":"1391.6522333333335 minutes","userId":"677bfe44f6789c907c9f3766"}
{"hasSchool":false,"level":"info","message":"✨ Authentication successful","role":"admin","timestamp":"2025-01-26T14:03:30.887Z","tokenExpiresIn":"1391.6518833333332 minutes","userId":"677bfe44f6789c907c9f3766"}
{"hasSchool":false,"level":"info","message":"✨ Authentication successful","role":"admin","timestamp":"2025-01-26T14:03:36.848Z","tokenExpiresIn":"1391.5525333333333 minutes","userId":"677bfe44f6789c907c9f3766"}
{"hasSchool":false,"level":"info","message":"✨ Authentication successful","role":"admin","timestamp":"2025-01-26T14:03:36.874Z","tokenExpiresIn":"1391.5521 minutes","userId":"677bfe44f6789c907c9f3766"}
{"ip":"::1","level":"info","message":"Auth Route Called","method":"POST","path":"/api/v1/auth/logout","timestamp":"2025-01-26T14:03:53.663Z","userAgent":"Mozilla/5.0 (Windows NT 10.0; Win64; x64) AppleWebKit/537.36 (KHTML, like Gecko) Chrome/132.0.0.0 Safari/537.36 Edg/132.0.0.0"}
{"hasSchool":false,"level":"info","message":"✨ Authentication successful","role":"admin","timestamp":"2025-01-26T14:03:53.715Z","tokenExpiresIn":"1391.2714166666667 minutes","userId":"677bfe44f6789c907c9f3766"}
{"ip":"::1","level":"info","message":"Auth Route Called","method":"POST","path":"/api/v1/auth/login","timestamp":"2025-01-26T14:03:54.967Z","userAgent":"Mozilla/5.0 (Windows NT 10.0; Win64; x64) AppleWebKit/537.36 (KHTML, like Gecko) Chrome/132.0.0.0 Safari/537.36 Edg/132.0.0.0"}
{"hasSchool":false,"level":"info","message":"✨ Authentication successful","role":"admin","timestamp":"2025-01-26T14:03:56.678Z","tokenExpiresIn":"1439.9720333333332 minutes","userId":"677bfe44f6789c907c9f3766"}
{"hasSchool":false,"level":"info","message":"✨ Authentication successful","role":"admin","timestamp":"2025-01-26T14:03:56.702Z","tokenExpiresIn":"1439.9716333333333 minutes","userId":"677bfe44f6789c907c9f3766"}
{"hasSchool":false,"level":"info","message":"✨ Authentication successful","role":"admin","timestamp":"2025-01-26T14:03:59.403Z","tokenExpiresIn":"1439.9266166666666 minutes","userId":"677bfe44f6789c907c9f3766"}
{"hasSchool":false,"level":"info","message":"✨ Authentication successful","role":"admin","timestamp":"2025-01-26T14:03:59.433Z","tokenExpiresIn":"1439.9261166666665 minutes","userId":"677bfe44f6789c907c9f3766"}
{"hasSchool":false,"level":"info","message":"✨ Authentication successful","role":"admin","timestamp":"2025-01-26T14:04:03.136Z","tokenExpiresIn":"1439.8644 minutes","userId":"677bfe44f6789c907c9f3766"}
{"hasSchool":false,"level":"info","message":"✨ Authentication successful","role":"admin","timestamp":"2025-01-26T14:04:03.162Z","tokenExpiresIn":"1439.8639666666668 minutes","userId":"677bfe44f6789c907c9f3766"}
{"hasSchool":false,"level":"info","message":"✨ Authentication successful","role":"admin","timestamp":"2025-01-26T14:04:08.972Z","tokenExpiresIn":"1439.7671333333335 minutes","userId":"677bfe44f6789c907c9f3766"}
{"hasSchool":false,"level":"info","message":"✨ Authentication successful","role":"admin","timestamp":"2025-01-26T14:04:08.997Z","tokenExpiresIn":"1439.7667166666665 minutes","userId":"677bfe44f6789c907c9f3766"}
{"hasSchool":false,"level":"info","message":"✨ Authentication successful","role":"admin","timestamp":"2025-01-26T14:04:09.314Z","tokenExpiresIn":"1439.7614333333333 minutes","userId":"677bfe44f6789c907c9f3766"}
{"hasSchool":false,"level":"info","message":"✨ Authentication successful","role":"admin","timestamp":"2025-01-26T14:04:09.341Z","tokenExpiresIn":"1439.7609833333333 minutes","userId":"677bfe44f6789c907c9f3766"}
{"hasSchool":false,"level":"info","message":"✨ Authentication successful","role":"admin","timestamp":"2025-01-26T14:04:22.271Z","tokenExpiresIn":"1439.5454833333336 minutes","userId":"677bfe44f6789c907c9f3766"}
{"hasSchool":false,"level":"info","message":"✨ Authentication successful","role":"admin","timestamp":"2025-01-26T14:04:22.307Z","tokenExpiresIn":"1439.5448833333332 minutes","userId":"677bfe44f6789c907c9f3766"}
{"hasSchool":false,"level":"info","message":"✨ Authentication successful","role":"admin","timestamp":"2025-01-26T14:04:23.710Z","tokenExpiresIn":"1439.5214999999998 minutes","userId":"677bfe44f6789c907c9f3766"}
{"hasSchool":false,"level":"info","message":"✨ Authentication successful","role":"admin","timestamp":"2025-01-26T14:04:23.756Z","tokenExpiresIn":"1439.5207333333335 minutes","userId":"677bfe44f6789c907c9f3766"}
{"hasSchool":false,"level":"info","message":"✨ Authentication successful","role":"admin","timestamp":"2025-01-26T14:04:24.731Z","tokenExpiresIn":"1439.5044833333334 minutes","userId":"677bfe44f6789c907c9f3766"}
{"hasSchool":false,"level":"info","message":"✨ Authentication successful","role":"admin","timestamp":"2025-01-26T14:04:24.781Z","tokenExpiresIn":"1439.5036499999999 minutes","userId":"677bfe44f6789c907c9f3766"}
{"hasSchool":false,"level":"info","message":"✨ Authentication successful","role":"admin","timestamp":"2025-01-26T14:04:33.602Z","tokenExpiresIn":"1439.3566500000002 minutes","userId":"677bfe44f6789c907c9f3766"}
{"hasSchool":false,"level":"info","message":"✨ Authentication successful","role":"admin","timestamp":"2025-01-26T14:04:33.630Z","tokenExpiresIn":"1439.3561666666667 minutes","userId":"677bfe44f6789c907c9f3766"}
{"hasSchool":false,"level":"info","message":"✨ Authentication successful","role":"admin","timestamp":"2025-01-26T14:04:40.300Z","tokenExpiresIn":"1439.245 minutes","userId":"677bfe44f6789c907c9f3766"}
{"hasSchool":false,"level":"info","message":"✨ Authentication successful","role":"admin","timestamp":"2025-01-26T14:04:40.337Z","tokenExpiresIn":"1439.2443833333334 minutes","userId":"677bfe44f6789c907c9f3766"}
{"level":"info","message":"Student created successfully:","school":"6794b5f6b31aa0c17d37f371","studentId":"679640f84700f16aafa923dc","timestamp":"2025-01-26T14:04:40.553Z"}
{"hasSchool":false,"level":"info","message":"✨ Authentication successful","role":"admin","timestamp":"2025-01-26T14:04:40.616Z","tokenExpiresIn":"1439.2397333333333 minutes","userId":"677bfe44f6789c907c9f3766"}
{"hasSchool":false,"level":"info","message":"✨ Authentication successful","role":"admin","timestamp":"2025-01-26T14:04:40.641Z","tokenExpiresIn":"1439.2393166666666 minutes","userId":"677bfe44f6789c907c9f3766"}
{"ip":"::1","level":"info","message":"Auth Route Called","method":"GET","path":"/api/v1/auth/verify","timestamp":"2025-01-26T14:04:44.386Z","userAgent":"Mozilla/5.0 (Windows NT 10.0; Win64; x64) AppleWebKit/537.36 (KHTML, like Gecko) Chrome/132.0.0.0 Safari/537.36 Edg/132.0.0.0"}
{"hasSchool":false,"level":"info","message":"✨ Authentication successful","role":"admin","timestamp":"2025-01-26T14:04:44.413Z","tokenExpiresIn":"1439.17645 minutes","userId":"677bfe44f6789c907c9f3766"}
{"level":"info","message":"Verifica token in corso per utente:","timestamp":"2025-01-26T14:04:44.413Z","userId":"677bfe44f6789c907c9f3766"}
{"hasSchool":false,"level":"info","message":"✨ Authentication successful","role":"admin","timestamp":"2025-01-26T14:04:44.523Z","tokenExpiresIn":"1439.1746166666667 minutes","userId":"677bfe44f6789c907c9f3766"}
{"hasSchool":false,"level":"info","message":"✨ Authentication successful","role":"admin","timestamp":"2025-01-26T14:04:44.544Z","tokenExpiresIn":"1439.1742666666667 minutes","userId":"677bfe44f6789c907c9f3766"}
{"hasSchool":false,"level":"info","message":"✨ Authentication successful","role":"admin","timestamp":"2025-01-26T14:04:44.748Z","tokenExpiresIn":"1439.1708666666666 minutes","userId":"677bfe44f6789c907c9f3766"}
{"hasSchool":false,"level":"info","message":"✨ Authentication successful","role":"admin","timestamp":"2025-01-26T14:04:44.761Z","tokenExpiresIn":"1439.17065 minutes","userId":"677bfe44f6789c907c9f3766"}
{"hasSchool":false,"level":"info","message":"✨ Authentication successful","role":"admin","timestamp":"2025-01-26T14:04:44.773Z","tokenExpiresIn":"1439.17045 minutes","userId":"677bfe44f6789c907c9f3766"}
{"hasSchool":false,"level":"info","message":"✨ Authentication successful","role":"admin","timestamp":"2025-01-26T14:04:44.787Z","tokenExpiresIn":"1439.1702166666666 minutes","userId":"677bfe44f6789c907c9f3766"}
{"hasSchool":false,"level":"info","message":"✨ Authentication successful","role":"admin","timestamp":"2025-01-26T14:04:44.862Z","tokenExpiresIn":"1439.1689666666668 minutes","userId":"677bfe44f6789c907c9f3766"}
{"hasSchool":false,"level":"info","message":"✨ Authentication successful","role":"admin","timestamp":"2025-01-26T14:04:44.873Z","tokenExpiresIn":"1439.1687833333333 minutes","userId":"677bfe44f6789c907c9f3766"}
{"hasSchool":false,"level":"info","message":"✨ Authentication successful","role":"admin","timestamp":"2025-01-26T14:04:44.889Z","tokenExpiresIn":"1439.1685166666668 minutes","userId":"677bfe44f6789c907c9f3766"}
{"hasSchool":false,"level":"info","message":"✨ Authentication successful","role":"admin","timestamp":"2025-01-26T14:04:44.897Z","tokenExpiresIn":"1439.1683833333334 minutes","userId":"677bfe44f6789c907c9f3766"}
{"hasSchool":false,"level":"info","message":"✨ Authentication successful","role":"admin","timestamp":"2025-01-26T14:04:48.414Z","tokenExpiresIn":"1439.1097666666667 minutes","userId":"677bfe44f6789c907c9f3766"}
{"hasSchool":false,"level":"info","message":"✨ Authentication successful","role":"admin","timestamp":"2025-01-26T14:04:48.437Z","tokenExpiresIn":"1439.1093833333332 minutes","userId":"677bfe44f6789c907c9f3766"}
{"hasSchool":false,"level":"info","message":"✨ Authentication successful","role":"admin","timestamp":"2025-01-26T14:08:46.756Z","tokenExpiresIn":"1435.1374 minutes","userId":"677bfe44f6789c907c9f3766"}
{"hasSchool":false,"level":"info","message":"✨ Authentication successful","role":"admin","timestamp":"2025-01-26T14:08:46.782Z","tokenExpiresIn":"1435.1369666666665 minutes","userId":"677bfe44f6789c907c9f3766"}
{"hasSchool":false,"level":"info","message":"✨ Authentication successful","role":"admin","timestamp":"2025-01-26T14:08:51.365Z","tokenExpiresIn":"1435.0605833333332 minutes","userId":"677bfe44f6789c907c9f3766"}
{"hasSchool":false,"level":"info","message":"✨ Authentication successful","role":"admin","timestamp":"2025-01-26T14:08:51.396Z","tokenExpiresIn":"1435.0600666666667 minutes","userId":"677bfe44f6789c907c9f3766"}
{"ip":"::1","level":"info","message":"Auth Route Called","method":"GET","path":"/api/v1/auth/verify","timestamp":"2025-01-26T14:08:54.342Z","userAgent":"Mozilla/5.0 (Windows NT 10.0; Win64; x64) AppleWebKit/537.36 (KHTML, like Gecko) Chrome/132.0.0.0 Safari/537.36 Edg/132.0.0.0"}
{"hasSchool":false,"level":"info","message":"✨ Authentication successful","role":"admin","timestamp":"2025-01-26T14:08:54.374Z","tokenExpiresIn":"1435.0104333333334 minutes","userId":"677bfe44f6789c907c9f3766"}
{"level":"info","message":"Verifica token in corso per utente:","timestamp":"2025-01-26T14:08:54.375Z","userId":"677bfe44f6789c907c9f3766"}
{"hasSchool":false,"level":"info","message":"✨ Authentication successful","role":"admin","timestamp":"2025-01-26T14:08:54.521Z","tokenExpiresIn":"1435.0079833333334 minutes","userId":"677bfe44f6789c907c9f3766"}
{"hasSchool":false,"level":"info","message":"✨ Authentication successful","role":"admin","timestamp":"2025-01-26T14:08:54.564Z","tokenExpiresIn":"1435.0072666666667 minutes","userId":"677bfe44f6789c907c9f3766"}
{"hasSchool":false,"level":"info","message":"✨ Authentication successful","role":"admin","timestamp":"2025-01-26T14:08:54.867Z","tokenExpiresIn":"1435.0022166666668 minutes","userId":"677bfe44f6789c907c9f3766"}
{"hasSchool":false,"level":"info","message":"✨ Authentication successful","role":"admin","timestamp":"2025-01-26T14:08:54.874Z","tokenExpiresIn":"1435.0021000000002 minutes","userId":"677bfe44f6789c907c9f3766"}
{"hasSchool":false,"level":"info","message":"✨ Authentication successful","role":"admin","timestamp":"2025-01-26T14:08:54.890Z","tokenExpiresIn":"1435.0018333333333 minutes","userId":"677bfe44f6789c907c9f3766"}
{"hasSchool":false,"level":"info","message":"✨ Authentication successful","role":"admin","timestamp":"2025-01-26T14:08:54.898Z","tokenExpiresIn":"1435.0017 minutes","userId":"677bfe44f6789c907c9f3766"}
{"hasSchool":false,"level":"info","message":"✨ Authentication successful","role":"admin","timestamp":"2025-01-26T14:08:54.954Z","tokenExpiresIn":"1435.0007666666668 minutes","userId":"677bfe44f6789c907c9f3766"}
{"hasSchool":false,"level":"info","message":"✨ Authentication successful","role":"admin","timestamp":"2025-01-26T14:08:54.964Z","tokenExpiresIn":"1435.0005999999998 minutes","userId":"677bfe44f6789c907c9f3766"}
{"hasSchool":false,"level":"info","message":"✨ Authentication successful","role":"admin","timestamp":"2025-01-26T14:08:54.977Z","tokenExpiresIn":"1435.0003833333333 minutes","userId":"677bfe44f6789c907c9f3766"}
{"hasSchool":false,"level":"info","message":"✨ Authentication successful","role":"admin","timestamp":"2025-01-26T14:08:54.989Z","tokenExpiresIn":"1435.0001833333333 minutes","userId":"677bfe44f6789c907c9f3766"}
{"hasSchool":false,"level":"info","message":"✨ Authentication successful","role":"admin","timestamp":"2025-01-26T14:08:55.065Z","tokenExpiresIn":"1434.9989166666667 minutes","userId":"677bfe44f6789c907c9f3766"}
{"hasSchool":false,"level":"info","message":"✨ Authentication successful","role":"admin","timestamp":"2025-01-26T14:08:55.086Z","tokenExpiresIn":"1434.9985666666666 minutes","userId":"677bfe44f6789c907c9f3766"}
{"hasSchool":false,"level":"info","message":"✨ Authentication successful","role":"admin","timestamp":"2025-01-26T14:08:58.822Z","tokenExpiresIn":"1434.9363 minutes","userId":"677bfe44f6789c907c9f3766"}
{"hasSchool":false,"level":"info","message":"✨ Authentication successful","role":"admin","timestamp":"2025-01-26T14:08:58.846Z","tokenExpiresIn":"1434.9359 minutes","userId":"677bfe44f6789c907c9f3766"}
{"hasSchool":false,"level":"info","message":"✨ Authentication successful","role":"admin","timestamp":"2025-01-26T14:10:02.734Z","tokenExpiresIn":"1433.8711 minutes","userId":"677bfe44f6789c907c9f3766"}
{"hasSchool":false,"level":"info","message":"✨ Authentication successful","role":"admin","timestamp":"2025-01-26T14:10:05.854Z","tokenExpiresIn":"1433.8191 minutes","userId":"677bfe44f6789c907c9f3766"}
{"hasSchool":false,"level":"info","message":"✨ Authentication successful","role":"admin","timestamp":"2025-01-26T14:10:07.094Z","tokenExpiresIn":"1433.7984333333334 minutes","userId":"677bfe44f6789c907c9f3766"}
{"hasSchool":false,"level":"info","message":"✨ Authentication successful","role":"admin","timestamp":"2025-01-26T14:10:07.121Z","tokenExpiresIn":"1433.7979833333334 minutes","userId":"677bfe44f6789c907c9f3766"}
{"hasSchool":false,"level":"info","message":"✨ Authentication successful","role":"admin","timestamp":"2025-01-26T14:10:12.273Z","tokenExpiresIn":"1433.7121166666666 minutes","userId":"677bfe44f6789c907c9f3766"}
{"hasSchool":false,"level":"info","message":"✨ Authentication successful","role":"admin","timestamp":"2025-01-26T14:10:15.073Z","tokenExpiresIn":"1433.66545 minutes","userId":"677bfe44f6789c907c9f3766"}
{"hasSchool":false,"level":"info","message":"✨ Authentication successful","role":"admin","timestamp":"2025-01-26T14:10:15.098Z","tokenExpiresIn":"1433.6650333333334 minutes","userId":"677bfe44f6789c907c9f3766"}
{"hasSchool":false,"level":"info","message":"✨ Authentication successful","role":"admin","timestamp":"2025-01-26T14:15:16.995Z","tokenExpiresIn":"1428.6334166666668 minutes","userId":"677bfe44f6789c907c9f3766"}
{"hasSchool":false,"level":"info","message":"✨ Authentication successful","role":"admin","timestamp":"2025-01-26T14:15:17.020Z","tokenExpiresIn":"1428.633 minutes","userId":"677bfe44f6789c907c9f3766"}
{"level":"warn","message":"Warning: ModelName mancante nel repository","repository":"school","timestamp":"2025-01-26T14:15:33.974Z"}
{"level":"warn","message":"Warning: ModelName mancante nel repository","repository":"user","timestamp":"2025-01-26T14:15:33.978Z"}
{"level":"warn","message":"Warning: ModelName mancante nel repository","repository":"class","timestamp":"2025-01-26T14:15:33.979Z"}
{"level":"warn","message":"Warning: ModelName mancante nel repository","repository":"student","timestamp":"2025-01-26T14:15:33.980Z"}
{"level":"warn","message":"Warning: ModelName mancante nel repository","repository":"test","timestamp":"2025-01-26T14:15:33.980Z"}
{"level":"info","message":"Repository caricati con successo","repositories":["school","user","class","student","test"],"timestamp":"2025-01-26T14:15:33.981Z"}
{"controllers":["auth","school","user","class","student","test"],"level":"info","message":"Controllers caricati con successo","timestamp":"2025-01-26T14:15:34.009Z"}
{"level":"info","message":"Routes caricate:","protected":["/classes","/schools","/users","/students","/tests"],"public":["/auth","/tests/csi/public"],"timestamp":"2025-01-26T14:15:34.320Z"}
{"level":"info","message":"MongoDB Connected: cluster0-shard-00-00.4nf56.mongodb.net","timestamp":"2025-01-26T14:15:34.716Z"}
{"level":"info","message":"Server in esecuzione su localhost:5000","timestamp":"2025-01-26T14:15:34.723Z"}
{"level":"info","message":"Ambiente: development","timestamp":"2025-01-26T14:15:34.724Z"}
{"ip":"::1","level":"info","message":"Auth Route Called","method":"GET","path":"/api/v1/auth/verify","timestamp":"2025-01-26T14:15:36.217Z","userAgent":"Mozilla/5.0 (Windows NT 10.0; Win64; x64) AppleWebKit/537.36 (KHTML, like Gecko) Chrome/132.0.0.0 Safari/537.36 Edg/132.0.0.0"}
{"hasSchool":false,"level":"info","message":"✨ Authentication successful","role":"admin","timestamp":"2025-01-26T14:15:36.254Z","tokenExpiresIn":"1428.3124333333333 minutes","userId":"677bfe44f6789c907c9f3766"}
{"level":"info","message":"Verifica token in corso per utente:","timestamp":"2025-01-26T14:15:36.255Z","userId":"677bfe44f6789c907c9f3766"}
{"hasSchool":false,"level":"info","message":"✨ Authentication successful","role":"admin","timestamp":"2025-01-26T14:15:36.522Z","tokenExpiresIn":"1428.3079666666667 minutes","userId":"677bfe44f6789c907c9f3766"}
{"hasSchool":false,"level":"info","message":"✨ Authentication successful","role":"admin","timestamp":"2025-01-26T14:15:36.531Z","tokenExpiresIn":"1428.3078166666667 minutes","userId":"677bfe44f6789c907c9f3766"}
{"hasSchool":false,"level":"info","message":"✨ Authentication successful","role":"admin","timestamp":"2025-01-26T14:15:36.541Z","tokenExpiresIn":"1428.30765 minutes","userId":"677bfe44f6789c907c9f3766"}
{"hasSchool":false,"level":"info","message":"✨ Authentication successful","role":"admin","timestamp":"2025-01-26T14:15:36.550Z","tokenExpiresIn":"1428.3075 minutes","userId":"677bfe44f6789c907c9f3766"}
{"hasSchool":false,"level":"info","message":"✨ Authentication successful","role":"admin","timestamp":"2025-01-26T14:15:36.557Z","tokenExpiresIn":"1428.3073833333333 minutes","userId":"677bfe44f6789c907c9f3766"}
{"hasSchool":false,"level":"info","message":"✨ Authentication successful","role":"admin","timestamp":"2025-01-26T14:15:36.624Z","tokenExpiresIn":"1428.3062666666667 minutes","userId":"677bfe44f6789c907c9f3766"}
{"hasSchool":false,"level":"info","message":"✨ Authentication successful","role":"admin","timestamp":"2025-01-26T14:15:36.700Z","tokenExpiresIn":"1428.305 minutes","userId":"677bfe44f6789c907c9f3766"}
{"hasSchool":false,"level":"info","message":"✨ Authentication successful","role":"admin","timestamp":"2025-01-26T14:15:36.708Z","tokenExpiresIn":"1428.3048666666666 minutes","userId":"677bfe44f6789c907c9f3766"}
{"hasSchool":false,"level":"info","message":"✨ Authentication successful","role":"admin","timestamp":"2025-01-26T14:15:36.737Z","tokenExpiresIn":"1428.3043833333334 minutes","userId":"677bfe44f6789c907c9f3766"}
{"hasSchool":false,"level":"info","message":"✨ Authentication successful","role":"admin","timestamp":"2025-01-26T14:15:36.741Z","tokenExpiresIn":"1428.3043166666669 minutes","userId":"677bfe44f6789c907c9f3766"}
{"hasSchool":false,"level":"info","message":"✨ Authentication successful","role":"admin","timestamp":"2025-01-26T14:15:36.804Z","tokenExpiresIn":"1428.3032666666666 minutes","userId":"677bfe44f6789c907c9f3766"}
{"hasSchool":false,"level":"info","message":"✨ Authentication successful","role":"admin","timestamp":"2025-01-26T14:15:36.829Z","tokenExpiresIn":"1428.30285 minutes","userId":"677bfe44f6789c907c9f3766"}
{"hasSchool":false,"level":"info","message":"✨ Authentication successful","role":"admin","timestamp":"2025-01-26T14:15:38.416Z","tokenExpiresIn":"1428.2764 minutes","userId":"677bfe44f6789c907c9f3766"}
{"hasSchool":false,"level":"info","message":"✨ Authentication successful","role":"admin","timestamp":"2025-01-26T14:15:38.444Z","tokenExpiresIn":"1428.2759333333333 minutes","userId":"677bfe44f6789c907c9f3766"}
{"hasSchool":false,"level":"info","message":"✨ Authentication successful","role":"admin","timestamp":"2025-01-26T14:18:17.115Z","tokenExpiresIn":"1425.6314166666666 minutes","userId":"677bfe44f6789c907c9f3766"}
{"hasSchool":false,"level":"info","message":"✨ Authentication successful","role":"admin","timestamp":"2025-01-26T14:18:17.138Z","tokenExpiresIn":"1425.6310333333333 minutes","userId":"677bfe44f6789c907c9f3766"}
{"hasSchool":false,"level":"info","message":"✨ Authentication successful","role":"admin","timestamp":"2025-01-26T14:18:20.926Z","tokenExpiresIn":"1425.5678999999998 minutes","userId":"677bfe44f6789c907c9f3766"}
{"hasSchool":false,"level":"info","message":"✨ Authentication successful","role":"admin","timestamp":"2025-01-26T14:18:20.951Z","tokenExpiresIn":"1425.5674833333333 minutes","userId":"677bfe44f6789c907c9f3766"}
{"hasSchool":false,"level":"info","message":"✨ Authentication successful","role":"admin","timestamp":"2025-01-26T14:18:22.503Z","tokenExpiresIn":"1425.5416166666666 minutes","userId":"677bfe44f6789c907c9f3766"}
{"hasSchool":false,"level":"info","message":"✨ Authentication successful","role":"admin","timestamp":"2025-01-26T14:18:22.527Z","tokenExpiresIn":"1425.5412166666667 minutes","userId":"677bfe44f6789c907c9f3766"}
{"hasSchool":false,"level":"info","message":"✨ Authentication successful","role":"admin","timestamp":"2025-01-26T14:18:28.606Z","tokenExpiresIn":"1425.4399 minutes","userId":"677bfe44f6789c907c9f3766"}
{"hasSchool":false,"level":"info","message":"✨ Authentication successful","role":"admin","timestamp":"2025-01-26T14:18:28.631Z","tokenExpiresIn":"1425.4394833333333 minutes","userId":"677bfe44f6789c907c9f3766"}
{"hasSchool":false,"level":"info","message":"✨ Authentication successful","role":"admin","timestamp":"2025-01-26T14:18:28.926Z","tokenExpiresIn":"1425.4345666666666 minutes","userId":"677bfe44f6789c907c9f3766"}
{"hasSchool":false,"level":"info","message":"✨ Authentication successful","role":"admin","timestamp":"2025-01-26T14:18:28.949Z","tokenExpiresIn":"1425.4341833333335 minutes","userId":"677bfe44f6789c907c9f3766"}
{"hasSchool":false,"level":"info","message":"✨ Authentication successful","role":"admin","timestamp":"2025-01-26T14:18:31.727Z","tokenExpiresIn":"1425.3878833333333 minutes","userId":"677bfe44f6789c907c9f3766"}
{"hasSchool":false,"level":"info","message":"✨ Authentication successful","role":"admin","timestamp":"2025-01-26T14:18:31.756Z","tokenExpiresIn":"1425.3874 minutes","userId":"677bfe44f6789c907c9f3766"}
{"hasSchool":false,"level":"info","message":"✨ Authentication successful","role":"admin","timestamp":"2025-01-26T14:18:35.249Z","tokenExpiresIn":"1425.3291833333335 minutes","userId":"677bfe44f6789c907c9f3766"}
{"hasSchool":false,"level":"info","message":"✨ Authentication successful","role":"admin","timestamp":"2025-01-26T14:18:35.274Z","tokenExpiresIn":"1425.3287666666665 minutes","userId":"677bfe44f6789c907c9f3766"}
{"hasSchool":false,"level":"info","message":"✨ Authentication successful","role":"admin","timestamp":"2025-01-26T14:18:44.105Z","tokenExpiresIn":"1425.1815833333335 minutes","userId":"677bfe44f6789c907c9f3766"}
{"hasSchool":false,"level":"info","message":"✨ Authentication successful","role":"admin","timestamp":"2025-01-26T14:18:44.131Z","tokenExpiresIn":"1425.1811500000001 minutes","userId":"677bfe44f6789c907c9f3766"}
{"level":"info","message":"Student created successfully:","school":"6794b5f6b31aa0c17d37f371","studentId":"679644442b45f3db55f0dc09","timestamp":"2025-01-26T14:18:44.225Z"}
{"hasSchool":false,"level":"info","message":"✨ Authentication successful","role":"admin","timestamp":"2025-01-26T14:18:44.271Z","tokenExpiresIn":"1425.1788166666668 minutes","userId":"677bfe44f6789c907c9f3766"}
{"hasSchool":false,"level":"info","message":"✨ Authentication successful","role":"admin","timestamp":"2025-01-26T14:18:44.297Z","tokenExpiresIn":"1425.1783833333332 minutes","userId":"677bfe44f6789c907c9f3766"}
{"error":"Errori di validazione","level":"error","message":"Student route error:","method":"POST","path":"/batch-assign","timestamp":"2025-01-26T14:18:44.299Z","userId":"677bfe44f6789c907c9f3766"}
{"duration":"56ms","ip":"::1","level":"warn","message":"Risposta inviata","method":"POST","requestId":"req_1737901124244_bf74nd6dx","responseSize":"114 Bytes","statusCode":400,"timestamp":"2025-01-26T14:18:44.300Z","url":"/api/v1/students/batch-assign","userAgent":"Mozilla/5.0 (Windows NT 10.0; Win64; x64) AppleWebKit/537.36 (KHTML, like Gecko) Chrome/132.0.0.0 Safari/537.36 Edg/132.0.0.0"}
{"hasSchool":false,"level":"info","message":"✨ Authentication successful","role":"admin","timestamp":"2025-01-26T14:24:22.962Z","tokenExpiresIn":"1419.5339666666666 minutes","userId":"677bfe44f6789c907c9f3766"}
{"hasSchool":false,"level":"info","message":"✨ Authentication successful","role":"admin","timestamp":"2025-01-26T14:24:22.986Z","tokenExpiresIn":"1419.5335666666665 minutes","userId":"677bfe44f6789c907c9f3766"}
{"hasSchool":false,"level":"info","message":"✨ Authentication successful","role":"admin","timestamp":"2025-01-26T14:25:21.921Z","tokenExpiresIn":"1418.5513166666667 minutes","userId":"677bfe44f6789c907c9f3766"}
{"hasSchool":false,"level":"info","message":"✨ Authentication successful","role":"admin","timestamp":"2025-01-26T14:25:21.945Z","tokenExpiresIn":"1418.5509166666666 minutes","userId":"677bfe44f6789c907c9f3766"}
{"ip":"::1","level":"info","message":"Auth Route Called","method":"GET","path":"/api/v1/auth/verify","timestamp":"2025-01-26T14:26:44.820Z","userAgent":"Mozilla/5.0 (Windows NT 10.0; Win64; x64) AppleWebKit/537.36 (KHTML, like Gecko) Chrome/132.0.0.0 Safari/537.36 Edg/132.0.0.0"}
{"hasSchool":false,"level":"info","message":"✨ Authentication successful","role":"admin","timestamp":"2025-01-26T14:26:44.873Z","tokenExpiresIn":"1417.1687833333333 minutes","userId":"677bfe44f6789c907c9f3766"}
{"level":"info","message":"Verifica token in corso per utente:","timestamp":"2025-01-26T14:26:44.876Z","userId":"677bfe44f6789c907c9f3766"}
{"hasSchool":false,"level":"info","message":"✨ Authentication successful","role":"admin","timestamp":"2025-01-26T14:26:46.932Z","tokenExpiresIn":"1417.1344666666666 minutes","userId":"677bfe44f6789c907c9f3766"}
{"hasSchool":false,"level":"info","message":"✨ Authentication successful","role":"admin","timestamp":"2025-01-26T14:26:46.945Z","tokenExpiresIn":"1417.1342499999998 minutes","userId":"677bfe44f6789c907c9f3766"}
{"hasSchool":false,"level":"info","message":"✨ Authentication successful","role":"admin","timestamp":"2025-01-26T14:26:46.955Z","tokenExpiresIn":"1417.1340833333334 minutes","userId":"677bfe44f6789c907c9f3766"}
{"hasSchool":false,"level":"info","message":"✨ Authentication successful","role":"admin","timestamp":"2025-01-26T14:26:46.964Z","tokenExpiresIn":"1417.1339333333333 minutes","userId":"677bfe44f6789c907c9f3766"}
{"hasSchool":false,"level":"info","message":"✨ Authentication successful","role":"admin","timestamp":"2025-01-26T14:26:46.973Z","tokenExpiresIn":"1417.1337833333334 minutes","userId":"677bfe44f6789c907c9f3766"}
{"hasSchool":false,"level":"info","message":"✨ Authentication successful","role":"admin","timestamp":"2025-01-26T14:26:46.988Z","tokenExpiresIn":"1417.1335333333334 minutes","userId":"677bfe44f6789c907c9f3766"}
{"hasSchool":false,"level":"info","message":"✨ Authentication successful","role":"admin","timestamp":"2025-01-26T14:26:47.049Z","tokenExpiresIn":"1417.1325166666668 minutes","userId":"677bfe44f6789c907c9f3766"}
{"hasSchool":false,"level":"info","message":"✨ Authentication successful","role":"admin","timestamp":"2025-01-26T14:26:47.077Z","tokenExpiresIn":"1417.13205 minutes","userId":"677bfe44f6789c907c9f3766"}
{"hasSchool":false,"level":"info","message":"✨ Authentication successful","role":"admin","timestamp":"2025-01-26T14:26:47.082Z","tokenExpiresIn":"1417.1319666666668 minutes","userId":"677bfe44f6789c907c9f3766"}
{"hasSchool":false,"level":"info","message":"✨ Authentication successful","role":"admin","timestamp":"2025-01-26T14:26:47.109Z","tokenExpiresIn":"1417.1315166666668 minutes","userId":"677bfe44f6789c907c9f3766"}
{"hasSchool":false,"level":"info","message":"✨ Authentication successful","role":"admin","timestamp":"2025-01-26T14:26:47.173Z","tokenExpiresIn":"1417.13045 minutes","userId":"677bfe44f6789c907c9f3766"}
{"hasSchool":false,"level":"info","message":"✨ Authentication successful","role":"admin","timestamp":"2025-01-26T14:26:47.197Z","tokenExpiresIn":"1417.13005 minutes","userId":"677bfe44f6789c907c9f3766"}
{"hasSchool":false,"level":"info","message":"✨ Authentication successful","role":"admin","timestamp":"2025-01-26T14:26:57.106Z","tokenExpiresIn":"1416.9649 minutes","userId":"677bfe44f6789c907c9f3766"}
{"hasSchool":false,"level":"info","message":"✨ Authentication successful","role":"admin","timestamp":"2025-01-26T14:26:57.129Z","tokenExpiresIn":"1416.9645166666667 minutes","userId":"677bfe44f6789c907c9f3766"}
{"hasSchool":false,"level":"info","message":"✨ Authentication successful","role":"admin","timestamp":"2025-01-26T14:26:57.417Z","tokenExpiresIn":"1416.9597166666667 minutes","userId":"677bfe44f6789c907c9f3766"}
{"hasSchool":false,"level":"info","message":"✨ Authentication successful","role":"admin","timestamp":"2025-01-26T14:26:57.442Z","tokenExpiresIn":"1416.9593 minutes","userId":"677bfe44f6789c907c9f3766"}
{"hasSchool":false,"level":"info","message":"✨ Authentication successful","role":"admin","timestamp":"2025-01-26T14:27:01.722Z","tokenExpiresIn":"1416.8879666666667 minutes","userId":"677bfe44f6789c907c9f3766"}
{"hasSchool":false,"level":"info","message":"✨ Authentication successful","role":"admin","timestamp":"2025-01-26T14:27:01.746Z","tokenExpiresIn":"1416.8875666666668 minutes","userId":"677bfe44f6789c907c9f3766"}
{"hasSchool":false,"level":"info","message":"✨ Authentication successful","role":"admin","timestamp":"2025-01-26T14:27:04.894Z","tokenExpiresIn":"1416.8351 minutes","userId":"677bfe44f6789c907c9f3766"}
{"hasSchool":false,"level":"info","message":"✨ Authentication successful","role":"admin","timestamp":"2025-01-26T14:27:04.919Z","tokenExpiresIn":"1416.8346833333335 minutes","userId":"677bfe44f6789c907c9f3766"}
{"hasSchool":false,"level":"info","message":"✨ Authentication successful","role":"admin","timestamp":"2025-01-26T14:27:07.019Z","tokenExpiresIn":"1416.7996833333334 minutes","userId":"677bfe44f6789c907c9f3766"}
{"hasSchool":false,"level":"info","message":"✨ Authentication successful","role":"admin","timestamp":"2025-01-26T14:27:07.045Z","tokenExpiresIn":"1416.79925 minutes","userId":"677bfe44f6789c907c9f3766"}
{"hasSchool":false,"level":"info","message":"✨ Authentication successful","role":"admin","timestamp":"2025-01-26T14:27:13.280Z","tokenExpiresIn":"1416.6953333333333 minutes","userId":"677bfe44f6789c907c9f3766"}
{"hasSchool":false,"level":"info","message":"✨ Authentication successful","role":"admin","timestamp":"2025-01-26T14:27:13.304Z","tokenExpiresIn":"1416.6949333333332 minutes","userId":"677bfe44f6789c907c9f3766"}
