{"level":"warn","message":"Warning: ModelName mancante nel repository","repository":"school","timestamp":"2025-01-27T21:27:41.223Z"}
{"level":"warn","message":"Warning: ModelName mancante nel repository","repository":"class","timestamp":"2025-01-27T21:27:41.226Z"}
{"level":"warn","message":"Warning: ModelName mancante nel repository","repository":"student","timestamp":"2025-01-27T21:27:41.228Z"}
{"level":"warn","message":"Warning: ModelName mancante nel repository","repository":"user","timestamp":"2025-01-27T21:27:41.231Z"}
{"level":"warn","message":"Warning: ModelName mancante nel repository","repository":"test","timestamp":"2025-01-27T21:27:41.232Z"}
{"level":"info","message":"Repository caricati con successo","repositories":["school","class","student","user","test"],"timestamp":"2025-01-27T21:27:41.234Z"}
{"controllers":["auth","school","user","class","student","test"],"level":"info","message":"Controllers caricati con successo","timestamp":"2025-01-27T21:27:41.272Z"}
{"level":"info","message":"Routes caricate:","protected":["/classes","/schools","/users","/students","/tests"],"public":["/auth","/tests/csi/public"],"timestamp":"2025-01-27T21:27:41.667Z"}
{"level":"info","message":"MongoDB Connected: cluster0-shard-00-01.4nf56.mongodb.net","timestamp":"2025-01-27T21:27:42.193Z"}
{"level":"info","message":"Server in esecuzione su localhost:5000","timestamp":"2025-01-27T21:27:42.204Z"}
{"level":"info","message":"Ambiente: development","timestamp":"2025-01-27T21:27:42.204Z"}
{"ip":"::1","level":"info","message":"Auth Route Called","method":"GET","path":"/api/v1/auth/verify","timestamp":"2025-01-27T21:28:19.508Z","userAgent":"Mozilla/5.0 (Windows NT 10.0; Win64; x64) AppleWebKit/537.36 (KHTML, like Gecko) Chrome/132.0.0.0 Safari/537.36 Edg/132.0.0.0"}
{"errorMessage":"jwt expired","errorType":"TokenExpiredError","level":"error","message":"🔥 Authentication Error","stack":"TokenExpiredError: jwt expired\n    at C:\\Users\\ricca\\Desktop\\BSc\\node_modules\\jsonwebtoken\\verify.js:190:21\n    at getSecret (C:\\Users\\ricca\\Desktop\\BSc\\node_modules\\jsonwebtoken\\verify.js:97:14)\n    at module.exports [as verify] (C:\\Users\\ricca\\Desktop\\BSc\\node_modules\\jsonwebtoken\\verify.js:101:10)\n    at protect (C:\\Users\\ricca\\Desktop\\BSc\\src\\middleware\\authMiddleware.js:52:29)\n    at Layer.handle [as handle_request] (C:\\Users\\ricca\\Desktop\\BSc\\node_modules\\express\\lib\\router\\layer.js:95:5)\n    at next (C:\\Users\\ricca\\Desktop\\BSc\\node_modules\\express\\lib\\router\\route.js:149:13)\n    at Route.dispatch (C:\\Users\\ricca\\Desktop\\BSc\\node_modules\\express\\lib\\router\\route.js:119:3)\n    at Layer.handle [as handle_request] (C:\\Users\\ricca\\Desktop\\BSc\\node_modules\\express\\lib\\router\\layer.js:95:5)\n    at C:\\Users\\ricca\\Desktop\\BSc\\node_modules\\express\\lib\\router\\index.js:284:15\n    at Function.process_params (C:\\Users\\ricca\\Desktop\\BSc\\node_modules\\express\\lib\\router\\index.js:346:12)","timestamp":"2025-01-27T21:28:19.521Z","tokenInfo":{"expiredAt":"2025-01-27T19:23:52.000Z","now":"2025-01-27T21:28:19.521Z"}}
{"duration":"23ms","ip":"::1","level":"warn","message":"Risposta inviata","method":"GET","requestId":"req_1738013299505_htm7szr76","responseSize":"115 Bytes","statusCode":401,"timestamp":"2025-01-27T21:28:19.529Z","url":"/api/v1/auth/verify","userAgent":"Mozilla/5.0 (Windows NT 10.0; Win64; x64) AppleWebKit/537.36 (KHTML, like Gecko) Chrome/132.0.0.0 Safari/537.36 Edg/132.0.0.0"}
{"ip":"::1","level":"info","message":"Auth Route Called","method":"POST","path":"/api/v1/auth/login","timestamp":"2025-01-27T21:28:22.857Z","userAgent":"Mozilla/5.0 (Windows NT 10.0; Win64; x64) AppleWebKit/537.36 (KHTML, like Gecko) Chrome/132.0.0.0 Safari/537.36 Edg/132.0.0.0"}
{"hasSchool":false,"level":"info","message":"✨ Authentication successful","role":"admin","timestamp":"2025-01-27T21:28:26.296Z","tokenExpiresIn":"1439.9450666666667 minutes","userId":"677bfe44f6789c907c9f3766"}
{"hasSchool":false,"level":"info","message":"✨ Authentication successful","role":"admin","timestamp":"2025-01-27T21:28:26.345Z","tokenExpiresIn":"1439.94425 minutes","userId":"677bfe44f6789c907c9f3766"}
{"hasSchool":false,"level":"info","message":"✨ Authentication successful","role":"admin","timestamp":"2025-01-27T21:28:29.982Z","tokenExpiresIn":"1439.8836333333334 minutes","userId":"677bfe44f6789c907c9f3766"}
{"hasSchool":false,"level":"info","message":"✨ Authentication successful","role":"admin","timestamp":"2025-01-27T21:28:30.022Z","tokenExpiresIn":"1439.8829666666668 minutes","userId":"677bfe44f6789c907c9f3766"}
{"hasSchool":false,"level":"info","message":"✨ Authentication successful","role":"admin","timestamp":"2025-01-27T21:28:32.661Z","tokenExpiresIn":"1439.8389833333335 minutes","userId":"677bfe44f6789c907c9f3766"}
{"hasSchool":false,"level":"info","message":"✨ Authentication successful","role":"admin","timestamp":"2025-01-27T21:28:32.698Z","tokenExpiresIn":"1439.8383666666666 minutes","userId":"677bfe44f6789c907c9f3766"}
{"hasSchool":false,"level":"info","message":"✨ Authentication successful","role":"admin","timestamp":"2025-01-27T21:28:34.376Z","tokenExpiresIn":"1439.8103999999998 minutes","userId":"677bfe44f6789c907c9f3766"}
{"hasSchool":false,"level":"info","message":"✨ Authentication successful","role":"admin","timestamp":"2025-01-27T21:28:34.426Z","tokenExpiresIn":"1439.8095666666666 minutes","userId":"677bfe44f6789c907c9f3766"}
{"hasSchool":false,"level":"info","message":"✨ Authentication successful","role":"admin","timestamp":"2025-01-27T21:28:35.731Z","tokenExpiresIn":"1439.7878166666667 minutes","userId":"677bfe44f6789c907c9f3766"}
{"hasSchool":false,"level":"info","message":"✨ Authentication successful","role":"admin","timestamp":"2025-01-27T21:28:35.769Z","tokenExpiresIn":"1439.7871833333334 minutes","userId":"677bfe44f6789c907c9f3766"}
{"hasSchool":false,"level":"info","message":"✨ Authentication successful","role":"admin","timestamp":"2025-01-27T21:28:37.827Z","tokenExpiresIn":"1439.7528833333333 minutes","userId":"677bfe44f6789c907c9f3766"}
{"hasSchool":false,"level":"info","message":"✨ Authentication successful","role":"admin","timestamp":"2025-01-27T21:28:37.862Z","tokenExpiresIn":"1439.7523 minutes","userId":"677bfe44f6789c907c9f3766"}
{"hasSchool":false,"level":"info","message":"✨ Authentication successful","role":"admin","timestamp":"2025-01-27T21:28:40.886Z","tokenExpiresIn":"1439.7019 minutes","userId":"677bfe44f6789c907c9f3766"}
{"hasSchool":false,"level":"info","message":"✨ Authentication successful","role":"admin","timestamp":"2025-01-27T21:28:40.928Z","tokenExpiresIn":"1439.7012 minutes","userId":"677bfe44f6789c907c9f3766"}
{"hasSchool":false,"level":"info","message":"✨ Authentication successful","role":"admin","timestamp":"2025-01-27T21:28:46.461Z","tokenExpiresIn":"1439.6089833333333 minutes","userId":"677bfe44f6789c907c9f3766"}
{"hasSchool":false,"level":"info","message":"✨ Authentication successful","role":"admin","timestamp":"2025-01-27T21:28:46.499Z","tokenExpiresIn":"1439.60835 minutes","userId":"677bfe44f6789c907c9f3766"}
{"hasSchool":false,"level":"info","message":"✨ Authentication successful","role":"admin","timestamp":"2025-01-27T21:28:49.907Z","tokenExpiresIn":"1439.55155 minutes","userId":"677bfe44f6789c907c9f3766"}
{"hasSchool":false,"level":"info","message":"✨ Authentication successful","role":"admin","timestamp":"2025-01-27T21:28:49.967Z","tokenExpiresIn":"1439.55055 minutes","userId":"677bfe44f6789c907c9f3766"}
{"hasSchool":false,"level":"info","message":"✨ Authentication successful","role":"admin","timestamp":"2025-01-27T21:28:51.586Z","tokenExpiresIn":"1439.5235666666667 minutes","userId":"677bfe44f6789c907c9f3766"}
{"hasSchool":false,"level":"info","message":"✨ Authentication successful","role":"admin","timestamp":"2025-01-27T21:28:51.627Z","tokenExpiresIn":"1439.5228833333335 minutes","userId":"677bfe44f6789c907c9f3766"}
{"hasSchool":false,"level":"info","message":"✨ Authentication successful","role":"admin","timestamp":"2025-01-27T21:28:52.934Z","tokenExpiresIn":"1439.5011000000002 minutes","userId":"677bfe44f6789c907c9f3766"}
{"hasSchool":false,"level":"info","message":"✨ Authentication successful","role":"admin","timestamp":"2025-01-27T21:28:52.969Z","tokenExpiresIn":"1439.5005166666667 minutes","userId":"677bfe44f6789c907c9f3766"}
{"hasSchool":false,"level":"info","message":"✨ Authentication successful","role":"admin","timestamp":"2025-01-27T21:28:54.331Z","tokenExpiresIn":"1439.4778166666665 minutes","userId":"677bfe44f6789c907c9f3766"}
{"hasSchool":false,"level":"info","message":"✨ Authentication successful","role":"admin","timestamp":"2025-01-27T21:28:54.367Z","tokenExpiresIn":"1439.4772166666667 minutes","userId":"677bfe44f6789c907c9f3766"}
{"hasSchool":false,"level":"info","message":"✨ Authentication successful","role":"admin","timestamp":"2025-01-27T21:28:59.674Z","tokenExpiresIn":"1439.3887666666667 minutes","userId":"677bfe44f6789c907c9f3766"}
{"hasSchool":false,"level":"info","message":"✨ Authentication successful","role":"admin","timestamp":"2025-01-27T21:28:59.710Z","tokenExpiresIn":"1439.3881666666666 minutes","userId":"677bfe44f6789c907c9f3766"}
{"hasSchool":false,"level":"info","message":"✨ Authentication successful","role":"admin","timestamp":"2025-01-27T21:29:03.316Z","tokenExpiresIn":"1439.3280666666665 minutes","userId":"677bfe44f6789c907c9f3766"}
{"hasSchool":false,"level":"info","message":"✨ Authentication successful","role":"admin","timestamp":"2025-01-27T21:29:03.370Z","tokenExpiresIn":"1439.3271666666667 minutes","userId":"677bfe44f6789c907c9f3766"}
{"hasSchool":false,"level":"info","message":"✨ Authentication successful","role":"admin","timestamp":"2025-01-27T21:29:07.462Z","tokenExpiresIn":"1439.2589666666668 minutes","userId":"677bfe44f6789c907c9f3766"}
{"hasSchool":false,"level":"info","message":"✨ Authentication successful","role":"admin","timestamp":"2025-01-27T21:29:07.493Z","tokenExpiresIn":"1439.25845 minutes","userId":"677bfe44f6789c907c9f3766"}
{"hasSchool":false,"level":"info","message":"✨ Authentication successful","role":"admin","timestamp":"2025-01-27T21:29:09.587Z","tokenExpiresIn":"1439.22355 minutes","userId":"677bfe44f6789c907c9f3766"}
{"hasSchool":false,"level":"info","message":"✨ Authentication successful","role":"admin","timestamp":"2025-01-27T21:29:09.623Z","tokenExpiresIn":"1439.2229499999999 minutes","userId":"677bfe44f6789c907c9f3766"}
{"hasSchool":false,"level":"info","message":"✨ Authentication successful","role":"admin","timestamp":"2025-01-27T21:29:13.975Z","tokenExpiresIn":"1439.1504166666666 minutes","userId":"677bfe44f6789c907c9f3766"}
{"hasSchool":false,"level":"info","message":"✨ Authentication successful","role":"admin","timestamp":"2025-01-27T21:29:14.009Z","tokenExpiresIn":"1439.14985 minutes","userId":"677bfe44f6789c907c9f3766"}
{"hasSchool":false,"level":"info","message":"✨ Authentication successful","role":"admin","timestamp":"2025-01-27T21:29:16.007Z","tokenExpiresIn":"1439.11655 minutes","userId":"677bfe44f6789c907c9f3766"}
{"hasSchool":false,"level":"info","message":"✨ Authentication successful","role":"admin","timestamp":"2025-01-27T21:29:16.042Z","tokenExpiresIn":"1439.1159666666667 minutes","userId":"677bfe44f6789c907c9f3766"}
{"hasSchool":false,"level":"info","message":"✨ Authentication successful","role":"admin","timestamp":"2025-01-27T21:29:18.309Z","tokenExpiresIn":"1439.0781833333335 minutes","userId":"677bfe44f6789c907c9f3766"}
{"hasSchool":false,"level":"info","message":"✨ Authentication successful","role":"admin","timestamp":"2025-01-27T21:29:18.328Z","tokenExpiresIn":"1439.0778666666668 minutes","userId":"677bfe44f6789c907c9f3766"}
{"hasSchool":false,"level":"info","message":"✨ Authentication successful","role":"admin","timestamp":"2025-01-27T21:29:18.349Z","tokenExpiresIn":"1439.0775166666667 minutes","userId":"677bfe44f6789c907c9f3766"}
{"hasSchool":false,"level":"info","message":"✨ Authentication successful","role":"admin","timestamp":"2025-01-27T21:29:18.363Z","tokenExpiresIn":"1439.0772833333333 minutes","userId":"677bfe44f6789c907c9f3766"}
{"hasSchool":false,"level":"info","message":"✨ Authentication successful","role":"admin","timestamp":"2025-01-27T21:29:24.667Z","tokenExpiresIn":"1438.9722166666666 minutes","userId":"677bfe44f6789c907c9f3766"}
{"hasSchool":false,"level":"info","message":"✨ Authentication successful","role":"admin","timestamp":"2025-01-27T21:29:24.685Z","tokenExpiresIn":"1438.9719166666666 minutes","userId":"677bfe44f6789c907c9f3766"}
{"hasSchool":false,"level":"info","message":"✨ Authentication successful","role":"admin","timestamp":"2025-01-27T21:29:24.710Z","tokenExpiresIn":"1438.9714999999999 minutes","userId":"677bfe44f6789c907c9f3766"}
{"hasSchool":false,"level":"info","message":"✨ Authentication successful","role":"admin","timestamp":"2025-01-27T21:29:24.716Z","tokenExpiresIn":"1438.9714 minutes","userId":"677bfe44f6789c907c9f3766"}
{"hasSchool":false,"level":"info","message":"✨ Authentication successful","role":"admin","timestamp":"2025-01-27T21:29:30.417Z","tokenExpiresIn":"1438.8763833333333 minutes","userId":"677bfe44f6789c907c9f3766"}
{"hasSchool":false,"level":"info","message":"✨ Authentication successful","role":"admin","timestamp":"2025-01-27T21:29:30.433Z","tokenExpiresIn":"1438.8761166666666 minutes","userId":"677bfe44f6789c907c9f3766"}
{"hasSchool":false,"level":"info","message":"✨ Authentication successful","role":"admin","timestamp":"2025-01-27T21:29:30.449Z","tokenExpiresIn":"1438.8758500000001 minutes","userId":"677bfe44f6789c907c9f3766"}
{"hasSchool":false,"level":"info","message":"✨ Authentication successful","role":"admin","timestamp":"2025-01-27T21:29:30.465Z","tokenExpiresIn":"1438.8755833333335 minutes","userId":"677bfe44f6789c907c9f3766"}
{"hasSchool":false,"level":"info","message":"✨ Authentication successful","role":"admin","timestamp":"2025-01-27T21:29:36.790Z","tokenExpiresIn":"1438.7701666666667 minutes","userId":"677bfe44f6789c907c9f3766"}
{"error":"Cast to ObjectId failed for value \"undefined\" (type string) at path \"studentId\" for model \"Result\"","level":"error","message":"Error fetching student results:","studentId":"undefined","timestamp":"2025-01-27T21:29:36.802Z"}
{"duration":"49ms","ip":"::1","level":"warn","message":"Risposta inviata","method":"GET","requestId":"req_1738013376758_x6e7wlpkn","responseSize":"103 Bytes","statusCode":500,"timestamp":"2025-01-27T21:29:36.807Z","url":"/api/v1/tests/csi/results/student/undefined","userAgent":"Mozilla/5.0 (Windows NT 10.0; Win64; x64) AppleWebKit/537.36 (KHTML, like Gecko) Chrome/132.0.0.0 Safari/537.36 Edg/132.0.0.0"}
{"ip":"::1","level":"info","message":"Auth Route Called","method":"GET","path":"/api/v1/auth/verify","timestamp":"2025-01-27T21:29:42.470Z","userAgent":"Mozilla/5.0 (Windows NT 10.0; Win64; x64) AppleWebKit/537.36 (KHTML, like Gecko) Chrome/132.0.0.0 Safari/537.36 Edg/132.0.0.0"}
{"hasSchool":false,"level":"info","message":"✨ Authentication successful","role":"admin","timestamp":"2025-01-27T21:29:42.508Z","tokenExpiresIn":"1438.6748666666667 minutes","userId":"677bfe44f6789c907c9f3766"}
{"level":"info","message":"Verifica token in corso per utente:","timestamp":"2025-01-27T21:29:42.510Z","userId":"677bfe44f6789c907c9f3766"}
{"hasSchool":false,"level":"info","message":"✨ Authentication successful","role":"admin","timestamp":"2025-01-27T21:29:44.718Z","tokenExpiresIn":"1438.6380333333334 minutes","userId":"677bfe44f6789c907c9f3766"}
{"error":"Cast to ObjectId failed for value \"undefined\" (type string) at path \"studentId\" for model \"Result\"","level":"error","message":"Error fetching student results:","studentId":"undefined","timestamp":"2025-01-27T21:29:44.721Z"}
{"duration":"38ms","ip":"::1","level":"warn","message":"Risposta inviata","method":"GET","requestId":"req_1738013384684_ahpf1aylr","responseSize":"103 Bytes","statusCode":500,"timestamp":"2025-01-27T21:29:44.723Z","url":"/api/v1/tests/csi/results/student/undefined","userAgent":"Mozilla/5.0 (Windows NT 10.0; Win64; x64) AppleWebKit/537.36 (KHTML, like Gecko) Chrome/132.0.0.0 Safari/537.36 Edg/132.0.0.0"}
{"ip":"::1","level":"info","message":"Auth Route Called","method":"GET","path":"/api/v1/auth/verify","timestamp":"2025-01-27T21:31:24.175Z","userAgent":"Mozilla/5.0 (Windows NT 10.0; Win64; x64) AppleWebKit/537.36 (KHTML, like Gecko) Chrome/132.0.0.0 Safari/537.36 Edg/132.0.0.0"}
{"hasSchool":false,"level":"info","message":"✨ Authentication successful","role":"admin","timestamp":"2025-01-27T21:31:24.210Z","tokenExpiresIn":"1436.9798333333333 minutes","userId":"677bfe44f6789c907c9f3766"}
{"level":"info","message":"Verifica token in corso per utente:","timestamp":"2025-01-27T21:31:24.211Z","userId":"677bfe44f6789c907c9f3766"}
{"ip":"::1","level":"info","message":"Auth Route Called","method":"GET","path":"/api/v1/auth/verify","timestamp":"2025-01-27T21:37:26.312Z","userAgent":"Mozilla/5.0 (Windows NT 10.0; Win64; x64) AppleWebKit/537.36 (KHTML, like Gecko) Chrome/132.0.0.0 Safari/537.36 Edg/132.0.0.0"}
{"hasSchool":false,"level":"info","message":"✨ Authentication successful","role":"admin","timestamp":"2025-01-27T21:37:26.344Z","tokenExpiresIn":"1430.9442666666666 minutes","userId":"677bfe44f6789c907c9f3766"}
{"level":"info","message":"Verifica token in corso per utente:","timestamp":"2025-01-27T21:37:26.345Z","userId":"677bfe44f6789c907c9f3766"}
{"hasSchool":false,"level":"info","message":"✨ Authentication successful","role":"admin","timestamp":"2025-01-27T21:37:27.866Z","tokenExpiresIn":"1430.9189000000001 minutes","userId":"677bfe44f6789c907c9f3766"}
{"error":"Cast to ObjectId failed for value \"undefined\" (type string) at path \"studentId\" for model \"Result\"","level":"error","message":"Error fetching student results:","studentId":"undefined","timestamp":"2025-01-27T21:37:27.869Z"}
{"duration":"43ms","ip":"::1","level":"warn","message":"Risposta inviata","method":"GET","requestId":"req_1738013847828_tttcbt19a","responseSize":"103 Bytes","statusCode":500,"timestamp":"2025-01-27T21:37:27.871Z","url":"/api/v1/tests/csi/results/student/undefined","userAgent":"Mozilla/5.0 (Windows NT 10.0; Win64; x64) AppleWebKit/537.36 (KHTML, like Gecko) Chrome/132.0.0.0 Safari/537.36 Edg/132.0.0.0"}
{"hasSchool":false,"level":"info","message":"✨ Authentication successful","role":"admin","timestamp":"2025-01-27T21:37:30.022Z","tokenExpiresIn":"1430.8829666666668 minutes","userId":"677bfe44f6789c907c9f3766"}
{"hasSchool":false,"level":"info","message":"✨ Authentication successful","role":"admin","timestamp":"2025-01-27T21:37:30.041Z","tokenExpiresIn":"1430.88265 minutes","userId":"677bfe44f6789c907c9f3766"}
{"hasSchool":false,"level":"info","message":"✨ Authentication successful","role":"admin","timestamp":"2025-01-27T21:37:30.056Z","tokenExpiresIn":"1430.8824 minutes","userId":"677bfe44f6789c907c9f3766"}
{"hasSchool":false,"level":"info","message":"✨ Authentication successful","role":"admin","timestamp":"2025-01-27T21:37:30.071Z","tokenExpiresIn":"1430.8821500000001 minutes","userId":"677bfe44f6789c907c9f3766"}
{"hasSchool":false,"level":"info","message":"✨ Authentication successful","role":"admin","timestamp":"2025-01-27T21:37:30.079Z","tokenExpiresIn":"1430.8820333333335 minutes","userId":"677bfe44f6789c907c9f3766"}
{"hasSchool":false,"level":"info","message":"✨ Authentication successful","role":"admin","timestamp":"2025-01-27T21:37:30.086Z","tokenExpiresIn":"1430.8819 minutes","userId":"677bfe44f6789c907c9f3766"}
{"hasSchool":false,"level":"info","message":"✨ Authentication successful","role":"admin","timestamp":"2025-01-27T21:37:30.207Z","tokenExpiresIn":"1430.8798833333335 minutes","userId":"677bfe44f6789c907c9f3766"}
{"hasSchool":false,"level":"info","message":"✨ Authentication successful","role":"admin","timestamp":"2025-01-27T21:37:30.235Z","tokenExpiresIn":"1430.8794166666667 minutes","userId":"677bfe44f6789c907c9f3766"}
{"hasSchool":false,"level":"info","message":"✨ Authentication successful","role":"admin","timestamp":"2025-01-27T21:37:30.271Z","tokenExpiresIn":"1430.8788166666668 minutes","userId":"677bfe44f6789c907c9f3766"}
{"hasSchool":false,"level":"info","message":"✨ Authentication successful","role":"admin","timestamp":"2025-01-27T21:37:30.279Z","tokenExpiresIn":"1430.8786833333334 minutes","userId":"677bfe44f6789c907c9f3766"}
{"hasSchool":false,"level":"info","message":"✨ Authentication successful","role":"admin","timestamp":"2025-01-27T21:37:30.347Z","tokenExpiresIn":"1430.8775500000002 minutes","userId":"677bfe44f6789c907c9f3766"}
{"hasSchool":false,"level":"info","message":"✨ Authentication successful","role":"admin","timestamp":"2025-01-27T21:37:30.384Z","tokenExpiresIn":"1430.8769333333332 minutes","userId":"677bfe44f6789c907c9f3766"}
{"hasSchool":false,"level":"info","message":"✨ Authentication successful","role":"admin","timestamp":"2025-01-27T21:37:51.094Z","tokenExpiresIn":"1430.5317666666667 minutes","userId":"677bfe44f6789c907c9f3766"}
{"hasSchool":false,"level":"info","message":"✨ Authentication successful","role":"admin","timestamp":"2025-01-27T21:37:51.147Z","tokenExpiresIn":"1430.5308833333333 minutes","userId":"677bfe44f6789c907c9f3766"}
{"hasSchool":false,"level":"info","message":"✨ Authentication successful","role":"admin","timestamp":"2025-01-27T21:37:56.299Z","tokenExpiresIn":"1430.4450166666668 minutes","userId":"677bfe44f6789c907c9f3766"}
{"hasSchool":false,"level":"info","message":"✨ Authentication successful","role":"admin","timestamp":"2025-01-27T21:37:56.318Z","tokenExpiresIn":"1430.4447 minutes","userId":"677bfe44f6789c907c9f3766"}
{"hasSchool":false,"level":"info","message":"✨ Authentication successful","role":"admin","timestamp":"2025-01-27T21:37:56.337Z","tokenExpiresIn":"1430.4443833333332 minutes","userId":"677bfe44f6789c907c9f3766"}
{"hasSchool":false,"level":"info","message":"✨ Authentication successful","role":"admin","timestamp":"2025-01-27T21:37:56.354Z","tokenExpiresIn":"1430.4441 minutes","userId":"677bfe44f6789c907c9f3766"}
{"hasSchool":false,"level":"info","message":"✨ Authentication successful","role":"admin","timestamp":"2025-01-27T21:37:59.479Z","tokenExpiresIn":"1430.3920166666664 minutes","userId":"677bfe44f6789c907c9f3766"}
{"hasSchool":false,"level":"info","message":"✨ Authentication successful","role":"admin","timestamp":"2025-01-27T21:37:59.510Z","tokenExpiresIn":"1430.3915000000002 minutes","userId":"677bfe44f6789c907c9f3766"}
{"hasSchool":false,"level":"info","message":"✨ Authentication successful","role":"admin","timestamp":"2025-01-27T21:38:01.347Z","tokenExpiresIn":"1430.3609 minutes","userId":"677bfe44f6789c907c9f3766"}
{"hasSchool":false,"level":"info","message":"✨ Authentication successful","role":"admin","timestamp":"2025-01-27T21:38:01.365Z","tokenExpiresIn":"1430.3605833333334 minutes","userId":"677bfe44f6789c907c9f3766"}
{"hasSchool":false,"level":"info","message":"✨ Authentication successful","role":"admin","timestamp":"2025-01-27T21:38:01.383Z","tokenExpiresIn":"1430.3602833333332 minutes","userId":"677bfe44f6789c907c9f3766"}
{"hasSchool":false,"level":"info","message":"✨ Authentication successful","role":"admin","timestamp":"2025-01-27T21:38:01.398Z","tokenExpiresIn":"1430.3600333333334 minutes","userId":"677bfe44f6789c907c9f3766"}
{"hasSchool":false,"level":"info","message":"✨ Authentication successful","role":"admin","timestamp":"2025-01-27T21:38:02.675Z","tokenExpiresIn":"1430.33875 minutes","userId":"677bfe44f6789c907c9f3766"}
{"hasSchool":false,"level":"info","message":"✨ Authentication successful","role":"admin","timestamp":"2025-01-27T21:38:02.730Z","tokenExpiresIn":"1430.3378333333335 minutes","userId":"677bfe44f6789c907c9f3766"}
{"hasSchool":false,"level":"info","message":"✨ Authentication successful","role":"admin","timestamp":"2025-01-27T21:38:07.904Z","tokenExpiresIn":"1430.2516 minutes","userId":"677bfe44f6789c907c9f3766"}
{"hasSchool":false,"level":"info","message":"✨ Authentication successful","role":"admin","timestamp":"2025-01-27T21:38:07.933Z","tokenExpiresIn":"1430.2511166666666 minutes","userId":"677bfe44f6789c907c9f3766"}
{"hasSchool":false,"level":"info","message":"✨ Authentication successful","role":"admin","timestamp":"2025-01-27T21:38:10.376Z","tokenExpiresIn":"1430.2104166666666 minutes","userId":"677bfe44f6789c907c9f3766"}
{"hasSchool":false,"level":"info","message":"✨ Authentication successful","role":"admin","timestamp":"2025-01-27T21:38:10.421Z","tokenExpiresIn":"1430.20965 minutes","userId":"677bfe44f6789c907c9f3766"}
{"ip":"::1","level":"info","message":"Auth Route Called","method":"GET","path":"/api/v1/auth/verify","timestamp":"2025-01-27T21:38:12.813Z","userAgent":"Mozilla/5.0 (Windows NT 10.0; Win64; x64) AppleWebKit/537.36 (KHTML, like Gecko) Chrome/132.0.0.0 Safari/537.36 Edg/132.0.0.0"}
{"hasSchool":false,"level":"info","message":"✨ Authentication successful","role":"admin","timestamp":"2025-01-27T21:38:12.848Z","tokenExpiresIn":"1430.1692 minutes","userId":"677bfe44f6789c907c9f3766"}
{"level":"info","message":"Verifica token in corso per utente:","timestamp":"2025-01-27T21:38:12.850Z","userId":"677bfe44f6789c907c9f3766"}
{"hasSchool":false,"level":"info","message":"✨ Authentication successful","role":"admin","timestamp":"2025-01-27T21:38:13.096Z","tokenExpiresIn":"1430.1650666666667 minutes","userId":"677bfe44f6789c907c9f3766"}
{"hasSchool":false,"level":"info","message":"✨ Authentication successful","role":"admin","timestamp":"2025-01-27T21:38:13.139Z","tokenExpiresIn":"1430.16435 minutes","userId":"677bfe44f6789c907c9f3766"}
{"hasSchool":false,"level":"info","message":"✨ Authentication successful","role":"admin","timestamp":"2025-01-27T21:38:17.392Z","tokenExpiresIn":"1430.0934666666665 minutes","userId":"677bfe44f6789c907c9f3766"}
{"hasSchool":false,"level":"info","message":"✨ Authentication successful","role":"admin","timestamp":"2025-01-27T21:38:17.434Z","tokenExpiresIn":"1430.0927666666669 minutes","userId":"677bfe44f6789c907c9f3766"}
{"hasSchool":false,"level":"info","message":"✨ Authentication successful","role":"admin","timestamp":"2025-01-27T21:38:23.791Z","tokenExpiresIn":"1429.9868166666668 minutes","userId":"677bfe44f6789c907c9f3766"}
{"hasSchool":false,"level":"info","message":"✨ Authentication successful","role":"admin","timestamp":"2025-01-27T21:38:23.823Z","tokenExpiresIn":"1429.9862833333332 minutes","userId":"677bfe44f6789c907c9f3766"}
{"classesReactivated":3,"level":"info","message":"Sezione e classi riattivate con successo:","schoolId":"6794b5f6b31aa0c17d37f371","sectionName":"A","timestamp":"2025-01-27T21:38:24.084Z"}
{"classesReactivated":3,"level":"info","message":"Sezione riattivata con successo:","schoolId":"6794b5f6b31aa0c17d37f371","sectionName":"A","timestamp":"2025-01-27T21:38:24.085Z"}
{"hasSchool":false,"level":"info","message":"✨ Authentication successful","role":"admin","timestamp":"2025-01-27T21:38:24.132Z","tokenExpiresIn":"1429.9811333333334 minutes","userId":"677bfe44f6789c907c9f3766"}
{"hasSchool":false,"level":"info","message":"✨ Authentication successful","role":"admin","timestamp":"2025-01-27T21:38:24.163Z","tokenExpiresIn":"1429.9806166666667 minutes","userId":"677bfe44f6789c907c9f3766"}
{"hasSchool":false,"level":"info","message":"✨ Authentication successful","role":"admin","timestamp":"2025-01-27T21:39:38.888Z","tokenExpiresIn":"1428.7351999999998 minutes","userId":"677bfe44f6789c907c9f3766"}
{"hasSchool":false,"level":"info","message":"✨ Authentication successful","role":"admin","timestamp":"2025-01-27T21:39:38.931Z","tokenExpiresIn":"1428.7344833333334 minutes","userId":"677bfe44f6789c907c9f3766"}
{"hasSchool":false,"level":"info","message":"✨ Authentication successful","role":"admin","timestamp":"2025-01-27T21:39:49.528Z","tokenExpiresIn":"1428.5578666666665 minutes","userId":"677bfe44f6789c907c9f3766"}
{"hasSchool":false,"level":"info","message":"✨ Authentication successful","role":"admin","timestamp":"2025-01-27T21:39:49.564Z","tokenExpiresIn":"1428.5572666666667 minutes","userId":"677bfe44f6789c907c9f3766"}
{"hasSchool":false,"level":"info","message":"✨ Authentication successful","role":"admin","timestamp":"2025-01-27T21:39:52.011Z","tokenExpiresIn":"1428.5164833333333 minutes","userId":"677bfe44f6789c907c9f3766"}
{"hasSchool":false,"level":"info","message":"✨ Authentication successful","role":"admin","timestamp":"2025-01-27T21:39:52.030Z","tokenExpiresIn":"1428.5161666666668 minutes","userId":"677bfe44f6789c907c9f3766"}
{"hasSchool":false,"level":"info","message":"✨ Authentication successful","role":"admin","timestamp":"2025-01-27T21:39:52.050Z","tokenExpiresIn":"1428.5158333333334 minutes","userId":"677bfe44f6789c907c9f3766"}
{"hasSchool":false,"level":"info","message":"✨ Authentication successful","role":"admin","timestamp":"2025-01-27T21:39:52.070Z","tokenExpiresIn":"1428.5155 minutes","userId":"677bfe44f6789c907c9f3766"}
{"hasSchool":false,"level":"info","message":"✨ Authentication successful","role":"admin","timestamp":"2025-01-27T21:39:52.081Z","tokenExpiresIn":"1428.5153166666666 minutes","userId":"677bfe44f6789c907c9f3766"}
{"hasSchool":false,"level":"info","message":"✨ Authentication successful","role":"admin","timestamp":"2025-01-27T21:39:52.090Z","tokenExpiresIn":"1428.5151666666668 minutes","userId":"677bfe44f6789c907c9f3766"}
{"hasSchool":false,"level":"info","message":"✨ Authentication successful","role":"admin","timestamp":"2025-01-27T21:39:52.271Z","tokenExpiresIn":"1428.51215 minutes","userId":"677bfe44f6789c907c9f3766"}
{"hasSchool":false,"level":"info","message":"✨ Authentication successful","role":"admin","timestamp":"2025-01-27T21:39:52.301Z","tokenExpiresIn":"1428.51165 minutes","userId":"677bfe44f6789c907c9f3766"}
{"hasSchool":false,"level":"info","message":"✨ Authentication successful","role":"admin","timestamp":"2025-01-27T21:39:54.905Z","tokenExpiresIn":"1428.4682500000001 minutes","userId":"677bfe44f6789c907c9f3766"}
{"error":"Cast to ObjectId failed for value \"undefined\" (type string) at path \"studentId\" for model \"Result\"","level":"error","message":"Error fetching student results:","studentId":"undefined","timestamp":"2025-01-27T21:39:54.909Z"}
{"duration":"43ms","ip":"::1","level":"warn","message":"Risposta inviata","method":"GET","requestId":"req_1738013994868_se7t7nvxe","responseSize":"103 Bytes","statusCode":500,"timestamp":"2025-01-27T21:39:54.911Z","url":"/api/v1/tests/csi/results/student/undefined","userAgent":"Mozilla/5.0 (Windows NT 10.0; Win64; x64) AppleWebKit/537.36 (KHTML, like Gecko) Chrome/132.0.0.0 Safari/537.36 Edg/132.0.0.0"}
{"hasSchool":false,"level":"info","message":"✨ Authentication successful","role":"admin","timestamp":"2025-01-27T21:39:59.086Z","tokenExpiresIn":"1428.3985666666667 minutes","userId":"677bfe44f6789c907c9f3766"}
{"hasSchool":false,"level":"info","message":"✨ Authentication successful","role":"admin","timestamp":"2025-01-27T21:39:59.099Z","tokenExpiresIn":"1428.39835 minutes","userId":"677bfe44f6789c907c9f3766"}
{"hasSchool":false,"level":"info","message":"✨ Authentication successful","role":"admin","timestamp":"2025-01-27T21:39:59.113Z","tokenExpiresIn":"1428.3981166666667 minutes","userId":"677bfe44f6789c907c9f3766"}
{"hasSchool":false,"level":"info","message":"✨ Authentication successful","role":"admin","timestamp":"2025-01-27T21:39:59.130Z","tokenExpiresIn":"1428.3978333333332 minutes","userId":"677bfe44f6789c907c9f3766"}
{"hasSchool":false,"level":"info","message":"✨ Authentication successful","role":"admin","timestamp":"2025-01-27T21:40:16.715Z","tokenExpiresIn":"1428.10475 minutes","userId":"677bfe44f6789c907c9f3766"}
{"error":"Cast to ObjectId failed for value \"undefined\" (type string) at path \"studentId\" for model \"Result\"","level":"error","message":"Error fetching student results:","studentId":"undefined","timestamp":"2025-01-27T21:40:16.721Z"}
{"duration":"52ms","ip":"::1","level":"warn","message":"Risposta inviata","method":"GET","requestId":"req_1738014016673_vzf4bpowx","responseSize":"103 Bytes","statusCode":500,"timestamp":"2025-01-27T21:40:16.726Z","url":"/api/v1/tests/csi/results/student/undefined","userAgent":"Mozilla/5.0 (Windows NT 10.0; Win64; x64) AppleWebKit/537.36 (KHTML, like Gecko) Chrome/132.0.0.0 Safari/537.36 Edg/132.0.0.0"}
{"hasSchool":false,"level":"info","message":"✨ Authentication successful","role":"admin","timestamp":"2025-01-27T21:40:59.510Z","tokenExpiresIn":"1427.3915000000002 minutes","userId":"677bfe44f6789c907c9f3766"}
{"hasSchool":false,"level":"info","message":"✨ Authentication successful","role":"admin","timestamp":"2025-01-27T21:40:59.522Z","tokenExpiresIn":"1427.3913 minutes","userId":"677bfe44f6789c907c9f3766"}
{"hasSchool":false,"level":"info","message":"✨ Authentication successful","role":"admin","timestamp":"2025-01-27T21:40:59.538Z","tokenExpiresIn":"1427.3910333333333 minutes","userId":"677bfe44f6789c907c9f3766"}
{"hasSchool":false,"level":"info","message":"✨ Authentication successful","role":"admin","timestamp":"2025-01-27T21:40:59.552Z","tokenExpiresIn":"1427.3908000000001 minutes","userId":"677bfe44f6789c907c9f3766"}
{"hasSchool":false,"level":"info","message":"✨ Authentication successful","role":"admin","timestamp":"2025-01-27T21:41:38.272Z","tokenExpiresIn":"1426.7454666666667 minutes","userId":"677bfe44f6789c907c9f3766"}
{"error":"Cast to ObjectId failed for value \"undefined\" (type string) at path \"studentId\" for model \"Result\"","level":"error","message":"Error fetching student results:","studentId":"undefined","timestamp":"2025-01-27T21:41:38.279Z"}
{"duration":"78ms","ip":"::1","level":"warn","message":"Risposta inviata","method":"GET","requestId":"req_1738014098206_8ven73tbg","responseSize":"103 Bytes","statusCode":500,"timestamp":"2025-01-27T21:41:38.284Z","url":"/api/v1/tests/csi/results/student/undefined","userAgent":"Mozilla/5.0 (Windows NT 10.0; Win64; x64) AppleWebKit/537.36 (KHTML, like Gecko) Chrome/132.0.0.0 Safari/537.36 Edg/132.0.0.0"}
{"ip":"::1","level":"info","message":"Auth Route Called","method":"GET","path":"/api/v1/auth/verify","timestamp":"2025-01-27T21:41:42.447Z","userAgent":"Mozilla/5.0 (Windows NT 10.0; Win64; x64) AppleWebKit/537.36 (KHTML, like Gecko) Chrome/132.0.0.0 Safari/537.36 Edg/132.0.0.0"}
{"hasSchool":false,"level":"info","message":"✨ Authentication successful","role":"admin","timestamp":"2025-01-27T21:41:42.482Z","tokenExpiresIn":"1426.6752999999999 minutes","userId":"677bfe44f6789c907c9f3766"}
{"level":"info","message":"Verifica token in corso per utente:","timestamp":"2025-01-27T21:41:42.484Z","userId":"677bfe44f6789c907c9f3766"}
{"hasSchool":false,"level":"info","message":"✨ Authentication successful","role":"admin","timestamp":"2025-01-27T21:41:44.110Z","tokenExpiresIn":"1426.6481666666666 minutes","userId":"677bfe44f6789c907c9f3766"}
{"error":"Cast to ObjectId failed for value \"undefined\" (type string) at path \"studentId\" for model \"Result\"","level":"error","message":"Error fetching student results:","studentId":"undefined","timestamp":"2025-01-27T21:41:44.116Z"}
{"duration":"53ms","ip":"::1","level":"warn","message":"Risposta inviata","method":"GET","requestId":"req_1738014104068_58u4xflj4","responseSize":"103 Bytes","statusCode":500,"timestamp":"2025-01-27T21:41:44.121Z","url":"/api/v1/tests/csi/results/student/undefined","userAgent":"Mozilla/5.0 (Windows NT 10.0; Win64; x64) AppleWebKit/537.36 (KHTML, like Gecko) Chrome/132.0.0.0 Safari/537.36 Edg/132.0.0.0"}
{"hasSchool":false,"level":"info","message":"✨ Authentication successful","role":"admin","timestamp":"2025-01-27T21:41:47.210Z","tokenExpiresIn":"1426.5964999999999 minutes","userId":"677bfe44f6789c907c9f3766"}
{"hasSchool":false,"level":"info","message":"✨ Authentication successful","role":"admin","timestamp":"2025-01-27T21:41:47.223Z","tokenExpiresIn":"1426.5962833333333 minutes","userId":"677bfe44f6789c907c9f3766"}
{"hasSchool":false,"level":"info","message":"✨ Authentication successful","role":"admin","timestamp":"2025-01-27T21:41:47.237Z","tokenExpiresIn":"1426.59605 minutes","userId":"677bfe44f6789c907c9f3766"}
{"hasSchool":false,"level":"info","message":"✨ Authentication successful","role":"admin","timestamp":"2025-01-27T21:41:47.250Z","tokenExpiresIn":"1426.5958333333333 minutes","userId":"677bfe44f6789c907c9f3766"}
{"hasSchool":false,"level":"info","message":"✨ Authentication successful","role":"admin","timestamp":"2025-01-27T21:41:47.257Z","tokenExpiresIn":"1426.5957166666667 minutes","userId":"677bfe44f6789c907c9f3766"}
{"hasSchool":false,"level":"info","message":"✨ Authentication successful","role":"admin","timestamp":"2025-01-27T21:41:47.265Z","tokenExpiresIn":"1426.5955833333333 minutes","userId":"677bfe44f6789c907c9f3766"}
{"hasSchool":false,"level":"info","message":"✨ Authentication successful","role":"admin","timestamp":"2025-01-27T21:41:47.381Z","tokenExpiresIn":"1426.59365 minutes","userId":"677bfe44f6789c907c9f3766"}
{"hasSchool":false,"level":"info","message":"✨ Authentication successful","role":"admin","timestamp":"2025-01-27T21:41:47.395Z","tokenExpiresIn":"1426.5934166666666 minutes","userId":"677bfe44f6789c907c9f3766"}
{"hasSchool":false,"level":"info","message":"✨ Authentication successful","role":"admin","timestamp":"2025-01-27T21:41:47.408Z","tokenExpiresIn":"1426.5932 minutes","userId":"677bfe44f6789c907c9f3766"}
{"hasSchool":false,"level":"info","message":"✨ Authentication successful","role":"admin","timestamp":"2025-01-27T21:41:47.424Z","tokenExpiresIn":"1426.5929333333333 minutes","userId":"677bfe44f6789c907c9f3766"}
{"hasSchool":false,"level":"info","message":"✨ Authentication successful","role":"admin","timestamp":"2025-01-27T21:41:47.483Z","tokenExpiresIn":"1426.5919500000002 minutes","userId":"677bfe44f6789c907c9f3766"}
{"hasSchool":false,"level":"info","message":"✨ Authentication successful","role":"admin","timestamp":"2025-01-27T21:41:47.512Z","tokenExpiresIn":"1426.5914666666665 minutes","userId":"677bfe44f6789c907c9f3766"}
{"hasSchool":false,"level":"info","message":"✨ Authentication successful","role":"admin","timestamp":"2025-01-27T21:41:49.665Z","tokenExpiresIn":"1426.5555833333335 minutes","userId":"677bfe44f6789c907c9f3766"}
{"hasSchool":false,"level":"info","message":"✨ Authentication successful","role":"admin","timestamp":"2025-01-27T21:41:49.693Z","tokenExpiresIn":"1426.5551166666667 minutes","userId":"677bfe44f6789c907c9f3766"}
{"hasSchool":false,"level":"info","message":"✨ Authentication successful","role":"admin","timestamp":"2025-01-27T21:41:52.837Z","tokenExpiresIn":"1426.5027166666666 minutes","userId":"677bfe44f6789c907c9f3766"}
{"hasSchool":false,"level":"info","message":"✨ Authentication successful","role":"admin","timestamp":"2025-01-27T21:41:52.872Z","tokenExpiresIn":"1426.5021333333332 minutes","userId":"677bfe44f6789c907c9f3766"}
{"hasSchool":false,"level":"info","message":"✨ Authentication successful","role":"admin","timestamp":"2025-01-27T21:41:55.033Z","tokenExpiresIn":"1426.4661166666667 minutes","userId":"677bfe44f6789c907c9f3766"}
{"hasSchool":false,"level":"info","message":"✨ Authentication successful","role":"admin","timestamp":"2025-01-27T21:41:55.067Z","tokenExpiresIn":"1426.4655500000001 minutes","userId":"677bfe44f6789c907c9f3766"}
{"hasSchool":false,"level":"info","message":"✨ Authentication successful","role":"admin","timestamp":"2025-01-27T21:42:00.097Z","tokenExpiresIn":"1426.3817166666668 minutes","userId":"677bfe44f6789c907c9f3766"}
{"hasSchool":false,"level":"info","message":"✨ Authentication successful","role":"admin","timestamp":"2025-01-27T21:42:00.125Z","tokenExpiresIn":"1426.38125 minutes","userId":"677bfe44f6789c907c9f3766"}
{"hasSchool":false,"level":"info","message":"✨ Authentication successful","role":"admin","timestamp":"2025-01-27T21:42:10.455Z","tokenExpiresIn":"1426.2090833333334 minutes","userId":"677bfe44f6789c907c9f3766"}
{"hasSchool":false,"level":"info","message":"✨ Authentication successful","role":"admin","timestamp":"2025-01-27T21:42:10.487Z","tokenExpiresIn":"1426.20855 minutes","userId":"677bfe44f6789c907c9f3766"}
{"hasSchool":false,"level":"info","message":"✨ Authentication successful","role":"admin","timestamp":"2025-01-27T21:43:08.480Z","tokenExpiresIn":"1425.242 minutes","userId":"677bfe44f6789c907c9f3766"}
{"hasSchool":false,"level":"info","message":"✨ Authentication successful","role":"admin","timestamp":"2025-01-27T21:43:08.514Z","tokenExpiresIn":"1425.2414333333334 minutes","userId":"677bfe44f6789c907c9f3766"}
{"hasSchool":false,"level":"info","message":"✨ Authentication successful","role":"admin","timestamp":"2025-01-27T21:43:10.786Z","tokenExpiresIn":"1425.2035666666668 minutes","userId":"677bfe44f6789c907c9f3766"}
{"hasSchool":false,"level":"info","message":"✨ Authentication successful","role":"admin","timestamp":"2025-01-27T21:43:10.820Z","tokenExpiresIn":"1425.203 minutes","userId":"677bfe44f6789c907c9f3766"}
{"hasSchool":false,"level":"info","message":"✨ Authentication successful","role":"admin","timestamp":"2025-01-27T21:43:14.858Z","tokenExpiresIn":"1425.1357 minutes","userId":"677bfe44f6789c907c9f3766"}
{"hasSchool":false,"level":"info","message":"✨ Authentication successful","role":"admin","timestamp":"2025-01-27T21:43:14.906Z","tokenExpiresIn":"1425.1349 minutes","userId":"677bfe44f6789c907c9f3766"}
{"level":"info","message":"Sezione disattivata con successo:","schoolId":"678c38a771d2e167491cc0a3","sectionName":"A","studentsUpdated":0,"timestamp":"2025-01-27T21:43:15.514Z"}
{"hasSchool":false,"level":"info","message":"✨ Authentication successful","role":"admin","timestamp":"2025-01-27T21:43:15.589Z","tokenExpiresIn":"1425.1235333333332 minutes","userId":"677bfe44f6789c907c9f3766"}
{"hasSchool":false,"level":"info","message":"✨ Authentication successful","role":"admin","timestamp":"2025-01-27T21:43:15.642Z","tokenExpiresIn":"1425.1226333333332 minutes","userId":"677bfe44f6789c907c9f3766"}
{"hasSchool":false,"level":"info","message":"✨ Authentication successful","role":"admin","timestamp":"2025-01-27T21:43:18.013Z","tokenExpiresIn":"1425.0831166666665 minutes","userId":"677bfe44f6789c907c9f3766"}
{"hasSchool":false,"level":"info","message":"✨ Authentication successful","role":"admin","timestamp":"2025-01-27T21:43:18.051Z","tokenExpiresIn":"1425.0824833333331 minutes","userId":"677bfe44f6789c907c9f3766"}
{"level":"info","message":"Sezione disattivata con successo:","schoolId":"678c38a771d2e167491cc0a3","sectionName":"B","studentsUpdated":0,"timestamp":"2025-01-27T21:43:18.575Z"}
{"hasSchool":false,"level":"info","message":"✨ Authentication successful","role":"admin","timestamp":"2025-01-27T21:43:18.654Z","tokenExpiresIn":"1425.0724333333335 minutes","userId":"677bfe44f6789c907c9f3766"}
{"hasSchool":false,"level":"info","message":"✨ Authentication successful","role":"admin","timestamp":"2025-01-27T21:43:18.703Z","tokenExpiresIn":"1425.0716166666668 minutes","userId":"677bfe44f6789c907c9f3766"}
{"hasSchool":false,"level":"info","message":"✨ Authentication successful","role":"admin","timestamp":"2025-01-27T21:43:20.855Z","tokenExpiresIn":"1425.03575 minutes","userId":"677bfe44f6789c907c9f3766"}
{"hasSchool":false,"level":"info","message":"✨ Authentication successful","role":"admin","timestamp":"2025-01-27T21:43:20.914Z","tokenExpiresIn":"1425.0347666666667 minutes","userId":"677bfe44f6789c907c9f3766"}
{"level":"info","message":"Sezione disattivata con successo:","schoolId":"678c38a771d2e167491cc0a3","sectionName":"C","studentsUpdated":0,"timestamp":"2025-01-27T21:43:21.472Z"}
{"hasSchool":false,"level":"info","message":"✨ Authentication successful","role":"admin","timestamp":"2025-01-27T21:43:21.567Z","tokenExpiresIn":"1425.0238833333335 minutes","userId":"677bfe44f6789c907c9f3766"}
{"hasSchool":false,"level":"info","message":"✨ Authentication successful","role":"admin","timestamp":"2025-01-27T21:43:21.620Z","tokenExpiresIn":"1425.0230000000001 minutes","userId":"677bfe44f6789c907c9f3766"}
{"hasSchool":false,"level":"info","message":"✨ Authentication successful","role":"admin","timestamp":"2025-01-27T21:43:23.510Z","tokenExpiresIn":"1424.9915 minutes","userId":"677bfe44f6789c907c9f3766"}
{"hasSchool":false,"level":"info","message":"✨ Authentication successful","role":"admin","timestamp":"2025-01-27T21:43:23.558Z","tokenExpiresIn":"1424.9906999999998 minutes","userId":"677bfe44f6789c907c9f3766"}
{"level":"info","message":"Sezione disattivata con successo:","schoolId":"678c38a771d2e167491cc0a3","sectionName":"D","studentsUpdated":0,"timestamp":"2025-01-27T21:43:24.115Z"}
{"hasSchool":false,"level":"info","message":"✨ Authentication successful","role":"admin","timestamp":"2025-01-27T21:43:24.193Z","tokenExpiresIn":"1424.9801166666666 minutes","userId":"677bfe44f6789c907c9f3766"}
{"hasSchool":false,"level":"info","message":"✨ Authentication successful","role":"admin","timestamp":"2025-01-27T21:43:24.245Z","tokenExpiresIn":"1424.97925 minutes","userId":"677bfe44f6789c907c9f3766"}
{"hasSchool":false,"level":"info","message":"✨ Authentication successful","role":"admin","timestamp":"2025-01-27T21:43:26.177Z","tokenExpiresIn":"1424.94705 minutes","userId":"677bfe44f6789c907c9f3766"}
{"hasSchool":false,"level":"info","message":"✨ Authentication successful","role":"admin","timestamp":"2025-01-27T21:43:26.228Z","tokenExpiresIn":"1424.9461999999999 minutes","userId":"677bfe44f6789c907c9f3766"}
{"level":"info","message":"Sezione disattivata con successo:","schoolId":"678c38a771d2e167491cc0a3","sectionName":"E","studentsUpdated":0,"timestamp":"2025-01-27T21:43:26.681Z"}
{"hasSchool":false,"level":"info","message":"✨ Authentication successful","role":"admin","timestamp":"2025-01-27T21:43:26.753Z","tokenExpiresIn":"1424.9374500000001 minutes","userId":"677bfe44f6789c907c9f3766"}
{"hasSchool":false,"level":"info","message":"✨ Authentication successful","role":"admin","timestamp":"2025-01-27T21:43:26.821Z","tokenExpiresIn":"1424.9363166666667 minutes","userId":"677bfe44f6789c907c9f3766"}
{"hasSchool":false,"level":"info","message":"✨ Authentication successful","role":"admin","timestamp":"2025-01-27T21:43:28.717Z","tokenExpiresIn":"1424.9047166666667 minutes","userId":"677bfe44f6789c907c9f3766"}
{"hasSchool":false,"level":"info","message":"✨ Authentication successful","role":"admin","timestamp":"2025-01-27T21:43:28.753Z","tokenExpiresIn":"1424.9041166666668 minutes","userId":"677bfe44f6789c907c9f3766"}
{"hasSchool":false,"level":"info","message":"✨ Authentication successful","role":"admin","timestamp":"2025-01-27T21:43:31.480Z","tokenExpiresIn":"1424.8586666666667 minutes","userId":"677bfe44f6789c907c9f3766"}
{"hasSchool":false,"level":"info","message":"✨ Authentication successful","role":"admin","timestamp":"2025-01-27T21:43:31.511Z","tokenExpiresIn":"1424.85815 minutes","userId":"677bfe44f6789c907c9f3766"}
{"hasSchool":false,"level":"info","message":"✨ Authentication successful","role":"admin","timestamp":"2025-01-27T21:43:40.508Z","tokenExpiresIn":"1424.7082 minutes","userId":"677bfe44f6789c907c9f3766"}
{"hasSchool":false,"level":"info","message":"✨ Authentication successful","role":"admin","timestamp":"2025-01-27T21:43:40.540Z","tokenExpiresIn":"1424.7076666666667 minutes","userId":"677bfe44f6789c907c9f3766"}
{"hasSchool":false,"level":"info","message":"✨ Authentication successful","role":"admin","timestamp":"2025-01-27T21:43:44.442Z","tokenExpiresIn":"1424.6426333333334 minutes","userId":"677bfe44f6789c907c9f3766"}
{"hasSchool":false,"level":"info","message":"✨ Authentication successful","role":"admin","timestamp":"2025-01-27T21:43:44.474Z","tokenExpiresIn":"1424.6421 minutes","userId":"677bfe44f6789c907c9f3766"}
{"hasSchool":false,"level":"info","message":"✨ Authentication successful","role":"admin","timestamp":"2025-01-27T21:44:05.685Z","tokenExpiresIn":"1424.2885833333335 minutes","userId":"677bfe44f6789c907c9f3766"}
{"hasSchool":false,"level":"info","message":"✨ Authentication successful","role":"admin","timestamp":"2025-01-27T21:44:05.723Z","tokenExpiresIn":"1424.2879500000001 minutes","userId":"677bfe44f6789c907c9f3766"}
{"hasSchool":false,"level":"info","message":"✨ Authentication successful","role":"admin","timestamp":"2025-01-27T21:44:07.149Z","tokenExpiresIn":"1424.2641833333332 minutes","userId":"677bfe44f6789c907c9f3766"}
{"hasSchool":false,"level":"info","message":"✨ Authentication successful","role":"admin","timestamp":"2025-01-27T21:44:07.180Z","tokenExpiresIn":"1424.2636666666667 minutes","userId":"677bfe44f6789c907c9f3766"}
{"ip":"::1","level":"info","message":"Auth Route Called","method":"GET","path":"/api/v1/auth/verify","timestamp":"2025-01-27T21:57:56.966Z","userAgent":"Mozilla/5.0 (Windows NT 10.0; Win64; x64) AppleWebKit/537.36 (KHTML, like Gecko) Chrome/132.0.0.0 Safari/537.36 Edg/132.0.0.0"}
{"hasSchool":false,"level":"info","message":"✨ Authentication successful","role":"admin","timestamp":"2025-01-27T21:57:56.999Z","tokenExpiresIn":"1410.43335 minutes","userId":"677bfe44f6789c907c9f3766"}
{"level":"info","message":"Verifica token in corso per utente:","timestamp":"2025-01-27T21:57:57.000Z","userId":"677bfe44f6789c907c9f3766"}
{"ip":"::1","level":"info","message":"Auth Route Called","method":"GET","path":"/api/v1/auth/verify","timestamp":"2025-01-27T21:58:02.994Z","userAgent":"Mozilla/5.0 (Windows NT 10.0; Win64; x64) AppleWebKit/537.36 (KHTML, like Gecko) Chrome/132.0.0.0 Safari/537.36 Edg/132.0.0.0"}
{"hasSchool":false,"level":"info","message":"✨ Authentication successful","role":"admin","timestamp":"2025-01-27T21:58:03.028Z","tokenExpiresIn":"1410.3328666666666 minutes","userId":"677bfe44f6789c907c9f3766"}
{"level":"info","message":"Verifica token in corso per utente:","timestamp":"2025-01-27T21:58:03.029Z","userId":"677bfe44f6789c907c9f3766"}
{"ip":"::1","level":"info","message":"Auth Route Called","method":"GET","path":"/api/v1/auth/verify","timestamp":"2025-01-27T21:58:24.561Z","userAgent":"Mozilla/5.0 (Windows NT 10.0; Win64; x64) AppleWebKit/537.36 (KHTML, like Gecko) Chrome/132.0.0.0 Safari/537.36 Edg/132.0.0.0"}
{"hasSchool":false,"level":"info","message":"✨ Authentication successful","role":"admin","timestamp":"2025-01-27T21:58:24.595Z","tokenExpiresIn":"1409.9734166666667 minutes","userId":"677bfe44f6789c907c9f3766"}
{"level":"info","message":"Verifica token in corso per utente:","timestamp":"2025-01-27T21:58:24.596Z","userId":"677bfe44f6789c907c9f3766"}
{"ip":"::1","level":"info","message":"Auth Route Called","method":"GET","path":"/api/v1/auth/verify","timestamp":"2025-01-27T21:59:11.752Z","userAgent":"Mozilla/5.0 (Windows NT 10.0; Win64; x64) AppleWebKit/537.36 (KHTML, like Gecko) Chrome/132.0.0.0 Safari/537.36 Edg/132.0.0.0"}
{"hasSchool":false,"level":"info","message":"✨ Authentication successful","role":"admin","timestamp":"2025-01-27T21:59:11.790Z","tokenExpiresIn":"1409.1868333333334 minutes","userId":"677bfe44f6789c907c9f3766"}
{"level":"info","message":"Verifica token in corso per utente:","timestamp":"2025-01-27T21:59:11.791Z","userId":"677bfe44f6789c907c9f3766"}
{"ip":"::1","level":"info","message":"Auth Route Called","method":"GET","path":"/api/v1/auth/verify","timestamp":"2025-01-27T22:00:33.193Z","userAgent":"Mozilla/5.0 (Windows NT 10.0; Win64; x64) AppleWebKit/537.36 (KHTML, like Gecko) Chrome/132.0.0.0 Safari/537.36 Edg/132.0.0.0"}
{"hasSchool":false,"level":"info","message":"✨ Authentication successful","role":"admin","timestamp":"2025-01-27T22:00:33.230Z","tokenExpiresIn":"1407.8295 minutes","userId":"677bfe44f6789c907c9f3766"}
{"level":"info","message":"Verifica token in corso per utente:","timestamp":"2025-01-27T22:00:33.231Z","userId":"677bfe44f6789c907c9f3766"}
{"ip":"::1","level":"info","message":"Auth Route Called","method":"GET","path":"/api/v1/auth/verify","timestamp":"2025-01-27T22:01:00.368Z","userAgent":"Mozilla/5.0 (Windows NT 10.0; Win64; x64) AppleWebKit/537.36 (KHTML, like Gecko) Chrome/132.0.0.0 Safari/537.36 Edg/132.0.0.0"}
{"hasSchool":false,"level":"info","message":"✨ Authentication successful","role":"admin","timestamp":"2025-01-27T22:01:00.397Z","tokenExpiresIn":"1407.3767166666667 minutes","userId":"677bfe44f6789c907c9f3766"}
{"level":"info","message":"Verifica token in corso per utente:","timestamp":"2025-01-27T22:01:00.397Z","userId":"677bfe44f6789c907c9f3766"}
{"hasSchool":false,"level":"info","message":"✨ Authentication successful","role":"admin","timestamp":"2025-01-27T22:01:04.556Z","tokenExpiresIn":"1407.3074000000001 minutes","userId":"677bfe44f6789c907c9f3766"}
{"hasSchool":false,"level":"info","message":"✨ Authentication successful","role":"admin","timestamp":"2025-01-27T22:01:04.575Z","tokenExpiresIn":"1407.3070833333334 minutes","userId":"677bfe44f6789c907c9f3766"}
{"hasSchool":false,"level":"info","message":"✨ Authentication successful","role":"admin","timestamp":"2025-01-27T22:01:04.591Z","tokenExpiresIn":"1407.3068166666667 minutes","userId":"677bfe44f6789c907c9f3766"}
{"hasSchool":false,"level":"info","message":"✨ Authentication successful","role":"admin","timestamp":"2025-01-27T22:01:04.604Z","tokenExpiresIn":"1407.3066 minutes","userId":"677bfe44f6789c907c9f3766"}
{"hasSchool":false,"level":"info","message":"✨ Authentication successful","role":"admin","timestamp":"2025-01-27T22:01:04.611Z","tokenExpiresIn":"1407.3064833333333 minutes","userId":"677bfe44f6789c907c9f3766"}
{"hasSchool":false,"level":"info","message":"✨ Authentication successful","role":"admin","timestamp":"2025-01-27T22:01:04.620Z","tokenExpiresIn":"1407.3063333333334 minutes","userId":"677bfe44f6789c907c9f3766"}
{"hasSchool":false,"level":"info","message":"✨ Authentication successful","role":"admin","timestamp":"2025-01-27T22:01:04.776Z","tokenExpiresIn":"1407.3037333333334 minutes","userId":"677bfe44f6789c907c9f3766"}
{"hasSchool":false,"level":"info","message":"✨ Authentication successful","role":"admin","timestamp":"2025-01-27T22:01:04.790Z","tokenExpiresIn":"1407.3035000000002 minutes","userId":"677bfe44f6789c907c9f3766"}
{"hasSchool":false,"level":"info","message":"✨ Authentication successful","role":"admin","timestamp":"2025-01-27T22:01:04.805Z","tokenExpiresIn":"1407.3032500000002 minutes","userId":"677bfe44f6789c907c9f3766"}
{"hasSchool":false,"level":"info","message":"✨ Authentication successful","role":"admin","timestamp":"2025-01-27T22:01:04.820Z","tokenExpiresIn":"1407.3029999999999 minutes","userId":"677bfe44f6789c907c9f3766"}
{"hasSchool":false,"level":"info","message":"✨ Authentication successful","role":"admin","timestamp":"2025-01-27T22:01:04.879Z","tokenExpiresIn":"1407.3020166666668 minutes","userId":"677bfe44f6789c907c9f3766"}
{"hasSchool":false,"level":"info","message":"✨ Authentication successful","role":"admin","timestamp":"2025-01-27T22:01:04.910Z","tokenExpiresIn":"1407.3015 minutes","userId":"677bfe44f6789c907c9f3766"}
{"ip":"::1","level":"info","message":"Auth Route Called","method":"GET","path":"/api/v1/auth/verify","timestamp":"2025-01-27T22:01:11.534Z","userAgent":"Mozilla/5.0 (Windows NT 10.0; Win64; x64) AppleWebKit/537.36 (KHTML, like Gecko) Chrome/132.0.0.0 Safari/537.36 Edg/132.0.0.0"}
{"hasSchool":false,"level":"info","message":"✨ Authentication successful","role":"admin","timestamp":"2025-01-27T22:01:11.563Z","tokenExpiresIn":"1407.1906166666668 minutes","userId":"677bfe44f6789c907c9f3766"}
{"level":"info","message":"Verifica token in corso per utente:","timestamp":"2025-01-27T22:01:11.565Z","userId":"677bfe44f6789c907c9f3766"}
{"ip":"::1","level":"info","message":"Auth Route Called","method":"GET","path":"/api/v1/auth/verify","timestamp":"2025-01-27T22:05:59.533Z","userAgent":"Mozilla/5.0 (Windows NT 10.0; Win64; x64) AppleWebKit/537.36 (KHTML, like Gecko) Chrome/132.0.0.0 Safari/537.36 Edg/132.0.0.0"}
{"hasSchool":false,"level":"info","message":"✨ Authentication successful","role":"admin","timestamp":"2025-01-27T22:05:59.571Z","tokenExpiresIn":"1402.3904833333333 minutes","userId":"677bfe44f6789c907c9f3766"}
{"level":"info","message":"Verifica token in corso per utente:","timestamp":"2025-01-27T22:05:59.572Z","userId":"677bfe44f6789c907c9f3766"}
{"hasSchool":false,"level":"info","message":"✨ Authentication successful","role":"admin","timestamp":"2025-01-27T22:07:04.181Z","tokenExpiresIn":"1401.31365 minutes","userId":"677bfe44f6789c907c9f3766"}
{"hasSchool":false,"level":"info","message":"✨ Authentication successful","role":"admin","timestamp":"2025-01-27T22:07:04.237Z","tokenExpiresIn":"1401.3127166666668 minutes","userId":"677bfe44f6789c907c9f3766"}
{"hasSchool":false,"level":"info","message":"✨ Authentication successful","role":"admin","timestamp":"2025-01-27T22:07:05.245Z","tokenExpiresIn":"1401.2959166666667 minutes","userId":"677bfe44f6789c907c9f3766"}
{"hasSchool":false,"level":"info","message":"✨ Authentication successful","role":"admin","timestamp":"2025-01-27T22:07:05.276Z","tokenExpiresIn":"1401.2954 minutes","userId":"677bfe44f6789c907c9f3766"}
{"hasSchool":false,"level":"info","message":"✨ Authentication successful","role":"admin","timestamp":"2025-01-27T22:07:07.191Z","tokenExpiresIn":"1401.2634833333332 minutes","userId":"677bfe44f6789c907c9f3766"}
{"hasSchool":false,"level":"info","message":"✨ Authentication successful","role":"admin","timestamp":"2025-01-27T22:07:07.227Z","tokenExpiresIn":"1401.2628833333333 minutes","userId":"677bfe44f6789c907c9f3766"}
{"hasSchool":false,"level":"info","message":"✨ Authentication successful","role":"admin","timestamp":"2025-01-27T22:07:09.286Z","tokenExpiresIn":"1401.228566666667 minutes","userId":"677bfe44f6789c907c9f3766"}
{"hasSchool":false,"level":"info","message":"✨ Authentication successful","role":"admin","timestamp":"2025-01-27T22:07:09.305Z","tokenExpiresIn":"1401.2282500000001 minutes","userId":"677bfe44f6789c907c9f3766"}
{"hasSchool":false,"level":"info","message":"✨ Authentication successful","role":"admin","timestamp":"2025-01-27T22:07:09.324Z","tokenExpiresIn":"1401.2279333333333 minutes","userId":"677bfe44f6789c907c9f3766"}
{"hasSchool":false,"level":"info","message":"✨ Authentication successful","role":"admin","timestamp":"2025-01-27T22:07:09.341Z","tokenExpiresIn":"1401.22765 minutes","userId":"677bfe44f6789c907c9f3766"}
{"hasSchool":false,"level":"info","message":"✨ Authentication successful","role":"admin","timestamp":"2025-01-27T22:07:23.349Z","tokenExpiresIn":"1400.9941833333332 minutes","userId":"677bfe44f6789c907c9f3766"}
{"hasSchool":false,"level":"info","message":"✨ Authentication successful","role":"admin","timestamp":"2025-01-27T22:07:23.402Z","tokenExpiresIn":"1400.9932999999999 minutes","userId":"677bfe44f6789c907c9f3766"}
{"hasSchool":false,"level":"info","message":"✨ Authentication successful","role":"admin","timestamp":"2025-01-27T22:07:25.555Z","tokenExpiresIn":"1400.9574166666669 minutes","userId":"677bfe44f6789c907c9f3766"}
{"hasSchool":false,"level":"info","message":"✨ Authentication successful","role":"admin","timestamp":"2025-01-27T22:07:25.569Z","tokenExpiresIn":"1400.9571833333332 minutes","userId":"677bfe44f6789c907c9f3766"}
{"hasSchool":false,"level":"info","message":"✨ Authentication successful","role":"admin","timestamp":"2025-01-27T22:07:25.586Z","tokenExpiresIn":"1400.9569000000001 minutes","userId":"677bfe44f6789c907c9f3766"}
{"hasSchool":false,"level":"info","message":"✨ Authentication successful","role":"admin","timestamp":"2025-01-27T22:07:25.600Z","tokenExpiresIn":"1400.9566666666665 minutes","userId":"677bfe44f6789c907c9f3766"}
{"ip":"::1","level":"info","message":"Auth Route Called","method":"GET","path":"/api/v1/auth/verify","timestamp":"2025-01-27T22:11:49.900Z","userAgent":"Mozilla/5.0 (Windows NT 10.0; Win64; x64) AppleWebKit/537.36 (KHTML, like Gecko) Chrome/132.0.0.0 Safari/537.36 Edg/132.0.0.0"}
{"hasSchool":false,"level":"info","message":"✨ Authentication successful","role":"admin","timestamp":"2025-01-27T22:11:49.926Z","tokenExpiresIn":"1396.5512333333331 minutes","userId":"677bfe44f6789c907c9f3766"}
{"level":"info","message":"Verifica token in corso per utente:","timestamp":"2025-01-27T22:11:49.926Z","userId":"677bfe44f6789c907c9f3766"}
{"ip":"::1","level":"info","message":"Auth Route Called","method":"GET","path":"/api/v1/auth/verify","timestamp":"2025-01-27T22:16:40.618Z","userAgent":"Mozilla/5.0 (Windows NT 10.0; Win64; x64) AppleWebKit/537.36 (KHTML, like Gecko) Chrome/132.0.0.0 Safari/537.36 Edg/132.0.0.0"}
{"hasSchool":false,"level":"info","message":"✨ Authentication successful","role":"admin","timestamp":"2025-01-27T22:16:40.643Z","tokenExpiresIn":"1391.7059666666667 minutes","userId":"677bfe44f6789c907c9f3766"}
{"level":"info","message":"Verifica token in corso per utente:","timestamp":"2025-01-27T22:16:40.643Z","userId":"677bfe44f6789c907c9f3766"}
{"hasSchool":false,"level":"info","message":"✨ Authentication successful","role":"admin","timestamp":"2025-01-27T22:17:22.263Z","tokenExpiresIn":"1391.0122833333332 minutes","userId":"677bfe44f6789c907c9f3766"}
{"hasSchool":false,"level":"info","message":"✨ Authentication successful","role":"admin","timestamp":"2025-01-27T22:17:22.287Z","tokenExpiresIn":"1391.0118833333333 minutes","userId":"677bfe44f6789c907c9f3766"}
{"hasSchool":false,"level":"info","message":"✨ Authentication successful","role":"admin","timestamp":"2025-01-27T22:19:30.033Z","tokenExpiresIn":"1388.8827833333335 minutes","userId":"677bfe44f6789c907c9f3766"}
{"hasSchool":false,"level":"info","message":"✨ Authentication successful","role":"admin","timestamp":"2025-01-27T22:19:30.060Z","tokenExpiresIn":"1388.8823333333335 minutes","userId":"677bfe44f6789c907c9f3766"}
{"hasSchool":false,"level":"info","message":"✨ Authentication successful","role":"admin","timestamp":"2025-01-27T22:19:36.649Z","tokenExpiresIn":"1388.7725166666667 minutes","userId":"677bfe44f6789c907c9f3766"}
{"hasSchool":false,"level":"info","message":"✨ Authentication successful","role":"admin","timestamp":"2025-01-27T22:19:36.672Z","tokenExpiresIn":"1388.7721333333332 minutes","userId":"677bfe44f6789c907c9f3766"}
{"hasSchool":false,"level":"info","message":"✨ Authentication successful","role":"admin","timestamp":"2025-01-27T22:19:40.621Z","tokenExpiresIn":"1388.7063166666667 minutes","userId":"677bfe44f6789c907c9f3766"}
{"hasSchool":false,"level":"info","message":"✨ Authentication successful","role":"admin","timestamp":"2025-01-27T22:19:40.644Z","tokenExpiresIn":"1388.7059333333334 minutes","userId":"677bfe44f6789c907c9f3766"}
{"hasSchool":false,"level":"info","message":"✨ Authentication successful","role":"admin","timestamp":"2025-01-27T22:22:25.384Z","tokenExpiresIn":"1385.9602666666665 minutes","userId":"677bfe44f6789c907c9f3766"}
{"hasSchool":false,"level":"info","message":"✨ Authentication successful","role":"admin","timestamp":"2025-01-27T22:22:25.410Z","tokenExpiresIn":"1385.9598333333333 minutes","userId":"677bfe44f6789c907c9f3766"}
{"code":"AUTH_005","level":"error","message":"Solo i docenti possono accedere a questa risorsa","metadata":{},"status":403,"timestamp":"2025-01-27T22:22:25.419Z"}
{"error":"Solo i docenti possono accedere a questa risorsa","level":"error","message":"Student route error:","method":"GET","path":"/my-students","timestamp":"2025-01-27T22:22:25.431Z","userId":"677bfe44f6789c907c9f3766"}
{"body":{},"error":{"message":"Cannot read properties of undefined (reading 'code')","stack":"TypeError: Cannot read properties of undefined (reading 'code')\n    at C:\\Users\\ricca\\Desktop\\BSc\\src\\routes\\studentRoutes.js:144:60\n    at Layer.handle_error (C:\\Users\\ricca\\Desktop\\BSc\\node_modules\\express\\lib\\router\\layer.js:71:5)\n    at trim_prefix (C:\\Users\\ricca\\Desktop\\BSc\\node_modules\\express\\lib\\router\\index.js:326:13)\n    at C:\\Users\\ricca\\Desktop\\BSc\\node_modules\\express\\lib\\router\\index.js:286:9\n    at Function.process_params (C:\\Users\\ricca\\Desktop\\BSc\\node_modules\\express\\lib\\router\\index.js:346:12)\n    at next (C:\\Users\\ricca\\Desktop\\BSc\\node_modules\\express\\lib\\router\\index.js:280:10)\n    at next (C:\\Users\\ricca\\Desktop\\BSc\\node_modules\\express\\lib\\router\\route.js:141:14)\n    at StudentController.getMyStudents (C:\\Users\\ricca\\Desktop\\BSc\\src\\controllers\\studentController.js:185:13)\n    at Layer.handle [as handle_request] (C:\\Users\\ricca\\Desktop\\BSc\\node_modules\\express\\lib\\router\\layer.js:95:5)\n    at next (C:\\Users\\ricca\\Desktop\\BSc\\node_modules\\express\\lib\\router\\route.js:149:13)"},"level":"error","message":"Errore richiesta","method":"GET","query":{},"requestId":"req_1738016545350_05xkyhnar","timestamp":"2025-01-27T22:22:25.440Z","url":"/api/v1/students/my-students"}
{"level":"error","message":"Cannot read properties of undefined (reading 'code')","stack":"TypeError: Cannot read properties of undefined (reading 'code')\n    at C:\\Users\\ricca\\Desktop\\BSc\\src\\routes\\studentRoutes.js:144:60\n    at Layer.handle_error (C:\\Users\\ricca\\Desktop\\BSc\\node_modules\\express\\lib\\router\\layer.js:71:5)\n    at trim_prefix (C:\\Users\\ricca\\Desktop\\BSc\\node_modules\\express\\lib\\router\\index.js:326:13)\n    at C:\\Users\\ricca\\Desktop\\BSc\\node_modules\\express\\lib\\router\\index.js:286:9\n    at Function.process_params (C:\\Users\\ricca\\Desktop\\BSc\\node_modules\\express\\lib\\router\\index.js:346:12)\n    at next (C:\\Users\\ricca\\Desktop\\BSc\\node_modules\\express\\lib\\router\\index.js:280:10)\n    at next (C:\\Users\\ricca\\Desktop\\BSc\\node_modules\\express\\lib\\router\\route.js:141:14)\n    at StudentController.getMyStudents (C:\\Users\\ricca\\Desktop\\BSc\\src\\controllers\\studentController.js:185:13)\n    at Layer.handle [as handle_request] (C:\\Users\\ricca\\Desktop\\BSc\\node_modules\\express\\lib\\router\\layer.js:95:5)\n    at next (C:\\Users\\ricca\\Desktop\\BSc\\node_modules\\express\\lib\\router\\route.js:149:13)","timestamp":"2025-01-27T22:22:25.445Z"}
{"duration":"99ms","ip":"::1","level":"warn","message":"Risposta inviata","method":"GET","requestId":"req_1738016545350_05xkyhnar","responseSize":"1.28 KB","statusCode":500,"timestamp":"2025-01-27T22:22:25.450Z","url":"/api/v1/students/my-students","userAgent":"Mozilla/5.0 (Windows NT 10.0; Win64; x64) AppleWebKit/537.36 (KHTML, like Gecko) Chrome/132.0.0.0 Safari/537.36 Edg/132.0.0.0"}
{"hasSchool":false,"level":"info","message":"✨ Authentication successful","role":"admin","timestamp":"2025-01-27T22:22:31.533Z","tokenExpiresIn":"1385.8577833333334 minutes","userId":"677bfe44f6789c907c9f3766"}
{"hasSchool":false,"level":"info","message":"✨ Authentication successful","role":"admin","timestamp":"2025-01-27T22:22:31.556Z","tokenExpiresIn":"1385.8574 minutes","userId":"677bfe44f6789c907c9f3766"}
{"error":"Errori di validazione","level":"error","message":"Student route error:","method":"POST","path":"/batch-assign","timestamp":"2025-01-27T22:22:31.561Z","userId":"677bfe44f6789c907c9f3766"}
{"duration":"62ms","ip":"::1","level":"warn","message":"Risposta inviata","method":"POST","requestId":"req_1738016551507_ldkct2tvn","responseSize":"135 Bytes","statusCode":400,"timestamp":"2025-01-27T22:22:31.569Z","url":"/api/v1/students/batch-assign","userAgent":"Mozilla/5.0 (Windows NT 10.0; Win64; x64) AppleWebKit/537.36 (KHTML, like Gecko) Chrome/132.0.0.0 Safari/537.36 Edg/132.0.0.0"}
{"hasSchool":false,"level":"info","message":"✨ Authentication successful","role":"admin","timestamp":"2025-01-27T22:22:42.828Z","tokenExpiresIn":"1385.6695333333334 minutes","userId":"677bfe44f6789c907c9f3766"}
{"hasSchool":false,"level":"info","message":"✨ Authentication successful","role":"admin","timestamp":"2025-01-27T22:22:42.849Z","tokenExpiresIn":"1385.6691833333332 minutes","userId":"677bfe44f6789c907c9f3766"}
{"error":"Parametro di ricerca richiesto","level":"error","message":"Student route error:","method":"GET","path":"/search","timestamp":"2025-01-27T22:22:42.850Z","userId":"677bfe44f6789c907c9f3766"}
{"duration":"55ms","ip":"::1","level":"warn","message":"Risposta inviata","method":"GET","requestId":"req_1738016562796_tygs30x1s","responseSize":"84 Bytes","statusCode":400,"timestamp":"2025-01-27T22:22:42.851Z","url":"/api/v1/students/search?query=&schoolId=","userAgent":"Mozilla/5.0 (Windows NT 10.0; Win64; x64) AppleWebKit/537.36 (KHTML, like Gecko) Chrome/132.0.0.0 Safari/537.36 Edg/132.0.0.0"}
{"hasSchool":false,"level":"info","message":"✨ Authentication successful","role":"admin","timestamp":"2025-01-27T22:22:48.732Z","tokenExpiresIn":"1385.5711333333334 minutes","userId":"677bfe44f6789c907c9f3766"}
{"hasSchool":false,"level":"info","message":"✨ Authentication successful","role":"admin","timestamp":"2025-01-27T22:22:48.754Z","tokenExpiresIn":"1385.5707666666667 minutes","userId":"677bfe44f6789c907c9f3766"}
{"code":"AUTH_005","level":"error","message":"Solo i docenti possono accedere a questa risorsa","metadata":{},"status":403,"timestamp":"2025-01-27T22:22:48.755Z"}
{"error":"Solo i docenti possono accedere a questa risorsa","level":"error","message":"Student route error:","method":"GET","path":"/my-students","timestamp":"2025-01-27T22:22:48.756Z","userId":"677bfe44f6789c907c9f3766"}
{"body":{},"error":{"message":"Cannot read properties of undefined (reading 'code')","stack":"TypeError: Cannot read properties of undefined (reading 'code')\n    at C:\\Users\\ricca\\Desktop\\BSc\\src\\routes\\studentRoutes.js:144:60\n    at Layer.handle_error (C:\\Users\\ricca\\Desktop\\BSc\\node_modules\\express\\lib\\router\\layer.js:71:5)\n    at trim_prefix (C:\\Users\\ricca\\Desktop\\BSc\\node_modules\\express\\lib\\router\\index.js:326:13)\n    at C:\\Users\\ricca\\Desktop\\BSc\\node_modules\\express\\lib\\router\\index.js:286:9\n    at Function.process_params (C:\\Users\\ricca\\Desktop\\BSc\\node_modules\\express\\lib\\router\\index.js:346:12)\n    at next (C:\\Users\\ricca\\Desktop\\BSc\\node_modules\\express\\lib\\router\\index.js:280:10)\n    at next (C:\\Users\\ricca\\Desktop\\BSc\\node_modules\\express\\lib\\router\\route.js:141:14)\n    at StudentController.getMyStudents (C:\\Users\\ricca\\Desktop\\BSc\\src\\controllers\\studentController.js:185:13)\n    at Layer.handle [as handle_request] (C:\\Users\\ricca\\Desktop\\BSc\\node_modules\\express\\lib\\router\\layer.js:95:5)\n    at next (C:\\Users\\ricca\\Desktop\\BSc\\node_modules\\express\\lib\\router\\route.js:149:13)"},"level":"error","message":"Errore richiesta","method":"GET","query":{},"requestId":"req_1738016568708_d20kj5512","timestamp":"2025-01-27T22:22:48.757Z","url":"/api/v1/students/my-students"}
{"level":"error","message":"Cannot read properties of undefined (reading 'code')","stack":"TypeError: Cannot read properties of undefined (reading 'code')\n    at C:\\Users\\ricca\\Desktop\\BSc\\src\\routes\\studentRoutes.js:144:60\n    at Layer.handle_error (C:\\Users\\ricca\\Desktop\\BSc\\node_modules\\express\\lib\\router\\layer.js:71:5)\n    at trim_prefix (C:\\Users\\ricca\\Desktop\\BSc\\node_modules\\express\\lib\\router\\index.js:326:13)\n    at C:\\Users\\ricca\\Desktop\\BSc\\node_modules\\express\\lib\\router\\index.js:286:9\n    at Function.process_params (C:\\Users\\ricca\\Desktop\\BSc\\node_modules\\express\\lib\\router\\index.js:346:12)\n    at next (C:\\Users\\ricca\\Desktop\\BSc\\node_modules\\express\\lib\\router\\index.js:280:10)\n    at next (C:\\Users\\ricca\\Desktop\\BSc\\node_modules\\express\\lib\\router\\route.js:141:14)\n    at StudentController.getMyStudents (C:\\Users\\ricca\\Desktop\\BSc\\src\\controllers\\studentController.js:185:13)\n    at Layer.handle [as handle_request] (C:\\Users\\ricca\\Desktop\\BSc\\node_modules\\express\\lib\\router\\layer.js:95:5)\n    at next (C:\\Users\\ricca\\Desktop\\BSc\\node_modules\\express\\lib\\router\\route.js:149:13)","timestamp":"2025-01-27T22:22:48.758Z"}
{"duration":"52ms","ip":"::1","level":"warn","message":"Risposta inviata","method":"GET","requestId":"req_1738016568708_d20kj5512","responseSize":"1.28 KB","statusCode":500,"timestamp":"2025-01-27T22:22:48.760Z","url":"/api/v1/students/my-students","userAgent":"Mozilla/5.0 (Windows NT 10.0; Win64; x64) AppleWebKit/537.36 (KHTML, like Gecko) Chrome/132.0.0.0 Safari/537.36 Edg/132.0.0.0"}
{"hasSchool":false,"level":"info","message":"✨ Authentication successful","role":"admin","timestamp":"2025-01-27T22:23:03.798Z","tokenExpiresIn":"1385.3200333333334 minutes","userId":"677bfe44f6789c907c9f3766"}
{"hasSchool":false,"level":"info","message":"✨ Authentication successful","role":"admin","timestamp":"2025-01-27T22:23:03.823Z","tokenExpiresIn":"1385.3196166666667 minutes","userId":"677bfe44f6789c907c9f3766"}
{"hasSchool":false,"level":"info","message":"✨ Authentication successful","role":"admin","timestamp":"2025-01-27T22:24:14.057Z","tokenExpiresIn":"1384.1490666666666 minutes","userId":"677bfe44f6789c907c9f3766"}
{"hasSchool":false,"level":"info","message":"✨ Authentication successful","role":"admin","timestamp":"2025-01-27T22:24:14.079Z","tokenExpiresIn":"1384.1486833333333 minutes","userId":"677bfe44f6789c907c9f3766"}
{"ip":"::1","level":"info","message":"Auth Route Called","method":"POST","path":"/api/v1/auth/login","timestamp":"2025-01-27T22:26:29.203Z","userAgent":"Mozilla/5.0 (Windows NT 10.0; Win64; x64) AppleWebKit/537.36 (KHTML, like Gecko) Chrome/132.0.0.0 Safari/537.36 Edg/132.0.0.0"}
{"error":{"code":"VAL_002","message":"Inserire email e password","metadata":{},"status":400},"level":"error","message":"Errore durante il login","timestamp":"2025-01-27T22:26:29.203Z"}
{"duration":"13ms","ip":"::1","level":"warn","message":"Risposta inviata","method":"POST","requestId":"req_1738016789201_9em7pjccb","responseSize":"73 Bytes","statusCode":400,"timestamp":"2025-01-27T22:26:29.214Z","url":"/api/v1/auth/login","userAgent":"Mozilla/5.0 (Windows NT 10.0; Win64; x64) AppleWebKit/537.36 (KHTML, like Gecko) Chrome/132.0.0.0 Safari/537.36 Edg/132.0.0.0"}
{"hasSchool":false,"level":"info","message":"✨ Authentication successful","role":"admin","timestamp":"2025-01-27T22:26:35.028Z","tokenExpiresIn":"1381.7995333333333 minutes","userId":"677bfe44f6789c907c9f3766"}
{"hasSchool":false,"level":"info","message":"✨ Authentication successful","role":"admin","timestamp":"2025-01-27T22:26:35.052Z","tokenExpiresIn":"1381.7991333333334 minutes","userId":"677bfe44f6789c907c9f3766"}
{"hasSchool":false,"level":"info","message":"✨ Authentication successful","role":"admin","timestamp":"2025-01-27T22:26:40.050Z","tokenExpiresIn":"1381.7158333333332 minutes","userId":"677bfe44f6789c907c9f3766"}
{"hasSchool":false,"level":"info","message":"✨ Authentication successful","role":"admin","timestamp":"2025-01-27T22:26:40.076Z","tokenExpiresIn":"1381.7154 minutes","userId":"677bfe44f6789c907c9f3766"}
{"hasSchool":false,"level":"info","message":"✨ Authentication successful","role":"admin","timestamp":"2025-01-27T22:26:48.163Z","tokenExpiresIn":"1381.5806166666666 minutes","userId":"677bfe44f6789c907c9f3766"}
{"hasSchool":false,"level":"info","message":"✨ Authentication successful","role":"admin","timestamp":"2025-01-27T22:26:48.187Z","tokenExpiresIn":"1381.5802166666665 minutes","userId":"677bfe44f6789c907c9f3766"}
{"error":{"kind":"ObjectId","message":"Cast to ObjectId failed for value \"sections\" (type string) at path \"_id\" for model \"School\"","name":"CastError","path":"_id","reason":{},"stringValue":"\"sections\"","value":"sections","valueType":"string"},"level":"error","message":"Errore nel recupero della scuola con utenti","schoolId":"sections","timestamp":"2025-01-27T22:26:48.195Z"}
{"error":{"code":"DB_001","message":"Errore nel recupero della scuola con utenti","metadata":{"originalError":"Cast to ObjectId failed for value \"sections\" (type string) at path \"_id\" for model \"School\""},"status":500},"level":"error","message":"Errore nel recupero della scuola","schoolId":"sections","timestamp":"2025-01-27T22:26:48.196Z"}
{"duration":"66ms","ip":"::1","level":"warn","message":"Risposta inviata","method":"GET","requestId":"req_1738016808131_t7wf8oex5","responseSize":"100 Bytes","statusCode":500,"timestamp":"2025-01-27T22:26:48.197Z","url":"/api/v1/schools//sections","userAgent":"Mozilla/5.0 (Windows NT 10.0; Win64; x64) AppleWebKit/537.36 (KHTML, like Gecko) Chrome/132.0.0.0 Safari/537.36 Edg/132.0.0.0"}
{"hasSchool":false,"level":"info","message":"✨ Authentication successful","role":"admin","timestamp":"2025-01-27T22:27:29.090Z","tokenExpiresIn":"1380.8985 minutes","userId":"677bfe44f6789c907c9f3766"}
{"hasSchool":false,"level":"info","message":"✨ Authentication successful","role":"admin","timestamp":"2025-01-27T22:27:29.112Z","tokenExpiresIn":"1380.8981333333334 minutes","userId":"677bfe44f6789c907c9f3766"}
