{"error":{"message":"Autenticazione richiesta","metadata":{}},"ip":"::1","level":"error","message":"Authentication failed","path":"/verify","timestamp":"2025-02-07T23:00:59.645Z"}
{"error":{"message":"Autenticazione richiesta","metadata":{}},"ip":"::1","level":"error","message":"Auth Error:","method":"GET","path":"/api/v1/auth/verify","timestamp":"2025-02-07T23:00:59.647Z"}
{"error":{"message":"Autenticazione richiesta","metadata":{}},"ip":"::1","level":"error","message":"Authentication failed","path":"/logout","timestamp":"2025-02-07T23:00:59.664Z"}
{"error":{"message":"Autenticazione richiesta","metadata":{}},"ip":"::1","level":"error","message":"Auth Error:","method":"POST","path":"/api/v1/auth/logout","timestamp":"2025-02-07T23:00:59.665Z"}
{"level":"error","message":"Error adding answer:","timestamp":"2025-02-07T23:01:10.541Z"}
{"error":"Schema hasn't been registered for model \"model\".\nUse mongoose.model(name, schema)","level":"error","message":"Error submitting answer:","timestamp":"2025-02-07T23:01:10.542Z","token":"5913c3e321..."}
{"error":"this.configModel.findOne is not a function","level":"error","message":"Error initializing CSI test:","stack":"TypeError: this.configModel.findOne is not a function\n    at CSIController.initializeCSITest (C:\\Users\\ricca\\Desktop\\BSc\\src\\engines\\CSI\\CSIController.js:204:51)\n    at process.processTicksAndRejections (node:internal/process/task_queues:105:5)\n    at async generateTestLink (C:\\Users\\ricca\\Desktop\\BSc\\src\\engines\\CSI\\CSIController.js:405:26)","studentId":"67a50781681e9001bdbec982","timestamp":"2025-02-07T23:11:15.960Z"}
{"error":"this.configModel.findOne is not a function","level":"error","message":"Error generating CSI test link:","stack":"TypeError: this.configModel.findOne is not a function\n    at CSIController.initializeCSITest (C:\\Users\\ricca\\Desktop\\BSc\\src\\engines\\CSI\\CSIController.js:204:51)\n    at process.processTicksAndRejections (node:internal/process/task_queues:105:5)\n    at async generateTestLink (C:\\Users\\ricca\\Desktop\\BSc\\src\\engines\\CSI\\CSIController.js:405:26)","studentId":"67a50781681e9001bdbec982","timestamp":"2025-02-07T23:11:15.961Z"}
{"error":{"message":"Autenticazione richiesta","metadata":{}},"ip":"::1","level":"error","message":"Authentication failed","path":"/verify","timestamp":"2025-02-07T23:23:45.787Z"}
{"error":{"message":"Autenticazione richiesta","metadata":{}},"ip":"::1","level":"error","message":"Auth Error:","method":"GET","path":"/api/v1/auth/verify","timestamp":"2025-02-07T23:23:45.789Z"}
{"error":{"message":"Autenticazione richiesta","metadata":{}},"ip":"::1","level":"error","message":"Authentication failed","path":"/logout","timestamp":"2025-02-07T23:23:45.821Z"}
{"error":{"message":"Autenticazione richiesta","metadata":{}},"ip":"::1","level":"error","message":"Auth Error:","method":"POST","path":"/api/v1/auth/logout","timestamp":"2025-02-07T23:23:45.822Z"}
{"level":"error","message":"Error adding answer:","timestamp":"2025-02-07T23:23:56.521Z"}
{"error":"Schema hasn't been registered for model \"model\".\nUse mongoose.model(name, schema)","level":"error","message":"Error submitting answer:","timestamp":"2025-02-07T23:23:56.522Z","token":"3adf00e9e1..."}
{"level":"error","message":"Error adding answer:","timestamp":"2025-02-07T23:34:18.109Z"}
{"error":"Schema hasn't been registered for model \"model\".\nUse mongoose.model(name, schema)","level":"error","message":"Error submitting answer:","timestamp":"2025-02-07T23:34:18.110Z","token":"44229f76b1..."}
{"error":{"message":"Autenticazione richiesta","metadata":{}},"ip":"::1","level":"error","message":"Authentication failed","path":"/verify","timestamp":"2025-02-07T23:50:33.140Z"}
{"error":{"message":"Autenticazione richiesta","metadata":{}},"ip":"::1","level":"error","message":"Auth Error:","method":"GET","path":"/api/v1/auth/verify","timestamp":"2025-02-07T23:50:33.142Z"}
{"error":{"message":"Autenticazione richiesta","metadata":{}},"ip":"::1","level":"error","message":"Authentication failed","path":"/logout","timestamp":"2025-02-07T23:50:33.157Z"}
{"error":{"message":"Autenticazione richiesta","metadata":{}},"ip":"::1","level":"error","message":"Auth Error:","method":"POST","path":"/api/v1/auth/logout","timestamp":"2025-02-07T23:50:33.158Z"}
{"answerData":{"categoria":"Creatività","questionId":1,"timeSpent":953,"timestamp":"2025-02-07T23:51:05.343Z","value":2},"error":"Schema hasn't been registered for model \"model\".\nUse mongoose.model(name, schema)","level":"error","message":"Error in addAnswer:","timestamp":"2025-02-07T23:51:05.392Z","token":"0f5cd0f949b6d2076c9428f4ac226f0577c4c265066d0bbf95c4342ced2f5b62"}
{"error":"Schema hasn't been registered for model \"model\".\nUse mongoose.model(name, schema)","level":"error","message":"Error submitting answer:","timestamp":"2025-02-07T23:51:05.393Z","token":"0f5cd0f949..."}
