{"error":"Utente non trovato","level":"error","message":"Errore di autenticazione:","timestamp":"2025-01-10T18:22:00.851Z"}
{"error":"Utente non trovato","level":"error","message":"Errore di autenticazione:","timestamp":"2025-01-10T18:22:01.170Z"}
{"error":"Utente non trovato","level":"error","message":"Errore di autenticazione:","timestamp":"2025-01-10T18:22:02.159Z"}
{"data":{"academicYear":"2025/2026","capacity":25,"schoolId":"6781654d5ebad01d22a46118","section":"A","status":"active","year":2},"level":"error","message":"Dati classe incompleti","timestamp":"2025-01-10T18:22:05.880Z"}
{"code":"DB_001","level":"error","message":"Errore nella creazione della classe: Dati classe incompleti","metadata":{},"status":500,"timestamp":"2025-01-10T18:22:05.889Z"}
{"data":{"academicYear":"2025/2026","capacity":25,"schoolId":"6781654e5ebad01d22a4612c","section":"A","status":"active","year":2},"level":"error","message":"Dati classe incompleti","timestamp":"2025-01-10T18:22:06.488Z"}
{"code":"DB_001","level":"error","message":"Errore nella creazione della classe: Dati classe incompleti","metadata":{},"status":500,"timestamp":"2025-01-10T18:22:06.501Z"}
{"data":{"academicYear":"2025/2026","capacity":25,"schoolId":"67816b71e31954a3843543d9","section":"A","status":"active","year":2},"level":"error","message":"Dati classe incompleti","timestamp":"2025-01-10T18:48:17.483Z"}
{"code":"DB_001","level":"error","message":"Errore nella creazione della classe: Dati classe incompleti","metadata":{},"status":500,"timestamp":"2025-01-10T18:48:17.497Z"}
{"code":"DB_001","level":"error","message":"Errore nella promozione studenti","metadata":{},"status":500,"timestamp":"2025-01-10T18:48:17.503Z"}
{"error":{"_message":"School validation failed","errors":{"address":{"kind":"required","message":"Path `address` is required.","name":"ValidatorError","path":"address","properties":{"message":"Path `address` is required.","path":"address","type":"required"}},"province":{"kind":"required","message":"Path `province` is required.","name":"ValidatorError","path":"province","properties":{"message":"Path `province` is required.","path":"province","type":"required"}},"region":{"kind":"required","message":"Path `region` is required.","name":"ValidatorError","path":"region","properties":{"message":"Path `region` is required.","path":"region","type":"required"}},"schoolType":{"kind":"required","message":"Path `schoolType` is required.","name":"ValidatorError","path":"schoolType","properties":{"message":"Path `schoolType` is required.","path":"schoolType","type":"required"}}},"message":"School validation failed: address: Path `address` is required., province: Path `province` is required., region: Path `region` is required., schoolType: Path `schoolType` is required.","name":"ValidationError"},"level":"error","message":"Errore nella creazione di School","timestamp":"2025-01-10T18:48:17.956Z"}
{"error":{"_message":"School validation failed","errors":{"address":{"kind":"required","message":"Path `address` is required.","name":"ValidatorError","path":"address","properties":{"message":"Path `address` is required.","path":"address","type":"required"}},"province":{"kind":"required","message":"Path `province` is required.","name":"ValidatorError","path":"province","properties":{"message":"Path `province` is required.","path":"province","type":"required"}},"region":{"kind":"required","message":"Path `region` is required.","name":"ValidatorError","path":"region","properties":{"message":"Path `region` is required.","path":"region","type":"required"}},"schoolType":{"kind":"required","message":"Path `schoolType` is required.","name":"ValidatorError","path":"schoolType","properties":{"message":"Path `schoolType` is required.","path":"schoolType","type":"required"}}},"message":"School validation failed: address: Path `address` is required., province: Path `province` is required., region: Path `region` is required., schoolType: Path `schoolType` is required.","name":"ValidationError"},"level":"error","message":"Errore nella creazione della scuola","timestamp":"2025-01-10T18:48:17.966Z"}
{"data":{"academicYear":"2025/2026","capacity":25,"schoolId":"67816b75b70afa266e08dd0f","section":"A","status":"active","year":2},"level":"error","message":"Dati classe incompleti","timestamp":"2025-01-10T18:48:21.608Z"}
{"code":"DB_001","level":"error","message":"Errore nella creazione della classe: Dati classe incompleti","metadata":{},"status":500,"timestamp":"2025-01-10T18:48:21.622Z"}
{"data":{"academicYear":"2025/2026","capacity":25,"schoolId":"67816b75b70afa266e08dd23","section":"A","status":"active","year":2},"level":"error","message":"Dati classe incompleti","timestamp":"2025-01-10T18:48:22.161Z"}
{"code":"DB_001","level":"error","message":"Errore nella creazione della classe: Dati classe incompleti","metadata":{},"status":500,"timestamp":"2025-01-10T18:48:22.173Z"}
{"error":"Utente non trovato","level":"error","message":"Errore di autenticazione:","timestamp":"2025-01-10T18:57:46.635Z"}
{"error":"Utente non trovato","level":"error","message":"Errore di autenticazione:","timestamp":"2025-01-10T18:57:46.968Z"}
{"error":"Utente non trovato","level":"error","message":"Errore di autenticazione:","timestamp":"2025-01-10T18:57:47.350Z"}
{"error":"Utente non trovato","level":"error","message":"Errore di autenticazione:","timestamp":"2025-01-10T22:59:32.191Z"}
{"error":"Utente non trovato","level":"error","message":"Errore di autenticazione:","timestamp":"2025-01-10T22:59:32.381Z"}
{"error":"Utente non trovato","level":"error","message":"Errore di autenticazione:","timestamp":"2025-01-10T22:59:32.603Z"}
