{"error":{"message":"Autenticazione richiesta","metadata":{}},"ip":"::1","level":"error","message":"Authentication failed","path":"/","timestamp":"2025-02-06T23:16:58.899Z"}
{"body":{},"error":{"message":"Autenticazione richiesta"},"level":"error","message":"Errore richiesta","method":"GET","query":{"institutionType":"","limit":"10","page":"1","populate":"manager","region":"","schoolType":""},"requestId":"req_1738883818884_llxrs5z6p","timestamp":"2025-02-06T23:16:58.913Z","url":"/api/v1/schools?page=1&limit=10&populate=manager&region=&schoolType=&institutionType="}
{"level":"error","message":"Autenticazione richiesta","timestamp":"2025-02-06T23:16:58.915Z"}
{"error":{"message":"Autenticazione richiesta","metadata":{}},"ip":"::1","level":"error","message":"Authentication failed","path":"/verify","timestamp":"2025-02-06T23:18:31.872Z"}
{"error":{"message":"Autenticazione richiesta","metadata":{}},"ip":"::1","level":"error","message":"Auth Error:","method":"GET","path":"/api/v1/auth/verify","timestamp":"2025-02-06T23:18:31.873Z"}
{"error":{"message":"Autenticazione richiesta","metadata":{}},"ip":"::1","level":"error","message":"Authentication failed","path":"/logout","timestamp":"2025-02-06T23:18:31.882Z"}
{"error":{"message":"Autenticazione richiesta","metadata":{}},"ip":"::1","level":"error","message":"Auth Error:","method":"POST","path":"/api/v1/auth/logout","timestamp":"2025-02-06T23:18:31.883Z"}
{"error":"Token non valido o test non trovato","level":"error","message":"Error verifying CSI token:","timestamp":"2025-02-06T23:24:44.847Z","token":"e9a04ae25f..."}
{"error":"Token non valido o test non trovato","level":"error","message":"Error verifying CSI token:","timestamp":"2025-02-06T23:24:57.003Z","token":"ff54d7e809..."}
{"error":{"message":"Token non più valido","metadata":{}},"level":"error","message":"Logout error","timestamp":"2025-02-06T23:25:25.105Z"}
{"error":{"message":"Token non più valido","metadata":{}},"level":"error","message":"Logout failed","timestamp":"2025-02-06T23:25:25.114Z"}
{"error":{},"level":"error","message":"Auth Route Error:","method":"POST","path":"/api/v1/auth/logout","timestamp":"2025-02-06T23:25:25.115Z"}
{"error":{},"ip":"::1","level":"error","message":"Auth Error:","method":"POST","path":"/api/v1/auth/logout","timestamp":"2025-02-06T23:25:25.116Z","userId":"677bfe44f6789c907c9f3766"}
{"error":"Token non valido o test non trovato","level":"error","message":"Error verifying CSI token:","timestamp":"2025-02-06T23:25:36.157Z","token":"f3672ed298..."}
{"error":"crypto.randomBytes is not a function","level":"error","message":"Error saving CSI test token:","studentId":"679c7494bdb941a2c47766c8","timestamp":"2025-02-06T23:28:21.200Z"}
{"error":"Errore nel salvataggio del token CSI","level":"error","message":"Error initializing CSI test:","studentId":"679c7494bdb941a2c47766c8","timestamp":"2025-02-06T23:28:21.201Z"}
{"controllerState":{"hasRepository":true},"error":"Errore nel salvataggio del token CSI","level":"error","message":"Error generating CSI test link:","studentId":"679c7494bdb941a2c47766c8","timestamp":"2025-02-06T23:28:21.202Z"}
{"error":"CSI validation failed: config: Cast to ObjectId failed for value \"{\n  timeLimit: 300000,\n  minQuestions: 20,\n  instructions: 'Rispondi alle seguenti domande selezionando un valore da 1 a 5',\n  showProgress: true,\n  allowBack: false\n}\" (type Object) at path \"config\" because of \"BSONError\", testRef: Path `testRef` is required.","level":"error","message":"Error saving CSI test token:","studentId":"679c7494bdb941a2c47766c8","timestamp":"2025-02-06T23:30:53.788Z"}
{"error":"Errore nel salvataggio del token CSI","level":"error","message":"Error initializing CSI test:","studentId":"679c7494bdb941a2c47766c8","timestamp":"2025-02-06T23:30:53.790Z"}
{"controllerState":{"hasRepository":true},"error":"Errore nel salvataggio del token CSI","level":"error","message":"Error generating CSI test link:","studentId":"679c7494bdb941a2c47766c8","timestamp":"2025-02-06T23:30:53.790Z"}
{"error":"CSI validation failed: config: Cast to ObjectId failed for value \"{\n  timeLimit: 300000,\n  minQuestions: 20,\n  instructions: 'Rispondi alle seguenti domande selezionando un valore da 1 a 5',\n  showProgress: true,\n  allowBack: false\n}\" (type Object) at path \"config\" because of \"BSONError\", testRef: Path `testRef` is required.","level":"error","message":"Error saving CSI test token:","studentId":"679c7494bdb941a2c47766c8","timestamp":"2025-02-06T23:30:58.097Z"}
{"error":"Errore nel salvataggio del token CSI","level":"error","message":"Error initializing CSI test:","studentId":"679c7494bdb941a2c47766c8","timestamp":"2025-02-06T23:30:58.098Z"}
{"controllerState":{"hasRepository":true},"error":"Errore nel salvataggio del token CSI","level":"error","message":"Error generating CSI test link:","studentId":"679c7494bdb941a2c47766c8","timestamp":"2025-02-06T23:30:58.099Z"}
{"error":"Cannot read properties of undefined (reading 'max')","level":"error","message":"Error saving CSI test token:","studentId":"679c7494bdb941a2c47766c8","timestamp":"2025-02-06T23:35:09.673Z"}
{"error":"Errore nel salvataggio del token CSI","level":"error","message":"Error initializing CSI test:","studentId":"679c7494bdb941a2c47766c8","timestamp":"2025-02-06T23:35:09.675Z"}
{"controllerState":{"hasRepository":true},"error":"Errore nel salvataggio del token CSI","level":"error","message":"Error generating CSI test link:","studentId":"679c7494bdb941a2c47766c8","timestamp":"2025-02-06T23:35:09.676Z"}
{"error":"Cannot read properties of undefined (reading 'max')","level":"error","message":"Error saving CSI test token:","studentId":"679c7494bdb941a2c47766c8","timestamp":"2025-02-06T23:37:18.019Z"}
{"error":"Errore nel salvataggio del token CSI","level":"error","message":"Error initializing CSI test:","studentId":"679c7494bdb941a2c47766c8","timestamp":"2025-02-06T23:37:18.021Z"}
{"controllerState":{"hasRepository":true},"error":"Errore nel salvataggio del token CSI","level":"error","message":"Error generating CSI test link:","studentId":"679c7494bdb941a2c47766c8","timestamp":"2025-02-06T23:37:18.022Z"}
{"error":{"message":"Autenticazione richiesta","metadata":{}},"ip":"::1","level":"error","message":"Authentication failed","path":"/unassigned-to-school","timestamp":"2025-02-06T23:46:12.036Z"}
{"body":{},"error":{"message":"Autenticazione richiesta"},"level":"error","message":"Errore richiesta","method":"GET","query":{},"requestId":"req_1738885572029_2rgj9xy62","timestamp":"2025-02-06T23:46:12.038Z","url":"/api/v1/students/unassigned-to-school"}
{"level":"error","message":"Autenticazione richiesta","timestamp":"2025-02-06T23:46:12.039Z"}
{"error":{"message":"Autenticazione richiesta","metadata":{}},"ip":"::1","level":"error","message":"Authentication failed","path":"/","timestamp":"2025-02-06T23:46:12.060Z"}
{"error":{"message":"Autenticazione richiesta","metadata":{}},"ip":"::1","level":"error","message":"Authentication failed","path":"/","timestamp":"2025-02-06T23:46:12.069Z"}
{"body":{},"error":{"message":"Autenticazione richiesta"},"level":"error","message":"Errore richiesta","method":"GET","query":{"limit":"10","page":"1","populate":"manager"},"requestId":"req_1738885572055_fbbdduzm4","timestamp":"2025-02-06T23:46:12.071Z","url":"/api/v1/schools?page=1&limit=10&populate=manager"}
{"level":"error","message":"Autenticazione richiesta","timestamp":"2025-02-06T23:46:12.073Z"}
{"body":{},"error":{"message":"Autenticazione richiesta"},"level":"error","message":"Errore richiesta","method":"GET","query":{"limit":"50","page":"1"},"requestId":"req_1738885572064_je9q2nvhs","timestamp":"2025-02-06T23:46:12.077Z","url":"/api/v1/students?page=1&limit=50"}
{"level":"error","message":"Autenticazione richiesta","timestamp":"2025-02-06T23:46:12.078Z"}
{"error":{"message":"Autenticazione richiesta","metadata":{}},"ip":"::1","level":"error","message":"Authentication failed","path":"/verify","timestamp":"2025-02-06T23:46:13.983Z"}
{"error":{"message":"Autenticazione richiesta","metadata":{}},"ip":"::1","level":"error","message":"Auth Error:","method":"GET","path":"/api/v1/auth/verify","timestamp":"2025-02-06T23:46:13.985Z"}
{"error":{"message":"Autenticazione richiesta","metadata":{}},"ip":"::1","level":"error","message":"Authentication failed","path":"/logout","timestamp":"2025-02-06T23:46:13.999Z"}
{"error":{"message":"Autenticazione richiesta","metadata":{}},"ip":"::1","level":"error","message":"Auth Error:","method":"POST","path":"/api/v1/auth/logout","timestamp":"2025-02-06T23:46:14.000Z"}
{"error":"Cannot read properties of undefined (reading 'findOne')","level":"error","message":"Error checking CSI test availability:","studentId":"679c7494bdb941a2c47766c8","timestamp":"2025-02-06T23:46:22.326Z"}
{"controllerState":{"hasRepository":true},"error":"Errore nella verifica disponibilità test CSI","level":"error","message":"Error generating CSI test link:","studentId":"679c7494bdb941a2c47766c8","timestamp":"2025-02-06T23:46:22.328Z"}
{"error":"Cannot read properties of undefined (reading 'findOne')","level":"error","message":"Error checking CSI test availability:","studentId":"679c7494bdb941a2c47766c8","timestamp":"2025-02-06T23:46:27.311Z"}
{"controllerState":{"hasRepository":true},"error":"Errore nella verifica disponibilità test CSI","level":"error","message":"Error generating CSI test link:","studentId":"679c7494bdb941a2c47766c8","timestamp":"2025-02-06T23:46:27.312Z"}
{"error":"mongoose is not defined","level":"error","message":"Error creating CSI controller:","timestamp":"2025-02-07T18:05:59.829Z"}
{"error":"mongoose is not defined","level":"error","message":"Error creating CSI controller:","stack":"ReferenceError: mongoose is not defined\n    at new CSIRepository (C:\\Users\\ricca\\Desktop\\BSc\\src\\engines\\CSI\\CSIRepository.js:15:28)\n    at createCSIController (C:\\Users\\ricca\\Desktop\\BSc\\src\\engines\\CSI\\config\\setupDependencies.js:205:31)\n    at process.processTicksAndRejections (node:internal/process/task_queues:105:5)\n    at async initializeCSIDependencies (C:\\Users\\ricca\\Desktop\\BSc\\src\\app.js:119:24)\n    at async startServer (C:\\Users\\ricca\\Desktop\\BSc\\src\\app.js:192:13)","timestamp":"2025-02-07T18:10:02.102Z"}
{"error":"this.configModel.getActiveConfig is not a function","level":"error","message":"Error initializing CSI test:","studentId":"67a50781681e9001bdbec982","timestamp":"2025-02-07T18:22:52.500Z"}
{"controllerState":{"hasRepository":true},"error":"this.configModel.getActiveConfig is not a function","errorStack":"TypeError: this.configModel.getActiveConfig is not a function\n    at CSIController.initializeCSITest (C:\\Users\\ricca\\Desktop\\BSc\\src\\engines\\CSI\\CSIController.js:184:51)\n    at generateTestLink (C:\\Users\\ricca\\Desktop\\BSc\\src\\engines\\CSI\\CSIController.js:404:37)\n    at process.processTicksAndRejections (node:internal/process/task_queues:105:5)","level":"error","message":"Error generating CSI test link:","studentId":"67a50781681e9001bdbec982","timestamp":"2025-02-07T18:22:52.502Z"}
{"error":"this.configModel.getActiveConfig is not a function","level":"error","message":"Error initializing CSI test:","studentId":"67a50781681e9001bdbec982","timestamp":"2025-02-07T18:23:02.251Z"}
{"controllerState":{"hasRepository":true},"error":"this.configModel.getActiveConfig is not a function","errorStack":"TypeError: this.configModel.getActiveConfig is not a function\n    at CSIController.initializeCSITest (C:\\Users\\ricca\\Desktop\\BSc\\src\\engines\\CSI\\CSIController.js:184:51)\n    at generateTestLink (C:\\Users\\ricca\\Desktop\\BSc\\src\\engines\\CSI\\CSIController.js:404:37)\n    at process.processTicksAndRejections (node:internal/process/task_queues:105:5)","level":"error","message":"Error generating CSI test link:","studentId":"67a50781681e9001bdbec982","timestamp":"2025-02-07T18:23:02.251Z"}
{"error":{"message":"Autenticazione richiesta","metadata":{}},"ip":"::1","level":"error","message":"Authentication failed","path":"/","timestamp":"2025-02-07T18:48:33.281Z"}
{"body":{},"error":{"message":"Autenticazione richiesta"},"level":"error","message":"Errore richiesta","method":"GET","query":{},"requestId":"req_1738954113277_g21rlbt4y","timestamp":"2025-02-07T18:48:33.284Z","url":"/api/v1/classes"}
{"level":"error","message":"Autenticazione richiesta","timestamp":"2025-02-07T18:48:33.286Z"}
{"error":{"message":"Autenticazione richiesta","metadata":{}},"ip":"::1","level":"error","message":"Authentication failed","path":"/unassigned-to-school","timestamp":"2025-02-07T18:48:34.190Z"}
{"body":{},"error":{"message":"Autenticazione richiesta"},"level":"error","message":"Errore richiesta","method":"GET","query":{},"requestId":"req_1738954114185_1tcvbzgbf","timestamp":"2025-02-07T18:48:34.191Z","url":"/api/v1/students/unassigned-to-school"}
{"level":"error","message":"Autenticazione richiesta","timestamp":"2025-02-07T18:48:34.192Z"}
{"error":{"message":"Autenticazione richiesta","metadata":{}},"ip":"::1","level":"error","message":"Authentication failed","path":"/","timestamp":"2025-02-07T18:48:34.199Z"}
{"error":{"message":"Autenticazione richiesta","metadata":{}},"ip":"::1","level":"error","message":"Authentication failed","path":"/","timestamp":"2025-02-07T18:48:34.205Z"}
{"body":{},"error":{"message":"Autenticazione richiesta"},"level":"error","message":"Errore richiesta","method":"GET","query":{"limit":"10","page":"1","populate":"manager"},"requestId":"req_1738954114197_2ss7lqa4m","timestamp":"2025-02-07T18:48:34.206Z","url":"/api/v1/schools?page=1&limit=10&populate=manager"}
{"level":"error","message":"Autenticazione richiesta","timestamp":"2025-02-07T18:48:34.207Z"}
{"body":{},"error":{"message":"Autenticazione richiesta"},"level":"error","message":"Errore richiesta","method":"GET","query":{"limit":"50","page":"1"},"requestId":"req_1738954114202_wsgniadd5","timestamp":"2025-02-07T18:48:34.210Z","url":"/api/v1/students?page=1&limit=50"}
{"level":"error","message":"Autenticazione richiesta","timestamp":"2025-02-07T18:48:34.210Z"}
{"error":{"message":"Autenticazione richiesta","metadata":{}},"ip":"::1","level":"error","message":"Authentication failed","path":"/verify","timestamp":"2025-02-07T18:48:36.058Z"}
{"error":{"message":"Autenticazione richiesta","metadata":{}},"ip":"::1","level":"error","message":"Auth Error:","method":"GET","path":"/api/v1/auth/verify","timestamp":"2025-02-07T18:48:36.059Z"}
{"error":{"message":"Autenticazione richiesta","metadata":{}},"ip":"::1","level":"error","message":"Authentication failed","path":"/logout","timestamp":"2025-02-07T18:48:36.073Z"}
{"error":{"message":"Autenticazione richiesta","metadata":{}},"ip":"::1","level":"error","message":"Auth Error:","method":"POST","path":"/api/v1/auth/logout","timestamp":"2025-02-07T18:48:36.074Z"}
{"error":"this.configModel.findOne is not a function","level":"error","message":"Error initializing CSI test:","studentId":"67a50781681e9001bdbec982","timestamp":"2025-02-07T18:48:43.670Z"}
{"controllerState":{"hasRepository":true},"error":"this.configModel.findOne is not a function","errorStack":"TypeError: this.configModel.findOne is not a function\n    at CSIController.initializeCSITest (C:\\Users\\ricca\\Desktop\\BSc\\src\\engines\\CSI\\CSIController.js:184:51)\n    at generateTestLink (C:\\Users\\ricca\\Desktop\\BSc\\src\\engines\\CSI\\CSIController.js:404:37)\n    at process.processTicksAndRejections (node:internal/process/task_queues:105:5)","level":"error","message":"Error generating CSI test link:","studentId":"67a50781681e9001bdbec982","timestamp":"2025-02-07T18:48:43.671Z"}
{"error":"this.configModel.findOne is not a function","level":"error","message":"Error initializing CSI test:","studentId":"67a50781681e9001bdbec982","timestamp":"2025-02-07T18:48:46.870Z"}
{"controllerState":{"hasRepository":true},"error":"this.configModel.findOne is not a function","errorStack":"TypeError: this.configModel.findOne is not a function\n    at CSIController.initializeCSITest (C:\\Users\\ricca\\Desktop\\BSc\\src\\engines\\CSI\\CSIController.js:184:51)\n    at generateTestLink (C:\\Users\\ricca\\Desktop\\BSc\\src\\engines\\CSI\\CSIController.js:404:37)\n    at process.processTicksAndRejections (node:internal/process/task_queues:105:5)","level":"error","message":"Error generating CSI test link:","studentId":"67a50781681e9001bdbec982","timestamp":"2025-02-07T18:48:46.871Z"}
{"error":"Tempo di risposta non valido","level":"error","message":"Error adding answer:","timestamp":"2025-02-07T18:58:17.117Z","token":"63b4ed742d..."}
{"error":"Tempo di risposta non valido","level":"error","message":"Error submitting answer:","timestamp":"2025-02-07T18:58:17.118Z","token":"63b4ed742d..."}
