{"error":{"code":"AUTH_001","message":"Credenziali non valide","metadata":{},"status":401},"level":"error","message":"Errore durante il login","timestamp":"2025-01-09T19:17:20.624Z"}
{"error":"jwt malformed","level":"error","message":"Errore di autenticazione:","stack":"JsonWebTokenError: jwt malformed\n    at Object.<anonymous>.module.exports [as verify] (C:\\Users\\ricca\\Desktop\\BSc\\node_modules\\jsonwebtoken\\verify.js:70:17)\n    at verify (C:\\Users\\ricca\\Desktop\\BSc\\src\\middleware\\authMiddleware.js:36:29)\n    at Layer.handle [as handle_request] (C:\\Users\\ricca\\Desktop\\BSc\\node_modules\\express\\lib\\router\\layer.js:95:5)\n    at trim_prefix (C:\\Users\\ricca\\Desktop\\BSc\\node_modules\\express\\lib\\router\\index.js:328:13)\n    at C:\\Users\\ricca\\Desktop\\BSc\\node_modules\\express\\lib\\router\\index.js:286:9\n    at Function.process_params (C:\\Users\\ricca\\Desktop\\BSc\\node_modules\\express\\lib\\router\\index.js:346:12)\n    at next (C:\\Users\\ricca\\Desktop\\BSc\\node_modules\\express\\lib\\router\\index.js:280:10)\n    at Function.handle (C:\\Users\\ricca\\Desktop\\BSc\\node_modules\\express\\lib\\router\\index.js:175:3)\n    at router (C:\\Users\\ricca\\Desktop\\BSc\\node_modules\\express\\lib\\router\\index.js:47:12)\n    at Layer.handle [as handle_request] (C:\\Users\\ricca\\Desktop\\BSc\\node_modules\\express\\lib\\router\\layer.js:95:5)\n    at trim_prefix (C:\\Users\\ricca\\Desktop\\BSc\\node_modules\\express\\lib\\router\\index.js:328:13)\n    at C:\\Users\\ricca\\Desktop\\BSc\\node_modules\\express\\lib\\router\\index.js:286:9\n    at Function.process_params (C:\\Users\\ricca\\Desktop\\BSc\\node_modules\\express\\lib\\router\\index.js:346:12)\n    at next (C:\\Users\\ricca\\Desktop\\BSc\\node_modules\\express\\lib\\router\\index.js:280:10)\n    at Function.handle (C:\\Users\\ricca\\Desktop\\BSc\\node_modules\\express\\lib\\router\\index.js:175:3)\n    at router (C:\\Users\\ricca\\Desktop\\BSc\\node_modules\\express\\lib\\router\\index.js:47:12)\n    at Layer.handle [as handle_request] (C:\\Users\\ricca\\Desktop\\BSc\\node_modules\\express\\lib\\router\\layer.js:95:5)\n    at trim_prefix (C:\\Users\\ricca\\Desktop\\BSc\\node_modules\\express\\lib\\router\\index.js:328:13)\n    at C:\\Users\\ricca\\Desktop\\BSc\\node_modules\\express\\lib\\router\\index.js:286:9\n    at Function.process_params (C:\\Users\\ricca\\Desktop\\BSc\\node_modules\\express\\lib\\router\\index.js:346:12)\n    at next (C:\\Users\\ricca\\Desktop\\BSc\\node_modules\\express\\lib\\router\\index.js:280:10)\n    at next (C:\\Users\\ricca\\Desktop\\BSc\\src\\middleware\\loggerMiddleware.js:90:5)\n    at Layer.handle [as handle_request] (C:\\Users\\ricca\\Desktop\\BSc\\node_modules\\express\\lib\\router\\layer.js:95:5)\n    at trim_prefix (C:\\Users\\ricca\\Desktop\\BSc\\node_modules\\express\\lib\\router\\index.js:328:13)\n    at C:\\Users\\ricca\\Desktop\\BSc\\node_modules\\express\\lib\\router\\index.js:286:9\n    at Function.process_params (C:\\Users\\ricca\\Desktop\\BSc\\node_modules\\express\\lib\\router\\index.js:346:12)\n    at next (C:\\Users\\ricca\\Desktop\\BSc\\node_modules\\express\\lib\\router\\index.js:280:10)\n    at urlencodedParser (C:\\Users\\ricca\\Desktop\\BSc\\node_modules\\body-parser\\lib\\types\\urlencoded.js:85:7)\n    at Layer.handle [as handle_request] (C:\\Users\\ricca\\Desktop\\BSc\\node_modules\\express\\lib\\router\\layer.js:95:5)\n    at trim_prefix (C:\\Users\\ricca\\Desktop\\BSc\\node_modules\\express\\lib\\router\\index.js:328:13)\n    at C:\\Users\\ricca\\Desktop\\BSc\\node_modules\\express\\lib\\router\\index.js:286:9\n    at Function.process_params (C:\\Users\\ricca\\Desktop\\BSc\\node_modules\\express\\lib\\router\\index.js:346:12)\n    at next (C:\\Users\\ricca\\Desktop\\BSc\\node_modules\\express\\lib\\router\\index.js:280:10)\n    at C:\\Users\\ricca\\Desktop\\BSc\\node_modules\\body-parser\\lib\\read.js:137:5\n    at AsyncResource.runInAsyncScope (node:async_hooks:211:14)\n    at invokeCallback (C:\\Users\\ricca\\Desktop\\BSc\\node_modules\\raw-body\\index.js:238:16)\n    at done (C:\\Users\\ricca\\Desktop\\BSc\\node_modules\\raw-body\\index.js:227:7)\n    at IncomingMessage.onEnd (C:\\Users\\ricca\\Desktop\\BSc\\node_modules\\raw-body\\index.js:287:7)\n    at IncomingMessage.emit (node:events:524:28)\n    at endReadableNT (node:internal/streams/readable:1698:12)\n    at processTicksAndRejections (node:internal/process/task_queues:90:21)","timestamp":"2025-01-09T19:17:20.668Z"}
{"code":"RES_001","level":"error","message":"School non trovato","metadata":{},"status":404,"timestamp":"2025-01-09T19:26:54.951Z"}
{"_message":"School validation failed","errors":{"sections.0.name":{"kind":"user defined","message":"Sezione deve essere una lettera maiuscola","name":"ValidatorError","path":"name","properties":{"message":"Sezione deve essere una lettera maiuscola","path":"name","type":"user defined","value":"AA"},"value":"AA"}},"level":"error","message":"Error in configureSections:","timestamp":"2025-01-09T19:26:55.036Z"}
{"error":{"code":"AUTH_001","message":"Credenziali non valide","metadata":{},"status":401},"level":"error","message":"Errore durante il login","timestamp":"2025-01-09T19:26:55.404Z"}
{"error":"jwt malformed","level":"error","message":"Errore di autenticazione:","stack":"JsonWebTokenError: jwt malformed\n    at Object.<anonymous>.module.exports [as verify] (C:\\Users\\ricca\\Desktop\\BSc\\node_modules\\jsonwebtoken\\verify.js:70:17)\n    at verify (C:\\Users\\ricca\\Desktop\\BSc\\src\\middleware\\authMiddleware.js:36:29)\n    at Layer.handle [as handle_request] (C:\\Users\\ricca\\Desktop\\BSc\\node_modules\\express\\lib\\router\\layer.js:95:5)\n    at trim_prefix (C:\\Users\\ricca\\Desktop\\BSc\\node_modules\\express\\lib\\router\\index.js:328:13)\n    at C:\\Users\\ricca\\Desktop\\BSc\\node_modules\\express\\lib\\router\\index.js:286:9\n    at Function.process_params (C:\\Users\\ricca\\Desktop\\BSc\\node_modules\\express\\lib\\router\\index.js:346:12)\n    at next (C:\\Users\\ricca\\Desktop\\BSc\\node_modules\\express\\lib\\router\\index.js:280:10)\n    at Function.handle (C:\\Users\\ricca\\Desktop\\BSc\\node_modules\\express\\lib\\router\\index.js:175:3)\n    at router (C:\\Users\\ricca\\Desktop\\BSc\\node_modules\\express\\lib\\router\\index.js:47:12)\n    at Layer.handle [as handle_request] (C:\\Users\\ricca\\Desktop\\BSc\\node_modules\\express\\lib\\router\\layer.js:95:5)\n    at trim_prefix (C:\\Users\\ricca\\Desktop\\BSc\\node_modules\\express\\lib\\router\\index.js:328:13)\n    at C:\\Users\\ricca\\Desktop\\BSc\\node_modules\\express\\lib\\router\\index.js:286:9\n    at Function.process_params (C:\\Users\\ricca\\Desktop\\BSc\\node_modules\\express\\lib\\router\\index.js:346:12)\n    at next (C:\\Users\\ricca\\Desktop\\BSc\\node_modules\\express\\lib\\router\\index.js:280:10)\n    at Function.handle (C:\\Users\\ricca\\Desktop\\BSc\\node_modules\\express\\lib\\router\\index.js:175:3)\n    at router (C:\\Users\\ricca\\Desktop\\BSc\\node_modules\\express\\lib\\router\\index.js:47:12)\n    at Layer.handle [as handle_request] (C:\\Users\\ricca\\Desktop\\BSc\\node_modules\\express\\lib\\router\\layer.js:95:5)\n    at trim_prefix (C:\\Users\\ricca\\Desktop\\BSc\\node_modules\\express\\lib\\router\\index.js:328:13)\n    at C:\\Users\\ricca\\Desktop\\BSc\\node_modules\\express\\lib\\router\\index.js:286:9\n    at Function.process_params (C:\\Users\\ricca\\Desktop\\BSc\\node_modules\\express\\lib\\router\\index.js:346:12)\n    at next (C:\\Users\\ricca\\Desktop\\BSc\\node_modules\\express\\lib\\router\\index.js:280:10)\n    at next (C:\\Users\\ricca\\Desktop\\BSc\\src\\middleware\\loggerMiddleware.js:90:5)\n    at Layer.handle [as handle_request] (C:\\Users\\ricca\\Desktop\\BSc\\node_modules\\express\\lib\\router\\layer.js:95:5)\n    at trim_prefix (C:\\Users\\ricca\\Desktop\\BSc\\node_modules\\express\\lib\\router\\index.js:328:13)\n    at C:\\Users\\ricca\\Desktop\\BSc\\node_modules\\express\\lib\\router\\index.js:286:9\n    at Function.process_params (C:\\Users\\ricca\\Desktop\\BSc\\node_modules\\express\\lib\\router\\index.js:346:12)\n    at next (C:\\Users\\ricca\\Desktop\\BSc\\node_modules\\express\\lib\\router\\index.js:280:10)\n    at urlencodedParser (C:\\Users\\ricca\\Desktop\\BSc\\node_modules\\body-parser\\lib\\types\\urlencoded.js:85:7)\n    at Layer.handle [as handle_request] (C:\\Users\\ricca\\Desktop\\BSc\\node_modules\\express\\lib\\router\\layer.js:95:5)\n    at trim_prefix (C:\\Users\\ricca\\Desktop\\BSc\\node_modules\\express\\lib\\router\\index.js:328:13)\n    at C:\\Users\\ricca\\Desktop\\BSc\\node_modules\\express\\lib\\router\\index.js:286:9\n    at Function.process_params (C:\\Users\\ricca\\Desktop\\BSc\\node_modules\\express\\lib\\router\\index.js:346:12)\n    at next (C:\\Users\\ricca\\Desktop\\BSc\\node_modules\\express\\lib\\router\\index.js:280:10)\n    at C:\\Users\\ricca\\Desktop\\BSc\\node_modules\\body-parser\\lib\\read.js:137:5\n    at AsyncResource.runInAsyncScope (node:async_hooks:211:14)\n    at invokeCallback (C:\\Users\\ricca\\Desktop\\BSc\\node_modules\\raw-body\\index.js:238:16)\n    at done (C:\\Users\\ricca\\Desktop\\BSc\\node_modules\\raw-body\\index.js:227:7)\n    at IncomingMessage.onEnd (C:\\Users\\ricca\\Desktop\\BSc\\node_modules\\raw-body\\index.js:287:7)\n    at IncomingMessage.emit (node:events:524:28)\n    at endReadableNT (node:internal/streams/readable:1698:12)\n    at processTicksAndRejections (node:internal/process/task_queues:90:21)","timestamp":"2025-01-09T19:26:55.454Z"}
{"error":"Utente non trovato","level":"error","message":"Errore di autenticazione:","timestamp":"2025-01-09T20:04:48.458Z"}
{"error":"Utente non trovato","level":"error","message":"Errore di autenticazione:","timestamp":"2025-01-09T20:04:48.676Z"}
{"error":"Utente non trovato","level":"error","message":"Errore di autenticazione:","timestamp":"2025-01-09T20:04:48.920Z"}
{"_message":"School validation failed","errors":{"sections.0.name":{"kind":"user defined","message":"Sezione deve essere una lettera maiuscola","name":"ValidatorError","path":"name","properties":{"message":"Sezione deve essere una lettera maiuscola","path":"name","type":"user defined","value":"AA"},"value":"AA"}},"level":"error","message":"Error in configureSections:","timestamp":"2025-01-09T20:04:52.731Z"}
{"error":"Utente non trovato","level":"error","message":"Errore di autenticazione:","timestamp":"2025-01-09T20:44:30.013Z"}
{"error":"Utente non trovato","level":"error","message":"Errore di autenticazione:","timestamp":"2025-01-09T20:44:30.254Z"}
{"error":"Utente non trovato","level":"error","message":"Errore di autenticazione:","timestamp":"2025-01-09T20:44:30.501Z"}
{"level":"error","message":"Error in createInitialClasses:","timestamp":"2025-01-09T20:44:31.765Z"}
{"level":"error","message":"Error in createInitialClasses:","timestamp":"2025-01-09T20:44:32.103Z"}
{"data":{"academicYear":"2025/2026","capacity":25,"schoolId":"678035305f0efc25f42139d8","section":"A","status":"active","year":2},"level":"error","message":"Dati classe incompleti","timestamp":"2025-01-09T20:44:32.390Z"}
{"code":"DB_001","level":"error","message":"Errore nella creazione della classe: Dati classe incompleti","metadata":{},"status":500,"timestamp":"2025-01-09T20:44:32.394Z"}
{"data":{"academicYear":"2025/2026","capacity":25,"schoolId":"678035305f0efc25f42139ec","section":"A","status":"active","year":2},"level":"error","message":"Dati classe incompleti","timestamp":"2025-01-09T20:44:32.735Z"}
{"code":"DB_001","level":"error","message":"Errore nella creazione della classe: Dati classe incompleti","metadata":{},"status":500,"timestamp":"2025-01-09T20:44:32.739Z"}
{"error":"Utente non trovato","level":"error","message":"Errore di autenticazione:","timestamp":"2025-01-09T20:51:35.323Z"}
{"error":"Utente non trovato","level":"error","message":"Errore di autenticazione:","timestamp":"2025-01-09T20:51:35.554Z"}
{"error":"Utente non trovato","level":"error","message":"Errore di autenticazione:","timestamp":"2025-01-09T20:51:35.804Z"}
{"_message":"Class validation failed","errors":{"year":{"kind":"user defined","message":"4 non è un anno valido per questo tipo di scuola","name":"ValidatorError","path":"year","properties":{"message":"4 non è un anno valido per questo tipo di scuola","path":"year","type":"user defined","value":4},"value":4}},"level":"error","message":"Error in promoteStudents:","timestamp":"2025-01-09T20:51:38.601Z"}
{"error":"Utente non trovato","level":"error","message":"Errore di autenticazione:","timestamp":"2025-01-09T21:03:39.571Z"}
{"error":"Utente non trovato","level":"error","message":"Errore di autenticazione:","timestamp":"2025-01-09T21:03:39.854Z"}
{"error":"Utente non trovato","level":"error","message":"Errore di autenticazione:","timestamp":"2025-01-09T21:03:40.089Z"}
{"data":{"academicYear":"2025/2026","capacity":25,"schoolId":"678039ae96296178f203e45a","section":"A","status":"active","year":2},"level":"error","message":"Dati classe incompleti","timestamp":"2025-01-09T21:03:42.382Z"}
{"code":"DB_001","level":"error","message":"Errore nella creazione della classe: Dati classe incompleti","metadata":{},"status":500,"timestamp":"2025-01-09T21:03:42.386Z"}
{"data":{"academicYear":"2025/2026","capacity":25,"schoolId":"678039ae96296178f203e46e","section":"A","status":"active","year":2},"level":"error","message":"Dati classe incompleti","timestamp":"2025-01-09T21:03:42.719Z"}
{"code":"DB_001","level":"error","message":"Errore nella creazione della classe: Dati classe incompleti","metadata":{},"status":500,"timestamp":"2025-01-09T21:03:42.722Z"}
{"error":"Utente non trovato","level":"error","message":"Errore di autenticazione:","timestamp":"2025-01-09T21:13:00.060Z"}
{"error":"Utente non trovato","level":"error","message":"Errore di autenticazione:","timestamp":"2025-01-09T21:13:00.228Z"}
{"error":"Utente non trovato","level":"error","message":"Errore di autenticazione:","timestamp":"2025-01-09T21:13:00.435Z"}
{"data":{"academicYear":"2025/2026","capacity":25,"schoolId":"67803bdedd9621f7412ed43b","section":"A","status":"active","year":2},"level":"error","message":"Dati classe incompleti","timestamp":"2025-01-09T21:13:02.730Z"}
{"code":"DB_001","level":"error","message":"Errore nella creazione della classe: Dati classe incompleti","metadata":{},"status":500,"timestamp":"2025-01-09T21:13:02.734Z"}
{"data":{"academicYear":"2025/2026","capacity":25,"schoolId":"67803bdedd9621f7412ed44f","section":"A","status":"active","year":2},"level":"error","message":"Dati classe incompleti","timestamp":"2025-01-09T21:13:03.065Z"}
{"code":"DB_001","level":"error","message":"Errore nella creazione della classe: Dati classe incompleti","metadata":{},"status":500,"timestamp":"2025-01-09T21:13:03.069Z"}
{"error":"Utente non trovato","level":"error","message":"Errore di autenticazione:","timestamp":"2025-01-09T21:14:31.361Z"}
{"error":"Utente non trovato","level":"error","message":"Errore di autenticazione:","timestamp":"2025-01-09T21:14:31.547Z"}
{"error":"Utente non trovato","level":"error","message":"Errore di autenticazione:","timestamp":"2025-01-09T21:14:31.751Z"}
{"data":{"academicYear":"2025/2026","capacity":25,"schoolId":"67803c397aac416019eb7e92","section":"A","status":"active","year":2},"level":"error","message":"Dati classe incompleti","timestamp":"2025-01-09T21:14:33.967Z"}
{"code":"DB_001","level":"error","message":"Errore nella creazione della classe: Dati classe incompleti","metadata":{},"status":500,"timestamp":"2025-01-09T21:14:33.970Z"}
{"data":{"academicYear":"2025/2026","capacity":25,"schoolId":"67803c3a7aac416019eb7ea6","section":"A","status":"active","year":2},"level":"error","message":"Dati classe incompleti","timestamp":"2025-01-09T21:14:34.299Z"}
{"code":"DB_001","level":"error","message":"Errore nella creazione della classe: Dati classe incompleti","metadata":{},"status":500,"timestamp":"2025-01-09T21:14:34.302Z"}
{"error":"Utente non trovato","level":"error","message":"Errore di autenticazione:","timestamp":"2025-01-09T21:20:53.147Z"}
{"error":"Utente non trovato","level":"error","message":"Errore di autenticazione:","timestamp":"2025-01-09T21:20:53.347Z"}
{"error":"Utente non trovato","level":"error","message":"Errore di autenticazione:","timestamp":"2025-01-09T21:20:53.557Z"}
{"data":{"academicYear":"2025/2026","capacity":25,"schoolId":"67803db7e04854995803efc1","section":"A","status":"active","year":2},"level":"error","message":"Dati classe incompleti","timestamp":"2025-01-09T21:20:55.653Z"}
{"code":"DB_001","level":"error","message":"Errore nella creazione della classe: Dati classe incompleti","metadata":{},"status":500,"timestamp":"2025-01-09T21:20:55.657Z"}
{"data":{"academicYear":"2025/2026","capacity":25,"schoolId":"67803db7e04854995803efd5","section":"A","status":"active","year":2},"level":"error","message":"Dati classe incompleti","timestamp":"2025-01-09T21:20:55.979Z"}
{"code":"DB_001","level":"error","message":"Errore nella creazione della classe: Dati classe incompleti","metadata":{},"status":500,"timestamp":"2025-01-09T21:20:55.982Z"}
{"error":"Utente non trovato","level":"error","message":"Errore di autenticazione:","timestamp":"2025-01-09T21:27:53.399Z"}
{"error":"Utente non trovato","level":"error","message":"Errore di autenticazione:","timestamp":"2025-01-09T21:27:53.576Z"}
{"error":"Utente non trovato","level":"error","message":"Errore di autenticazione:","timestamp":"2025-01-09T21:27:53.767Z"}
{"data":{"academicYear":"2025/2026","capacity":25,"schoolId":"67803f5b95f23caead305eec","section":"A","status":"active","year":2},"level":"error","message":"Dati classe incompleti","timestamp":"2025-01-09T21:27:55.993Z"}
{"code":"DB_001","level":"error","message":"Errore nella creazione della classe: Dati classe incompleti","metadata":{},"status":500,"timestamp":"2025-01-09T21:27:55.997Z"}
{"data":{"academicYear":"2025/2026","capacity":25,"schoolId":"67803f5c95f23caead305f00","section":"A","status":"active","year":2},"level":"error","message":"Dati classe incompleti","timestamp":"2025-01-09T21:27:56.351Z"}
{"code":"DB_001","level":"error","message":"Errore nella creazione della classe: Dati classe incompleti","metadata":{},"status":500,"timestamp":"2025-01-09T21:27:56.354Z"}
{"error":"Utente non trovato","level":"error","message":"Errore di autenticazione:","timestamp":"2025-01-09T21:33:46.796Z"}
{"error":"Utente non trovato","level":"error","message":"Errore di autenticazione:","timestamp":"2025-01-09T21:33:46.966Z"}
{"error":"Utente non trovato","level":"error","message":"Errore di autenticazione:","timestamp":"2025-01-09T21:33:47.160Z"}
{"data":{"academicYear":"2025/2026","capacity":25,"schoolId":"678040bd50bcc80aa4d6db0f","section":"A","status":"active","year":2},"level":"error","message":"Dati classe incompleti","timestamp":"2025-01-09T21:33:49.387Z"}
{"code":"DB_001","level":"error","message":"Errore nella creazione della classe: Dati classe incompleti","metadata":{},"status":500,"timestamp":"2025-01-09T21:33:49.390Z"}
{"data":{"academicYear":"2025/2026","capacity":25,"schoolId":"678040bd50bcc80aa4d6db23","section":"A","status":"active","year":2},"level":"error","message":"Dati classe incompleti","timestamp":"2025-01-09T21:33:49.746Z"}
{"code":"DB_001","level":"error","message":"Errore nella creazione della classe: Dati classe incompleti","metadata":{},"status":500,"timestamp":"2025-01-09T21:33:49.749Z"}
{"data":{"academicYear":"2025/2026","capacity":25,"schoolId":"678041ba1e03344cb4dd7d1e","section":"A","status":"active","year":2},"level":"error","message":"Dati classe incompleti","timestamp":"2025-01-09T21:38:03.049Z"}
{"code":"DB_001","level":"error","message":"Errore nella creazione della classe: Dati classe incompleti","metadata":{},"status":500,"timestamp":"2025-01-09T21:38:03.052Z"}
{"data":{"academicYear":"2025/2026","capacity":25,"schoolId":"678041bb1e03344cb4dd7d32","section":"A","status":"active","year":2},"level":"error","message":"Dati classe incompleti","timestamp":"2025-01-09T21:38:03.419Z"}
{"code":"DB_001","level":"error","message":"Errore nella creazione della classe: Dati classe incompleti","metadata":{},"status":500,"timestamp":"2025-01-09T21:38:03.425Z"}
{"data":{"academicYear":"2025/2026","capacity":25,"schoolId":"6780428c1829e3e2bd3b6a6a","section":"A","status":"active","year":2},"level":"error","message":"Dati classe incompleti","timestamp":"2025-01-09T21:41:32.472Z"}
{"code":"DB_001","level":"error","message":"Errore nella creazione della classe: Dati classe incompleti","metadata":{},"status":500,"timestamp":"2025-01-09T21:41:32.479Z"}
{"data":{"academicYear":"2025/2026","capacity":25,"schoolId":"6780428c1829e3e2bd3b6a7e","section":"A","status":"active","year":2},"level":"error","message":"Dati classe incompleti","timestamp":"2025-01-09T21:41:32.793Z"}
{"code":"DB_001","level":"error","message":"Errore nella creazione della classe: Dati classe incompleti","metadata":{},"status":500,"timestamp":"2025-01-09T21:41:32.797Z"}
{"error":"Utente non trovato","level":"error","message":"Errore di autenticazione:","timestamp":"2025-01-09T21:41:37.985Z"}
{"error":"Utente non trovato","level":"error","message":"Errore di autenticazione:","timestamp":"2025-01-09T21:41:38.179Z"}
{"error":"Utente non trovato","level":"error","message":"Errore di autenticazione:","timestamp":"2025-01-09T21:41:38.391Z"}
{"data":{"academicYear":"2025/2026","capacity":25,"schoolId":"67804329d5a87f7c0d05ab56","section":"A","status":"active","year":2},"level":"error","message":"Dati classe incompleti","timestamp":"2025-01-09T21:44:09.672Z"}
{"code":"DB_001","level":"error","message":"Errore nella creazione della classe: Dati classe incompleti","metadata":{},"status":500,"timestamp":"2025-01-09T21:44:09.679Z"}
{"data":{"academicYear":"2025/2026","capacity":25,"schoolId":"67804329d5a87f7c0d05ab6a","section":"A","status":"active","year":2},"level":"error","message":"Dati classe incompleti","timestamp":"2025-01-09T21:44:10.014Z"}
{"code":"DB_001","level":"error","message":"Errore nella creazione della classe: Dati classe incompleti","metadata":{},"status":500,"timestamp":"2025-01-09T21:44:10.019Z"}
{"error":"Utente non trovato","level":"error","message":"Errore di autenticazione:","timestamp":"2025-01-09T21:44:13.385Z"}
{"error":"Utente non trovato","level":"error","message":"Errore di autenticazione:","timestamp":"2025-01-09T21:44:13.570Z"}
{"error":"Utente non trovato","level":"error","message":"Errore di autenticazione:","timestamp":"2025-01-09T21:44:13.777Z"}
{"data":{"academicYear":"2025/2026","capacity":25,"schoolId":"6780448ba9c160cf8076cc6d","section":"A","status":"active","year":2},"level":"error","message":"Dati classe incompleti","timestamp":"2025-01-09T21:50:03.986Z"}
{"code":"DB_001","level":"error","message":"Errore nella creazione della classe: Dati classe incompleti","metadata":{},"status":500,"timestamp":"2025-01-09T21:50:03.993Z"}
{"data":{"academicYear":"2025/2026","capacity":25,"schoolId":"6780448ca9c160cf8076cc81","section":"A","status":"active","year":2},"level":"error","message":"Dati classe incompleti","timestamp":"2025-01-09T21:50:04.315Z"}
{"code":"DB_001","level":"error","message":"Errore nella creazione della classe: Dati classe incompleti","metadata":{},"status":500,"timestamp":"2025-01-09T21:50:04.319Z"}
{"error":"Utente non trovato","level":"error","message":"Errore di autenticazione:","timestamp":"2025-01-09T21:50:07.495Z"}
{"error":"Utente non trovato","level":"error","message":"Errore di autenticazione:","timestamp":"2025-01-09T21:50:07.699Z"}
{"error":"Utente non trovato","level":"error","message":"Errore di autenticazione:","timestamp":"2025-01-09T21:50:07.888Z"}
{"data":{"academicYear":"2025/2026","capacity":25,"schoolId":"678045046284a91d2466c126","section":"A","status":"active","year":2},"level":"error","message":"Dati classe incompleti","timestamp":"2025-01-09T21:52:04.196Z"}
{"code":"DB_001","level":"error","message":"Errore nella creazione della classe: Dati classe incompleti","metadata":{},"status":500,"timestamp":"2025-01-09T21:52:04.203Z"}
{"data":{"academicYear":"2025/2026","capacity":25,"schoolId":"678045046284a91d2466c13a","section":"A","status":"active","year":2},"level":"error","message":"Dati classe incompleti","timestamp":"2025-01-09T21:52:04.536Z"}
{"code":"DB_001","level":"error","message":"Errore nella creazione della classe: Dati classe incompleti","metadata":{},"status":500,"timestamp":"2025-01-09T21:52:04.541Z"}
{"error":"Utente non trovato","level":"error","message":"Errore di autenticazione:","timestamp":"2025-01-09T21:52:07.679Z"}
{"error":"Utente non trovato","level":"error","message":"Errore di autenticazione:","timestamp":"2025-01-09T21:52:07.859Z"}
{"error":"Utente non trovato","level":"error","message":"Errore di autenticazione:","timestamp":"2025-01-09T21:52:08.082Z"}
{"data":{"academicYear":"2025/2026","capacity":25,"schoolId":"678045bedbea027ee9894478","section":"A","status":"active","year":2},"level":"error","message":"Dati classe incompleti","timestamp":"2025-01-09T21:55:10.936Z"}
{"code":"DB_001","level":"error","message":"Errore nella creazione della classe: Dati classe incompleti","metadata":{},"status":500,"timestamp":"2025-01-09T21:55:10.943Z"}
{"data":{"academicYear":"2025/2026","capacity":25,"schoolId":"678045bfdbea027ee989448c","section":"A","status":"active","year":2},"level":"error","message":"Dati classe incompleti","timestamp":"2025-01-09T21:55:11.287Z"}
{"code":"DB_001","level":"error","message":"Errore nella creazione della classe: Dati classe incompleti","metadata":{},"status":500,"timestamp":"2025-01-09T21:55:11.290Z"}
{"error":"Cannot read properties of undefined (reading 'includes')","level":"error","message":"Class Route Error:","method":"GET","path":"/school/678045c110b824844f29d909/year/2024%2F2025","stack":"TypeError: Cannot read properties of undefined (reading 'includes')\n    at includes (C:\\Users\\ricca\\Desktop\\BSc\\src\\routes\\classRoutes.js:26:45)\n    at Layer.handle [as handle_request] (C:\\Users\\ricca\\Desktop\\BSc\\node_modules\\express\\lib\\router\\layer.js:95:5)\n    at next (C:\\Users\\ricca\\Desktop\\BSc\\node_modules\\express\\lib\\router\\route.js:149:13)\n    at Route.dispatch (C:\\Users\\ricca\\Desktop\\BSc\\node_modules\\express\\lib\\router\\route.js:119:3)\n    at Layer.handle [as handle_request] (C:\\Users\\ricca\\Desktop\\BSc\\node_modules\\express\\lib\\router\\layer.js:95:5)\n    at C:\\Users\\ricca\\Desktop\\BSc\\node_modules\\express\\lib\\router\\index.js:284:15\n    at param (C:\\Users\\ricca\\Desktop\\BSc\\node_modules\\express\\lib\\router\\index.js:365:14)\n    at param (C:\\Users\\ricca\\Desktop\\BSc\\node_modules\\express\\lib\\router\\index.js:376:14)\n    at param (C:\\Users\\ricca\\Desktop\\BSc\\node_modules\\express\\lib\\router\\index.js:376:14)\n    at param (C:\\Users\\ricca\\Desktop\\BSc\\node_modules\\express\\lib\\router\\index.js:376:14)\n    at Function.process_params (C:\\Users\\ricca\\Desktop\\BSc\\node_modules\\express\\lib\\router\\index.js:421:3)\n    at next (C:\\Users\\ricca\\Desktop\\BSc\\node_modules\\express\\lib\\router\\index.js:280:10)\n    at next (C:\\Users\\ricca\\Desktop\\BSc\\src\\middleware\\authMiddleware.js:74:9)\n    at processTicksAndRejections (node:internal/process/task_queues:105:5)","timestamp":"2025-01-09T21:55:14.293Z"}
{"error":"Utente non trovato","level":"error","message":"Errore di autenticazione:","timestamp":"2025-01-09T21:55:14.628Z"}
{"error":"Utente non trovato","level":"error","message":"Errore di autenticazione:","timestamp":"2025-01-09T21:55:14.809Z"}
{"error":"Utente non trovato","level":"error","message":"Errore di autenticazione:","timestamp":"2025-01-09T21:55:15.037Z"}
{"error":"Utente non trovato","level":"error","message":"Errore di autenticazione:","timestamp":"2025-01-09T21:58:39.539Z"}
{"error":"Utente non trovato","level":"error","message":"Errore di autenticazione:","timestamp":"2025-01-09T21:58:39.730Z"}
{"error":"Utente non trovato","level":"error","message":"Errore di autenticazione:","timestamp":"2025-01-09T21:58:39.926Z"}
{"data":{"academicYear":"2025/2026","capacity":25,"schoolId":"67804691b0fc924a6f49f5cc","section":"A","status":"active","year":2},"level":"error","message":"Dati classe incompleti","timestamp":"2025-01-09T21:58:42.045Z"}
{"code":"DB_001","level":"error","message":"Errore nella creazione della classe: Dati classe incompleti","metadata":{},"status":500,"timestamp":"2025-01-09T21:58:42.050Z"}
{"data":{"academicYear":"2025/2026","capacity":25,"schoolId":"67804692b0fc924a6f49f5e0","section":"A","status":"active","year":2},"level":"error","message":"Dati classe incompleti","timestamp":"2025-01-09T21:58:42.384Z"}
{"code":"DB_001","level":"error","message":"Errore nella creazione della classe: Dati classe incompleti","metadata":{},"status":500,"timestamp":"2025-01-09T21:58:42.388Z"}
{"error":"Utente non trovato","level":"error","message":"Errore di autenticazione:","timestamp":"2025-01-09T22:00:22.749Z"}
{"error":"Utente non trovato","level":"error","message":"Errore di autenticazione:","timestamp":"2025-01-09T22:00:22.935Z"}
{"error":"Utente non trovato","level":"error","message":"Errore di autenticazione:","timestamp":"2025-01-09T22:00:23.136Z"}
{"data":{"academicYear":"2025/2026","capacity":25,"schoolId":"678046f9e614ab8d94c83013","section":"A","status":"active","year":2},"level":"error","message":"Dati classe incompleti","timestamp":"2025-01-09T22:00:25.217Z"}
{"code":"DB_001","level":"error","message":"Errore nella creazione della classe: Dati classe incompleti","metadata":{},"status":500,"timestamp":"2025-01-09T22:00:25.220Z"}
{"data":{"academicYear":"2025/2026","capacity":25,"schoolId":"678046f9e614ab8d94c83027","section":"A","status":"active","year":2},"level":"error","message":"Dati classe incompleti","timestamp":"2025-01-09T22:00:25.559Z"}
{"code":"DB_001","level":"error","message":"Errore nella creazione della classe: Dati classe incompleti","metadata":{},"status":500,"timestamp":"2025-01-09T22:00:25.562Z"}
{"error":"Utente non trovato","level":"error","message":"Errore di autenticazione:","timestamp":"2025-01-09T22:04:22.230Z"}
{"error":"Utente non trovato","level":"error","message":"Errore di autenticazione:","timestamp":"2025-01-09T22:04:22.400Z"}
{"error":"Utente non trovato","level":"error","message":"Errore di autenticazione:","timestamp":"2025-01-09T22:04:22.598Z"}
{"data":{"academicYear":"2025/2026","capacity":25,"schoolId":"678047e8a1907e39b3b2d50e","section":"A","status":"active","year":2},"level":"error","message":"Dati classe incompleti","timestamp":"2025-01-09T22:04:24.748Z"}
{"code":"DB_001","level":"error","message":"Errore nella creazione della classe: Dati classe incompleti","metadata":{},"status":500,"timestamp":"2025-01-09T22:04:24.751Z"}
{"data":{"academicYear":"2025/2026","capacity":25,"schoolId":"678047e8a1907e39b3b2d522","section":"A","status":"active","year":2},"level":"error","message":"Dati classe incompleti","timestamp":"2025-01-09T22:04:25.090Z"}
{"code":"DB_001","level":"error","message":"Errore nella creazione della classe: Dati classe incompleti","metadata":{},"status":500,"timestamp":"2025-01-09T22:04:25.093Z"}
{"error":"Utente non trovato","level":"error","message":"Errore di autenticazione:","timestamp":"2025-01-09T22:23:04.294Z"}
{"error":"Utente non trovato","level":"error","message":"Errore di autenticazione:","timestamp":"2025-01-09T22:23:04.477Z"}
{"error":"Utente non trovato","level":"error","message":"Errore di autenticazione:","timestamp":"2025-01-09T22:23:04.694Z"}
{"data":{"academicYear":"2025/2026","capacity":25,"schoolId":"67804c4aed5aba1e7b1d4f07","section":"A","status":"active","year":2},"level":"error","message":"Dati classe incompleti","timestamp":"2025-01-09T22:23:06.894Z"}
{"code":"DB_001","level":"error","message":"Errore nella creazione della classe: Dati classe incompleti","metadata":{},"status":500,"timestamp":"2025-01-09T22:23:06.898Z"}
{"data":{"academicYear":"2025/2026","capacity":25,"schoolId":"67804c4bed5aba1e7b1d4f1b","section":"A","status":"active","year":2},"level":"error","message":"Dati classe incompleti","timestamp":"2025-01-09T22:23:07.218Z"}
{"code":"DB_001","level":"error","message":"Errore nella creazione della classe: Dati classe incompleti","metadata":{},"status":500,"timestamp":"2025-01-09T22:23:07.222Z"}
{"data":{"academicYear":"2025/2026","capacity":25,"schoolId":"67804cae0d7111564d0f593d","section":"A","status":"active","year":2},"level":"error","message":"Dati classe incompleti","timestamp":"2025-01-09T22:24:46.989Z"}
{"code":"DB_001","level":"error","message":"Errore nella creazione della classe: Dati classe incompleti","metadata":{},"status":500,"timestamp":"2025-01-09T22:24:46.993Z"}
{"data":{"academicYear":"2025/2026","capacity":25,"schoolId":"67804caf0d7111564d0f5951","section":"A","status":"active","year":2},"level":"error","message":"Dati classe incompleti","timestamp":"2025-01-09T22:24:47.334Z"}
{"code":"DB_001","level":"error","message":"Errore nella creazione della classe: Dati classe incompleti","metadata":{},"status":500,"timestamp":"2025-01-09T22:24:47.337Z"}
{"error":"Utente non trovato","level":"error","message":"Errore di autenticazione:","timestamp":"2025-01-09T22:26:51.185Z"}
{"error":"Utente non trovato","level":"error","message":"Errore di autenticazione:","timestamp":"2025-01-09T22:26:51.394Z"}
{"error":"Utente non trovato","level":"error","message":"Errore di autenticazione:","timestamp":"2025-01-09T22:26:51.600Z"}
{"data":{"academicYear":"2025/2026","capacity":25,"schoolId":"67804d2dc1f394e0397c5bcf","section":"A","status":"active","year":2},"level":"error","message":"Dati classe incompleti","timestamp":"2025-01-09T22:26:53.583Z"}
{"code":"DB_001","level":"error","message":"Errore nella creazione della classe: Dati classe incompleti","metadata":{},"status":500,"timestamp":"2025-01-09T22:26:53.587Z"}
{"data":{"academicYear":"2025/2026","capacity":25,"schoolId":"67804d2dc1f394e0397c5be3","section":"A","status":"active","year":2},"level":"error","message":"Dati classe incompleti","timestamp":"2025-01-09T22:26:53.922Z"}
{"code":"DB_001","level":"error","message":"Errore nella creazione della classe: Dati classe incompleti","metadata":{},"status":500,"timestamp":"2025-01-09T22:26:53.927Z"}
{"error":"Utente non trovato","level":"error","message":"Errore di autenticazione:","timestamp":"2025-01-09T22:33:36.377Z"}
{"error":"Utente non trovato","level":"error","message":"Errore di autenticazione:","timestamp":"2025-01-09T22:33:36.593Z"}
{"error":"Utente non trovato","level":"error","message":"Errore di autenticazione:","timestamp":"2025-01-09T22:33:36.821Z"}
{"data":{"academicYear":"2025/2026","capacity":25,"schoolId":"67804ec22e0ea6f258a01454","section":"A","status":"active","year":2},"level":"error","message":"Dati classe incompleti","timestamp":"2025-01-09T22:33:38.874Z"}
{"code":"DB_001","level":"error","message":"Errore nella creazione della classe: Dati classe incompleti","metadata":{},"status":500,"timestamp":"2025-01-09T22:33:38.879Z"}
{"data":{"academicYear":"2025/2026","capacity":25,"schoolId":"67804ec32e0ea6f258a01468","section":"A","status":"active","year":2},"level":"error","message":"Dati classe incompleti","timestamp":"2025-01-09T22:33:39.224Z"}
{"code":"DB_001","level":"error","message":"Errore nella creazione della classe: Dati classe incompleti","metadata":{},"status":500,"timestamp":"2025-01-09T22:33:39.228Z"}
{"error":"Utente non trovato","level":"error","message":"Errore di autenticazione:","timestamp":"2025-01-09T22:39:22.330Z"}
{"error":"Utente non trovato","level":"error","message":"Errore di autenticazione:","timestamp":"2025-01-09T22:39:22.524Z"}
{"error":"Utente non trovato","level":"error","message":"Errore di autenticazione:","timestamp":"2025-01-09T22:39:22.722Z"}
{"data":{"academicYear":"2025/2026","capacity":25,"schoolId":"6780501c811a6ca1eb4318a5","section":"A","status":"active","year":2},"level":"error","message":"Dati classe incompleti","timestamp":"2025-01-09T22:39:24.835Z"}
{"code":"DB_001","level":"error","message":"Errore nella creazione della classe: Dati classe incompleti","metadata":{},"status":500,"timestamp":"2025-01-09T22:39:24.838Z"}
{"data":{"academicYear":"2025/2026","capacity":25,"schoolId":"6780501d811a6ca1eb4318b9","section":"A","status":"active","year":2},"level":"error","message":"Dati classe incompleti","timestamp":"2025-01-09T22:39:25.169Z"}
{"code":"DB_001","level":"error","message":"Errore nella creazione della classe: Dati classe incompleti","metadata":{},"status":500,"timestamp":"2025-01-09T22:39:25.173Z"}
