{"level":"error","message":"user error:","timestamp":"2025-02-02T23:01:44.236Z"}
{"level":"error","message":"user error:","timestamp":"2025-02-02T23:01:44.512Z"}
{"level":"error","message":"user error:","timestamp":"2025-02-02T23:01:44.829Z"}
{"level":"error","message":"user error:","timestamp":"2025-02-02T23:01:45.115Z"}
{"level":"error","message":"user error:","timestamp":"2025-02-02T23:01:45.384Z"}
{"level":"error","message":"user error:","timestamp":"2025-02-02T23:01:45.685Z"}
{"level":"error","message":"user error:","timestamp":"2025-02-02T23:01:45.959Z"}
{"level":"error","message":"user error:","timestamp":"2025-02-02T23:01:46.256Z"}
{"level":"error","message":"user error:","timestamp":"2025-02-02T23:01:46.574Z"}
{"level":"error","message":"user error:","timestamp":"2025-02-02T23:01:46.903Z"}
{"level":"error","message":"user error:","timestamp":"2025-02-02T23:01:47.178Z"}
{"level":"error","message":"user error:","timestamp":"2025-02-02T23:01:47.461Z"}
{"level":"error","message":"user error:","timestamp":"2025-02-02T23:01:47.702Z"}
{"level":"error","message":"user error:","timestamp":"2025-02-02T23:01:47.940Z"}
{"level":"error","message":"user error:","timestamp":"2025-02-02T23:01:48.220Z"}
{"level":"error","message":"user error:","timestamp":"2025-02-02T23:01:48.522Z"}
{"level":"error","message":"user error:","timestamp":"2025-02-02T23:01:48.798Z"}
{"level":"error","message":"user error:","timestamp":"2025-02-02T23:01:49.046Z"}
{"level":"error","message":"user error:","timestamp":"2025-02-02T23:01:49.311Z"}
{"level":"error","message":"user error:","timestamp":"2025-02-02T23:01:49.563Z"}
{"level":"error","message":"user error:","timestamp":"2025-02-02T23:01:49.816Z"}
{"level":"error","message":"user error:","timestamp":"2025-02-02T23:01:50.124Z"}
{"level":"error","message":"user error:","timestamp":"2025-02-02T23:01:50.382Z"}
{"level":"error","message":"user error:","timestamp":"2025-02-02T23:01:50.584Z"}
{"level":"error","message":"user error:","timestamp":"2025-02-02T23:01:50.768Z"}
{"level":"error","message":"user error:","timestamp":"2025-02-02T23:01:50.981Z"}
{"level":"error","message":"user error:","timestamp":"2025-02-02T23:01:51.196Z"}
{"level":"error","message":"user error:","timestamp":"2025-02-02T23:01:51.376Z"}
{"level":"error","message":"user error:","timestamp":"2025-02-02T23:01:51.605Z"}
{"level":"error","message":"user error:","timestamp":"2025-02-02T23:01:51.816Z"}
{"level":"error","message":"user error:","timestamp":"2025-02-02T23:01:52.010Z"}
{"level":"error","message":"user error:","timestamp":"2025-02-02T23:01:52.194Z"}
{"level":"error","message":"user error:","timestamp":"2025-02-02T23:01:52.374Z"}
{"level":"error","message":"user error:","timestamp":"2025-02-02T23:01:52.547Z"}
{"level":"error","message":"user error:","timestamp":"2025-02-02T23:01:52.728Z"}
{"level":"error","message":"user error:","timestamp":"2025-02-02T23:01:52.915Z"}
{"level":"error","message":"user error:","timestamp":"2025-02-02T23:01:53.093Z"}
{"level":"error","message":"user error:","timestamp":"2025-02-02T23:01:53.273Z"}
{"level":"error","message":"user error:","timestamp":"2025-02-02T23:01:53.473Z"}
{"level":"error","message":"user error:","timestamp":"2025-02-02T23:01:53.665Z"}
{"level":"error","message":"user error:","timestamp":"2025-02-02T23:01:53.984Z"}
{"level":"error","message":"user error:","timestamp":"2025-02-02T23:01:54.201Z"}
{"level":"error","message":"user error:","timestamp":"2025-02-02T23:01:54.379Z"}
{"level":"error","message":"user error:","timestamp":"2025-02-02T23:01:54.560Z"}
{"level":"error","message":"user error:","timestamp":"2025-02-02T23:01:54.737Z"}
{"level":"error","message":"user error:","timestamp":"2025-02-02T23:01:54.915Z"}
{"level":"error","message":"user error:","timestamp":"2025-02-02T23:01:55.099Z"}
{"level":"error","message":"user error:","timestamp":"2025-02-02T23:01:55.287Z"}
{"level":"error","message":"user error:","timestamp":"2025-02-02T23:01:55.463Z"}
{"level":"error","message":"user error:","timestamp":"2025-02-02T23:01:55.652Z"}
{"level":"error","message":"user error:","timestamp":"2025-02-02T23:01:55.842Z"}
{"level":"error","message":"user error:","timestamp":"2025-02-02T23:01:56.031Z"}
{"level":"error","message":"user error:","timestamp":"2025-02-02T23:01:56.229Z"}
{"level":"error","message":"user error:","timestamp":"2025-02-02T23:01:56.422Z"}
{"level":"error","message":"user error:","timestamp":"2025-02-02T23:01:56.616Z"}
{"level":"error","message":"user error:","timestamp":"2025-02-02T23:01:56.825Z"}
{"level":"error","message":"user error:","timestamp":"2025-02-02T23:01:57.019Z"}
{"level":"error","message":"user error:","timestamp":"2025-02-02T23:01:57.212Z"}
{"level":"error","message":"user error:","timestamp":"2025-02-02T23:01:57.389Z"}
{"level":"error","message":"user error:","timestamp":"2025-02-02T23:01:57.564Z"}
{"level":"error","message":"user error:","timestamp":"2025-02-02T23:01:57.754Z"}
{"level":"error","message":"user error:","timestamp":"2025-02-02T23:01:57.936Z"}
{"level":"error","message":"user error:","timestamp":"2025-02-02T23:01:58.113Z"}
{"level":"error","message":"user error:","timestamp":"2025-02-02T23:01:58.293Z"}
{"level":"error","message":"user error:","timestamp":"2025-02-02T23:06:23.608Z"}
{"error":{"message":"Autenticazione richiesta","metadata":{}},"ip":"::1","level":"error","message":"Authentication failed","path":"/679fdad474255ebc8afab6a4","timestamp":"2025-02-02T23:13:15.097Z"}
{"body":{},"error":{"message":"Autenticazione richiesta"},"level":"error","message":"Errore richiesta","method":"GET","query":{},"requestId":"req_1738537995095_z1ufyys0q","timestamp":"2025-02-02T23:13:15.099Z","url":"/api/v1/classes/679fdad474255ebc8afab6a4"}
{"level":"error","message":"Autenticazione richiesta","timestamp":"2025-02-02T23:13:15.100Z"}
{"error":{"message":"Autenticazione richiesta","metadata":{}},"ip":"::1","level":"error","message":"Authentication failed","path":"/","timestamp":"2025-02-02T23:14:29.763Z"}
{"body":{},"error":{"message":"Autenticazione richiesta"},"level":"error","message":"Errore richiesta","method":"GET","query":{},"requestId":"req_1738538069758_3u7cnoovw","timestamp":"2025-02-02T23:14:29.766Z","url":"/api/v1/classes"}
{"level":"error","message":"Autenticazione richiesta","timestamp":"2025-02-02T23:14:29.768Z"}
{"error":{"message":"Autenticazione richiesta","metadata":{}},"ip":"::1","level":"error","message":"Authentication failed","path":"/logout","timestamp":"2025-02-02T23:14:31.808Z"}
{"error":{"message":"Autenticazione richiesta","metadata":{}},"ip":"::1","level":"error","message":"Auth Error:","method":"POST","path":"/api/v1/auth/logout","timestamp":"2025-02-02T23:14:31.809Z"}
