{"error":{"message":"Autenticazione richiesta","metadata":{}},"ip":"::1","level":"error","message":"Authentication failed","path":"/verify","timestamp":"2025-03-01T07:43:31.359Z"}
{"error":{"message":"Autenticazione richiesta","metadata":{}},"ip":"::1","level":"error","message":"Auth Error:","method":"GET","path":"/api/v1/auth/verify","timestamp":"2025-03-01T07:43:31.360Z"}
{"error":{"message":"Autenticazione richiesta","metadata":{}},"ip":"::1","level":"error","message":"Authentication failed","path":"/logout","timestamp":"2025-03-01T07:43:31.572Z"}
{"error":{"message":"Autenticazione richiesta","metadata":{}},"ip":"::1","level":"error","message":"Auth Error:","method":"POST","path":"/api/v1/auth/logout","timestamp":"2025-03-01T07:43:31.574Z"}
{"error":{"_message":"School validation failed","errors":{"manager":{"kind":"required","message":"Path `manager` is required.","name":"ValidatorError","path":"manager","properties":{"fullPath":"manager","message":"Path `manager` is required.","path":"manager","type":"required","value":null},"value":null}},"message":"School validation failed: manager: Path `manager` is required.","name":"ValidationError"},"level":"error","message":"Error deleting user","timestamp":"2025-03-01T08:28:37.316Z","userId":"67c0c5d1285a82c16495c6dc"}
{"error":{"_message":"School validation failed","errors":{"manager":{"kind":"required","message":"Path `manager` is required.","name":"ValidatorError","path":"manager","properties":{"fullPath":"manager","message":"Path `manager` is required.","path":"manager","type":"required","value":null},"value":null}},"message":"School validation failed: manager: Path `manager` is required.","name":"ValidationError"},"level":"error","message":"User deletion failed","timestamp":"2025-03-01T08:28:37.318Z"}
{"_message":"School validation failed","errors":{"manager":{"kind":"required","message":"Path `manager` is required.","name":"ValidatorError","path":"manager","properties":{"fullPath":"manager","message":"Path `manager` is required.","path":"manager","type":"required","value":null},"value":null}},"level":"error","message":"user error:","timestamp":"2025-03-01T08:28:37.319Z"}
{"error":{},"level":"error","message":"Error deleting user","timestamp":"2025-03-01T08:30:47.657Z","userId":"67c0c5d1285a82c16495c6dc"}
{"error":{},"level":"error","message":"User deletion failed","timestamp":"2025-03-01T08:30:47.659Z"}
{"level":"error","message":"user error:","timestamp":"2025-03-01T08:30:47.660Z"}
{"error":{},"level":"error","message":"Error deleting user","timestamp":"2025-03-01T08:31:53.079Z","userId":"67c0c5d1285a82c16495c6dc"}
{"error":{},"level":"error","message":"User deletion failed","timestamp":"2025-03-01T08:31:53.080Z"}
{"level":"error","message":"user error:","timestamp":"2025-03-01T08:31:53.082Z"}
{"error":{},"level":"error","message":"Error deleting user","timestamp":"2025-03-01T08:36:45.011Z","userId":"67c0c5d1285a82c16495c6dc"}
{"error":{},"level":"error","message":"User deletion failed","timestamp":"2025-03-01T08:36:45.013Z"}
{"level":"error","message":"user error:","timestamp":"2025-03-01T08:36:45.015Z"}
{"error":{},"level":"error","message":"Error deleting user","timestamp":"2025-03-01T08:36:55.807Z","userId":"67c0c5d1285a82c16495c6dc"}
{"error":{},"level":"error","message":"User deletion failed","timestamp":"2025-03-01T08:36:55.809Z"}
{"level":"error","message":"user error:","timestamp":"2025-03-01T08:36:55.811Z"}
{"error":{},"level":"error","message":"Error deleting user","timestamp":"2025-03-01T08:40:49.151Z","userId":"67c0c5d1285a82c16495c6dc"}
{"error":{},"level":"error","message":"User deletion failed","timestamp":"2025-03-01T08:40:49.152Z"}
{"level":"error","message":"user error:","timestamp":"2025-03-01T08:40:49.153Z"}
{"error":{},"level":"error","message":"Error deleting user","timestamp":"2025-03-01T08:43:27.424Z","userId":"67c0c5d1285a82c16495c6dc"}
{"error":{},"level":"error","message":"User deletion failed","timestamp":"2025-03-01T08:43:27.425Z"}
{"level":"error","message":"user error:","timestamp":"2025-03-01T08:43:27.426Z"}
{"error":{"message":"Autenticazione richiesta","metadata":{}},"ip":"::1","level":"error","message":"Authentication failed","path":"/verify","timestamp":"2025-03-01T08:44:42.858Z"}
{"error":{"message":"Autenticazione richiesta","metadata":{}},"ip":"::1","level":"error","message":"Auth Error:","method":"GET","path":"/api/v1/auth/verify","timestamp":"2025-03-01T08:44:42.860Z"}
{"error":{"message":"Autenticazione richiesta","metadata":{}},"ip":"::1","level":"error","message":"Authentication failed","path":"/logout","timestamp":"2025-03-01T08:44:42.912Z"}
{"error":{"message":"Autenticazione richiesta","metadata":{}},"ip":"::1","level":"error","message":"Auth Error:","method":"POST","path":"/api/v1/auth/logout","timestamp":"2025-03-01T08:44:42.914Z"}
{"error":{"message":"Autenticazione richiesta","metadata":{}},"ip":"::1","level":"error","message":"Authentication failed","path":"/","timestamp":"2025-03-01T09:57:40.988Z"}
{"body":{},"error":{"message":"Autenticazione richiesta"},"level":"error","message":"Errore richiesta","method":"GET","query":{},"requestId":"req_1740823060985_cqeo9bo74","timestamp":"2025-03-01T09:57:40.990Z","url":"/api/v1/classes"}
{"level":"error","message":"Autenticazione richiesta","timestamp":"2025-03-01T09:57:40.991Z"}
{"error":{"message":"Autenticazione richiesta","metadata":{}},"ip":"::1","level":"error","message":"Authentication failed","path":"/verify","timestamp":"2025-03-01T09:57:44.418Z"}
{"error":{"message":"Autenticazione richiesta","metadata":{}},"ip":"::1","level":"error","message":"Auth Error:","method":"GET","path":"/api/v1/auth/verify","timestamp":"2025-03-01T09:57:44.419Z"}
{"error":{"message":"Autenticazione richiesta","metadata":{}},"ip":"::1","level":"error","message":"Authentication failed","path":"/logout","timestamp":"2025-03-01T09:57:44.431Z"}
{"error":{"message":"Autenticazione richiesta","metadata":{}},"ip":"::1","level":"error","message":"Auth Error:","method":"POST","path":"/api/v1/auth/logout","timestamp":"2025-03-01T09:57:44.433Z"}
{"error":"Alcuni studenti selezionati non sono validi o hanno già una scuola assegnata","level":"error","message":"Error in batch assigning students to school:","schoolId":"67c236a42373b42426264bf6","studentIds":["67a7a77e242b430cbd8c5909","67a7ab79242b430cbd8c5b4b"],"timestamp":"2025-03-01T10:22:14.443Z"}
{"error":{"message":"Alcuni studenti selezionati non sono validi o hanno già una scuola assegnata","metadata":{}},"level":"error","message":"Error in batch assigning students to school:","timestamp":"2025-03-01T10:22:14.446Z","user":"677bfe44f6789c907c9f3766"}
{"error":"Alcuni studenti selezionati non sono validi o hanno già una scuola assegnata","level":"error","message":"Student route error:","method":"POST","path":"/batch-assign-to-school","timestamp":"2025-03-01T10:22:14.450Z","userId":"677bfe44f6789c907c9f3766"}
{"error":{"message":"Autenticazione richiesta","metadata":{}},"ip":"::1","level":"error","message":"Authentication failed","path":"/verify","timestamp":"2025-03-01T12:04:54.643Z"}
{"error":{"message":"Autenticazione richiesta","metadata":{}},"ip":"::1","level":"error","message":"Auth Error:","method":"GET","path":"/api/v1/auth/verify","timestamp":"2025-03-01T12:04:54.644Z"}
{"error":{"message":"Autenticazione richiesta","metadata":{}},"ip":"::1","level":"error","message":"Authentication failed","path":"/logout","timestamp":"2025-03-01T12:04:54.685Z"}
{"error":{"message":"Autenticazione richiesta","metadata":{}},"ip":"::1","level":"error","message":"Auth Error:","method":"POST","path":"/api/v1/auth/logout","timestamp":"2025-03-01T12:04:54.686Z"}
{"error":{"message":"Autenticazione richiesta","metadata":{}},"ip":"::1","level":"error","message":"Authentication failed","path":"/verify","timestamp":"2025-03-01T17:29:27.945Z"}
{"error":{"message":"Autenticazione richiesta","metadata":{}},"ip":"::1","level":"error","message":"Auth Error:","method":"GET","path":"/api/v1/auth/verify","timestamp":"2025-03-01T17:29:27.946Z"}
{"error":{"message":"Autenticazione richiesta","metadata":{}},"ip":"::1","level":"error","message":"Authentication failed","path":"/logout","timestamp":"2025-03-01T17:29:27.963Z"}
{"error":{"message":"Autenticazione richiesta","metadata":{}},"ip":"::1","level":"error","message":"Auth Error:","method":"POST","path":"/api/v1/auth/logout","timestamp":"2025-03-01T17:29:27.963Z"}
{"error":{"_message":"Validation failed","errors":{"capacity":{"kind":"user defined","message":"Parameter \"obj\" to Document() must be an object, got \"School\" (type string)","name":"ValidatorError","path":"capacity","properties":{"fullPath":"capacity","message":"Parameter \"obj\" to Document() must be an object, got \"School\" (type string)","path":"capacity","reason":{},"type":"user defined","value":30},"reason":{},"value":30},"year":{"kind":"user defined","message":"Parameter \"obj\" to Document() must be an object, got \"School\" (type string)","name":"ValidatorError","path":"year","properties":{"fullPath":"year","message":"Parameter \"obj\" to Document() must be an object, got \"School\" (type string)","path":"year","reason":{},"type":"user defined","value":1},"reason":{},"value":1}},"message":"Validation failed: capacity: Parameter \"obj\" to Document() must be an object, got \"School\" (type string), year: Parameter \"obj\" to Document() must be an object, got \"School\" (type string)","name":"ValidationError"},"level":"error","message":"Errore nell'aggiornamento di Class","timestamp":"2025-03-01T17:41:42.326Z"}
{"code":"DB_001","level":"error","message":"Errore nell'aggiornamento di Class","metadata":{"originalError":"Validation failed: capacity: Parameter \"obj\" to Document() must be an object, got \"School\" (type string), year: Parameter \"obj\" to Document() must be an object, got \"School\" (type string)"},"status":500,"timestamp":"2025-03-01T17:41:42.328Z"}
{"error":{"message":"Autenticazione richiesta","metadata":{}},"ip":"::1","level":"error","message":"Authentication failed","path":"/","timestamp":"2025-03-01T18:41:27.428Z"}
{"body":{},"error":{"message":"Autenticazione richiesta"},"level":"error","message":"Errore richiesta","method":"GET","query":{"institutionType":"","limit":"10","page":"1","populate":"manager","region":"","schoolType":""},"requestId":"req_1740854487400_urn9ebmx9","timestamp":"2025-03-01T18:41:27.440Z","url":"/api/v1/schools?page=1&limit=10&populate=manager&region=&schoolType=&institutionType="}
{"level":"error","message":"Autenticazione richiesta","timestamp":"2025-03-01T18:41:27.445Z"}
{"error":{"message":"Autenticazione richiesta","metadata":{}},"ip":"::1","level":"error","message":"Authentication failed","path":"/","timestamp":"2025-03-01T18:41:28.371Z"}
{"body":{},"error":{"message":"Autenticazione richiesta"},"level":"error","message":"Errore richiesta","method":"GET","query":{},"requestId":"req_1740854488368_qtyw5zpv5","timestamp":"2025-03-01T18:41:28.373Z","url":"/api/v1/classes"}
{"level":"error","message":"Autenticazione richiesta","timestamp":"2025-03-01T18:41:28.374Z"}
{"error":{"message":"Autenticazione richiesta","metadata":{}},"ip":"::1","level":"error","message":"Authentication failed","path":"/verify","timestamp":"2025-03-01T18:41:31.667Z"}
{"error":{"message":"Autenticazione richiesta","metadata":{}},"ip":"::1","level":"error","message":"Auth Error:","method":"GET","path":"/api/v1/auth/verify","timestamp":"2025-03-01T18:41:31.668Z"}
{"error":{"message":"Autenticazione richiesta","metadata":{}},"ip":"::1","level":"error","message":"Authentication failed","path":"/logout","timestamp":"2025-03-01T18:41:31.682Z"}
{"error":{"message":"Autenticazione richiesta","metadata":{}},"ip":"::1","level":"error","message":"Auth Error:","method":"POST","path":"/api/v1/auth/logout","timestamp":"2025-03-01T18:41:31.683Z"}
{"error":{"message":"Autenticazione richiesta","metadata":{}},"ip":"::1","level":"error","message":"Authentication failed","path":"/","timestamp":"2025-03-01T20:13:07.791Z"}
{"body":{},"error":{"message":"Autenticazione richiesta"},"level":"error","message":"Errore richiesta","method":"GET","query":{"limit":"25","page":"1","search":"","sort":"-createdAt"},"requestId":"req_1740859987783_vpxd6jlzl","timestamp":"2025-03-01T20:13:07.815Z","url":"/api/v1/users?page=1&limit=25&search=&sort=-createdAt"}
{"level":"error","message":"Autenticazione richiesta","timestamp":"2025-03-01T20:13:07.818Z"}
{"error":{"message":"Autenticazione richiesta","metadata":{}},"ip":"::1","level":"error","message":"Authentication failed","path":"/verify","timestamp":"2025-03-01T20:13:12.705Z"}
{"error":{"message":"Autenticazione richiesta","metadata":{}},"ip":"::1","level":"error","message":"Auth Error:","method":"GET","path":"/api/v1/auth/verify","timestamp":"2025-03-01T20:13:12.709Z"}
{"error":{"message":"Autenticazione richiesta","metadata":{}},"ip":"::1","level":"error","message":"Authentication failed","path":"/logout","timestamp":"2025-03-01T20:13:12.727Z"}
{"error":{"message":"Autenticazione richiesta","metadata":{}},"ip":"::1","level":"error","message":"Auth Error:","method":"POST","path":"/api/v1/auth/logout","timestamp":"2025-03-01T20:13:12.728Z"}
{"error":{"message":"Autenticazione richiesta","metadata":{}},"ip":"::1","level":"error","message":"Authentication failed","path":"/unassigned-to-school","timestamp":"2025-03-01T21:13:15.572Z"}
{"body":{},"error":{"message":"Autenticazione richiesta"},"level":"error","message":"Errore richiesta","method":"GET","query":{},"requestId":"req_1740863595569_csdi5dkrq","timestamp":"2025-03-01T21:13:15.575Z","url":"/api/v1/students/unassigned-to-school"}
{"level":"error","message":"Autenticazione richiesta","timestamp":"2025-03-01T21:13:15.576Z"}
{"error":{"message":"Autenticazione richiesta","metadata":{}},"ip":"::1","level":"error","message":"Authentication failed","path":"/","timestamp":"2025-03-01T21:13:15.584Z"}
{"error":{"message":"Autenticazione richiesta","metadata":{}},"ip":"::1","level":"error","message":"Authentication failed","path":"/","timestamp":"2025-03-01T21:13:15.588Z"}
{"body":{},"error":{"message":"Autenticazione richiesta"},"level":"error","message":"Errore richiesta","method":"GET","query":{"limit":"10","page":"1","populate":"manager"},"requestId":"req_1740863595582_516yest5l","timestamp":"2025-03-01T21:13:15.589Z","url":"/api/v1/schools?page=1&limit=10&populate=manager"}
{"level":"error","message":"Autenticazione richiesta","timestamp":"2025-03-01T21:13:15.589Z"}
{"body":{},"error":{"message":"Autenticazione richiesta"},"level":"error","message":"Errore richiesta","method":"GET","query":{"limit":"50","page":"1"},"requestId":"req_1740863595586_jzcnw1etl","timestamp":"2025-03-01T21:13:15.592Z","url":"/api/v1/students?page=1&limit=50"}
{"level":"error","message":"Autenticazione richiesta","timestamp":"2025-03-01T21:13:15.592Z"}
{"error":{"message":"Autenticazione richiesta","metadata":{}},"ip":"::1","level":"error","message":"Authentication failed","path":"/verify","timestamp":"2025-03-01T21:13:21.822Z"}
{"error":{"message":"Autenticazione richiesta","metadata":{}},"ip":"::1","level":"error","message":"Auth Error:","method":"GET","path":"/api/v1/auth/verify","timestamp":"2025-03-01T21:13:21.824Z"}
{"error":{"message":"Autenticazione richiesta","metadata":{}},"ip":"::1","level":"error","message":"Authentication failed","path":"/logout","timestamp":"2025-03-01T21:13:21.835Z"}
{"error":{"message":"Autenticazione richiesta","metadata":{}},"ip":"::1","level":"error","message":"Auth Error:","method":"POST","path":"/api/v1/auth/logout","timestamp":"2025-03-01T21:13:21.835Z"}
{"error":{"message":"Autenticazione richiesta","metadata":{}},"ip":"::1","level":"error","message":"Authentication failed","path":"/verify","timestamp":"2025-03-01T22:44:53.156Z"}
{"error":{"message":"Autenticazione richiesta","metadata":{}},"ip":"::1","level":"error","message":"Auth Error:","method":"GET","path":"/api/v1/auth/verify","timestamp":"2025-03-01T22:44:53.158Z"}
{"error":{"message":"Autenticazione richiesta","metadata":{}},"ip":"::1","level":"error","message":"Authentication failed","path":"/logout","timestamp":"2025-03-01T22:44:53.181Z"}
{"error":{"message":"Autenticazione richiesta","metadata":{}},"ip":"::1","level":"error","message":"Auth Error:","method":"POST","path":"/api/v1/auth/logout","timestamp":"2025-03-01T22:44:53.182Z"}
