{"error":{"message":"Autenticazione richiesta","metadata":{}},"ip":"::1","level":"error","message":"Authentication failed","path":"/verify","timestamp":"2025-02-22T11:12:39.614Z"}
{"error":{"message":"Autenticazione richiesta","metadata":{}},"ip":"::1","level":"error","message":"Auth Error:","method":"GET","path":"/api/v1/auth/verify","timestamp":"2025-02-22T11:12:39.616Z"}
{"error":{"message":"Autenticazione richiesta","metadata":{}},"ip":"::1","level":"error","message":"Authentication failed","path":"/logout","timestamp":"2025-02-22T11:12:39.638Z"}
{"error":{"message":"Autenticazione richiesta","metadata":{}},"ip":"::1","level":"error","message":"Auth Error:","method":"POST","path":"/api/v1/auth/logout","timestamp":"2025-02-22T11:12:39.640Z"}
{"error":{"message":"Autenticazione richiesta","metadata":{}},"ip":"::1","level":"error","message":"Authentication failed","path":"/config","timestamp":"2025-02-22T12:25:10.306Z"}
{"body":{},"code":"INTERNAL_SERVER_ERROR","error":"Autenticazione richiesta","level":"error","message":"CSI route error:","method":"GET","params":{},"path":"/config","timestamp":"2025-02-22T12:25:10.307Z"}
{"error":{"message":"Autenticazione richiesta","metadata":{}},"ip":"::1","level":"error","message":"Authentication failed","path":"/questions","timestamp":"2025-02-22T12:25:14.520Z"}
{"body":{},"code":"INTERNAL_SERVER_ERROR","error":"Autenticazione richiesta","level":"error","message":"CSI route error:","method":"GET","params":{},"path":"/questions","timestamp":"2025-02-22T12:25:14.521Z"}
{"error":{"message":"Autenticazione richiesta","metadata":{}},"ip":"::1","level":"error","message":"Authentication failed","path":"/verify","timestamp":"2025-02-22T12:25:17.506Z"}
{"error":{"message":"Autenticazione richiesta","metadata":{}},"ip":"::1","level":"error","message":"Auth Error:","method":"GET","path":"/api/v1/auth/verify","timestamp":"2025-02-22T12:25:17.507Z"}
{"error":{"message":"Autenticazione richiesta","metadata":{}},"ip":"::1","level":"error","message":"Authentication failed","path":"/logout","timestamp":"2025-02-22T12:25:17.523Z"}
{"error":{"message":"Autenticazione richiesta","metadata":{}},"ip":"::1","level":"error","message":"Auth Error:","method":"POST","path":"/api/v1/auth/logout","timestamp":"2025-02-22T12:25:17.525Z"}
{"data":{"config":"67a65a423218fb8ab7bbc040","studentId":"679c7494bdb941a2c47766c8","tipo":"CSI"},"error":"CSI validation failed: accessMethod: Path `accessMethod` is required.","level":"error","message":"Error saving test token:","stack":"ValidationError: CSI validation failed: accessMethod: Path `accessMethod` is required.\n    at Document.invalidate (C:\\Users\\ricca\\Desktop\\BSc\\node_modules\\mongoose\\lib\\document.js:3219:32)\n    at C:\\Users\\ricca\\Desktop\\BSc\\node_modules\\mongoose\\lib\\document.js:3012:17\n    at C:\\Users\\ricca\\Desktop\\BSc\\node_modules\\mongoose\\lib\\schematype.js:1368:9\n    at process.processTicksAndRejections (node:internal/process/task_queues:85:11)","timestamp":"2025-02-22T12:33:14.763Z"}
{"error":"Errore nel salvataggio del token CSI","level":"error","message":"Error initializing CSI test:","stack":"Error: Errore nel salvataggio del token CSI\n    at CSIRepository.saveTestToken (C:\\Users\\ricca\\Desktop\\BSc\\src\\engines\\CSI\\CSIRepository.js:285:15)\n    at process.processTicksAndRejections (node:internal/process/task_queues:105:5)\n    at async CSIController.initializeCSITest (C:\\Users\\ricca\\Desktop\\BSc\\src\\engines\\CSI\\CSIController.js:241:31)\n    at async generateTestLink (C:\\Users\\ricca\\Desktop\\BSc\\src\\engines\\CSI\\CSIController.js:561:26)","studentId":"679c7494bdb941a2c47766c8","timestamp":"2025-02-22T12:33:14.764Z"}
{"error":"Errore nel salvataggio del token CSI","level":"error","message":"Error generating CSI test link:","stack":"Error: Errore nel salvataggio del token CSI\n    at CSIRepository.saveTestToken (C:\\Users\\ricca\\Desktop\\BSc\\src\\engines\\CSI\\CSIRepository.js:285:15)\n    at process.processTicksAndRejections (node:internal/process/task_queues:105:5)\n    at async CSIController.initializeCSITest (C:\\Users\\ricca\\Desktop\\BSc\\src\\engines\\CSI\\CSIController.js:241:31)\n    at async generateTestLink (C:\\Users\\ricca\\Desktop\\BSc\\src\\engines\\CSI\\CSIController.js:561:26)","studentId":"679c7494bdb941a2c47766c8","timestamp":"2025-02-22T12:33:14.765Z"}
{"error":{"message":"Autenticazione richiesta","metadata":{}},"ip":"::1","level":"error","message":"Authentication failed","path":"/verify","timestamp":"2025-02-22T15:40:58.499Z"}
{"error":{"message":"Autenticazione richiesta","metadata":{}},"ip":"::1","level":"error","message":"Auth Error:","method":"GET","path":"/api/v1/auth/verify","timestamp":"2025-02-22T15:40:58.501Z"}
{"error":{"message":"Autenticazione richiesta","metadata":{}},"ip":"::1","level":"error","message":"Authentication failed","path":"/logout","timestamp":"2025-02-22T15:40:58.522Z"}
{"error":{"message":"Autenticazione richiesta","metadata":{}},"ip":"::1","level":"error","message":"Auth Error:","method":"POST","path":"/api/v1/auth/logout","timestamp":"2025-02-22T15:40:58.524Z"}
{"error":{"message":"Autenticazione richiesta","metadata":{}},"ip":"::1","level":"error","message":"Authentication failed","path":"/","timestamp":"2025-02-22T16:44:52.986Z"}
{"body":{},"error":{"message":"Autenticazione richiesta"},"level":"error","message":"Errore richiesta","method":"GET","query":{"limit":"25","page":"1","search":"","sort":"-createdAt"},"requestId":"req_1740242692982_jxblbcmt7","timestamp":"2025-02-22T16:44:52.988Z","url":"/api/v1/users?page=1&limit=25&search=&sort=-createdAt"}
{"level":"error","message":"Autenticazione richiesta","timestamp":"2025-02-22T16:44:52.989Z"}
{"error":{"message":"Autenticazione richiesta","metadata":{}},"ip":"::1","level":"error","message":"Authentication failed","path":"/","timestamp":"2025-02-22T16:45:03.971Z"}
{"body":{},"error":{"message":"Autenticazione richiesta"},"level":"error","message":"Errore richiesta","method":"GET","query":{"institutionType":"","limit":"10","page":"1","populate":"manager","region":"","schoolType":""},"requestId":"req_1740242703964_s1pl9agsz","timestamp":"2025-02-22T16:45:03.973Z","url":"/api/v1/schools?page=1&limit=10&populate=manager&region=&schoolType=&institutionType="}
{"level":"error","message":"Autenticazione richiesta","timestamp":"2025-02-22T16:45:03.976Z"}
{"error":{"message":"Autenticazione richiesta","metadata":{}},"ip":"::1","level":"error","message":"Authentication failed","path":"/","timestamp":"2025-02-22T16:45:19.192Z"}
{"body":{},"error":{"message":"Autenticazione richiesta"},"level":"error","message":"Errore richiesta","method":"GET","query":{},"requestId":"req_1740242719188_31ex0b4j4","timestamp":"2025-02-22T16:45:19.194Z","url":"/api/v1/classes"}
{"level":"error","message":"Autenticazione richiesta","timestamp":"2025-02-22T16:45:19.195Z"}
{"error":{"message":"Autenticazione richiesta","metadata":{}},"ip":"::1","level":"error","message":"Authentication failed","path":"/unassigned-to-school","timestamp":"2025-02-22T16:46:35.832Z"}
{"error":{"message":"Autenticazione richiesta","metadata":{}},"ip":"::1","level":"error","message":"Authentication failed","path":"/","timestamp":"2025-02-22T16:46:35.837Z"}
{"error":{"message":"Autenticazione richiesta","metadata":{}},"ip":"::1","level":"error","message":"Authentication failed","path":"/","timestamp":"2025-02-22T16:46:35.845Z"}
{"body":{},"error":{"message":"Autenticazione richiesta"},"level":"error","message":"Errore richiesta","method":"GET","query":{},"requestId":"req_1740242795828_rd6thpwk6","timestamp":"2025-02-22T16:46:35.846Z","url":"/api/v1/students/unassigned-to-school"}
{"level":"error","message":"Autenticazione richiesta","timestamp":"2025-02-22T16:46:35.847Z"}
{"body":{},"error":{"message":"Autenticazione richiesta"},"level":"error","message":"Errore richiesta","method":"GET","query":{"limit":"10","page":"1","populate":"manager"},"requestId":"req_1740242795833_gjj0tswqg","timestamp":"2025-02-22T16:46:35.850Z","url":"/api/v1/schools?page=1&limit=10&populate=manager"}
{"level":"error","message":"Autenticazione richiesta","timestamp":"2025-02-22T16:46:35.851Z"}
{"body":{},"error":{"message":"Autenticazione richiesta"},"level":"error","message":"Errore richiesta","method":"GET","query":{"limit":"50","page":"1"},"requestId":"req_1740242795839_rruv7jn37","timestamp":"2025-02-22T16:46:35.854Z","url":"/api/v1/students?page=1&limit=50"}
{"level":"error","message":"Autenticazione richiesta","timestamp":"2025-02-22T16:46:35.857Z"}
