{"error":{"message":"Autenticazione richiesta","metadata":{}},"ip":"::1","level":"error","message":"Authentication failed","path":"/verify","timestamp":"2025-02-27T08:58:41.847Z"}
{"error":{"message":"Autenticazione richiesta","metadata":{}},"ip":"::1","level":"error","message":"Auth Error:","method":"GET","path":"/api/v1/auth/verify","timestamp":"2025-02-27T08:58:41.849Z"}
{"error":{"message":"Autenticazione richiesta","metadata":{}},"ip":"::1","level":"error","message":"Authentication failed","path":"/logout","timestamp":"2025-02-27T08:58:41.865Z"}
{"error":{"message":"Autenticazione richiesta","metadata":{}},"ip":"::1","level":"error","message":"Auth Error:","method":"POST","path":"/api/v1/auth/logout","timestamp":"2025-02-27T08:58:41.866Z"}
{"email":"valentina@merazzi.it","error":"Utente non trovato","level":"error","message":"Login error:","timestamp":"2025-02-27T08:58:53.736Z"}
{"error":"Utente non trovato","level":"error","message":"Login error:","timestamp":"2025-02-27T08:58:53.736Z"}
{"error":{"message":"Utente non trovato","metadata":{}},"ip":"::1","level":"error","message":"Auth Error:","method":"POST","path":"/api/v1/auth/login","timestamp":"2025-02-27T08:58:53.737Z"}
{"error":{"message":"Token non pi첫 valido","metadata":{}},"level":"error","message":"Logout error","timestamp":"2025-02-27T08:59:45.485Z"}
{"error":{"message":"Token non pi첫 valido","metadata":{}},"level":"error","message":"Logout failed","timestamp":"2025-02-27T08:59:45.486Z"}
{"error":{},"level":"error","message":"Auth Route Error:","method":"POST","path":"/api/v1/auth/logout","timestamp":"2025-02-27T08:59:45.487Z"}
{"error":{},"ip":"::1","level":"error","message":"Auth Error:","method":"POST","path":"/api/v1/auth/logout","timestamp":"2025-02-27T08:59:45.488Z","userId":"67c0296a250c5746c3d96444"}
{"error":{"message":"Autenticazione richiesta","metadata":{}},"ip":"::1","level":"error","message":"Authentication failed","path":"/","timestamp":"2025-02-27T10:53:05.439Z"}
{"body":{},"error":{"message":"Autenticazione richiesta"},"level":"error","message":"Errore richiesta","method":"GET","query":{"institutionType":"","limit":"10","page":"1","populate":"manager","region":"","schoolType":""},"requestId":"req_1740653585432_l24l2yu84","timestamp":"2025-02-27T10:53:05.442Z","url":"/api/v1/schools?page=1&limit=10&populate=manager&region=&schoolType=&institutionType="}
{"level":"error","message":"Autenticazione richiesta","timestamp":"2025-02-27T10:53:05.445Z"}
{"error":{"message":"Autenticazione richiesta","metadata":{}},"ip":"::1","level":"error","message":"Authentication failed","path":"/","timestamp":"2025-02-27T10:53:07.451Z"}
{"body":{},"error":{"message":"Autenticazione richiesta"},"level":"error","message":"Errore richiesta","method":"GET","query":{},"requestId":"req_1740653587447_ep20vz592","timestamp":"2025-02-27T10:53:07.478Z","url":"/api/v1/classes"}
{"level":"error","message":"Autenticazione richiesta","timestamp":"2025-02-27T10:53:07.480Z"}
{"error":{"message":"Autenticazione richiesta","metadata":{}},"ip":"::1","level":"error","message":"Authentication failed","path":"/unassigned-to-school","timestamp":"2025-02-27T10:53:08.737Z"}
{"body":{},"error":{"message":"Autenticazione richiesta"},"level":"error","message":"Errore richiesta","method":"GET","query":{},"requestId":"req_1740653588730_qhvokbkq0","timestamp":"2025-02-27T10:53:08.745Z","url":"/api/v1/students/unassigned-to-school"}
{"level":"error","message":"Autenticazione richiesta","timestamp":"2025-02-27T10:53:08.746Z"}
{"error":{"message":"Autenticazione richiesta","metadata":{}},"ip":"::1","level":"error","message":"Authentication failed","path":"/","timestamp":"2025-02-27T10:53:08.759Z"}
{"error":{"message":"Autenticazione richiesta","metadata":{}},"ip":"::1","level":"error","message":"Authentication failed","path":"/","timestamp":"2025-02-27T10:53:08.765Z"}
{"body":{},"error":{"message":"Autenticazione richiesta"},"level":"error","message":"Errore richiesta","method":"GET","query":{"limit":"10","page":"1","populate":"manager"},"requestId":"req_1740653588754_de46mrcif","timestamp":"2025-02-27T10:53:08.767Z","url":"/api/v1/schools?page=1&limit=10&populate=manager"}
{"level":"error","message":"Autenticazione richiesta","timestamp":"2025-02-27T10:53:08.768Z"}
{"body":{},"error":{"message":"Autenticazione richiesta"},"level":"error","message":"Errore richiesta","method":"GET","query":{"limit":"50","page":"1"},"requestId":"req_1740653588761_h404r1h4t","timestamp":"2025-02-27T10:53:08.772Z","url":"/api/v1/students?page=1&limit=50"}
{"level":"error","message":"Autenticazione richiesta","timestamp":"2025-02-27T10:53:08.773Z"}
{"error":{"message":"Autenticazione richiesta","metadata":{}},"ip":"::1","level":"error","message":"Authentication failed","path":"/verify","timestamp":"2025-02-27T10:58:13.540Z"}
{"error":{"message":"Autenticazione richiesta","metadata":{}},"ip":"::1","level":"error","message":"Auth Error:","method":"GET","path":"/api/v1/auth/verify","timestamp":"2025-02-27T10:58:13.542Z"}
{"error":{"message":"Autenticazione richiesta","metadata":{}},"ip":"::1","level":"error","message":"Authentication failed","path":"/logout","timestamp":"2025-02-27T10:58:13.555Z"}
{"error":{"message":"Autenticazione richiesta","metadata":{}},"ip":"::1","level":"error","message":"Auth Error:","method":"POST","path":"/api/v1/auth/logout","timestamp":"2025-02-27T10:58:13.556Z"}
{"error":{"message":"Token non pi첫 valido","metadata":{}},"level":"error","message":"Logout error","timestamp":"2025-02-27T10:58:20.884Z"}
{"error":{"message":"Token non pi첫 valido","metadata":{}},"level":"error","message":"Logout failed","timestamp":"2025-02-27T10:58:20.885Z"}
{"error":{},"level":"error","message":"Auth Route Error:","method":"POST","path":"/api/v1/auth/logout","timestamp":"2025-02-27T10:58:20.894Z"}
{"error":{},"ip":"::1","level":"error","message":"Auth Error:","method":"POST","path":"/api/v1/auth/logout","timestamp":"2025-02-27T10:58:20.896Z","userId":"67c0296a250c5746c3d96444"}
{"error":{"reason":{"commonWireVersion":0,"compatible":true,"heartbeatFrequencyMS":10000,"localThresholdMS":15,"logicalSessionTimeoutMinutes":null,"maxElectionId":"7fffffff00000000000003fc","maxSetVersion":378,"servers":{},"setName":"atlas-ewe2jc-shard-0","stale":false,"type":"ReplicaSetNoPrimary"}},"level":"error","message":"Errore nella ricerca di User","timestamp":"2025-02-27T10:58:52.663Z"}
{"error":"Errore nella ricerca di User","level":"error","message":"Session validation error","timestamp":"2025-02-27T10:58:52.665Z"}
{"error":{"code":"DB_001","message":"Errore nella ricerca di User","metadata":{"originalError":"connection <monitor> to 52.28.156.122:27017 timed out"},"status":500},"ip":"::1","level":"error","message":"Authentication failed","path":"/unassigned-to-school","timestamp":"2025-02-27T10:58:52.666Z"}
{"error":{"reason":{"commonWireVersion":0,"compatible":true,"heartbeatFrequencyMS":10000,"localThresholdMS":15,"logicalSessionTimeoutMinutes":null,"maxElectionId":"7fffffff00000000000003fc","maxSetVersion":378,"servers":{},"setName":"atlas-ewe2jc-shard-0","stale":false,"type":"ReplicaSetNoPrimary"}},"level":"error","message":"Errore nella ricerca di User","timestamp":"2025-02-27T10:58:52.668Z"}
{"error":"Errore nella ricerca di User","level":"error","message":"Session validation error","timestamp":"2025-02-27T10:58:52.670Z"}
{"error":{"code":"DB_001","message":"Errore nella ricerca di User","metadata":{"originalError":"connection <monitor> to 52.28.156.122:27017 timed out"},"status":500},"ip":"::1","level":"error","message":"Authentication failed","path":"/","timestamp":"2025-02-27T10:58:52.671Z"}
{"body":{},"error":{"code":"DB_001","message":"Errore nella ricerca di User"},"level":"error","message":"Errore richiesta","method":"GET","query":{},"requestId":"req_1740653913340_twaek939w","timestamp":"2025-02-27T10:58:52.672Z","url":"/api/v1/students/unassigned-to-school"}
{"level":"error","message":"Errore nella ricerca di User","timestamp":"2025-02-27T10:58:52.673Z"}
{"body":{},"error":{"code":"DB_001","message":"Errore nella ricerca di User"},"level":"error","message":"Errore richiesta","method":"GET","query":{"limit":"10","page":"1","populate":"manager"},"requestId":"req_1740653913347_0vglei1pl","timestamp":"2025-02-27T10:58:52.676Z","url":"/api/v1/schools?page=1&limit=10&populate=manager"}
{"level":"error","message":"Errore nella ricerca di User","timestamp":"2025-02-27T10:58:52.678Z"}
{"error":{"connectionGeneration":4},"level":"error","message":"Errore nella ricerca di User","timestamp":"2025-02-27T10:58:53.393Z"}
{"error":"Errore nella ricerca di User","level":"error","message":"Session validation error","timestamp":"2025-02-27T10:58:53.403Z"}
{"error":{"code":"DB_001","message":"Errore nella ricerca di User","metadata":{"originalError":"connection timed out"},"status":500},"ip":"::1","level":"error","message":"Authentication failed","path":"/","timestamp":"2025-02-27T10:58:53.405Z"}
{"body":{},"error":{"code":"DB_001","message":"Errore nella ricerca di User"},"level":"error","message":"Errore richiesta","method":"GET","query":{"limit":"50","page":"1"},"requestId":"req_1740653913354_6vtm0xtzw","timestamp":"2025-02-27T10:58:53.408Z","url":"/api/v1/students?page=1&limit=50"}
{"level":"error","message":"Errore nella ricerca di User","timestamp":"2025-02-27T10:58:53.410Z"}
{"error":{"reason":{"commonWireVersion":0,"compatible":true,"heartbeatFrequencyMS":10000,"localThresholdMS":15,"logicalSessionTimeoutMinutes":null,"maxElectionId":"7fffffff00000000000003fc","maxSetVersion":378,"servers":{},"setName":"atlas-ewe2jc-shard-0","stale":false,"type":"ReplicaSetNoPrimary"}},"level":"error","message":"Errore nella ricerca di User","timestamp":"2025-02-27T10:59:40.584Z"}
{"error":"Errore nella ricerca di User","level":"error","message":"Session validation error","timestamp":"2025-02-27T10:59:40.588Z"}
{"error":{"code":"DB_001","message":"Errore nella ricerca di User","metadata":{"originalError":"connection <monitor> to 52.28.156.122:27017 timed out"},"status":500},"ip":"::1","level":"error","message":"Authentication failed","path":"/unassigned-to-school","timestamp":"2025-02-27T10:59:40.589Z"}
{"error":{"reason":{"commonWireVersion":0,"compatible":true,"heartbeatFrequencyMS":10000,"localThresholdMS":15,"logicalSessionTimeoutMinutes":null,"maxElectionId":"7fffffff00000000000003fc","maxSetVersion":378,"servers":{},"setName":"atlas-ewe2jc-shard-0","stale":false,"type":"ReplicaSetNoPrimary"}},"level":"error","message":"Errore nella ricerca di User","timestamp":"2025-02-27T10:59:40.593Z"}
{"error":"Errore nella ricerca di User","level":"error","message":"Session validation error","timestamp":"2025-02-27T10:59:40.595Z"}
{"error":{"code":"DB_001","message":"Errore nella ricerca di User","metadata":{"originalError":"connection <monitor> to 52.28.156.122:27017 timed out"},"status":500},"ip":"::1","level":"error","message":"Authentication failed","path":"/","timestamp":"2025-02-27T10:59:40.598Z"}
{"error":{"reason":{"commonWireVersion":0,"compatible":true,"heartbeatFrequencyMS":10000,"localThresholdMS":15,"logicalSessionTimeoutMinutes":null,"maxElectionId":"7fffffff00000000000003fc","maxSetVersion":378,"servers":{},"setName":"atlas-ewe2jc-shard-0","stale":false,"type":"ReplicaSetNoPrimary"}},"level":"error","message":"Errore nella ricerca di User","timestamp":"2025-02-27T10:59:40.603Z"}
{"error":"Errore nella ricerca di User","level":"error","message":"Session validation error","timestamp":"2025-02-27T10:59:40.606Z"}
{"error":{"code":"DB_001","message":"Errore nella ricerca di User","metadata":{"originalError":"connection <monitor> to 52.28.156.122:27017 timed out"},"status":500},"ip":"::1","level":"error","message":"Authentication failed","path":"/","timestamp":"2025-02-27T10:59:40.608Z"}
{"body":{},"error":{"code":"DB_001","message":"Errore nella ricerca di User"},"level":"error","message":"Errore richiesta","method":"GET","query":{},"requestId":"req_1740653962577_4opl26pc4","timestamp":"2025-02-27T10:59:40.610Z","url":"/api/v1/students/unassigned-to-school"}
{"level":"error","message":"Errore nella ricerca di User","timestamp":"2025-02-27T10:59:40.613Z"}
{"body":{},"error":{"code":"DB_001","message":"Errore nella ricerca di User"},"level":"error","message":"Errore richiesta","method":"GET","query":{"limit":"10","page":"1","populate":"manager"},"requestId":"req_1740653962585_elm2l5aqt","timestamp":"2025-02-27T10:59:40.620Z","url":"/api/v1/schools?page=1&limit=10&populate=manager"}
{"level":"error","message":"Errore nella ricerca di User","timestamp":"2025-02-27T10:59:40.622Z"}
{"body":{},"error":{"code":"DB_001","message":"Errore nella ricerca di User"},"level":"error","message":"Errore richiesta","method":"GET","query":{"limit":"50","page":"1"},"requestId":"req_1740653962590_lewp162ct","timestamp":"2025-02-27T10:59:40.626Z","url":"/api/v1/students?page=1&limit=50"}
{"level":"error","message":"Errore nella ricerca di User","timestamp":"2025-02-27T10:59:40.629Z"}
{"error":{"reason":{"commonWireVersion":0,"compatible":true,"heartbeatFrequencyMS":10000,"localThresholdMS":15,"logicalSessionTimeoutMinutes":null,"maxElectionId":"7fffffff00000000000003fc","maxSetVersion":378,"servers":{},"setName":"atlas-ewe2jc-shard-0","stale":false,"type":"ReplicaSetNoPrimary"}},"level":"error","message":"Errore nella ricerca di User","timestamp":"2025-02-27T10:59:44.995Z"}
{"error":"Errore nella ricerca di User","level":"error","message":"Session validation error","timestamp":"2025-02-27T10:59:44.998Z"}
{"error":{"code":"DB_001","message":"Errore nella ricerca di User","metadata":{"originalError":"connection <monitor> to 52.28.156.122:27017 timed out"},"status":500},"ip":"::1","level":"error","message":"Authentication failed","path":"/verify","timestamp":"2025-02-27T10:59:44.999Z"}
{"error":{"code":"DB_001","message":"Errore nella ricerca di User","metadata":{"originalError":"connection <monitor> to 52.28.156.122:27017 timed out"},"status":500},"ip":"::1","level":"error","message":"Auth Error:","method":"GET","path":"/api/v1/auth/verify","timestamp":"2025-02-27T10:59:45.000Z"}
{"error":{"reason":{"commonWireVersion":0,"compatible":true,"heartbeatFrequencyMS":10000,"localThresholdMS":15,"logicalSessionTimeoutMinutes":null,"maxElectionId":"7fffffff00000000000003fc","maxSetVersion":378,"servers":{},"setName":"atlas-ewe2jc-shard-0","stale":false,"type":"ReplicaSetNoPrimary"}},"level":"error","message":"Errore nella ricerca di User","timestamp":"2025-02-27T10:59:50.027Z"}
{"error":"Errore nella ricerca di User","level":"error","message":"Session validation error","timestamp":"2025-02-27T10:59:50.030Z"}
{"error":{"code":"DB_001","message":"Errore nella ricerca di User","metadata":{"originalError":"connection timed out"},"status":500},"ip":"::1","level":"error","message":"Authentication failed","path":"/logout","timestamp":"2025-02-27T10:59:50.031Z"}
{"error":{"code":"DB_001","message":"Errore nella ricerca di User","metadata":{"originalError":"connection timed out"},"status":500},"ip":"::1","level":"error","message":"Auth Error:","method":"POST","path":"/api/v1/auth/logout","timestamp":"2025-02-27T10:59:50.033Z"}
{"email":"riccardonicolilb@gmail.com","error":"getaddrinfo ENOTFOUND cluster0-shard-00-02.4nf56.mongodb.net","level":"error","message":"Error finding user by email:","stack":"MongoServerSelectionError: getaddrinfo ENOTFOUND cluster0-shard-00-02.4nf56.mongodb.net\n    at Timeout._onTimeout (C:\\Users\\ricca\\Desktop\\BSc\\node_modules\\mongoose\\node_modules\\mongodb\\lib\\sdam\\topology.js:278:38)\n    at listOnTimeout (node:internal/timers:594:17)\n    at process.processTimers (node:internal/timers:529:7)","timestamp":"2025-02-27T10:59:52.139Z"}
{"email":"riccardonicolilb@gmail.com","error":"getaddrinfo ENOTFOUND cluster0-shard-00-02.4nf56.mongodb.net","level":"error","message":"Login error:","stack":"MongoServerSelectionError: getaddrinfo ENOTFOUND cluster0-shard-00-02.4nf56.mongodb.net\n    at Timeout._onTimeout (C:\\Users\\ricca\\Desktop\\BSc\\node_modules\\mongoose\\node_modules\\mongodb\\lib\\sdam\\topology.js:278:38)\n    at listOnTimeout (node:internal/timers:594:17)\n    at process.processTimers (node:internal/timers:529:7)","timestamp":"2025-02-27T10:59:52.140Z"}
{"error":"getaddrinfo ENOTFOUND cluster0-shard-00-02.4nf56.mongodb.net","level":"error","message":"Login error:","stack":"MongoServerSelectionError: getaddrinfo ENOTFOUND cluster0-shard-00-02.4nf56.mongodb.net\n    at Timeout._onTimeout (C:\\Users\\ricca\\Desktop\\BSc\\node_modules\\mongoose\\node_modules\\mongodb\\lib\\sdam\\topology.js:278:38)\n    at listOnTimeout (node:internal/timers:594:17)\n    at process.processTimers (node:internal/timers:529:7)","timestamp":"2025-02-27T10:59:52.141Z"}
{"error":{"reason":{"commonWireVersion":0,"compatible":true,"heartbeatFrequencyMS":10000,"localThresholdMS":15,"logicalSessionTimeoutMinutes":null,"maxElectionId":"7fffffff00000000000003fc","maxSetVersion":378,"servers":{},"setName":"atlas-ewe2jc-shard-0","stale":false,"type":"ReplicaSetNoPrimary"}},"ip":"::1","level":"error","message":"Auth Error:","method":"POST","path":"/api/v1/auth/login","timestamp":"2025-02-27T10:59:52.142Z"}
{"email":"riccardonicolilb@gmail.com","error":"getaddrinfo ENOTFOUND cluster0-shard-00-02.4nf56.mongodb.net","level":"error","message":"Error finding user by email:","stack":"MongoServerSelectionError: getaddrinfo ENOTFOUND cluster0-shard-00-02.4nf56.mongodb.net\n    at Timeout._onTimeout (C:\\Users\\ricca\\Desktop\\BSc\\node_modules\\mongoose\\node_modules\\mongodb\\lib\\sdam\\topology.js:278:38)\n    at listOnTimeout (node:internal/timers:594:17)\n    at process.processTimers (node:internal/timers:529:7)","timestamp":"2025-02-27T10:59:57.726Z"}
{"email":"riccardonicolilb@gmail.com","error":"getaddrinfo ENOTFOUND cluster0-shard-00-02.4nf56.mongodb.net","level":"error","message":"Login error:","stack":"MongoServerSelectionError: getaddrinfo ENOTFOUND cluster0-shard-00-02.4nf56.mongodb.net\n    at Timeout._onTimeout (C:\\Users\\ricca\\Desktop\\BSc\\node_modules\\mongoose\\node_modules\\mongodb\\lib\\sdam\\topology.js:278:38)\n    at listOnTimeout (node:internal/timers:594:17)\n    at process.processTimers (node:internal/timers:529:7)","timestamp":"2025-02-27T10:59:57.733Z"}
{"error":"getaddrinfo ENOTFOUND cluster0-shard-00-02.4nf56.mongodb.net","level":"error","message":"Login error:","stack":"MongoServerSelectionError: getaddrinfo ENOTFOUND cluster0-shard-00-02.4nf56.mongodb.net\n    at Timeout._onTimeout (C:\\Users\\ricca\\Desktop\\BSc\\node_modules\\mongoose\\node_modules\\mongodb\\lib\\sdam\\topology.js:278:38)\n    at listOnTimeout (node:internal/timers:594:17)\n    at process.processTimers (node:internal/timers:529:7)","timestamp":"2025-02-27T10:59:57.737Z"}
{"error":{"reason":{"commonWireVersion":0,"compatible":true,"heartbeatFrequencyMS":10000,"localThresholdMS":15,"logicalSessionTimeoutMinutes":null,"maxElectionId":"7fffffff00000000000003fc","maxSetVersion":378,"servers":{},"setName":"atlas-ewe2jc-shard-0","stale":false,"type":"ReplicaSetNoPrimary"}},"ip":"::1","level":"error","message":"Auth Error:","method":"POST","path":"/api/v1/auth/login","timestamp":"2025-02-27T10:59:57.739Z"}
{"email":"riccardonicolilb@gmail.com","error":"getaddrinfo ENOTFOUND cluster0-shard-00-02.4nf56.mongodb.net","level":"error","message":"Error finding user by email:","stack":"MongoServerSelectionError: getaddrinfo ENOTFOUND cluster0-shard-00-02.4nf56.mongodb.net\n    at Timeout._onTimeout (C:\\Users\\ricca\\Desktop\\BSc\\node_modules\\mongoose\\node_modules\\mongodb\\lib\\sdam\\topology.js:278:38)\n    at listOnTimeout (node:internal/timers:594:17)\n    at process.processTimers (node:internal/timers:529:7)","timestamp":"2025-02-27T11:00:17.735Z"}
{"email":"riccardonicolilb@gmail.com","error":"getaddrinfo ENOTFOUND cluster0-shard-00-02.4nf56.mongodb.net","level":"error","message":"Login error:","stack":"MongoServerSelectionError: getaddrinfo ENOTFOUND cluster0-shard-00-02.4nf56.mongodb.net\n    at Timeout._onTimeout (C:\\Users\\ricca\\Desktop\\BSc\\node_modules\\mongoose\\node_modules\\mongodb\\lib\\sdam\\topology.js:278:38)\n    at listOnTimeout (node:internal/timers:594:17)\n    at process.processTimers (node:internal/timers:529:7)","timestamp":"2025-02-27T11:00:17.739Z"}
{"error":"getaddrinfo ENOTFOUND cluster0-shard-00-02.4nf56.mongodb.net","level":"error","message":"Login error:","stack":"MongoServerSelectionError: getaddrinfo ENOTFOUND cluster0-shard-00-02.4nf56.mongodb.net\n    at Timeout._onTimeout (C:\\Users\\ricca\\Desktop\\BSc\\node_modules\\mongoose\\node_modules\\mongodb\\lib\\sdam\\topology.js:278:38)\n    at listOnTimeout (node:internal/timers:594:17)\n    at process.processTimers (node:internal/timers:529:7)","timestamp":"2025-02-27T11:00:17.742Z"}
{"error":{"reason":{"commonWireVersion":0,"compatible":true,"heartbeatFrequencyMS":10000,"localThresholdMS":15,"logicalSessionTimeoutMinutes":null,"maxElectionId":"7fffffff00000000000003fc","maxSetVersion":378,"servers":{},"setName":"atlas-ewe2jc-shard-0","stale":false,"type":"ReplicaSetNoPrimary"}},"ip":"::1","level":"error","message":"Auth Error:","method":"POST","path":"/api/v1/auth/login","timestamp":"2025-02-27T11:00:17.745Z"}
{"error":{"reason":{"commonWireVersion":0,"compatible":true,"heartbeatFrequencyMS":10000,"localThresholdMS":15,"logicalSessionTimeoutMinutes":null,"maxElectionId":"7fffffff00000000000003fc","maxSetVersion":378,"servers":{},"setName":"atlas-ewe2jc-shard-0","stale":false,"type":"ReplicaSetNoPrimary"}},"level":"error","message":"Errore nella ricerca di User","timestamp":"2025-02-27T11:45:33.798Z"}
{"error":"Errore nella ricerca di User","level":"error","message":"Session validation error","timestamp":"2025-02-27T11:45:33.801Z"}
{"error":{"code":"DB_001","message":"Errore nella ricerca di User","metadata":{"originalError":"connection <monitor> to 3.121.35.97:27017 timed out"},"status":500},"ip":"::1","level":"error","message":"Authentication failed","path":"/67c0296a250c5746c3d96444","timestamp":"2025-02-27T11:45:33.803Z"}
{"body":{},"error":{"code":"DB_001","message":"Errore nella ricerca di User"},"level":"error","message":"Errore richiesta","method":"GET","query":{},"requestId":"req_1740656728786_23e9cql00","timestamp":"2025-02-27T11:45:33.808Z","url":"/api/v1/users/67c0296a250c5746c3d96444"}
{"level":"error","message":"Errore nella ricerca di User","timestamp":"2025-02-27T11:45:33.811Z"}
{"error":{},"level":"error","message":"Error updating user","timestamp":"2025-02-27T11:47:23.205Z"}
{"error":{},"level":"error","message":"User update failed","timestamp":"2025-02-27T11:47:23.209Z"}
{"error":"this.handleError is not a function","level":"error","message":"User Route Error:","method":"PUT","path":"/api/v1/users/67c0296a250c5746c3d96444","timestamp":"2025-02-27T11:47:23.212Z","userId":"677bfe44f6789c907c9f3766"}
{"error":"this.handleError is not a function","level":"error","message":"User Route Error:","method":"PUT","path":"/api/v1/users/67c0296a250c5746c3d96444","stack":"TypeError: this.handleError is not a function\n    at UserController.update (C:\\Users\\ricca\\Desktop\\BSc\\src\\controllers\\userController.js:306:25)\n    at process.processTicksAndRejections (node:internal/process/task_queues:105:5)","timestamp":"2025-02-27T11:47:23.216Z","userId":"677bfe44f6789c907c9f3766"}
{"error":{},"level":"error","message":"Error updating user","timestamp":"2025-02-27T11:47:41.889Z"}
{"error":{},"level":"error","message":"User update failed","timestamp":"2025-02-27T11:47:41.890Z"}
{"error":"this.handleError is not a function","level":"error","message":"User Route Error:","method":"PUT","path":"/api/v1/users/67c0296a250c5746c3d96444","timestamp":"2025-02-27T11:47:41.890Z","userId":"677bfe44f6789c907c9f3766"}
{"error":"this.handleError is not a function","level":"error","message":"User Route Error:","method":"PUT","path":"/api/v1/users/67c0296a250c5746c3d96444","stack":"TypeError: this.handleError is not a function\n    at UserController.update (C:\\Users\\ricca\\Desktop\\BSc\\src\\controllers\\userController.js:306:25)\n    at process.processTicksAndRejections (node:internal/process/task_queues:105:5)","timestamp":"2025-02-27T11:47:41.891Z","userId":"677bfe44f6789c907c9f3766"}
{"error":{},"level":"error","message":"Error updating user","timestamp":"2025-02-27T11:47:55.295Z"}
{"error":{},"level":"error","message":"User update failed","timestamp":"2025-02-27T11:47:55.296Z"}
{"error":"this.handleError is not a function","level":"error","message":"User Route Error:","method":"PUT","path":"/api/v1/users/67c0296a250c5746c3d96444","timestamp":"2025-02-27T11:47:55.296Z","userId":"677bfe44f6789c907c9f3766"}
{"error":"this.handleError is not a function","level":"error","message":"User Route Error:","method":"PUT","path":"/api/v1/users/67c0296a250c5746c3d96444","stack":"TypeError: this.handleError is not a function\n    at UserController.update (C:\\Users\\ricca\\Desktop\\BSc\\src\\controllers\\userController.js:306:25)\n    at process.processTicksAndRejections (node:internal/process/task_queues:105:5)","timestamp":"2025-02-27T11:47:55.297Z","userId":"677bfe44f6789c907c9f3766"}
{"error":{},"level":"error","message":"Error updating user","timestamp":"2025-02-27T11:48:10.708Z"}
{"error":{},"level":"error","message":"User update failed","timestamp":"2025-02-27T11:48:10.709Z"}
{"error":"this.handleError is not a function","level":"error","message":"User Route Error:","method":"PUT","path":"/api/v1/users/67c0296a250c5746c3d96444","timestamp":"2025-02-27T11:48:10.710Z","userId":"677bfe44f6789c907c9f3766"}
{"error":"this.handleError is not a function","level":"error","message":"User Route Error:","method":"PUT","path":"/api/v1/users/67c0296a250c5746c3d96444","stack":"TypeError: this.handleError is not a function\n    at UserController.update (C:\\Users\\ricca\\Desktop\\BSc\\src\\controllers\\userController.js:306:25)\n    at process.processTicksAndRejections (node:internal/process/task_queues:105:5)","timestamp":"2025-02-27T11:48:10.711Z","userId":"677bfe44f6789c907c9f3766"}
{"error":{},"level":"error","message":"Error updating user","timestamp":"2025-02-27T11:48:18.419Z"}
{"error":{},"level":"error","message":"User update failed","timestamp":"2025-02-27T11:48:18.423Z"}
{"error":"this.handleError is not a function","level":"error","message":"User Route Error:","method":"PUT","path":"/api/v1/users/67c0296a250c5746c3d96444","timestamp":"2025-02-27T11:48:18.426Z","userId":"677bfe44f6789c907c9f3766"}
{"error":"this.handleError is not a function","level":"error","message":"User Route Error:","method":"PUT","path":"/api/v1/users/67c0296a250c5746c3d96444","stack":"TypeError: this.handleError is not a function\n    at UserController.update (C:\\Users\\ricca\\Desktop\\BSc\\src\\controllers\\userController.js:306:25)\n    at process.processTicksAndRejections (node:internal/process/task_queues:105:5)","timestamp":"2025-02-27T11:48:18.428Z","userId":"677bfe44f6789c907c9f3766"}
{"error":{},"level":"error","message":"Error updating user","timestamp":"2025-02-27T11:48:22.440Z"}
{"error":{},"level":"error","message":"User update failed","timestamp":"2025-02-27T11:48:22.441Z"}
{"error":"this.handleError is not a function","level":"error","message":"User Route Error:","method":"PUT","path":"/api/v1/users/67c0296a250c5746c3d96444","timestamp":"2025-02-27T11:48:22.441Z","userId":"677bfe44f6789c907c9f3766"}
{"error":"this.handleError is not a function","level":"error","message":"User Route Error:","method":"PUT","path":"/api/v1/users/67c0296a250c5746c3d96444","stack":"TypeError: this.handleError is not a function\n    at UserController.update (C:\\Users\\ricca\\Desktop\\BSc\\src\\controllers\\userController.js:306:25)\n    at process.processTicksAndRejections (node:internal/process/task_queues:105:5)","timestamp":"2025-02-27T11:48:22.442Z","userId":"677bfe44f6789c907c9f3766"}
{"error":{},"level":"error","message":"Error updating user","timestamp":"2025-02-27T11:48:28.462Z"}
{"error":{},"level":"error","message":"User update failed","timestamp":"2025-02-27T11:48:28.466Z"}
{"error":"this.handleError is not a function","level":"error","message":"User Route Error:","method":"PUT","path":"/api/v1/users/67c0296a250c5746c3d96444","timestamp":"2025-02-27T11:48:28.469Z","userId":"677bfe44f6789c907c9f3766"}
{"error":"this.handleError is not a function","level":"error","message":"User Route Error:","method":"PUT","path":"/api/v1/users/67c0296a250c5746c3d96444","stack":"TypeError: this.handleError is not a function\n    at UserController.update (C:\\Users\\ricca\\Desktop\\BSc\\src\\controllers\\userController.js:306:25)\n    at process.processTicksAndRejections (node:internal/process/task_queues:105:5)","timestamp":"2025-02-27T11:48:28.471Z","userId":"677bfe44f6789c907c9f3766"}
{"error":{},"level":"error","message":"Error updating user","timestamp":"2025-02-27T11:48:36.095Z"}
{"error":{},"level":"error","message":"User update failed","timestamp":"2025-02-27T11:48:36.096Z"}
{"error":"this.handleError is not a function","level":"error","message":"User Route Error:","method":"PUT","path":"/api/v1/users/67c0296a250c5746c3d96444","timestamp":"2025-02-27T11:48:36.096Z","userId":"677bfe44f6789c907c9f3766"}
{"error":"this.handleError is not a function","level":"error","message":"User Route Error:","method":"PUT","path":"/api/v1/users/67c0296a250c5746c3d96444","stack":"TypeError: this.handleError is not a function\n    at UserController.update (C:\\Users\\ricca\\Desktop\\BSc\\src\\controllers\\userController.js:306:25)\n    at process.processTicksAndRejections (node:internal/process/task_queues:105:5)","timestamp":"2025-02-27T11:48:36.097Z","userId":"677bfe44f6789c907c9f3766"}
{"error":{},"level":"error","message":"Error updating user","timestamp":"2025-02-27T11:48:40.481Z"}
{"error":{},"level":"error","message":"User update failed","timestamp":"2025-02-27T11:48:40.484Z"}
{"error":"this.handleError is not a function","level":"error","message":"User Route Error:","method":"PUT","path":"/api/v1/users/67c0296a250c5746c3d96444","timestamp":"2025-02-27T11:48:40.486Z","userId":"677bfe44f6789c907c9f3766"}
{"error":"this.handleError is not a function","level":"error","message":"User Route Error:","method":"PUT","path":"/api/v1/users/67c0296a250c5746c3d96444","stack":"TypeError: this.handleError is not a function\n    at UserController.update (C:\\Users\\ricca\\Desktop\\BSc\\src\\controllers\\userController.js:306:25)\n    at process.processTicksAndRejections (node:internal/process/task_queues:105:5)","timestamp":"2025-02-27T11:48:40.489Z","userId":"677bfe44f6789c907c9f3766"}
{"error":{"message":"Autenticazione richiesta","metadata":{}},"ip":"::1","level":"error","message":"Authentication failed","path":"/verify","timestamp":"2025-02-27T13:38:41.465Z"}
{"error":{"message":"Autenticazione richiesta","metadata":{}},"ip":"::1","level":"error","message":"Auth Error:","method":"GET","path":"/api/v1/auth/verify","timestamp":"2025-02-27T13:38:41.468Z"}
{"error":{"message":"Autenticazione richiesta","metadata":{}},"ip":"::1","level":"error","message":"Authentication failed","path":"/logout","timestamp":"2025-02-27T13:38:41.484Z"}
{"error":{"message":"Autenticazione richiesta","metadata":{}},"ip":"::1","level":"error","message":"Auth Error:","method":"POST","path":"/api/v1/auth/logout","timestamp":"2025-02-27T13:38:41.485Z"}
{"error":{},"level":"error","message":"Error updating user","timestamp":"2025-02-27T13:39:37.410Z"}
{"error":{},"level":"error","message":"User update failed","timestamp":"2025-02-27T13:39:37.411Z"}
{"error":"this.handleError is not a function","level":"error","message":"User Route Error:","method":"PUT","path":"/api/v1/users/67c02995250c5746c3d9647c","timestamp":"2025-02-27T13:39:37.412Z","userId":"677bfe44f6789c907c9f3766"}
{"error":"this.handleError is not a function","level":"error","message":"User Route Error:","method":"PUT","path":"/api/v1/users/67c02995250c5746c3d9647c","stack":"TypeError: this.handleError is not a function\n    at UserController.update (C:\\Users\\ricca\\Desktop\\BSc\\src\\controllers\\userController.js:323:25)\n    at process.processTicksAndRejections (node:internal/process/task_queues:105:5)","timestamp":"2025-02-27T13:39:37.413Z","userId":"677bfe44f6789c907c9f3766"}
{"error":{},"level":"error","message":"Error updating user","timestamp":"2025-02-27T13:49:09.450Z"}
{"error":{},"level":"error","message":"User update failed","timestamp":"2025-02-27T13:49:09.452Z"}
{"error":"this.handleError is not a function","level":"error","message":"User Route Error:","method":"PUT","path":"/api/v1/users/67c02995250c5746c3d9647c","timestamp":"2025-02-27T13:49:09.453Z","userId":"677bfe44f6789c907c9f3766"}
{"error":"this.handleError is not a function","level":"error","message":"User Route Error:","method":"PUT","path":"/api/v1/users/67c02995250c5746c3d9647c","stack":"TypeError: this.handleError is not a function\n    at UserController.update (C:\\Users\\ricca\\Desktop\\BSc\\src\\controllers\\userController.js:323:25)\n    at process.processTicksAndRejections (node:internal/process/task_queues:105:5)","timestamp":"2025-02-27T13:49:09.454Z","userId":"677bfe44f6789c907c9f3766"}
{"error":{},"level":"error","message":"Error updating user","timestamp":"2025-02-27T13:49:19.891Z"}
{"error":{},"level":"error","message":"User update failed","timestamp":"2025-02-27T13:49:19.891Z"}
{"error":"this.handleError is not a function","level":"error","message":"User Route Error:","method":"PUT","path":"/api/v1/users/67c02995250c5746c3d9647c","timestamp":"2025-02-27T13:49:19.892Z","userId":"677bfe44f6789c907c9f3766"}
{"error":"this.handleError is not a function","level":"error","message":"User Route Error:","method":"PUT","path":"/api/v1/users/67c02995250c5746c3d9647c","stack":"TypeError: this.handleError is not a function\n    at UserController.update (C:\\Users\\ricca\\Desktop\\BSc\\src\\controllers\\userController.js:323:25)\n    at process.processTicksAndRejections (node:internal/process/task_queues:105:5)","timestamp":"2025-02-27T13:49:19.893Z","userId":"677bfe44f6789c907c9f3766"}
{"error":{},"level":"error","message":"Error updating user","timestamp":"2025-02-27T13:55:05.015Z"}
{"error":{},"level":"error","message":"User update failed","timestamp":"2025-02-27T13:55:05.016Z"}
{"level":"error","message":"user error:","timestamp":"2025-02-27T13:55:05.016Z"}
{"error":{"message":"Autenticazione richiesta","metadata":{}},"ip":"::1","level":"error","message":"Authentication failed","path":"/67c02995250c5746c3d9647c","timestamp":"2025-02-27T14:39:34.743Z"}
{"body":{"email":"hangar79@gmail.com","firstName":"Vinx0","lastName":"Sensei","role":"admin"},"error":{"message":"Autenticazione richiesta"},"level":"error","message":"Errore richiesta","method":"PUT","query":{},"requestId":"req_1740667174739_ezr1q0hmw","timestamp":"2025-02-27T14:39:34.745Z","url":"/api/v1/users/67c02995250c5746c3d9647c"}
{"level":"error","message":"Autenticazione richiesta","timestamp":"2025-02-27T14:39:34.747Z"}
{"error":{"message":"Autenticazione richiesta","metadata":{}},"ip":"::1","level":"error","message":"Authentication failed","path":"/verify","timestamp":"2025-02-27T14:39:43.390Z"}
{"error":{"message":"Autenticazione richiesta","metadata":{}},"ip":"::1","level":"error","message":"Auth Error:","method":"GET","path":"/api/v1/auth/verify","timestamp":"2025-02-27T14:39:43.391Z"}
{"error":{"message":"Autenticazione richiesta","metadata":{}},"ip":"::1","level":"error","message":"Authentication failed","path":"/logout","timestamp":"2025-02-27T14:39:43.405Z"}
{"error":{"message":"Autenticazione richiesta","metadata":{}},"ip":"::1","level":"error","message":"Auth Error:","method":"POST","path":"/api/v1/auth/logout","timestamp":"2025-02-27T14:39:43.406Z"}
{"error":{"message":"Autenticazione richiesta","metadata":{}},"ip":"::1","level":"error","message":"Authentication failed","path":"/","timestamp":"2025-02-27T15:45:40.854Z"}
{"body":{},"error":{"message":"Autenticazione richiesta"},"level":"error","message":"Errore richiesta","method":"GET","query":{"limit":"25","page":"1","search":"","sort":"-createdAt"},"requestId":"req_1740671140849_wifbmiqdq","timestamp":"2025-02-27T15:45:40.858Z","url":"/api/v1/users?page=1&limit=25&search=&sort=-createdAt"}
{"level":"error","message":"Autenticazione richiesta","timestamp":"2025-02-27T15:45:40.862Z"}
{"error":{"message":"Autenticazione richiesta","metadata":{}},"ip":"::1","level":"error","message":"Authentication failed","path":"/","timestamp":"2025-02-27T15:46:02.735Z"}
{"body":{},"error":{"message":"Autenticazione richiesta"},"level":"error","message":"Errore richiesta","method":"GET","query":{"limit":"25","page":"1","search":"","sort":"-createdAt"},"requestId":"req_1740671162728_psyw3ctly","timestamp":"2025-02-27T15:46:02.737Z","url":"/api/v1/users?page=1&limit=25&search=&sort=-createdAt"}
{"level":"error","message":"Autenticazione richiesta","timestamp":"2025-02-27T15:46:02.740Z"}
{"error":{"message":"Autenticazione richiesta","metadata":{}},"ip":"::1","level":"error","message":"Authentication failed","path":"/verify","timestamp":"2025-02-27T15:46:07.775Z"}
{"error":{"message":"Autenticazione richiesta","metadata":{}},"ip":"::1","level":"error","message":"Auth Error:","method":"GET","path":"/api/v1/auth/verify","timestamp":"2025-02-27T15:46:07.777Z"}
{"error":{"message":"Autenticazione richiesta","metadata":{}},"ip":"::1","level":"error","message":"Authentication failed","path":"/logout","timestamp":"2025-02-27T15:46:07.790Z"}
{"error":{"message":"Autenticazione richiesta","metadata":{}},"ip":"::1","level":"error","message":"Auth Error:","method":"POST","path":"/api/v1/auth/logout","timestamp":"2025-02-27T15:46:07.792Z"}
{"error":{},"level":"error","message":"Error deleting user","timestamp":"2025-02-27T15:55:12.218Z","userId":"67c08129d9fbc143eee2a032"}
{"error":{},"level":"error","message":"User deletion failed","timestamp":"2025-02-27T15:55:12.220Z"}
{"level":"error","message":"user error:","timestamp":"2025-02-27T15:55:12.222Z"}
{"error":{},"level":"error","message":"Error deleting user","timestamp":"2025-02-27T15:55:22.625Z","userId":"67c08129d9fbc143eee2a032"}
{"error":{},"level":"error","message":"User deletion failed","timestamp":"2025-02-27T15:55:22.626Z"}
{"level":"error","message":"user error:","timestamp":"2025-02-27T15:55:22.627Z"}
{"error":{"message":"Autenticazione richiesta","metadata":{}},"ip":"::1","level":"error","message":"Authentication failed","path":"/","timestamp":"2025-02-27T16:47:58.769Z"}
{"body":{},"error":{"message":"Autenticazione richiesta"},"level":"error","message":"Errore richiesta","method":"GET","query":{"limit":"25","page":"1","search":"","sort":"-createdAt"},"requestId":"req_1740674878765_crcl8mtcz","timestamp":"2025-02-27T16:47:58.772Z","url":"/api/v1/users?page=1&limit=25&search=&sort=-createdAt"}
{"level":"error","message":"Autenticazione richiesta","timestamp":"2025-02-27T16:47:58.774Z"}
{"error":{"message":"Autenticazione richiesta","metadata":{}},"ip":"::1","level":"error","message":"Authentication failed","path":"/","timestamp":"2025-02-27T16:50:11.772Z"}
{"body":{},"error":{"message":"Autenticazione richiesta"},"level":"error","message":"Errore richiesta","method":"GET","query":{"limit":"25","page":"1","search":"","sort":"-createdAt"},"requestId":"req_1740675011769_4t9snbdoi","timestamp":"2025-02-27T16:50:11.774Z","url":"/api/v1/users?page=1&limit=25&search=&sort=-createdAt"}
{"level":"error","message":"Autenticazione richiesta","timestamp":"2025-02-27T16:50:11.775Z"}
{"error":{"message":"Autenticazione richiesta","metadata":{}},"ip":"::1","level":"error","message":"Authentication failed","path":"/verify","timestamp":"2025-02-27T16:51:04.451Z"}
{"error":{"message":"Autenticazione richiesta","metadata":{}},"ip":"::1","level":"error","message":"Auth Error:","method":"GET","path":"/api/v1/auth/verify","timestamp":"2025-02-27T16:51:04.452Z"}
{"error":{"message":"Autenticazione richiesta","metadata":{}},"ip":"::1","level":"error","message":"Authentication failed","path":"/logout","timestamp":"2025-02-27T16:51:04.461Z"}
{"error":{"message":"Autenticazione richiesta","metadata":{}},"ip":"::1","level":"error","message":"Auth Error:","method":"POST","path":"/api/v1/auth/logout","timestamp":"2025-02-27T16:51:04.462Z"}
{"error":{"message":"Autenticazione richiesta","metadata":{}},"ip":"::1","level":"error","message":"Authentication failed","path":"/verify","timestamp":"2025-02-27T19:59:06.607Z"}
{"error":{"message":"Autenticazione richiesta","metadata":{}},"ip":"::1","level":"error","message":"Auth Error:","method":"GET","path":"/api/v1/auth/verify","timestamp":"2025-02-27T19:59:06.609Z"}
{"error":{"message":"Autenticazione richiesta","metadata":{}},"ip":"::1","level":"error","message":"Authentication failed","path":"/logout","timestamp":"2025-02-27T19:59:06.627Z"}
{"error":{"message":"Autenticazione richiesta","metadata":{}},"ip":"::1","level":"error","message":"Auth Error:","method":"POST","path":"/api/v1/auth/logout","timestamp":"2025-02-27T19:59:06.628Z"}
{"error":"Cannot read properties of undefined (reading 'bind')","level":"error","message":"Errore durante l'avvio del server:","stack":"TypeError: Cannot read properties of undefined (reading 'bind')\n    at createSchoolRouter (C:\\Users\\ricca\\Desktop\\BSc\\src\\routes\\schoolRoutes.js:134:51)\n    at createRouter (C:\\Users\\ricca\\Desktop\\BSc\\src\\routes\\index.js:43:51)\n    at startServer (C:\\Users\\ricca\\Desktop\\BSc\\src\\app.js:327:28)\n    at process.processTicksAndRejections (node:internal/process/task_queues:105:5)","timestamp":"2025-02-27T21:24:57.695Z"}
{"error":{"message":"Autenticazione richiesta","metadata":{}},"ip":"::1","level":"error","message":"Authentication failed","path":"/verify","timestamp":"2025-02-27T21:31:44.859Z"}
{"error":{"message":"Autenticazione richiesta","metadata":{}},"ip":"::1","level":"error","message":"Auth Error:","method":"GET","path":"/api/v1/auth/verify","timestamp":"2025-02-27T21:31:44.860Z"}
{"error":{"message":"Autenticazione richiesta","metadata":{}},"ip":"::1","level":"error","message":"Authentication failed","path":"/logout","timestamp":"2025-02-27T21:31:44.882Z"}
{"error":{"message":"Autenticazione richiesta","metadata":{}},"ip":"::1","level":"error","message":"Auth Error:","method":"POST","path":"/api/v1/auth/logout","timestamp":"2025-02-27T21:31:44.884Z"}
