{"error":"Cannot read properties of undefined (reading 'bind')","level":"error","message":"Errore durante l'avvio del server:","stack":"TypeError: Cannot read properties of undefined (reading 'bind')\n    at createTestRouter (C:\\Users\\ricca\\Desktop\\BSc\\src\\routes\\testRoutes.js:197:51)\n    at startServer (C:\\Users\\ricca\\Desktop\\BSc\\src\\app.js:330:28)\n    at process.processTicksAndRejections (node:internal/process/task_queues:105:5)","timestamp":"2025-03-10T15:24:51.998Z"}
{"context":{"userData":{"email":"test@example.com","firstName":"Duplicate","lastName":"User","password":"[REDACTED]","role":"teacher","sessionTokens":[{"createdAt":"2025-03-10T15:43:36.186Z","expiresAt":"2025-03-11T15:43:36.186Z","ipAddress":"127.0.0.1","lastUsedAt":"2025-03-10T15:43:36.186Z","token":"c7f83c69-e493-47ac-85ff-5d5f396464b3-duplicate","userAgent":"Test Browser"}],"status":"active"}},"errorCode":11000,"errorMessage":"E11000 duplicate key error collection: test.users index: email_1 dup key: { email: \"test@example.com\" }","errorName":"MongoServerError","level":"error","message":"Errore in UserRepository.create:","stack":"MongoServerError: E11000 duplicate key error collection: test.users index: email_1 dup key: { email: \"test@example.com\" }\n    at C:\\Users\\ricca\\Desktop\\BSc\\node_modules\\mongoose\\node_modules\\mongodb\\src\\operations\\insert.ts:85:25\n    at C:\\Users\\ricca\\Desktop\\BSc\\node_modules\\mongoose\\node_modules\\mongodb\\src\\operations\\command.ts:173:14\n    at processTicksAndRejections (node:internal/process/task_queues:105:5)","timestamp":"2025-03-10T15:43:36.630Z"}
{"error":"Password temporanea non valida","level":"error","message":"Errore durante l'autenticazione dello studente","timestamp":"2025-03-10T15:45:39.086Z","username":"piero@matest.it"}
{"error":"Password temporanea non valida","level":"error","message":"Errore durante il login dello studente","timestamp":"2025-03-10T15:45:39.088Z"}
{"error":"Password temporanea non valida","level":"error","message":"StudentAuth error:","method":"POST","path":"/login","timestamp":"2025-03-10T15:45:39.092Z"}
{"error":"ID test mancante","level":"error","message":"Test Route Error:","method":"GET","path":"/67cf02dba19e330f246436e7","timestamp":"2025-03-10T16:17:21.969Z","userId":"677bfe44f6789c907c9f3766"}
{"error":"ID test mancante","level":"error","message":"Test Route Error:","method":"GET","path":"/67cf02dba19e330f246436e7","timestamp":"2025-03-10T16:17:25.031Z","userId":"677bfe44f6789c907c9f3766"}
{"error":"ID test mancante","level":"error","message":"Test Route Error:","method":"GET","path":"/67cca0566731679c15323be1","timestamp":"2025-03-10T16:18:44.041Z","userId":"677bfe44f6789c907c9f3766"}
{"error":"ID test mancante","level":"error","message":"Test Route Error:","method":"GET","path":"/67cca0566731679c15323be1","timestamp":"2025-03-10T16:19:48.487Z","userId":"677bfe44f6789c907c9f3766"}
{"error":{"message":"Token non più valido","metadata":{}},"level":"error","message":"Logout error","timestamp":"2025-03-10T16:19:53.685Z"}
{"error":{"message":"Token non più valido","metadata":{}},"level":"error","message":"Logout failed","timestamp":"2025-03-10T16:19:53.686Z"}
{"error":{},"level":"error","message":"Auth Route Error:","method":"POST","path":"/api/v1/auth/logout","timestamp":"2025-03-10T16:19:53.687Z"}
{"error":{},"ip":"::1","level":"error","message":"Auth Error:","method":"POST","path":"/api/v1/auth/logout","timestamp":"2025-03-10T16:19:53.688Z","userId":"677bfe44f6789c907c9f3766"}
{"error":"ID test mancante","level":"error","message":"Test Route Error:","method":"GET","path":"/67cf02dba19e330f246436e6","timestamp":"2025-03-10T16:20:02.479Z","userId":"677bfe44f6789c907c9f3766"}
{"error":"ID test mancante","level":"error","message":"Test Route Error:","method":"GET","path":"/67cf1185f01d141a179f9fff","timestamp":"2025-03-10T16:25:51.988Z","userId":"677bfe44f6789c907c9f3766"}
{"error":"Accesso non consentito a questo test","level":"error","message":"Test Route Error:","method":"POST","path":"/67cf1185f01d141a179f9fff/revoke","timestamp":"2025-03-10T16:25:58.179Z","userId":"677bfe44f6789c907c9f3766"}
{"error":"ID test mancante","level":"error","message":"Test Route Error:","method":"GET","path":"/67cf1185f01d141a179f9fff","timestamp":"2025-03-10T16:26:13.348Z","userId":"677bfe44f6789c907c9f3766"}
{"error":"ID test mancante","level":"error","message":"Test Route Error:","method":"GET","path":"/67cf1185f01d141a179f9fff","timestamp":"2025-03-10T16:30:09.934Z","userId":"677bfe44f6789c907c9f3766"}
{"error":"ID test mancante","level":"error","message":"Test Route Error:","method":"GET","path":"/67cf1185f01d141a179f9fff","timestamp":"2025-03-10T16:32:32.370Z","userId":"677bfe44f6789c907c9f3766"}
{"error":"Accesso non consentito a questo test","level":"error","message":"Test Route Error:","method":"POST","path":"/67cf1185f01d141a179f9fff/revoke","timestamp":"2025-03-10T16:44:06.174Z","userId":"677bfe44f6789c907c9f3766"}
