{"error":"jwt expired","level":"error","message":"Errore durante la verifica del token","name":"TokenExpiredError","timestamp":"2025-03-15T07:53:53.274Z"}
{"error":{"code":"AUTH_002","message":"Token scaduto","metadata":{},"status":401},"ip":"::1","level":"error","message":"Student authentication failed","path":"/my-tests","timestamp":"2025-03-15T07:53:53.276Z"}
{"error":"Token scaduto","level":"error","message":"Test Route Error:","method":"GET","path":"/my-tests","timestamp":"2025-03-15T07:53:53.277Z"}
{"error":{"code":"AUTH_002","message":"Token scaduto","metadata":{},"status":401},"ip":"::1","level":"error","message":"Authentication failed","path":"/verify","timestamp":"2025-03-15T07:53:54.373Z"}
{"error":{"code":"AUTH_002","message":"Token scaduto","metadata":{},"status":401},"ip":"::1","level":"error","message":"Auth Error:","method":"GET","path":"/api/v1/auth/verify","timestamp":"2025-03-15T07:53:54.375Z"}
{"error":{"code":"AUTH_002","message":"Token scaduto","metadata":{},"status":401},"ip":"::1","level":"error","message":"Authentication failed","path":"/refresh-token","timestamp":"2025-03-15T07:53:54.460Z"}
{"error":{"code":"AUTH_002","message":"Token scaduto","metadata":{},"status":401},"ip":"::1","level":"error","message":"Auth Error:","method":"POST","path":"/api/v1/auth/refresh-token","timestamp":"2025-03-15T07:53:54.461Z"}
{"error":"jwt expired","level":"error","message":"Errore durante la verifica del token","name":"TokenExpiredError","timestamp":"2025-03-15T07:54:18.431Z"}
{"error":{"code":"AUTH_002","message":"Token scaduto","metadata":{},"status":401},"ip":"::1","level":"error","message":"Student authentication failed","path":"/profile","timestamp":"2025-03-15T07:54:18.432Z"}
{"error":"Token scaduto","level":"error","message":"StudentAuth error:","method":"GET","path":"/student/profile","timestamp":"2025-03-15T07:54:18.434Z"}
{"error":"jwt expired","level":"error","message":"Errore durante la verifica del token","name":"TokenExpiredError","timestamp":"2025-03-15T07:54:18.446Z"}
{"error":{"code":"AUTH_002","message":"Token scaduto","metadata":{},"status":401},"ip":"::1","level":"error","message":"Student authentication failed","path":"/profile","timestamp":"2025-03-15T07:54:18.447Z"}
{"error":"Token scaduto","level":"error","message":"StudentAuth error:","method":"GET","path":"/student/profile","timestamp":"2025-03-15T07:54:18.448Z"}
{"error":"Credenziali non valide","level":"error","message":"Errore durante l'autenticazione dello studente","timestamp":"2025-03-15T07:54:25.226Z","username":"piero@matest.it"}
{"error":"Credenziali non valide","level":"error","message":"Errore durante il login dello studente","timestamp":"2025-03-15T07:54:25.226Z"}
{"error":"Credenziali non valide","level":"error","message":"StudentAuth error:","method":"POST","path":"/login","timestamp":"2025-03-15T07:54:25.227Z"}
{"error":"Credenziali non valide","level":"error","message":"Errore durante l'autenticazione dello studente","timestamp":"2025-03-15T07:54:29.226Z","username":"piero@matest.it"}
{"error":"Credenziali non valide","level":"error","message":"Errore durante il login dello studente","timestamp":"2025-03-15T07:54:29.228Z"}
{"error":"Credenziali non valide","level":"error","message":"StudentAuth error:","method":"POST","path":"/login","timestamp":"2025-03-15T07:54:29.228Z"}
{"answer":{"_id":"67d532ccd398319f2c1b0033","categoria":"Creatività","questionId":1,"timeSpent":1742025420735,"timestamp":"2025-03-15T07:57:00.802Z","value":2},"index":0,"level":"error","message":"Invalid answer structure:","timestamp":"2025-03-15T07:58:20.655Z"}
{"error":"Invalid answer structure at index 0","level":"error","message":"Error calculating test result:","sampleAnswer":{"_id":"67d532ccd398319f2c1b0033","categoria":"Creatività","questionId":1,"timeSpent":1742025420735,"timestamp":"2025-03-15T07:57:00.802Z","value":2},"stack":"Error: Invalid answer structure at index 0\n    at C:\\Users\\ricca\\Desktop\\BSc\\src\\engines\\CSI\\engine\\CSIScorer.js:58:23\n    at Array.forEach (<anonymous>)\n    at CSIScorer.calculateTestResult (C:\\Users\\ricca\\Desktop\\BSc\\src\\engines\\CSI\\engine\\CSIScorer.js:55:17)\n    at completeTest (C:\\Users\\ricca\\Desktop\\BSc\\src\\engines\\CSI\\CSIController.js:451:41)\n    at process.processTicksAndRejections (node:internal/process/task_queues:105:5)","timestamp":"2025-03-15T07:58:20.656Z"}
{"error":"Errore nel calcolo del risultato del test","level":"error","message":"Error completing test:","timestamp":"2025-03-15T07:58:20.657Z","token":"0ce280e13d..."}
{"level":"error","message":"Token not found or already used:","timestamp":"2025-03-15T08:02:10.824Z","token":"0ce280e13d..."}
{"error":"Token non valido o già utilizzato","level":"error","message":"Error marking token as used:","timestamp":"2025-03-15T08:02:10.825Z","token":"0ce280e13d..."}
{"error":"Token non valido o già utilizzato","level":"error","message":"Error in _startTest:","timestamp":"2025-03-15T08:02:10.826Z","token":"0ce280e13d..."}
{"error":"Token non valido o già utilizzato","level":"error","message":"Error starting CSI test:","timestamp":"2025-03-15T08:02:10.827Z","token":"0ce280e13d..."}
{"error":"completedResult is not defined","level":"error","message":"Error completing test:","stack":"ReferenceError: completedResult is not defined\n    at completeTest (C:\\Users\\ricca\\Desktop\\BSc\\src\\engines\\CSI\\CSIController.js:509:27)\n    at process.processTicksAndRejections (node:internal/process/task_queues:105:5)","timestamp":"2025-03-15T08:04:07.060Z","token":"d1c895f594..."}
