{"errorMessage":"jwt expired","errorType":"TokenExpiredError","level":"error","message":"🔥 Authentication Error","stack":"TokenExpiredError: jwt expired\n    at C:\\Users\\ricca\\Desktop\\BSc\\node_modules\\jsonwebtoken\\verify.js:190:21\n    at getSecret (C:\\Users\\ricca\\Desktop\\BSc\\node_modules\\jsonwebtoken\\verify.js:97:14)\n    at module.exports [as verify] (C:\\Users\\ricca\\Desktop\\BSc\\node_modules\\jsonwebtoken\\verify.js:101:10)\n    at protect (C:\\Users\\ricca\\Desktop\\BSc\\src\\middleware\\authMiddleware.js:52:29)\n    at Layer.handle [as handle_request] (C:\\Users\\ricca\\Desktop\\BSc\\node_modules\\express\\lib\\router\\layer.js:95:5)\n    at next (C:\\Users\\ricca\\Desktop\\BSc\\node_modules\\express\\lib\\router\\route.js:149:13)\n    at Route.dispatch (C:\\Users\\ricca\\Desktop\\BSc\\node_modules\\express\\lib\\router\\route.js:119:3)\n    at Layer.handle [as handle_request] (C:\\Users\\ricca\\Desktop\\BSc\\node_modules\\express\\lib\\router\\layer.js:95:5)\n    at C:\\Users\\ricca\\Desktop\\BSc\\node_modules\\express\\lib\\router\\index.js:284:15\n    at Function.process_params (C:\\Users\\ricca\\Desktop\\BSc\\node_modules\\express\\lib\\router\\index.js:346:12)","timestamp":"2025-01-12T14:55:44.073Z","tokenInfo":{"expiredAt":"2025-01-12T10:13:06.000Z","now":"2025-01-12T14:55:44.073Z"}}
{"error":{"path":"users.user"},"level":"error","message":"Errore nel recupero della scuola con utenti","schoolId":"6783de270fe36708e084271c","timestamp":"2025-01-12T16:39:56.692Z"}
{"error":{"code":"DB_001","message":"Errore nel recupero della scuola con utenti","metadata":{"originalError":"Cannot populate path `users.user` because it is not in your schema. Set the `strictPopulate` option to false to override."},"status":500},"level":"error","message":"Errore nel recupero della scuola","schoolId":"6783de270fe36708e084271c","timestamp":"2025-01-12T16:39:56.693Z"}
{"error":{"path":"users.user"},"level":"error","message":"Errore nel recupero della scuola con utenti","schoolId":"6783de270fe36708e084271c","timestamp":"2025-01-12T16:47:43.981Z"}
{"error":{"code":"DB_001","message":"Errore nel recupero della scuola con utenti","metadata":{"originalError":"Cannot populate path `users.user` because it is not in your schema. Set the `strictPopulate` option to false to override."},"status":500},"level":"error","message":"Errore nel recupero della scuola","schoolId":"6783de270fe36708e084271c","timestamp":"2025-01-12T16:47:43.982Z"}
{"error":{"path":"users.user"},"level":"error","message":"Errore nel recupero della scuola con utenti","schoolId":"6783de270fe36708e084271c","timestamp":"2025-01-12T16:47:49.252Z"}
{"error":{"code":"DB_001","message":"Errore nel recupero della scuola con utenti","metadata":{"originalError":"Cannot populate path `users.user` because it is not in your schema. Set the `strictPopulate` option to false to override."},"status":500},"level":"error","message":"Errore nel recupero della scuola","schoolId":"6783de270fe36708e084271c","timestamp":"2025-01-12T16:47:49.253Z"}
{"error":{"path":"users.user"},"level":"error","message":"Errore nel recupero della scuola con utenti","schoolId":"6783de270fe36708e084271c","timestamp":"2025-01-12T16:51:15.071Z"}
{"error":{"code":"DB_001","message":"Errore nel recupero della scuola con utenti","metadata":{"originalError":"Cannot populate path `users.user` because it is not in your schema. Set the `strictPopulate` option to false to override."},"status":500},"level":"error","message":"Errore nel recupero della scuola","schoolId":"6783de270fe36708e084271c","timestamp":"2025-01-12T16:51:15.072Z"}
{"error":{"path":"users.user"},"level":"error","message":"Errore nel recupero della scuola con utenti","schoolId":"6783f4310fe36708e0842795","timestamp":"2025-01-12T16:56:22.120Z"}
{"error":{"code":"DB_001","message":"Errore nel recupero della scuola con utenti","metadata":{"originalError":"Cannot populate path `users.user` because it is not in your schema. Set the `strictPopulate` option to false to override."},"status":500},"level":"error","message":"Errore nel recupero della scuola","schoolId":"6783f4310fe36708e0842795","timestamp":"2025-01-12T16:56:22.121Z"}
{"error":{},"level":"error","message":"Errore nel recupero di School","timestamp":"2025-01-12T18:47:46.222Z"}
{"body":{},"error":{"code":"DB_001","message":"Errore nel recupero di School"},"level":"error","message":"Errore richiesta","method":"GET","query":{"institutionType":"","limit":"10","page":"1","populate":"manager","region":"","schoolType":""},"requestId":"req_1736707666167_ynq140f3y","timestamp":"2025-01-12T18:47:46.223Z","url":"/api/v1/schools?page=1&limit=10&populate=manager&region=&schoolType=&institutionType="}
{"level":"error","message":"Errore nel recupero di School","timestamp":"2025-01-12T18:47:46.226Z"}
{"error":{},"level":"error","message":"Errore nel recupero di School","timestamp":"2025-01-12T18:47:52.787Z"}
{"body":{},"error":{"code":"DB_001","message":"Errore nel recupero di School"},"level":"error","message":"Errore richiesta","method":"GET","query":{"institutionType":"","limit":"10","page":"1","populate":"manager","region":"","schoolType":""},"requestId":"req_1736707672734_qazor3bxx","timestamp":"2025-01-12T18:47:52.788Z","url":"/api/v1/schools?page=1&limit=10&populate=manager&region=&schoolType=&institutionType="}
{"level":"error","message":"Errore nel recupero di School","timestamp":"2025-01-12T18:47:52.789Z"}
{"error":{},"level":"error","message":"Errore nel recupero di School","timestamp":"2025-01-12T18:50:32.005Z"}
{"body":{},"error":{"code":"DB_001","message":"Errore nel recupero di School"},"level":"error","message":"Errore richiesta","method":"GET","query":{"institutionType":"","limit":"10","page":"1","populate":"manager","region":"","schoolType":""},"requestId":"req_1736707831952_9acbvmd5u","timestamp":"2025-01-12T18:50:32.006Z","url":"/api/v1/schools?page=1&limit=10&populate=manager&region=&schoolType=&institutionType="}
{"level":"error","message":"Errore nel recupero di School","timestamp":"2025-01-12T18:50:32.006Z"}
{"error":{},"level":"error","message":"Errore nel recupero di School","timestamp":"2025-01-12T18:50:51.293Z"}
{"body":{},"error":{"code":"DB_001","message":"Errore nel recupero di School"},"level":"error","message":"Errore richiesta","method":"GET","query":{"institutionType":"","limit":"10","page":"1","populate":"manager","region":"","schoolType":""},"requestId":"req_1736707851234_czib30do3","timestamp":"2025-01-12T18:50:51.294Z","url":"/api/v1/schools?page=1&limit=10&populate=manager&region=&schoolType=&institutionType="}
{"level":"error","message":"Errore nel recupero di School","timestamp":"2025-01-12T18:50:51.296Z"}
{"error":{},"level":"error","message":"Errore nel recupero di School","timestamp":"2025-01-12T18:50:52.658Z"}
{"body":{},"error":{"code":"DB_001","message":"Errore nel recupero di School"},"level":"error","message":"Errore richiesta","method":"GET","query":{"institutionType":"","limit":"10","page":"1","populate":"manager","region":"","schoolType":""},"requestId":"req_1736707852600_jzbv45uus","timestamp":"2025-01-12T18:50:52.659Z","url":"/api/v1/schools?page=1&limit=10&populate=manager&region=&schoolType=&institutionType="}
{"level":"error","message":"Errore nel recupero di School","timestamp":"2025-01-12T18:50:52.660Z"}
{"error":{},"level":"error","message":"Errore nel recupero di School","timestamp":"2025-01-12T18:51:41.965Z"}
{"body":{},"error":{"code":"DB_001","message":"Errore nel recupero di School"},"level":"error","message":"Errore richiesta","method":"GET","query":{"institutionType":"","limit":"10","page":"1","populate":"manager","region":"","schoolType":""},"requestId":"req_1736707901910_yvsw1u2jj","timestamp":"2025-01-12T18:51:41.966Z","url":"/api/v1/schools?page=1&limit=10&populate=manager&region=&schoolType=&institutionType="}
{"level":"error","message":"Errore nel recupero di School","timestamp":"2025-01-12T18:51:41.967Z"}
{"error":{"code":11000,"index":0,"keyPattern":{"name":1},"keyValue":{"name":"Scuola Media Test"}},"level":"error","message":"Errore nella creazione di School","timestamp":"2025-01-12T21:40:02.633Z"}
{"error":{"code":11000,"index":0,"keyPattern":{"name":1},"keyValue":{"name":"Scuola Media Test"}},"level":"error","message":"Errore nella creazione di School","timestamp":"2025-01-12T21:46:16.928Z"}
{"error":"Nessuna scuola associata all'utente","level":"error","message":"Class Route Error:","method":"GET","path":"/","role":"admin","timestamp":"2025-01-12T22:21:56.602Z","userId":"677bfe44f6789c907c9f3766"}
{"error":"Nessuna scuola associata all'utente","level":"error","message":"Class Route Error:","method":"GET","path":"/","role":"admin","timestamp":"2025-01-12T22:22:03.239Z","userId":"677bfe44f6789c907c9f3766"}
{"error":"Nessuna scuola associata all'utente","level":"error","message":"Class Route Error:","method":"GET","path":"/","role":"admin","timestamp":"2025-01-12T22:22:28.843Z","userId":"677bfe44f6789c907c9f3766"}
